2023-07-17 18:08:31.9112|0|INFO|Microsoft.AspNetCore.DataProtection.KeyManagement.XmlKeyManager|User profile is available. Using 'C:\Users\j3537\AppData\Local\ASP.NET\DataProtection-Keys' as key repository and Windows DPAPI to encrypt keys at rest. |url: |action: |
2023-07-17 18:08:32.7627|0|INFO|Microsoft.Hosting.Lifetime|Now listening on: https://localhost:7061 |url: |action: |
2023-07-17 18:08:32.7724|0|INFO|Microsoft.Hosting.Lifetime|Now listening on: http://localhost:5128 |url: |action: |
2023-07-17 18:08:32.7870|0|INFO|Microsoft.Hosting.Lifetime|Application started. Press Ctrl+C to shut down. |url: |action: |
2023-07-17 18:08:32.8057|0|INFO|Microsoft.Hosting.Lifetime|Hosting environment: Development |url: |action: |
2023-07-17 18:08:32.8057|0|INFO|Microsoft.Hosting.Lifetime|Content root path: D:\GitLab\TUTOR.ERPS\TUTOR.ERPS\ |url: |action: |
2023-07-17 18:08:33.8351|0|INFO|Microsoft.AspNetCore.Hosting.Diagnostics|Request starting HTTP/2 GET https://localhost:7061/swagger/index.html - - |url: https://localhost/swagger/index.html|action: |
2023-07-17 18:08:34.3983|0|INFO|Microsoft.AspNetCore.Hosting.Diagnostics|Request starting HTTP/2 GET https://localhost:7061/_vs/browserLink - - |url: https://localhost/_vs/browserLink|action: |
2023-07-17 18:08:34.3983|0|INFO|Microsoft.AspNetCore.Hosting.Diagnostics|Request starting HTTP/2 GET https://localhost:7061/_framework/aspnetcore-browser-refresh.js - - |url: https://localhost/_framework/aspnetcore-browser-refresh.js|action: |
2023-07-17 18:08:34.4268|0|INFO|Microsoft.AspNetCore.Hosting.Diagnostics|Request finished HTTP/2 GET https://localhost:7061/swagger/index.html - - - 200 - text/html;charset=utf-8 593.7016ms |url: https://localhost/swagger/index.html|action: |
2023-07-17 18:08:34.4268|0|INFO|Microsoft.AspNetCore.Hosting.Diagnostics|Request finished HTTP/2 GET https://localhost:7061/_framework/aspnetcore-browser-refresh.js - - - 200 11998 application/javascript;+charset=utf-8 22.6896ms |url: https://localhost/_framework/aspnetcore-browser-refresh.js|action: |
2023-07-17 18:08:34.7241|0|INFO|Microsoft.AspNetCore.Hosting.Diagnostics|Request finished HTTP/2 GET https://localhost:7061/_vs/browserLink - - - 200 - text/javascript;+charset=UTF-8 326.7124ms |url: https://localhost/_vs/browserLink|action: |
2023-07-17 18:08:34.7713|0|INFO|Microsoft.AspNetCore.Hosting.Diagnostics|Request starting HTTP/2 GET https://localhost:7061/swagger/v1/swagger.json - - |url: https://localhost/swagger/v1/swagger.json|action: |
2023-07-17 18:08:34.9263|0|INFO|Microsoft.AspNetCore.Hosting.Diagnostics|Request finished HTTP/2 GET https://localhost:7061/swagger/v1/swagger.json - - - 200 - application/json;charset=utf-8 147.1203ms |url: https://localhost/swagger/v1/swagger.json|action: |
2023-07-17 18:08:50.9890|0|INFO|Microsoft.AspNetCore.Hosting.Diagnostics|Request starting HTTP/2 GET https://localhost:7061/Member/StudentList?page=-1 - - |url: https://localhost/Member/StudentList|action: |
2023-07-17 18:08:51.0683|0|INFO|Microsoft.AspNetCore.Routing.EndpointMiddleware|Executing endpoint 'IALW.API.ApiControllers.MemberController.Data (TUTOR.ERPS.Api)' |url: https://localhost/Member/StudentList|action: Data|
2023-07-17 18:08:51.1145|0|INFO|Microsoft.AspNetCore.Mvc.Infrastructure.ControllerActionInvoker|Route matched with {action = "Data", controller = "Member"}. Executing controller action with signature Microsoft.AspNetCore.Mvc.IActionResult Data(Int32) on controller IALW.API.ApiControllers.MemberController (TUTOR.ERPS.Api). |url: https://localhost/Member/StudentList|action: Data|
2023-07-17 18:08:53.3291|0|INFO|Microsoft.EntityFrameworkCore.Database.Command|Executed DbCommand (114ms) [Parameters=[@__token_0='?' (Size = 4000)], CommandType='Text', CommandTimeout='30']
SELECT TOP(2) [a].[Id], [a].[Api_Token], [a].[Ip], [a].[Token_Active], [a].[Token_EndTime], [a].[Token_StartTime]
FROM [ApiTokenManage] AS [a]
WHERE [a].[Api_Token] = @__token_0 |url: https://localhost/Member/StudentList|action: Data|
2023-07-17 18:08:53.4633|0|INFO|Microsoft.EntityFrameworkCore.Database.Command|Executed DbCommand (39ms) [Parameters=[@__token_0='?' (Size = 4000)], CommandType='Text', CommandTimeout='30']
SELECT TOP(2) [a].[Id], [a].[Api_Token], [a].[Ip], [a].[Token_Active], [a].[Token_EndTime], [a].[Token_StartTime]
FROM [ApiTokenManage] AS [a]
WHERE [a].[Api_Token] = @__token_0 |url: https://localhost/Member/StudentList|action: Data|
2023-07-17 18:08:53.6643|0|INFO|Microsoft.EntityFrameworkCore.Database.Command|Executed DbCommand (46ms) [Parameters=[@p0='?' (Size = 50), @p1='?' (DbType = DateTime), @p2='?' (Size = 50), @p3='?' (Size = 50), @p4='?' (Size = 50), @p5='?' (Size = 4000), @p6='?' (Size = 4000), @p7='?' (Size = 50), @p8='?' (Size = 4000), @p9='?' (Size = 4000)], CommandType='Text', CommandTimeout='30']
SET IMPLICIT_TRANSACTIONS OFF;
SET NOCOUNT ON;
INSERT INTO [SystemErrorLog] ([Api], [Entry_Date], [Entry_User], [Error_Level], [Ip], [Message], [Token], [Web_Method], [Web_Request], [Web_Response])
OUTPUT INSERTED.[Id]
VALUES (@p0, @p1, @p2, @p3, @p4, @p5, @p6, @p7, @p8, @p9); |url: https://localhost/Member/StudentList|action: Data|
2023-07-17 18:08:53.7553|0|INFO|Microsoft.AspNetCore.Mvc.Infrastructure.ControllerActionInvoker|Executing action method IALW.API.ApiControllers.MemberController.Data (TUTOR.ERPS.Api) - Validation state: Valid |url: https://localhost/Member/StudentList|action: Data|
2023-07-17 18:08:53.8604|0|INFO|Microsoft.EntityFrameworkCore.Database.Command|Executed DbCommand (36ms) [Parameters=[@__p_0='?' (DbType = Int32), @__p_1='?' (DbType = Int32)], CommandType='Text', CommandTimeout='30']
SELECT CASE
    WHEN EXISTS (
        SELECT 1
        FROM [Member] AS [m]
        ORDER BY (SELECT 1)
        OFFSET @__p_0 ROWS FETCH NEXT @__p_1 ROWS ONLY) THEN CAST(1 AS bit)
    ELSE CAST(0 AS bit)
END |url: https://localhost/Member/StudentList|action: Data|
2023-07-17 18:09:00.1944|0|INFO|Microsoft.AspNetCore.Mvc.Infrastructure.ControllerActionInvoker|Executed action IALW.API.ApiControllers.MemberController.Data (TUTOR.ERPS.Api) in 9069.8664ms |url: https://localhost/Member/StudentList|action: Data|
2023-07-17 18:09:00.2080|0|INFO|Microsoft.AspNetCore.Routing.EndpointMiddleware|Executed endpoint 'IALW.API.ApiControllers.MemberController.Data (TUTOR.ERPS.Api)' |url: https://localhost/Member/StudentList|action: Data|
2023-07-17 18:36:29.2730|0|INFO|Microsoft.AspNetCore.DataProtection.KeyManagement.XmlKeyManager|User profile is available. Using 'C:\Users\j3537\AppData\Local\ASP.NET\DataProtection-Keys' as key repository and Windows DPAPI to encrypt keys at rest. |url: |action: |
2023-07-17 18:36:29.9767|0|INFO|Microsoft.Hosting.Lifetime|Now listening on: https://localhost:7061 |url: |action: |
2023-07-17 18:36:29.9767|0|INFO|Microsoft.Hosting.Lifetime|Now listening on: http://localhost:5128 |url: |action: |
2023-07-17 18:36:30.0069|0|INFO|Microsoft.Hosting.Lifetime|Application started. Press Ctrl+C to shut down. |url: |action: |
2023-07-17 18:36:30.0069|0|INFO|Microsoft.Hosting.Lifetime|Hosting environment: Development |url: |action: |
2023-07-17 18:36:30.0215|0|INFO|Microsoft.Hosting.Lifetime|Content root path: D:\GitLab\TUTOR.ERPS\TUTOR.ERPS\ |url: |action: |
2023-07-17 18:36:30.8916|0|INFO|Microsoft.AspNetCore.Hosting.Diagnostics|Request starting HTTP/2 GET https://localhost:7061/swagger/index.html - - |url: https://localhost/swagger/index.html|action: |
2023-07-17 18:36:31.3020|0|INFO|Microsoft.AspNetCore.Hosting.Diagnostics|Request starting HTTP/2 GET https://localhost:7061/_vs/browserLink - - |url: https://localhost/_vs/browserLink|action: |
2023-07-17 18:36:31.3174|0|INFO|Microsoft.AspNetCore.Hosting.Diagnostics|Request starting HTTP/2 GET https://localhost:7061/_framework/aspnetcore-browser-refresh.js - - |url: https://localhost/_framework/aspnetcore-browser-refresh.js|action: |
2023-07-17 18:36:31.3341|0|INFO|Microsoft.AspNetCore.Hosting.Diagnostics|Request finished HTTP/2 GET https://localhost:7061/swagger/index.html - - - 200 - text/html;charset=utf-8 447.5479ms |url: https://localhost/swagger/index.html|action: |
2023-07-17 18:36:31.3341|0|INFO|Microsoft.AspNetCore.Hosting.Diagnostics|Request finished HTTP/2 GET https://localhost:7061/_framework/aspnetcore-browser-refresh.js - - - 200 11998 application/javascript;+charset=utf-8 20.1516ms |url: https://localhost/_framework/aspnetcore-browser-refresh.js|action: |
2023-07-17 18:36:31.6302|0|INFO|Microsoft.AspNetCore.Hosting.Diagnostics|Request finished HTTP/2 GET https://localhost:7061/_vs/browserLink - - - 200 - text/javascript;+charset=UTF-8 317.5716ms |url: https://localhost/_vs/browserLink|action: |
2023-07-17 18:36:31.6616|0|INFO|Microsoft.AspNetCore.Hosting.Diagnostics|Request starting HTTP/2 GET https://localhost:7061/swagger/v1/swagger.json - - |url: https://localhost/swagger/v1/swagger.json|action: |
2023-07-17 18:36:31.7871|0|INFO|Microsoft.AspNetCore.Hosting.Diagnostics|Request finished HTTP/2 GET https://localhost:7061/swagger/v1/swagger.json - - - 200 - application/json;charset=utf-8 127.5596ms |url: https://localhost/swagger/v1/swagger.json|action: |
2023-07-17 18:50:10.0666|0|INFO|Microsoft.AspNetCore.DataProtection.KeyManagement.XmlKeyManager|User profile is available. Using 'C:\Users\j3537\AppData\Local\ASP.NET\DataProtection-Keys' as key repository and Windows DPAPI to encrypt keys at rest. |url: |action: |
2023-07-17 18:50:10.7476|0|INFO|Microsoft.Hosting.Lifetime|Now listening on: https://localhost:7061 |url: |action: |
2023-07-17 18:50:10.7546|0|INFO|Microsoft.Hosting.Lifetime|Now listening on: http://localhost:5128 |url: |action: |
2023-07-17 18:50:10.7699|0|INFO|Microsoft.Hosting.Lifetime|Application started. Press Ctrl+C to shut down. |url: |action: |
2023-07-17 18:50:10.7699|0|INFO|Microsoft.Hosting.Lifetime|Hosting environment: Development |url: |action: |
2023-07-17 18:50:10.7699|0|INFO|Microsoft.Hosting.Lifetime|Content root path: D:\GitLab\TUTOR.ERPS\TUTOR.ERPS\ |url: |action: |
2023-07-17 18:50:11.9420|0|INFO|Microsoft.AspNetCore.Hosting.Diagnostics|Request starting HTTP/2 GET https://localhost:7061/swagger/index.html - - |url: https://localhost/swagger/index.html|action: |
2023-07-17 18:50:12.4505|0|INFO|Microsoft.AspNetCore.Hosting.Diagnostics|Request starting HTTP/2 GET https://localhost:7061/_framework/aspnetcore-browser-refresh.js - - |url: https://localhost/_framework/aspnetcore-browser-refresh.js|action: |
2023-07-17 18:50:12.4567|0|INFO|Microsoft.AspNetCore.Hosting.Diagnostics|Request starting HTTP/2 GET https://localhost:7061/_vs/browserLink - - |url: https://localhost/_vs/browserLink|action: |
2023-07-17 18:50:12.4567|0|INFO|Microsoft.AspNetCore.Hosting.Diagnostics|Request finished HTTP/2 GET https://localhost:7061/swagger/index.html - - - 200 - text/html;charset=utf-8 518.6632ms |url: https://localhost/swagger/index.html|action: |
2023-07-17 18:50:12.4934|0|INFO|Microsoft.AspNetCore.Hosting.Diagnostics|Request finished HTTP/2 GET https://localhost:7061/_framework/aspnetcore-browser-refresh.js - - - 200 11998 application/javascript;+charset=utf-8 37.6114ms |url: https://localhost/_framework/aspnetcore-browser-refresh.js|action: |
2023-07-17 18:50:12.7235|0|INFO|Microsoft.AspNetCore.Hosting.Diagnostics|Request finished HTTP/2 GET https://localhost:7061/_vs/browserLink - - - 200 - text/javascript;+charset=UTF-8 272.3616ms |url: https://localhost/_vs/browserLink|action: |
2023-07-17 18:50:12.7630|0|INFO|Microsoft.AspNetCore.Hosting.Diagnostics|Request starting HTTP/2 GET https://localhost:7061/swagger/v1/swagger.json - - |url: https://localhost/swagger/v1/swagger.json|action: |
2023-07-17 18:50:12.9105|0|INFO|Microsoft.AspNetCore.Hosting.Diagnostics|Request finished HTTP/2 GET https://localhost:7061/swagger/v1/swagger.json - - - 200 - application/json;charset=utf-8 147.1099ms |url: https://localhost/swagger/v1/swagger.json|action: |
2023-07-17 18:50:38.7754|0|INFO|Microsoft.AspNetCore.Hosting.Diagnostics|Request starting HTTP/2 GET https://localhost:7061/Member/StudentList?page=-5 - - |url: https://localhost/Member/StudentList|action: |
2023-07-17 18:50:38.8527|0|INFO|Microsoft.AspNetCore.Routing.EndpointMiddleware|Executing endpoint 'IALW.API.ApiControllers.MemberController.Data (TUTOR.ERPS.Api)' |url: https://localhost/Member/StudentList|action: Data|
2023-07-17 18:50:38.9319|0|INFO|Microsoft.AspNetCore.Mvc.Infrastructure.ControllerActionInvoker|Route matched with {action = "Data", controller = "Member"}. Executing controller action with signature Microsoft.AspNetCore.Mvc.IActionResult Data(Int32) on controller IALW.API.ApiControllers.MemberController (TUTOR.ERPS.Api). |url: https://localhost/Member/StudentList|action: Data|
2023-07-17 18:50:41.7677|0|INFO|Microsoft.EntityFrameworkCore.Database.Command|Executed DbCommand (140ms) [Parameters=[@__token_0='?' (Size = 4000)], CommandType='Text', CommandTimeout='30']
SELECT TOP(2) [a].[Id], [a].[Api_Token], [a].[Ip], [a].[Token_Active], [a].[Token_EndTime], [a].[Token_StartTime]
FROM [ApiTokenManage] AS [a]
WHERE [a].[Api_Token] = @__token_0 |url: https://localhost/Member/StudentList|action: Data|
2023-07-17 18:50:41.9633|0|INFO|Microsoft.EntityFrameworkCore.Database.Command|Executed DbCommand (40ms) [Parameters=[@__token_0='?' (Size = 4000)], CommandType='Text', CommandTimeout='30']
SELECT TOP(2) [a].[Id], [a].[Api_Token], [a].[Ip], [a].[Token_Active], [a].[Token_EndTime], [a].[Token_StartTime]
FROM [ApiTokenManage] AS [a]
WHERE [a].[Api_Token] = @__token_0 |url: https://localhost/Member/StudentList|action: Data|
2023-07-17 18:50:42.2242|0|INFO|Microsoft.EntityFrameworkCore.Database.Command|Executed DbCommand (41ms) [Parameters=[@p0='?' (Size = 50), @p1='?' (DbType = DateTime), @p2='?' (Size = 50), @p3='?' (Size = 50), @p4='?' (Size = 50), @p5='?' (Size = 4000), @p6='?' (Size = 4000), @p7='?' (Size = 50), @p8='?' (Size = 4000), @p9='?' (Size = 4000)], CommandType='Text', CommandTimeout='30']
SET IMPLICIT_TRANSACTIONS OFF;
SET NOCOUNT ON;
INSERT INTO [SystemErrorLog] ([Api], [Entry_Date], [Entry_User], [Error_Level], [Ip], [Message], [Token], [Web_Method], [Web_Request], [Web_Response])
OUTPUT INSERTED.[Id]
VALUES (@p0, @p1, @p2, @p3, @p4, @p5, @p6, @p7, @p8, @p9); |url: https://localhost/Member/StudentList|action: Data|
2023-07-17 18:50:42.2870|0|INFO|Microsoft.AspNetCore.Mvc.Infrastructure.ControllerActionInvoker|Executed action IALW.API.ApiControllers.MemberController.Data (TUTOR.ERPS.Api) in 3349.2541ms |url: https://localhost/Member/StudentList|action: Data|
2023-07-17 18:50:42.2870|0|INFO|Microsoft.AspNetCore.Routing.EndpointMiddleware|Executed endpoint 'IALW.API.ApiControllers.MemberController.Data (TUTOR.ERPS.Api)' |url: https://localhost/Member/StudentList|action: Data|
2023-07-17 18:52:11.7909|0|INFO|Microsoft.AspNetCore.DataProtection.KeyManagement.XmlKeyManager|User profile is available. Using 'C:\Users\j3537\AppData\Local\ASP.NET\DataProtection-Keys' as key repository and Windows DPAPI to encrypt keys at rest. |url: |action: |
2023-07-17 18:52:12.4210|0|INFO|Microsoft.Hosting.Lifetime|Now listening on: https://localhost:7061 |url: |action: |
2023-07-17 18:52:12.4281|0|INFO|Microsoft.Hosting.Lifetime|Now listening on: http://localhost:5128 |url: |action: |
2023-07-17 18:52:12.4482|0|INFO|Microsoft.Hosting.Lifetime|Application started. Press Ctrl+C to shut down. |url: |action: |
2023-07-17 18:52:12.4482|0|INFO|Microsoft.Hosting.Lifetime|Hosting environment: Development |url: |action: |
2023-07-17 18:52:12.4578|0|INFO|Microsoft.Hosting.Lifetime|Content root path: D:\GitLab\TUTOR.ERPS\TUTOR.ERPS\ |url: |action: |
2023-07-17 18:52:13.0781|0|INFO|Microsoft.AspNetCore.Hosting.Diagnostics|Request starting HTTP/2 GET https://localhost:7061/swagger/index.html - - |url: https://localhost/swagger/index.html|action: |
2023-07-17 18:52:13.6029|0|INFO|Microsoft.AspNetCore.Hosting.Diagnostics|Request starting HTTP/2 GET https://localhost:7061/_vs/browserLink - - |url: https://localhost/_vs/browserLink|action: |
2023-07-17 18:52:13.6133|0|INFO|Microsoft.AspNetCore.Hosting.Diagnostics|Request starting HTTP/2 GET https://localhost:7061/_framework/aspnetcore-browser-refresh.js - - |url: https://localhost/_framework/aspnetcore-browser-refresh.js|action: |
2023-07-17 18:52:13.6320|0|INFO|Microsoft.AspNetCore.Hosting.Diagnostics|Request finished HTTP/2 GET https://localhost:7061/swagger/index.html - - - 200 - text/html;charset=utf-8 558.0152ms |url: https://localhost/swagger/index.html|action: |
2023-07-17 18:52:13.6320|0|INFO|Microsoft.AspNetCore.Hosting.Diagnostics|Request finished HTTP/2 GET https://localhost:7061/_framework/aspnetcore-browser-refresh.js - - - 200 11998 application/javascript;+charset=utf-8 22.5076ms |url: https://localhost/_framework/aspnetcore-browser-refresh.js|action: |
2023-07-17 18:52:13.9121|0|INFO|Microsoft.AspNetCore.Hosting.Diagnostics|Request finished HTTP/2 GET https://localhost:7061/_vs/browserLink - - - 200 - text/javascript;+charset=UTF-8 314.8449ms |url: https://localhost/_vs/browserLink|action: |
2023-07-17 18:52:13.9586|0|INFO|Microsoft.AspNetCore.Hosting.Diagnostics|Request starting HTTP/2 GET https://localhost:7061/swagger/v1/swagger.json - - |url: https://localhost/swagger/v1/swagger.json|action: |
2023-07-17 18:52:14.0991|0|INFO|Microsoft.AspNetCore.Hosting.Diagnostics|Request finished HTTP/2 GET https://localhost:7061/swagger/v1/swagger.json - - - 200 - application/json;charset=utf-8 138.6568ms |url: https://localhost/swagger/v1/swagger.json|action: |
2023-07-17 18:52:21.1922|0|INFO|Microsoft.AspNetCore.Hosting.Diagnostics|Request starting HTTP/2 GET https://localhost:7061/Member/StudentList?page=-5 - - |url: https://localhost/Member/StudentList|action: |
2023-07-17 18:52:21.2577|0|INFO|Microsoft.AspNetCore.Routing.EndpointMiddleware|Executing endpoint 'IALW.API.ApiControllers.MemberController.Data (TUTOR.ERPS.Api)' |url: https://localhost/Member/StudentList|action: Data|
2023-07-17 18:52:21.3353|0|INFO|Microsoft.AspNetCore.Mvc.Infrastructure.ControllerActionInvoker|Route matched with {action = "Data", controller = "Member"}. Executing controller action with signature Microsoft.AspNetCore.Mvc.IActionResult Data(Int32) on controller IALW.API.ApiControllers.MemberController (TUTOR.ERPS.Api). |url: https://localhost/Member/StudentList|action: Data|
2023-07-17 18:52:23.8792|0|INFO|Microsoft.EntityFrameworkCore.Database.Command|Executed DbCommand (132ms) [Parameters=[@__token_0='?' (Size = 4000)], CommandType='Text', CommandTimeout='30']
SELECT TOP(2) [a].[Id], [a].[Api_Token], [a].[Ip], [a].[Token_Active], [a].[Token_EndTime], [a].[Token_StartTime]
FROM [ApiTokenManage] AS [a]
WHERE [a].[Api_Token] = @__token_0 |url: https://localhost/Member/StudentList|action: Data|
2023-07-17 18:52:24.0670|0|INFO|Microsoft.EntityFrameworkCore.Database.Command|Executed DbCommand (40ms) [Parameters=[@__token_0='?' (Size = 4000)], CommandType='Text', CommandTimeout='30']
SELECT TOP(2) [a].[Id], [a].[Api_Token], [a].[Ip], [a].[Token_Active], [a].[Token_EndTime], [a].[Token_StartTime]
FROM [ApiTokenManage] AS [a]
WHERE [a].[Api_Token] = @__token_0 |url: https://localhost/Member/StudentList|action: Data|
2023-07-17 18:52:24.3113|0|INFO|Microsoft.EntityFrameworkCore.Database.Command|Executed DbCommand (41ms) [Parameters=[@p0='?' (Size = 50), @p1='?' (DbType = DateTime), @p2='?' (Size = 50), @p3='?' (Size = 50), @p4='?' (Size = 50), @p5='?' (Size = 4000), @p6='?' (Size = 4000), @p7='?' (Size = 50), @p8='?' (Size = 4000), @p9='?' (Size = 4000)], CommandType='Text', CommandTimeout='30']
SET IMPLICIT_TRANSACTIONS OFF;
SET NOCOUNT ON;
INSERT INTO [SystemErrorLog] ([Api], [Entry_Date], [Entry_User], [Error_Level], [Ip], [Message], [Token], [Web_Method], [Web_Request], [Web_Response])
OUTPUT INSERTED.[Id]
VALUES (@p0, @p1, @p2, @p3, @p4, @p5, @p6, @p7, @p8, @p9); |url: https://localhost/Member/StudentList|action: Data|
2023-07-17 18:52:24.3797|0|INFO|Microsoft.AspNetCore.Mvc.Infrastructure.ControllerActionInvoker|Executed action IALW.API.ApiControllers.MemberController.Data (TUTOR.ERPS.Api) in 3037.1032ms |url: https://localhost/Member/StudentList|action: Data|
2023-07-17 18:52:24.3797|0|INFO|Microsoft.AspNetCore.Routing.EndpointMiddleware|Executed endpoint 'IALW.API.ApiControllers.MemberController.Data (TUTOR.ERPS.Api)' |url: https://localhost/Member/StudentList|action: Data|
