2023-07-17 18:08:31.5383|0|DEBUG|Microsoft.AspNetCore.Mvc.Razor.Compilation.DefaultViewCompiler|Initializing Razor view compiler with no compiled views. |url: |action: |
2023-07-17 18:08:31.6656|0|DEBUG|Microsoft.AspNetCore.Mvc.ModelBinding.ModelBinderFactory|Registered model binder providers, in the following order: Microsoft.AspNetCore.Mvc.ModelBinding.Binders.BinderTypeModelBinderProvider, Microsoft.AspNetCore.Mvc.ModelBinding.Binders.ServicesModelBinderProvider, Microsoft.AspNetCore.Mvc.ModelBinding.Binders.BodyModelBinderProvider, Microsoft.AspNetCore.Mvc.ModelBinding.Binders.HeaderModelBinderProvider, Microsoft.AspNetCore.Mvc.ModelBinding.Binders.FloatingPointTypeModelBinderProvider, Microsoft.AspNetCore.Mvc.ModelBinding.Binders.EnumTypeModelBinderProvider, Microsoft.AspNetCore.Mvc.ModelBinding.Binders.DateTimeModelBinderProvider, Microsoft.AspNetCore.Mvc.ModelBinding.Binders.SimpleTypeModelBinderProvider, Microsoft.AspNetCore.Mvc.ModelBinding.Binders.CancellationTokenModelBinderProvider, Microsoft.AspNetCore.Mvc.ModelBinding.Binders.ByteArrayModelBinderProvider, Microsoft.AspNetCore.Mvc.ModelBinding.Binders.FormFileModelBinderProvider, Microsoft.AspNetCore.Mvc.ModelBinding.Binders.FormCollectionModelBinderProvider, Microsoft.AspNetCore.Mvc.ModelBinding.Binders.KeyValuePairModelBinderProvider, Microsoft.AspNetCore.Mvc.ModelBinding.Binders.DictionaryModelBinderProvider, Microsoft.AspNetCore.Mvc.ModelBinding.Binders.ArrayModelBinderProvider, Microsoft.AspNetCore.Mvc.ModelBinding.Binders.CollectionModelBinderProvider, Microsoft.AspNetCore.Mvc.ModelBinding.Binders.ComplexObjectModelBinderProvider |url: |action: |
2023-07-17 18:08:32.1213|0|DEBUG|Microsoft.Extensions.Hosting.Internal.Host|Hosting starting |url: |action: |
2023-07-17 18:08:32.1624|0|DEBUG|Microsoft.AspNetCore.DataProtection.Repositories.FileSystemXmlRepository|Reading data from file 'C:\Users\j3537\AppData\Local\ASP.NET\DataProtection-Keys\key-184f69a1-ee82-446d-a3df-16f76072f29e.xml'. |url: |action: |
2023-07-17 18:08:32.1624|0|DEBUG|Microsoft.AspNetCore.DataProtection.Repositories.FileSystemXmlRepository|Reading data from file 'C:\Users\j3537\AppData\Local\ASP.NET\DataProtection-Keys\key-befd1401-1cab-4be0-99bb-8dd3f0db47bc.xml'. |url: |action: |
2023-07-17 18:08:32.1872|0|DEBUG|Microsoft.AspNetCore.DataProtection.KeyManagement.XmlKeyManager|Found key {184f69a1-ee82-446d-a3df-16f76072f29e}. |url: |action: |
2023-07-17 18:08:32.2009|0|DEBUG|Microsoft.AspNetCore.DataProtection.KeyManagement.XmlKeyManager|Found key {befd1401-1cab-4be0-99bb-8dd3f0db47bc}. |url: |action: |
2023-07-17 18:08:32.2116|0|DEBUG|Microsoft.AspNetCore.DataProtection.KeyManagement.DefaultKeyResolver|Considering key {befd1401-1cab-4be0-99bb-8dd3f0db47bc} with expiration date 2023-09-10 02:06:08Z as default key. |url: |action: |
2023-07-17 18:08:32.2116|0|DEBUG|Microsoft.AspNetCore.DataProtection.TypeForwardingActivator|Forwarded activator type request from Microsoft.AspNetCore.DataProtection.XmlEncryption.DpapiXmlDecryptor, Microsoft.AspNetCore.DataProtection, Version=6.0.0.0, Culture=neutral, PublicKeyToken=adb9793829ddae60 to Microsoft.AspNetCore.DataProtection.XmlEncryption.DpapiXmlDecryptor, Microsoft.AspNetCore.DataProtection, Culture=neutral, PublicKeyToken=adb9793829ddae60 |url: |action: |
2023-07-17 18:08:32.2233|0|DEBUG|Microsoft.AspNetCore.DataProtection.XmlEncryption.DpapiXmlDecryptor|Decrypting secret element using Windows DPAPI. |url: |action: |
2023-07-17 18:08:32.2395|0|DEBUG|Microsoft.AspNetCore.DataProtection.TypeForwardingActivator|Forwarded activator type request from Microsoft.AspNetCore.DataProtection.AuthenticatedEncryption.ConfigurationModel.AuthenticatedEncryptorDescriptorDeserializer, Microsoft.AspNetCore.DataProtection, Version=6.0.0.0, Culture=neutral, PublicKeyToken=adb9793829ddae60 to Microsoft.AspNetCore.DataProtection.AuthenticatedEncryption.ConfigurationModel.AuthenticatedEncryptorDescriptorDeserializer, Microsoft.AspNetCore.DataProtection, Culture=neutral, PublicKeyToken=adb9793829ddae60 |url: |action: |
2023-07-17 18:08:32.2395|0|DEBUG|Microsoft.AspNetCore.DataProtection.AuthenticatedEncryption.CngCbcAuthenticatedEncryptorFactory|Opening CNG algorithm 'AES' from provider '(null)' with chaining mode CBC. |url: |action: |
2023-07-17 18:08:32.2395|0|DEBUG|Microsoft.AspNetCore.DataProtection.AuthenticatedEncryption.CngCbcAuthenticatedEncryptorFactory|Opening CNG algorithm 'SHA256' from provider '(null)' with HMAC. |url: |action: |
2023-07-17 18:08:32.2562|0|DEBUG|Microsoft.AspNetCore.DataProtection.KeyManagement.KeyRingProvider|Using key {befd1401-1cab-4be0-99bb-8dd3f0db47bc} as the default key. |url: |action: |
2023-07-17 18:08:32.2562|0|DEBUG|Microsoft.AspNetCore.DataProtection.Internal.DataProtectionHostedService|Key ring with default key {befd1401-1cab-4be0-99bb-8dd3f0db47bc} was loaded during application startup. |url: |action: |
2023-07-17 18:08:32.6945|0|DEBUG|Microsoft.AspNetCore.Server.Kestrel.Core.KestrelServer|Using development certificate: CN=localhost (Thumbprint: A1B36F3074FFE353434C9B13AE59733DD9B8E436) |url: |action: |
2023-07-17 18:08:32.7724|0|DEBUG|Microsoft.AspNetCore.Hosting.Diagnostics|Loaded hosting startup assembly TUTOR.ERPS.Api |url: |action: |
2023-07-17 18:08:32.7724|0|DEBUG|Microsoft.AspNetCore.Hosting.Diagnostics|Loaded hosting startup assembly Microsoft.AspNetCore.Watch.BrowserRefresh |url: |action: |
2023-07-17 18:08:32.7724|0|DEBUG|Microsoft.AspNetCore.Hosting.Diagnostics|Loaded hosting startup assembly Microsoft.WebTools.BrowserLink.Net |url: |action: |
2023-07-17 18:08:32.8167|0|DEBUG|Microsoft.Extensions.Hosting.Internal.Host|Hosting started |url: |action: |
2023-07-17 18:08:32.9473|0|DEBUG|Microsoft.AspNetCore.Server.Kestrel.Connections|Connection id "0HMS6LN3G6M4V" accepted. |url: |action: |
2023-07-17 18:08:32.9473|0|DEBUG|Microsoft.AspNetCore.Server.Kestrel.Connections|Connection id "0HMS6LN3G6M4U" accepted. |url: |action: |
2023-07-17 18:08:32.9473|0|DEBUG|Microsoft.AspNetCore.Server.Kestrel.Connections|Connection id "0HMS6LN3G6M4V" started. |url: |action: |
2023-07-17 18:08:32.9596|0|DEBUG|Microsoft.AspNetCore.Server.Kestrel.Connections|Connection id "0HMS6LN3G6M4U" started. |url: |action: |
2023-07-17 18:08:33.6477|0|DEBUG|Microsoft.AspNetCore.Server.Kestrel.Connections|Connection id "0HMS6LN3G6M50" accepted. |url: |action: |
2023-07-17 18:08:33.6477|0|DEBUG|Microsoft.AspNetCore.Server.Kestrel.Connections|Connection id "0HMS6LN3G6M50" started. |url: |action: |
2023-07-17 18:08:33.7157|0|DEBUG|Microsoft.AspNetCore.Server.Kestrel.Https.Internal.HttpsConnectionMiddleware|Connection 0HMS6LN3G6M50 established using the following protocol: Tls13 |url: |action: |
2023-07-17 18:08:33.8970|0|DEBUG|Microsoft.AspNetCore.HostFiltering.HostFilteringMiddleware|Wildcard detected, all requests with hosts will be allowed. |url: https://localhost/swagger/index.html|action: |
2023-07-17 18:08:34.0992|0|DEBUG|Microsoft.AspNetCore.Watch.BrowserRefresh.BrowserRefreshMiddleware|Response markup is scheduled to include browser refresh script injection. |url: https://localhost/swagger/index.html|action: |
2023-07-17 18:08:34.3983|0|DEBUG|Microsoft.AspNetCore.Watch.BrowserRefresh.BrowserRefreshMiddleware|Response markup was updated to include browser refresh script injection. |url: https://localhost/swagger/index.html|action: |
2023-07-17 18:08:41.7002|0|DEBUG|Microsoft.AspNetCore.Server.Kestrel.Transport.Sockets|Connection id "0HMS6LN3G6M50" received FIN. |url: |action: |
2023-07-17 18:08:41.7094|0|DEBUG|Microsoft.AspNetCore.Server.Kestrel.Http2|Connection id "0HMS6LN3G6M50" is closed. The last processed stream ID was 7. |url: |action: |
2023-07-17 18:08:41.7094|0|DEBUG|Microsoft.AspNetCore.Server.Kestrel.Transport.Sockets|Connection id "0HMS6LN3G6M50" sending FIN because: "The client closed the connection." |url: |action: |
2023-07-17 18:08:41.7323|0|DEBUG|Microsoft.AspNetCore.Server.Kestrel.Connections|Connection id "0HMS6LN3G6M50" stopped. |url: |action: |
2023-07-17 18:08:43.0064|0|DEBUG|Microsoft.AspNetCore.Server.Kestrel.Https.Internal.HttpsConnectionMiddleware|Authentication of the HTTPS connection timed out. |url: |action: |
2023-07-17 18:08:43.0064|0|DEBUG|Microsoft.AspNetCore.Server.Kestrel.Https.Internal.HttpsConnectionMiddleware|Authentication of the HTTPS connection timed out. |url: |action: |
2023-07-17 18:08:43.0064|0|DEBUG|Microsoft.AspNetCore.Server.Kestrel.Connections|Connection id "0HMS6LN3G6M4V" stopped. |url: |action: |
2023-07-17 18:08:43.0064|0|DEBUG|Microsoft.AspNetCore.Server.Kestrel.Connections|Connection id "0HMS6LN3G6M4U" stopped. |url: |action: |
2023-07-17 18:08:43.0064|0|DEBUG|Microsoft.AspNetCore.Server.Kestrel.Transport.Sockets|Connection id "0HMS6LN3G6M4V" sending FIN because: "The Socket transport's send loop completed gracefully." |url: |action: |
2023-07-17 18:08:43.0205|0|DEBUG|Microsoft.AspNetCore.Server.Kestrel.Transport.Sockets|Connection id "0HMS6LN3G6M4U" sending FIN because: "The Socket transport's send loop completed gracefully." |url: |action: |
2023-07-17 18:08:50.9552|0|DEBUG|Microsoft.AspNetCore.Server.Kestrel.Connections|Connection id "0HMS6LN3G6M51" accepted. |url: |action: |
2023-07-17 18:08:50.9583|0|DEBUG|Microsoft.AspNetCore.Server.Kestrel.Connections|Connection id "0HMS6LN3G6M51" started. |url: |action: |
2023-07-17 18:08:50.9583|0|DEBUG|Microsoft.AspNetCore.Server.Kestrel.Https.Internal.HttpsConnectionMiddleware|Connection 0HMS6LN3G6M51 established using the following protocol: Tls13 |url: |action: |
2023-07-17 18:08:51.0039|0|DEBUG|Microsoft.AspNetCore.StaticFiles.StaticFileMiddleware|The request path  does not match the path filter |url: https://localhost/Member/StudentList|action: |
2023-07-17 18:08:51.0039|0|DEBUG|Microsoft.AspNetCore.StaticFiles.StaticFileMiddleware|The request path  does not match the path filter |url: https://localhost/Member/StudentList|action: |
2023-07-17 18:08:51.0039|0|DEBUG|Microsoft.AspNetCore.StaticFiles.StaticFileMiddleware|The request path /Member/StudentList does not match a supported file type |url: https://localhost/Member/StudentList|action: |
2023-07-17 18:08:51.0511|0|DEBUG|Microsoft.AspNetCore.Routing.Matching.DfaMatcher|1 candidate(s) found for the request path '/Member/StudentList' |url: https://localhost/Member/StudentList|action: |
2023-07-17 18:08:51.0683|0|DEBUG|Microsoft.AspNetCore.Routing.Matching.DfaMatcher|Endpoint 'IALW.API.ApiControllers.MemberController.Data (TUTOR.ERPS.Api)' with route pattern 'Member/StudentList' is valid for the request path '/Member/StudentList' |url: https://localhost/Member/StudentList|action: |
2023-07-17 18:08:51.0683|0|DEBUG|Microsoft.AspNetCore.Routing.EndpointRoutingMiddleware|Request matched endpoint 'IALW.API.ApiControllers.MemberController.Data (TUTOR.ERPS.Api)' |url: https://localhost/Member/StudentList|action: Data|
2023-07-17 18:08:51.1145|0|DEBUG|Microsoft.AspNetCore.Mvc.Infrastructure.ControllerActionInvoker|Execution plan of authorization filters (in the following order): TUTOR.ERPS.API.Infa.Attribute.ApTokenAuth |url: https://localhost/Member/StudentList|action: Data|
2023-07-17 18:08:51.1145|0|DEBUG|Microsoft.AspNetCore.Mvc.Infrastructure.ControllerActionInvoker|Execution plan of resource filters (in the following order): Microsoft.AspNetCore.Mvc.ViewFeatures.Filters.SaveTempDataFilter |url: https://localhost/Member/StudentList|action: Data|
2023-07-17 18:08:51.1145|0|DEBUG|Microsoft.AspNetCore.Mvc.Infrastructure.ControllerActionInvoker|Execution plan of action filters (in the following order): Microsoft.AspNetCore.Mvc.ModelBinding.UnsupportedContentTypeFilter (Order: -3000), Microsoft.AspNetCore.Mvc.Infrastructure.ModelStateInvalidFilter (Order: -2000) |url: https://localhost/Member/StudentList|action: Data|
2023-07-17 18:08:51.1145|0|DEBUG|Microsoft.AspNetCore.Mvc.Infrastructure.ControllerActionInvoker|Execution plan of exception filters (in the following order): None |url: https://localhost/Member/StudentList|action: Data|
2023-07-17 18:08:51.1145|0|DEBUG|Microsoft.AspNetCore.Mvc.Infrastructure.ControllerActionInvoker|Execution plan of result filters (in the following order): Microsoft.AspNetCore.Mvc.ViewFeatures.Filters.SaveTempDataFilter, Microsoft.AspNetCore.Mvc.Infrastructure.ClientErrorResultFilter (Order: -2000) |url: https://localhost/Member/StudentList|action: Data|
2023-07-17 18:08:51.3324|0|DEBUG|Microsoft.EntityFrameworkCore.Infrastructure|An 'IServiceProvider' was created for internal use by Entity Framework. |url: https://localhost/Member/StudentList|action: Data|
2023-07-17 18:08:52.0644|0|DEBUG|Microsoft.EntityFrameworkCore.Infrastructure|Entity Framework Core 7.0.8 initialized 'TUTORERPSContext' using provider 'Microsoft.EntityFrameworkCore.SqlServer:7.0.8' with options: None |url: https://localhost/Member/StudentList|action: Data|
2023-07-17 18:08:52.1149|0|DEBUG|Microsoft.EntityFrameworkCore.Query|Compiling query expression: 
'DbSet<ApiTokenManage>()
    .SingleOrDefault(x => x.ApiToken == __token_0)' |url: https://localhost/Member/StudentList|action: Data|
2023-07-17 18:08:52.3951|0|DEBUG|Microsoft.EntityFrameworkCore.Query|Generated query execution expression: 
'queryContext => new SingleQueryingEnumerable<ApiTokenManage>(
    (RelationalQueryContext)queryContext, 
    RelationalCommandCache.QueryExpression(
        Projection Mapping:
            EmptyProjectionMember -> Dictionary<IProperty, int> { [Property: ApiTokenManage.Id (int) Required PK AfterSave:Throw ValueGenerated.OnAdd, 0], [Property: ApiTokenManage.ApiToken (string), 1], [Property: ApiTokenManage.Ip (string) MaxLength(50), 2], [Property: ApiTokenManage.TokenActive (int?), 3], [Property: ApiTokenManage.TokenEndTime (DateTime?), 4], [Property: ApiTokenManage.TokenStartTime (DateTime?), 5] }
        SELECT TOP(2) a.Id, a.Api_Token, a.Ip, a.Token_Active, a.Token_EndTime, a.Token_StartTime
        FROM ApiTokenManage AS a
        WHERE a.Api_Token == @__token_0), 
    null, 
    Func<QueryContext, DbDataReader, ResultContext, SingleQueryResultCoordinator, ApiTokenManage>, 
    TUTOR.Repository.EF.TUTORERPSContext, 
    False, 
    False, 
    True
)
    .SingleOrDefault()' |url: https://localhost/Member/StudentList|action: Data|
2023-07-17 18:08:52.4392|0|DEBUG|Microsoft.EntityFrameworkCore.Database.Command|Creating DbCommand for 'ExecuteReader'. |url: https://localhost/Member/StudentList|action: Data|
2023-07-17 18:08:52.4392|0|DEBUG|Microsoft.EntityFrameworkCore.Database.Connection|Creating DbConnection. |url: https://localhost/Member/StudentList|action: Data|
2023-07-17 18:08:52.4925|0|DEBUG|Microsoft.EntityFrameworkCore.Database.Connection|Created DbConnection. (47ms). |url: https://localhost/Member/StudentList|action: Data|
2023-07-17 18:08:52.4925|0|DEBUG|Microsoft.EntityFrameworkCore.Database.Command|Created DbCommand for 'ExecuteReader' (61ms). |url: https://localhost/Member/StudentList|action: Data|
2023-07-17 18:08:52.5103|0|DEBUG|Microsoft.EntityFrameworkCore.Database.Command|Initialized DbCommand for 'ExecuteReader' (72ms). |url: https://localhost/Member/StudentList|action: Data|
2023-07-17 18:08:52.5103|0|DEBUG|Microsoft.EntityFrameworkCore.Database.Connection|Opening connection to database 'TUTOR.ERPS' on server 'erp.ahow.tw'. |url: https://localhost/Member/StudentList|action: Data|
2023-07-17 18:08:53.1990|0|DEBUG|Microsoft.EntityFrameworkCore.Database.Connection|Opened connection to database 'TUTOR.ERPS' on server 'erp.ahow.tw'. |url: https://localhost/Member/StudentList|action: Data|
2023-07-17 18:08:53.2106|0|DEBUG|Microsoft.EntityFrameworkCore.Database.Command|Executing DbCommand [Parameters=[@__token_0='?' (Size = 4000)], CommandType='Text', CommandTimeout='30']
SELECT TOP(2) [a].[Id], [a].[Api_Token], [a].[Ip], [a].[Token_Active], [a].[Token_EndTime], [a].[Token_StartTime]
FROM [ApiTokenManage] AS [a]
WHERE [a].[Api_Token] = @__token_0 |url: https://localhost/Member/StudentList|action: Data|
2023-07-17 18:08:53.3685|0|DEBUG|Microsoft.EntityFrameworkCore.ChangeTracking|Context 'TUTORERPSContext' started tracking 'ApiTokenManage' entity. Consider using 'DbContextOptionsBuilder.EnableSensitiveDataLogging' to see key values. |url: https://localhost/Member/StudentList|action: Data|
2023-07-17 18:08:53.3959|0|DEBUG|Microsoft.EntityFrameworkCore.Database.Command|Closing data reader to 'TUTOR.ERPS' on server 'erp.ahow.tw'. |url: https://localhost/Member/StudentList|action: Data|
2023-07-17 18:08:53.3959|0|DEBUG|Microsoft.EntityFrameworkCore.Database.Command|A data reader for 'TUTOR.ERPS' on server 'erp.ahow.tw' is being disposed after spending 71ms reading results. |url: https://localhost/Member/StudentList|action: Data|
2023-07-17 18:08:53.3959|0|DEBUG|Microsoft.EntityFrameworkCore.Database.Connection|Closing connection to database 'TUTOR.ERPS' on server 'erp.ahow.tw'. |url: https://localhost/Member/StudentList|action: Data|
2023-07-17 18:08:53.4186|0|DEBUG|Microsoft.EntityFrameworkCore.Database.Connection|Closed connection to database 'TUTOR.ERPS' on server 'erp.ahow.tw' (9ms). |url: https://localhost/Member/StudentList|action: Data|
2023-07-17 18:08:53.4186|0|DEBUG|Microsoft.EntityFrameworkCore.Database.Command|Creating DbCommand for 'ExecuteReader'. |url: https://localhost/Member/StudentList|action: Data|
2023-07-17 18:08:53.4186|0|DEBUG|Microsoft.EntityFrameworkCore.Database.Command|Created DbCommand for 'ExecuteReader' (0ms). |url: https://localhost/Member/StudentList|action: Data|
2023-07-17 18:08:53.4186|0|DEBUG|Microsoft.EntityFrameworkCore.Database.Command|Initialized DbCommand for 'ExecuteReader' (0ms). |url: https://localhost/Member/StudentList|action: Data|
2023-07-17 18:08:53.4186|0|DEBUG|Microsoft.EntityFrameworkCore.Database.Connection|Opening connection to database 'TUTOR.ERPS' on server 'erp.ahow.tw'. |url: https://localhost/Member/StudentList|action: Data|
2023-07-17 18:08:53.4186|0|DEBUG|Microsoft.EntityFrameworkCore.Database.Connection|Opened connection to database 'TUTOR.ERPS' on server 'erp.ahow.tw'. |url: https://localhost/Member/StudentList|action: Data|
2023-07-17 18:08:53.4186|0|DEBUG|Microsoft.EntityFrameworkCore.Database.Command|Executing DbCommand [Parameters=[@__token_0='?' (Size = 4000)], CommandType='Text', CommandTimeout='30']
SELECT TOP(2) [a].[Id], [a].[Api_Token], [a].[Ip], [a].[Token_Active], [a].[Token_EndTime], [a].[Token_StartTime]
FROM [ApiTokenManage] AS [a]
WHERE [a].[Api_Token] = @__token_0 |url: https://localhost/Member/StudentList|action: Data|
2023-07-17 18:08:53.4633|0|DEBUG|Microsoft.EntityFrameworkCore.Database.Command|Closing data reader to 'TUTOR.ERPS' on server 'erp.ahow.tw'. |url: https://localhost/Member/StudentList|action: Data|
2023-07-17 18:08:53.4633|0|DEBUG|Microsoft.EntityFrameworkCore.Database.Command|A data reader for 'TUTOR.ERPS' on server 'erp.ahow.tw' is being disposed after spending 1ms reading results. |url: https://localhost/Member/StudentList|action: Data|
2023-07-17 18:08:53.4633|0|DEBUG|Microsoft.EntityFrameworkCore.Database.Connection|Closing connection to database 'TUTOR.ERPS' on server 'erp.ahow.tw'. |url: https://localhost/Member/StudentList|action: Data|
2023-07-17 18:08:53.4633|0|DEBUG|Microsoft.EntityFrameworkCore.Database.Connection|Closed connection to database 'TUTOR.ERPS' on server 'erp.ahow.tw' (0ms). |url: https://localhost/Member/StudentList|action: Data|
2023-07-17 18:08:53.4946|0|DEBUG|Microsoft.EntityFrameworkCore.ChangeTracking|'"TUTORERPSContext"' generated a temporary value for the property '"Id"."SystemErrorLog"'. Consider using 'DbContextOptionsBuilder.EnableSensitiveDataLogging' to see key values. |url: https://localhost/Member/StudentList|action: Data|
2023-07-17 18:08:53.5295|0|DEBUG|Microsoft.EntityFrameworkCore.ChangeTracking|Context 'TUTORERPSContext' started tracking 'SystemErrorLog' entity. Consider using 'DbContextOptionsBuilder.EnableSensitiveDataLogging' to see key values. |url: https://localhost/Member/StudentList|action: Data|
2023-07-17 18:08:53.5295|0|DEBUG|Microsoft.EntityFrameworkCore.Update|SaveChanges starting for 'TUTORERPSContext'. |url: https://localhost/Member/StudentList|action: Data|
2023-07-17 18:08:53.5295|0|DEBUG|Microsoft.EntityFrameworkCore.ChangeTracking|DetectChanges starting for 'TUTORERPSContext'. |url: https://localhost/Member/StudentList|action: Data|
2023-07-17 18:08:53.5526|0|DEBUG|Microsoft.EntityFrameworkCore.ChangeTracking|DetectChanges completed for 'TUTORERPSContext'. |url: https://localhost/Member/StudentList|action: Data|
2023-07-17 18:08:53.6109|0|DEBUG|Microsoft.EntityFrameworkCore.Database.Connection|Opening connection to database 'TUTOR.ERPS' on server 'erp.ahow.tw'. |url: https://localhost/Member/StudentList|action: Data|
2023-07-17 18:08:53.6109|0|DEBUG|Microsoft.EntityFrameworkCore.Database.Connection|Opened connection to database 'TUTOR.ERPS' on server 'erp.ahow.tw'. |url: https://localhost/Member/StudentList|action: Data|
2023-07-17 18:08:53.6109|0|DEBUG|Microsoft.EntityFrameworkCore.Database.Command|Creating DbCommand for 'ExecuteReader'. |url: https://localhost/Member/StudentList|action: Data|
2023-07-17 18:08:53.6109|0|DEBUG|Microsoft.EntityFrameworkCore.Database.Command|Created DbCommand for 'ExecuteReader' (0ms). |url: https://localhost/Member/StudentList|action: Data|
2023-07-17 18:08:53.6109|0|DEBUG|Microsoft.EntityFrameworkCore.Database.Command|Initialized DbCommand for 'ExecuteReader' (0ms). |url: https://localhost/Member/StudentList|action: Data|
2023-07-17 18:08:53.6109|0|DEBUG|Microsoft.EntityFrameworkCore.Database.Command|Executing DbCommand [Parameters=[@p0='?' (Size = 50), @p1='?' (DbType = DateTime), @p2='?' (Size = 50), @p3='?' (Size = 50), @p4='?' (Size = 50), @p5='?' (Size = 4000), @p6='?' (Size = 4000), @p7='?' (Size = 50), @p8='?' (Size = 4000), @p9='?' (Size = 4000)], CommandType='Text', CommandTimeout='30']
SET IMPLICIT_TRANSACTIONS OFF;
SET NOCOUNT ON;
INSERT INTO [SystemErrorLog] ([Api], [Entry_Date], [Entry_User], [Error_Level], [Ip], [Message], [Token], [Web_Method], [Web_Request], [Web_Response])
OUTPUT INSERTED.[Id]
VALUES (@p0, @p1, @p2, @p3, @p4, @p5, @p6, @p7, @p8, @p9); |url: https://localhost/Member/StudentList|action: Data|
2023-07-17 18:08:53.6643|0|DEBUG|Microsoft.EntityFrameworkCore.ChangeTracking|The foreign key property 'SystemErrorLog.Id' was detected as changed. Consider using 'DbContextOptionsBuilder.EnableSensitiveDataLogging' to see property values. |url: https://localhost/Member/StudentList|action: Data|
2023-07-17 18:08:53.6817|0|DEBUG|Microsoft.EntityFrameworkCore.Database.Command|Closing data reader to 'TUTOR.ERPS' on server 'erp.ahow.tw'. |url: https://localhost/Member/StudentList|action: Data|
2023-07-17 18:08:53.6817|0|DEBUG|Microsoft.EntityFrameworkCore.Database.Command|A data reader for 'TUTOR.ERPS' on server 'erp.ahow.tw' is being disposed after spending 17ms reading results. |url: https://localhost/Member/StudentList|action: Data|
2023-07-17 18:08:53.6817|0|DEBUG|Microsoft.EntityFrameworkCore.Database.Connection|Closing connection to database 'TUTOR.ERPS' on server 'erp.ahow.tw'. |url: https://localhost/Member/StudentList|action: Data|
2023-07-17 18:08:53.6817|0|DEBUG|Microsoft.EntityFrameworkCore.Database.Connection|Closed connection to database 'TUTOR.ERPS' on server 'erp.ahow.tw' (0ms). |url: https://localhost/Member/StudentList|action: Data|
2023-07-17 18:08:53.6925|0|DEBUG|Microsoft.EntityFrameworkCore.ChangeTracking|An entity of type 'SystemErrorLog' tracked by 'TUTORERPSContext' changed state from 'Added' to 'Unchanged'. Consider using 'DbContextOptionsBuilder.EnableSensitiveDataLogging' to see key values. |url: https://localhost/Member/StudentList|action: Data|
2023-07-17 18:08:53.6925|0|DEBUG|Microsoft.EntityFrameworkCore.Update|SaveChanges completed for 'TUTORERPSContext' with 1 entities written to the database. |url: https://localhost/Member/StudentList|action: Data|
2023-07-17 18:08:53.6925|0|DEBUG|Microsoft.AspNetCore.Mvc.Infrastructure.ControllerActionInvoker|Executing controller factory for controller IALW.API.ApiControllers.MemberController (TUTOR.ERPS.Api) |url: https://localhost/Member/StudentList|action: Data|
2023-07-17 18:08:53.7068|0|DEBUG|Microsoft.AspNetCore.Mvc.Infrastructure.ControllerActionInvoker|Executed controller factory for controller IALW.API.ApiControllers.MemberController (TUTOR.ERPS.Api) |url: https://localhost/Member/StudentList|action: Data|
2023-07-17 18:08:53.7457|0|DEBUG|Microsoft.AspNetCore.Mvc.ModelBinding.ParameterBinder|Attempting to bind parameter 'page' of type 'System.Int32' ... |url: https://localhost/Member/StudentList|action: Data|
2023-07-17 18:08:53.7457|0|DEBUG|Microsoft.AspNetCore.Mvc.ModelBinding.Binders.SimpleTypeModelBinder|Attempting to bind parameter 'page' of type 'System.Int32' using the name 'page' in request data ... |url: https://localhost/Member/StudentList|action: Data|
2023-07-17 18:08:53.7457|0|DEBUG|Microsoft.AspNetCore.Mvc.ModelBinding.Binders.SimpleTypeModelBinder|Done attempting to bind parameter 'page' of type 'System.Int32'. |url: https://localhost/Member/StudentList|action: Data|
2023-07-17 18:08:53.7457|0|DEBUG|Microsoft.AspNetCore.Mvc.ModelBinding.ParameterBinder|Done attempting to bind parameter 'page' of type 'System.Int32'. |url: https://localhost/Member/StudentList|action: Data|
2023-07-17 18:08:53.7457|0|DEBUG|Microsoft.AspNetCore.Mvc.ModelBinding.ParameterBinder|Attempting to validate the bound parameter 'page' of type 'System.Int32' ... |url: https://localhost/Member/StudentList|action: Data|
2023-07-17 18:08:53.7457|0|DEBUG|Microsoft.AspNetCore.Mvc.ModelBinding.ParameterBinder|Done attempting to validate the bound parameter 'page' of type 'System.Int32'. |url: https://localhost/Member/StudentList|action: Data|
2023-07-17 18:08:53.7553|0|DEBUG|Microsoft.EntityFrameworkCore.Query|Compiling query expression: 
'DbSet<Member>()
    .Skip(__p_0)
    .Take(__p_1)
    .Select(x => new MemberDTO{ 
        Account = x.Account, 
        Email = x.Email, 
        Password = x.Password, 
        Status = x.Status, 
        StudyLevel = x.StudyLevel, 
        BeDeleted = x.BeDeleted, 
        Creator = x.Creator, 
        Editor = x.Editor, 
        Id = x.Id, 
        StartDate = (DateTime?)x.StartDate, 
        EndDate = (DateTime?)x.EndDate, 
        Name = x.Name 
    }
    )
    .Any()' |url: https://localhost/Member/StudentList|action: Data|
2023-07-17 18:08:53.8028|0|DEBUG|Microsoft.EntityFrameworkCore.Query|Generated query execution expression: 
'queryContext => new SingleQueryingEnumerable<bool>(
    (RelationalQueryContext)queryContext, 
    RelationalCommandCache.QueryExpression(
        Projection Mapping:
            EmptyProjectionMember -> 0
        SELECT EXISTS (
            SELECT 1
            FROM Member AS m
            ORDER BY (SELECT 1)
            OFFSET @__p_0 ROWS FETCH NEXT @__p_1 ROWS ONLY)), 
    null, 
    Func<QueryContext, DbDataReader, ResultContext, SingleQueryResultCoordinator, bool>, 
    TUTOR.Repository.EF.TUTORERPSContext, 
    False, 
    False, 
    True
)
    .Single()' |url: https://localhost/Member/StudentList|action: Data|
2023-07-17 18:08:53.8191|0|DEBUG|Microsoft.EntityFrameworkCore.Database.Command|Creating DbCommand for 'ExecuteReader'. |url: https://localhost/Member/StudentList|action: Data|
2023-07-17 18:08:53.8191|0|DEBUG|Microsoft.EntityFrameworkCore.Database.Command|Created DbCommand for 'ExecuteReader' (0ms). |url: https://localhost/Member/StudentList|action: Data|
2023-07-17 18:08:53.8191|0|DEBUG|Microsoft.EntityFrameworkCore.Database.Command|Initialized DbCommand for 'ExecuteReader' (0ms). |url: https://localhost/Member/StudentList|action: Data|
2023-07-17 18:08:53.8191|0|DEBUG|Microsoft.EntityFrameworkCore.Database.Connection|Opening connection to database 'TUTOR.ERPS' on server 'erp.ahow.tw'. |url: https://localhost/Member/StudentList|action: Data|
2023-07-17 18:08:53.8191|0|DEBUG|Microsoft.EntityFrameworkCore.Database.Connection|Opened connection to database 'TUTOR.ERPS' on server 'erp.ahow.tw'. |url: https://localhost/Member/StudentList|action: Data|
2023-07-17 18:08:53.8191|0|DEBUG|Microsoft.EntityFrameworkCore.Database.Command|Executing DbCommand [Parameters=[@__p_0='?' (DbType = Int32), @__p_1='?' (DbType = Int32)], CommandType='Text', CommandTimeout='30']
SELECT CASE
    WHEN EXISTS (
        SELECT 1
        FROM [Member] AS [m]
        ORDER BY (SELECT 1)
        OFFSET @__p_0 ROWS FETCH NEXT @__p_1 ROWS ONLY) THEN CAST(1 AS bit)
    ELSE CAST(0 AS bit)
END |url: https://localhost/Member/StudentList|action: Data|
2023-07-17 18:08:54.3832|0|DEBUG|Microsoft.EntityFrameworkCore.Database.Command|Closing data reader to 'TUTOR.ERPS' on server 'erp.ahow.tw'. |url: https://localhost/Member/StudentList|action: Data|
2023-07-17 18:08:54.3832|0|DEBUG|Microsoft.EntityFrameworkCore.Database.Command|A data reader for 'TUTOR.ERPS' on server 'erp.ahow.tw' is being disposed after spending 522ms reading results. |url: https://localhost/Member/StudentList|action: Data|
2023-07-17 18:08:54.3832|0|DEBUG|Microsoft.EntityFrameworkCore.Database.Connection|Closing connection to database 'TUTOR.ERPS' on server 'erp.ahow.tw'. |url: https://localhost/Member/StudentList|action: Data|
2023-07-17 18:08:54.3832|0|DEBUG|Microsoft.EntityFrameworkCore.Database.Connection|Closed connection to database 'TUTOR.ERPS' on server 'erp.ahow.tw' (0ms). |url: https://localhost/Member/StudentList|action: Data|
2023-07-17 18:36:28.9895|0|DEBUG|Microsoft.AspNetCore.Mvc.Razor.Compilation.DefaultViewCompiler|Initializing Razor view compiler with no compiled views. |url: |action: |
2023-07-17 18:36:29.0837|0|DEBUG|Microsoft.AspNetCore.Mvc.ModelBinding.ModelBinderFactory|Registered model binder providers, in the following order: Microsoft.AspNetCore.Mvc.ModelBinding.Binders.BinderTypeModelBinderProvider, Microsoft.AspNetCore.Mvc.ModelBinding.Binders.ServicesModelBinderProvider, Microsoft.AspNetCore.Mvc.ModelBinding.Binders.BodyModelBinderProvider, Microsoft.AspNetCore.Mvc.ModelBinding.Binders.HeaderModelBinderProvider, Microsoft.AspNetCore.Mvc.ModelBinding.Binders.FloatingPointTypeModelBinderProvider, Microsoft.AspNetCore.Mvc.ModelBinding.Binders.EnumTypeModelBinderProvider, Microsoft.AspNetCore.Mvc.ModelBinding.Binders.DateTimeModelBinderProvider, Microsoft.AspNetCore.Mvc.ModelBinding.Binders.SimpleTypeModelBinderProvider, Microsoft.AspNetCore.Mvc.ModelBinding.Binders.CancellationTokenModelBinderProvider, Microsoft.AspNetCore.Mvc.ModelBinding.Binders.ByteArrayModelBinderProvider, Microsoft.AspNetCore.Mvc.ModelBinding.Binders.FormFileModelBinderProvider, Microsoft.AspNetCore.Mvc.ModelBinding.Binders.FormCollectionModelBinderProvider, Microsoft.AspNetCore.Mvc.ModelBinding.Binders.KeyValuePairModelBinderProvider, Microsoft.AspNetCore.Mvc.ModelBinding.Binders.DictionaryModelBinderProvider, Microsoft.AspNetCore.Mvc.ModelBinding.Binders.ArrayModelBinderProvider, Microsoft.AspNetCore.Mvc.ModelBinding.Binders.CollectionModelBinderProvider, Microsoft.AspNetCore.Mvc.ModelBinding.Binders.ComplexObjectModelBinderProvider |url: |action: |
2023-07-17 18:36:29.4512|0|DEBUG|Microsoft.Extensions.Hosting.Internal.Host|Hosting starting |url: |action: |
2023-07-17 18:36:29.4733|0|DEBUG|Microsoft.AspNetCore.DataProtection.Repositories.FileSystemXmlRepository|Reading data from file 'C:\Users\j3537\AppData\Local\ASP.NET\DataProtection-Keys\key-184f69a1-ee82-446d-a3df-16f76072f29e.xml'. |url: |action: |
2023-07-17 18:36:29.4898|0|DEBUG|Microsoft.AspNetCore.DataProtection.Repositories.FileSystemXmlRepository|Reading data from file 'C:\Users\j3537\AppData\Local\ASP.NET\DataProtection-Keys\key-befd1401-1cab-4be0-99bb-8dd3f0db47bc.xml'. |url: |action: |
2023-07-17 18:36:29.5041|0|DEBUG|Microsoft.AspNetCore.DataProtection.KeyManagement.XmlKeyManager|Found key {184f69a1-ee82-446d-a3df-16f76072f29e}. |url: |action: |
2023-07-17 18:36:29.5041|0|DEBUG|Microsoft.AspNetCore.DataProtection.KeyManagement.XmlKeyManager|Found key {befd1401-1cab-4be0-99bb-8dd3f0db47bc}. |url: |action: |
2023-07-17 18:36:29.5213|0|DEBUG|Microsoft.AspNetCore.DataProtection.KeyManagement.DefaultKeyResolver|Considering key {befd1401-1cab-4be0-99bb-8dd3f0db47bc} with expiration date 2023-09-10 02:06:08Z as default key. |url: |action: |
2023-07-17 18:36:29.5213|0|DEBUG|Microsoft.AspNetCore.DataProtection.TypeForwardingActivator|Forwarded activator type request from Microsoft.AspNetCore.DataProtection.XmlEncryption.DpapiXmlDecryptor, Microsoft.AspNetCore.DataProtection, Version=6.0.0.0, Culture=neutral, PublicKeyToken=adb9793829ddae60 to Microsoft.AspNetCore.DataProtection.XmlEncryption.DpapiXmlDecryptor, Microsoft.AspNetCore.DataProtection, Culture=neutral, PublicKeyToken=adb9793829ddae60 |url: |action: |
2023-07-17 18:36:29.5366|0|DEBUG|Microsoft.AspNetCore.DataProtection.XmlEncryption.DpapiXmlDecryptor|Decrypting secret element using Windows DPAPI. |url: |action: |
2023-07-17 18:36:29.5508|0|DEBUG|Microsoft.AspNetCore.DataProtection.TypeForwardingActivator|Forwarded activator type request from Microsoft.AspNetCore.DataProtection.AuthenticatedEncryption.ConfigurationModel.AuthenticatedEncryptorDescriptorDeserializer, Microsoft.AspNetCore.DataProtection, Version=6.0.0.0, Culture=neutral, PublicKeyToken=adb9793829ddae60 to Microsoft.AspNetCore.DataProtection.AuthenticatedEncryption.ConfigurationModel.AuthenticatedEncryptorDescriptorDeserializer, Microsoft.AspNetCore.DataProtection, Culture=neutral, PublicKeyToken=adb9793829ddae60 |url: |action: |
2023-07-17 18:36:29.5508|0|DEBUG|Microsoft.AspNetCore.DataProtection.AuthenticatedEncryption.CngCbcAuthenticatedEncryptorFactory|Opening CNG algorithm 'AES' from provider '(null)' with chaining mode CBC. |url: |action: |
2023-07-17 18:36:29.5508|0|DEBUG|Microsoft.AspNetCore.DataProtection.AuthenticatedEncryption.CngCbcAuthenticatedEncryptorFactory|Opening CNG algorithm 'SHA256' from provider '(null)' with HMAC. |url: |action: |
2023-07-17 18:36:29.5688|0|DEBUG|Microsoft.AspNetCore.DataProtection.KeyManagement.KeyRingProvider|Using key {befd1401-1cab-4be0-99bb-8dd3f0db47bc} as the default key. |url: |action: |
2023-07-17 18:36:29.5688|0|DEBUG|Microsoft.AspNetCore.DataProtection.Internal.DataProtectionHostedService|Key ring with default key {befd1401-1cab-4be0-99bb-8dd3f0db47bc} was loaded during application startup. |url: |action: |
2023-07-17 18:36:29.9168|0|DEBUG|Microsoft.AspNetCore.Server.Kestrel.Core.KestrelServer|Using development certificate: CN=localhost (Thumbprint: A1B36F3074FFE353434C9B13AE59733DD9B8E436) |url: |action: |
2023-07-17 18:36:29.9900|0|DEBUG|Microsoft.AspNetCore.Hosting.Diagnostics|Loaded hosting startup assembly TUTOR.ERPS.Api |url: |action: |
2023-07-17 18:36:29.9900|0|DEBUG|Microsoft.AspNetCore.Hosting.Diagnostics|Loaded hosting startup assembly Microsoft.AspNetCore.Watch.BrowserRefresh |url: |action: |
2023-07-17 18:36:29.9900|0|DEBUG|Microsoft.AspNetCore.Hosting.Diagnostics|Loaded hosting startup assembly Microsoft.WebTools.BrowserLink.Net |url: |action: |
2023-07-17 18:36:30.0215|0|DEBUG|Microsoft.Extensions.Hosting.Internal.Host|Hosting started |url: |action: |
2023-07-17 18:36:30.3588|0|DEBUG|Microsoft.AspNetCore.Server.Kestrel.Connections|Connection id "0HMS6M6ND9CT3" accepted. |url: |action: |
2023-07-17 18:36:30.3714|0|DEBUG|Microsoft.AspNetCore.Server.Kestrel.Connections|Connection id "0HMS6M6ND9CT4" accepted. |url: |action: |
2023-07-17 18:36:30.3714|0|DEBUG|Microsoft.AspNetCore.Server.Kestrel.Connections|Connection id "0HMS6M6ND9CT3" started. |url: |action: |
2023-07-17 18:36:30.3714|0|DEBUG|Microsoft.AspNetCore.Server.Kestrel.Connections|Connection id "0HMS6M6ND9CT4" started. |url: |action: |
2023-07-17 18:36:30.4019|0|DEBUG|Microsoft.AspNetCore.Server.Kestrel.Transport.Sockets|Connection id "0HMS6M6ND9CT3" received FIN. |url: |action: |
2023-07-17 18:36:30.4019|0|DEBUG|Microsoft.AspNetCore.Server.Kestrel.Transport.Sockets|Connection id "0HMS6M6ND9CT4" received FIN. |url: |action: |
2023-07-17 18:36:30.4285|0|DEBUG|Microsoft.AspNetCore.Server.Kestrel.Https.Internal.HttpsConnectionMiddleware|Failed to authenticate HTTPS connection. System.IO.IOException:  Received an unexpected EOF or 0 bytes from the transport stream.
   at System.Net.Security.SslStream.<FillHandshakeBufferAsync>g__InternalFillHandshakeBufferAsync|189_0[TIOAdapter](TIOAdapter adap, ValueTask`1 task, Int32 minSize)
   at System.Net.Security.SslStream.ReceiveBlobAsync[TIOAdapter](TIOAdapter adapter)
   at System.Net.Security.SslStream.ForceAuthenticationAsync[TIOAdapter](TIOAdapter adapter, Boolean receiveFirst, Byte[] reAuthenticationData, Boolean isApm)
   at Microsoft.AspNetCore.Server.Kestrel.Https.Internal.HttpsConnectionMiddleware.OnConnectionAsync(ConnectionContext context)|url: |action: |
2023-07-17 18:36:30.4285|0|DEBUG|Microsoft.AspNetCore.Server.Kestrel.Https.Internal.HttpsConnectionMiddleware|Failed to authenticate HTTPS connection. System.IO.IOException:  Received an unexpected EOF or 0 bytes from the transport stream.
   at System.Net.Security.SslStream.<FillHandshakeBufferAsync>g__InternalFillHandshakeBufferAsync|189_0[TIOAdapter](TIOAdapter adap, ValueTask`1 task, Int32 minSize)
   at System.Net.Security.SslStream.ReceiveBlobAsync[TIOAdapter](TIOAdapter adapter)
   at System.Net.Security.SslStream.ForceAuthenticationAsync[TIOAdapter](TIOAdapter adapter, Boolean receiveFirst, Byte[] reAuthenticationData, Boolean isApm)
   at Microsoft.AspNetCore.Server.Kestrel.Https.Internal.HttpsConnectionMiddleware.OnConnectionAsync(ConnectionContext context)|url: |action: |
2023-07-17 18:36:30.4913|0|DEBUG|Microsoft.AspNetCore.Server.Kestrel.Connections|Connection id "0HMS6M6ND9CT3" stopped. |url: |action: |
2023-07-17 18:36:30.4913|0|DEBUG|Microsoft.AspNetCore.Server.Kestrel.Connections|Connection id "0HMS6M6ND9CT4" stopped. |url: |action: |
2023-07-17 18:36:30.4913|0|DEBUG|Microsoft.AspNetCore.Server.Kestrel.Transport.Sockets|Connection id "0HMS6M6ND9CT4" sending FIN because: "The Socket transport's send loop completed gracefully." |url: |action: |
2023-07-17 18:36:30.4913|0|DEBUG|Microsoft.AspNetCore.Server.Kestrel.Transport.Sockets|Connection id "0HMS6M6ND9CT3" sending FIN because: "The Socket transport's send loop completed gracefully." |url: |action: |
2023-07-17 18:36:30.7698|0|DEBUG|Microsoft.AspNetCore.Server.Kestrel.Connections|Connection id "0HMS6M6ND9CT5" accepted. |url: |action: |
2023-07-17 18:36:30.7698|0|DEBUG|Microsoft.AspNetCore.Server.Kestrel.Connections|Connection id "0HMS6M6ND9CT5" started. |url: |action: |
2023-07-17 18:36:30.8136|0|DEBUG|Microsoft.AspNetCore.Server.Kestrel.Https.Internal.HttpsConnectionMiddleware|Connection 0HMS6M6ND9CT5 established using the following protocol: Tls13 |url: |action: |
2023-07-17 18:36:30.9381|0|DEBUG|Microsoft.AspNetCore.HostFiltering.HostFilteringMiddleware|Wildcard detected, all requests with hosts will be allowed. |url: https://localhost/swagger/index.html|action: |
2023-07-17 18:36:31.1106|0|DEBUG|Microsoft.AspNetCore.Watch.BrowserRefresh.BrowserRefreshMiddleware|Response markup is scheduled to include browser refresh script injection. |url: https://localhost/swagger/index.html|action: |
2023-07-17 18:36:31.3174|0|DEBUG|Microsoft.AspNetCore.Watch.BrowserRefresh.BrowserRefreshMiddleware|Response markup was updated to include browser refresh script injection. |url: https://localhost/swagger/index.html|action: |
2023-07-17 18:50:09.8194|0|DEBUG|Microsoft.AspNetCore.Mvc.Razor.Compilation.DefaultViewCompiler|Initializing Razor view compiler with no compiled views. |url: |action: |
2023-07-17 18:50:09.9211|0|DEBUG|Microsoft.AspNetCore.Mvc.ModelBinding.ModelBinderFactory|Registered model binder providers, in the following order: Microsoft.AspNetCore.Mvc.ModelBinding.Binders.BinderTypeModelBinderProvider, Microsoft.AspNetCore.Mvc.ModelBinding.Binders.ServicesModelBinderProvider, Microsoft.AspNetCore.Mvc.ModelBinding.Binders.BodyModelBinderProvider, Microsoft.AspNetCore.Mvc.ModelBinding.Binders.HeaderModelBinderProvider, Microsoft.AspNetCore.Mvc.ModelBinding.Binders.FloatingPointTypeModelBinderProvider, Microsoft.AspNetCore.Mvc.ModelBinding.Binders.EnumTypeModelBinderProvider, Microsoft.AspNetCore.Mvc.ModelBinding.Binders.DateTimeModelBinderProvider, Microsoft.AspNetCore.Mvc.ModelBinding.Binders.SimpleTypeModelBinderProvider, Microsoft.AspNetCore.Mvc.ModelBinding.Binders.CancellationTokenModelBinderProvider, Microsoft.AspNetCore.Mvc.ModelBinding.Binders.ByteArrayModelBinderProvider, Microsoft.AspNetCore.Mvc.ModelBinding.Binders.FormFileModelBinderProvider, Microsoft.AspNetCore.Mvc.ModelBinding.Binders.FormCollectionModelBinderProvider, Microsoft.AspNetCore.Mvc.ModelBinding.Binders.KeyValuePairModelBinderProvider, Microsoft.AspNetCore.Mvc.ModelBinding.Binders.DictionaryModelBinderProvider, Microsoft.AspNetCore.Mvc.ModelBinding.Binders.ArrayModelBinderProvider, Microsoft.AspNetCore.Mvc.ModelBinding.Binders.CollectionModelBinderProvider, Microsoft.AspNetCore.Mvc.ModelBinding.Binders.ComplexObjectModelBinderProvider |url: |action: |
2023-07-17 18:50:10.2361|0|DEBUG|Microsoft.Extensions.Hosting.Internal.Host|Hosting starting |url: |action: |
2023-07-17 18:50:10.2706|0|DEBUG|Microsoft.AspNetCore.DataProtection.Repositories.FileSystemXmlRepository|Reading data from file 'C:\Users\j3537\AppData\Local\ASP.NET\DataProtection-Keys\key-184f69a1-ee82-446d-a3df-16f76072f29e.xml'. |url: |action: |
2023-07-17 18:50:10.2706|0|DEBUG|Microsoft.AspNetCore.DataProtection.Repositories.FileSystemXmlRepository|Reading data from file 'C:\Users\j3537\AppData\Local\ASP.NET\DataProtection-Keys\key-befd1401-1cab-4be0-99bb-8dd3f0db47bc.xml'. |url: |action: |
2023-07-17 18:50:10.2706|0|DEBUG|Microsoft.AspNetCore.DataProtection.KeyManagement.XmlKeyManager|Found key {184f69a1-ee82-446d-a3df-16f76072f29e}. |url: |action: |
2023-07-17 18:50:10.2871|0|DEBUG|Microsoft.AspNetCore.DataProtection.KeyManagement.XmlKeyManager|Found key {befd1401-1cab-4be0-99bb-8dd3f0db47bc}. |url: |action: |
2023-07-17 18:50:10.3024|0|DEBUG|Microsoft.AspNetCore.DataProtection.KeyManagement.DefaultKeyResolver|Considering key {befd1401-1cab-4be0-99bb-8dd3f0db47bc} with expiration date 2023-09-10 02:06:08Z as default key. |url: |action: |
2023-07-17 18:50:10.3024|0|DEBUG|Microsoft.AspNetCore.DataProtection.TypeForwardingActivator|Forwarded activator type request from Microsoft.AspNetCore.DataProtection.XmlEncryption.DpapiXmlDecryptor, Microsoft.AspNetCore.DataProtection, Version=6.0.0.0, Culture=neutral, PublicKeyToken=adb9793829ddae60 to Microsoft.AspNetCore.DataProtection.XmlEncryption.DpapiXmlDecryptor, Microsoft.AspNetCore.DataProtection, Culture=neutral, PublicKeyToken=adb9793829ddae60 |url: |action: |
2023-07-17 18:50:10.3176|0|DEBUG|Microsoft.AspNetCore.DataProtection.XmlEncryption.DpapiXmlDecryptor|Decrypting secret element using Windows DPAPI. |url: |action: |
2023-07-17 18:50:10.3176|0|DEBUG|Microsoft.AspNetCore.DataProtection.TypeForwardingActivator|Forwarded activator type request from Microsoft.AspNetCore.DataProtection.AuthenticatedEncryption.ConfigurationModel.AuthenticatedEncryptorDescriptorDeserializer, Microsoft.AspNetCore.DataProtection, Version=6.0.0.0, Culture=neutral, PublicKeyToken=adb9793829ddae60 to Microsoft.AspNetCore.DataProtection.AuthenticatedEncryption.ConfigurationModel.AuthenticatedEncryptorDescriptorDeserializer, Microsoft.AspNetCore.DataProtection, Culture=neutral, PublicKeyToken=adb9793829ddae60 |url: |action: |
2023-07-17 18:50:10.3330|0|DEBUG|Microsoft.AspNetCore.DataProtection.AuthenticatedEncryption.CngCbcAuthenticatedEncryptorFactory|Opening CNG algorithm 'AES' from provider '(null)' with chaining mode CBC. |url: |action: |
2023-07-17 18:50:10.3330|0|DEBUG|Microsoft.AspNetCore.DataProtection.AuthenticatedEncryption.CngCbcAuthenticatedEncryptorFactory|Opening CNG algorithm 'SHA256' from provider '(null)' with HMAC. |url: |action: |
2023-07-17 18:50:10.3510|0|DEBUG|Microsoft.AspNetCore.DataProtection.KeyManagement.KeyRingProvider|Using key {befd1401-1cab-4be0-99bb-8dd3f0db47bc} as the default key. |url: |action: |
2023-07-17 18:50:10.3510|0|DEBUG|Microsoft.AspNetCore.DataProtection.Internal.DataProtectionHostedService|Key ring with default key {befd1401-1cab-4be0-99bb-8dd3f0db47bc} was loaded during application startup. |url: |action: |
2023-07-17 18:50:10.6856|0|DEBUG|Microsoft.AspNetCore.Server.Kestrel.Core.KestrelServer|Using development certificate: CN=localhost (Thumbprint: A1B36F3074FFE353434C9B13AE59733DD9B8E436) |url: |action: |
2023-07-17 18:50:10.7546|0|DEBUG|Microsoft.AspNetCore.Hosting.Diagnostics|Loaded hosting startup assembly TUTOR.ERPS.Api |url: |action: |
2023-07-17 18:50:10.7546|0|DEBUG|Microsoft.AspNetCore.Hosting.Diagnostics|Loaded hosting startup assembly Microsoft.AspNetCore.Watch.BrowserRefresh |url: |action: |
2023-07-17 18:50:10.7546|0|DEBUG|Microsoft.AspNetCore.Hosting.Diagnostics|Loaded hosting startup assembly Microsoft.WebTools.BrowserLink.Net |url: |action: |
2023-07-17 18:50:10.7699|0|DEBUG|Microsoft.Extensions.Hosting.Internal.Host|Hosting started |url: |action: |
2023-07-17 18:50:11.0875|0|DEBUG|Microsoft.AspNetCore.Server.Kestrel.Transport.Sockets|Connection id "0HMS6MEC0CGD6" received FIN. |url: |action: |
2023-07-17 18:50:11.1067|0|DEBUG|Microsoft.AspNetCore.Server.Kestrel.Connections|Connection id "0HMS6MEC0CGD6" accepted. |url: |action: |
2023-07-17 18:50:11.1067|0|DEBUG|Microsoft.AspNetCore.Server.Kestrel.Connections|Connection id "0HMS6MEC0CGD6" started. |url: |action: |
2023-07-17 18:50:11.1393|0|DEBUG|Microsoft.AspNetCore.Server.Kestrel.Https.Internal.HttpsConnectionMiddleware|Failed to authenticate HTTPS connection. System.IO.IOException:  Received an unexpected EOF or 0 bytes from the transport stream.
   at System.Net.Security.SslStream.ReceiveBlobAsync[TIOAdapter](TIOAdapter adapter)
   at System.Net.Security.SslStream.ForceAuthenticationAsync[TIOAdapter](TIOAdapter adapter, Boolean receiveFirst, Byte[] reAuthenticationData, Boolean isApm)
   at Microsoft.AspNetCore.Server.Kestrel.Https.Internal.HttpsConnectionMiddleware.OnConnectionAsync(ConnectionContext context)|url: |action: |
2023-07-17 18:50:11.2130|0|DEBUG|Microsoft.AspNetCore.Server.Kestrel.Connections|Connection id "0HMS6MEC0CGD6" stopped. |url: |action: |
2023-07-17 18:50:11.2130|0|DEBUG|Microsoft.AspNetCore.Server.Kestrel.Transport.Sockets|Connection id "0HMS6MEC0CGD6" sending FIN because: "The Socket transport's send loop completed gracefully." |url: |action: |
2023-07-17 18:50:11.8159|0|DEBUG|Microsoft.AspNetCore.Server.Kestrel.Connections|Connection id "0HMS6MEC0CGD7" accepted. |url: |action: |
2023-07-17 18:50:11.8183|0|DEBUG|Microsoft.AspNetCore.Server.Kestrel.Connections|Connection id "0HMS6MEC0CGD7" started. |url: |action: |
2023-07-17 18:50:11.8699|0|DEBUG|Microsoft.AspNetCore.Server.Kestrel.Https.Internal.HttpsConnectionMiddleware|Connection 0HMS6MEC0CGD7 established using the following protocol: Tls13 |url: |action: |
2023-07-17 18:50:12.0083|0|DEBUG|Microsoft.AspNetCore.HostFiltering.HostFilteringMiddleware|Wildcard detected, all requests with hosts will be allowed. |url: https://localhost/swagger/index.html|action: |
2023-07-17 18:50:12.2005|0|DEBUG|Microsoft.AspNetCore.Watch.BrowserRefresh.BrowserRefreshMiddleware|Response markup is scheduled to include browser refresh script injection. |url: https://localhost/swagger/index.html|action: |
2023-07-17 18:50:12.4505|0|DEBUG|Microsoft.AspNetCore.Watch.BrowserRefresh.BrowserRefreshMiddleware|Response markup was updated to include browser refresh script injection. |url: https://localhost/swagger/index.html|action: |
2023-07-17 18:50:38.7754|0|DEBUG|Microsoft.AspNetCore.StaticFiles.StaticFileMiddleware|The request path  does not match the path filter |url: https://localhost/Member/StudentList|action: |
2023-07-17 18:50:38.7754|0|DEBUG|Microsoft.AspNetCore.StaticFiles.StaticFileMiddleware|The request path  does not match the path filter |url: https://localhost/Member/StudentList|action: |
2023-07-17 18:50:38.7849|0|DEBUG|Microsoft.AspNetCore.StaticFiles.StaticFileMiddleware|The request path /Member/StudentList does not match a supported file type |url: https://localhost/Member/StudentList|action: |
2023-07-17 18:50:38.8527|0|DEBUG|Microsoft.AspNetCore.Routing.Matching.DfaMatcher|1 candidate(s) found for the request path '/Member/StudentList' |url: https://localhost/Member/StudentList|action: |
2023-07-17 18:50:38.8527|0|DEBUG|Microsoft.AspNetCore.Routing.Matching.DfaMatcher|Endpoint 'IALW.API.ApiControllers.MemberController.Data (TUTOR.ERPS.Api)' with route pattern 'Member/StudentList' is valid for the request path '/Member/StudentList' |url: https://localhost/Member/StudentList|action: |
2023-07-17 18:50:38.8527|0|DEBUG|Microsoft.AspNetCore.Routing.EndpointRoutingMiddleware|Request matched endpoint 'IALW.API.ApiControllers.MemberController.Data (TUTOR.ERPS.Api)' |url: https://localhost/Member/StudentList|action: Data|
2023-07-17 18:50:38.9319|0|DEBUG|Microsoft.AspNetCore.Mvc.Infrastructure.ControllerActionInvoker|Execution plan of authorization filters (in the following order): TUTOR.ERPS.API.Infa.Attribute.ApTokenAuth |url: https://localhost/Member/StudentList|action: Data|
2023-07-17 18:50:38.9319|0|DEBUG|Microsoft.AspNetCore.Mvc.Infrastructure.ControllerActionInvoker|Execution plan of resource filters (in the following order): Microsoft.AspNetCore.Mvc.ViewFeatures.Filters.SaveTempDataFilter |url: https://localhost/Member/StudentList|action: Data|
2023-07-17 18:50:38.9319|0|DEBUG|Microsoft.AspNetCore.Mvc.Infrastructure.ControllerActionInvoker|Execution plan of action filters (in the following order): Microsoft.AspNetCore.Mvc.ModelBinding.UnsupportedContentTypeFilter (Order: -3000), Microsoft.AspNetCore.Mvc.Infrastructure.ModelStateInvalidFilter (Order: -2000) |url: https://localhost/Member/StudentList|action: Data|
2023-07-17 18:50:38.9319|0|DEBUG|Microsoft.AspNetCore.Mvc.Infrastructure.ControllerActionInvoker|Execution plan of exception filters (in the following order): None |url: https://localhost/Member/StudentList|action: Data|
2023-07-17 18:50:38.9319|0|DEBUG|Microsoft.AspNetCore.Mvc.Infrastructure.ControllerActionInvoker|Execution plan of result filters (in the following order): Microsoft.AspNetCore.Mvc.ViewFeatures.Filters.SaveTempDataFilter, Microsoft.AspNetCore.Mvc.Infrastructure.ClientErrorResultFilter (Order: -2000) |url: https://localhost/Member/StudentList|action: Data|
2023-07-17 18:50:39.1768|0|DEBUG|Microsoft.EntityFrameworkCore.Infrastructure|An 'IServiceProvider' was created for internal use by Entity Framework. |url: https://localhost/Member/StudentList|action: Data|
2023-07-17 18:50:40.2377|0|DEBUG|Microsoft.EntityFrameworkCore.Infrastructure|Entity Framework Core 7.0.8 initialized 'TUTORERPSContext' using provider 'Microsoft.EntityFrameworkCore.SqlServer:7.0.8' with options: None |url: https://localhost/Member/StudentList|action: Data|
2023-07-17 18:50:40.3292|0|DEBUG|Microsoft.EntityFrameworkCore.Query|Compiling query expression: 
'DbSet<ApiTokenManage>()
    .SingleOrDefault(x => x.ApiToken == __token_0)' |url: https://localhost/Member/StudentList|action: Data|
2023-07-17 18:50:40.7606|0|DEBUG|Microsoft.EntityFrameworkCore.Query|Generated query execution expression: 
'queryContext => new SingleQueryingEnumerable<ApiTokenManage>(
    (RelationalQueryContext)queryContext, 
    RelationalCommandCache.QueryExpression(
        Projection Mapping:
            EmptyProjectionMember -> Dictionary<IProperty, int> { [Property: ApiTokenManage.Id (int) Required PK AfterSave:Throw ValueGenerated.OnAdd, 0], [Property: ApiTokenManage.ApiToken (string), 1], [Property: ApiTokenManage.Ip (string) MaxLength(50), 2], [Property: ApiTokenManage.TokenActive (int?), 3], [Property: ApiTokenManage.TokenEndTime (DateTime?), 4], [Property: ApiTokenManage.TokenStartTime (DateTime?), 5] }
        SELECT TOP(2) a.Id, a.Api_Token, a.Ip, a.Token_Active, a.Token_EndTime, a.Token_StartTime
        FROM ApiTokenManage AS a
        WHERE a.Api_Token == @__token_0), 
    null, 
    Func<QueryContext, DbDataReader, ResultContext, SingleQueryResultCoordinator, ApiTokenManage>, 
    TUTOR.Repository.EF.TUTORERPSContext, 
    False, 
    False, 
    True
)
    .SingleOrDefault()' |url: https://localhost/Member/StudentList|action: Data|
2023-07-17 18:50:40.8283|0|DEBUG|Microsoft.EntityFrameworkCore.Database.Command|Creating DbCommand for 'ExecuteReader'. |url: https://localhost/Member/StudentList|action: Data|
2023-07-17 18:50:40.8283|0|DEBUG|Microsoft.EntityFrameworkCore.Database.Connection|Creating DbConnection. |url: https://localhost/Member/StudentList|action: Data|
2023-07-17 18:50:40.8928|0|DEBUG|Microsoft.EntityFrameworkCore.Database.Connection|Created DbConnection. (57ms). |url: https://localhost/Member/StudentList|action: Data|
2023-07-17 18:50:40.9102|0|DEBUG|Microsoft.EntityFrameworkCore.Database.Command|Created DbCommand for 'ExecuteReader' (77ms). |url: https://localhost/Member/StudentList|action: Data|
2023-07-17 18:50:40.9102|0|DEBUG|Microsoft.EntityFrameworkCore.Database.Command|Initialized DbCommand for 'ExecuteReader' (98ms). |url: https://localhost/Member/StudentList|action: Data|
2023-07-17 18:50:40.9310|0|DEBUG|Microsoft.EntityFrameworkCore.Database.Connection|Opening connection to database 'TUTOR.ERPS' on server 'erp.ahow.tw'. |url: https://localhost/Member/StudentList|action: Data|
2023-07-17 18:50:41.6082|0|DEBUG|Microsoft.EntityFrameworkCore.Database.Connection|Opened connection to database 'TUTOR.ERPS' on server 'erp.ahow.tw'. |url: https://localhost/Member/StudentList|action: Data|
2023-07-17 18:50:41.6275|0|DEBUG|Microsoft.EntityFrameworkCore.Database.Command|Executing DbCommand [Parameters=[@__token_0='?' (Size = 4000)], CommandType='Text', CommandTimeout='30']
SELECT TOP(2) [a].[Id], [a].[Api_Token], [a].[Ip], [a].[Token_Active], [a].[Token_EndTime], [a].[Token_StartTime]
FROM [ApiTokenManage] AS [a]
WHERE [a].[Api_Token] = @__token_0 |url: https://localhost/Member/StudentList|action: Data|
2023-07-17 18:50:41.8338|0|DEBUG|Microsoft.EntityFrameworkCore.ChangeTracking|Context 'TUTORERPSContext' started tracking 'ApiTokenManage' entity. Consider using 'DbContextOptionsBuilder.EnableSensitiveDataLogging' to see key values. |url: https://localhost/Member/StudentList|action: Data|
2023-07-17 18:50:41.8796|0|DEBUG|Microsoft.EntityFrameworkCore.Database.Command|Closing data reader to 'TUTOR.ERPS' on server 'erp.ahow.tw'. |url: https://localhost/Member/StudentList|action: Data|
2023-07-17 18:50:41.8796|0|DEBUG|Microsoft.EntityFrameworkCore.Database.Command|A data reader for 'TUTOR.ERPS' on server 'erp.ahow.tw' is being disposed after spending 118ms reading results. |url: https://localhost/Member/StudentList|action: Data|
2023-07-17 18:50:41.9000|0|DEBUG|Microsoft.EntityFrameworkCore.Database.Connection|Closing connection to database 'TUTOR.ERPS' on server 'erp.ahow.tw'. |url: https://localhost/Member/StudentList|action: Data|
2023-07-17 18:50:41.9138|0|DEBUG|Microsoft.EntityFrameworkCore.Database.Connection|Closed connection to database 'TUTOR.ERPS' on server 'erp.ahow.tw' (13ms). |url: https://localhost/Member/StudentList|action: Data|
2023-07-17 18:50:41.9138|0|DEBUG|Microsoft.EntityFrameworkCore.Database.Command|Creating DbCommand for 'ExecuteReader'. |url: https://localhost/Member/StudentList|action: Data|
2023-07-17 18:50:41.9138|0|DEBUG|Microsoft.EntityFrameworkCore.Database.Command|Created DbCommand for 'ExecuteReader' (0ms). |url: https://localhost/Member/StudentList|action: Data|
2023-07-17 18:50:41.9138|0|DEBUG|Microsoft.EntityFrameworkCore.Database.Command|Initialized DbCommand for 'ExecuteReader' (0ms). |url: https://localhost/Member/StudentList|action: Data|
2023-07-17 18:50:41.9138|0|DEBUG|Microsoft.EntityFrameworkCore.Database.Connection|Opening connection to database 'TUTOR.ERPS' on server 'erp.ahow.tw'. |url: https://localhost/Member/StudentList|action: Data|
2023-07-17 18:50:41.9138|0|DEBUG|Microsoft.EntityFrameworkCore.Database.Connection|Opened connection to database 'TUTOR.ERPS' on server 'erp.ahow.tw'. |url: https://localhost/Member/StudentList|action: Data|
2023-07-17 18:50:41.9138|0|DEBUG|Microsoft.EntityFrameworkCore.Database.Command|Executing DbCommand [Parameters=[@__token_0='?' (Size = 4000)], CommandType='Text', CommandTimeout='30']
SELECT TOP(2) [a].[Id], [a].[Api_Token], [a].[Ip], [a].[Token_Active], [a].[Token_EndTime], [a].[Token_StartTime]
FROM [ApiTokenManage] AS [a]
WHERE [a].[Api_Token] = @__token_0 |url: https://localhost/Member/StudentList|action: Data|
2023-07-17 18:50:41.9633|0|DEBUG|Microsoft.EntityFrameworkCore.Database.Command|Closing data reader to 'TUTOR.ERPS' on server 'erp.ahow.tw'. |url: https://localhost/Member/StudentList|action: Data|
2023-07-17 18:50:41.9633|0|DEBUG|Microsoft.EntityFrameworkCore.Database.Command|A data reader for 'TUTOR.ERPS' on server 'erp.ahow.tw' is being disposed after spending 1ms reading results. |url: https://localhost/Member/StudentList|action: Data|
2023-07-17 18:50:41.9633|0|DEBUG|Microsoft.EntityFrameworkCore.Database.Connection|Closing connection to database 'TUTOR.ERPS' on server 'erp.ahow.tw'. |url: https://localhost/Member/StudentList|action: Data|
2023-07-17 18:50:41.9633|0|DEBUG|Microsoft.EntityFrameworkCore.Database.Connection|Closed connection to database 'TUTOR.ERPS' on server 'erp.ahow.tw' (0ms). |url: https://localhost/Member/StudentList|action: Data|
2023-07-17 18:50:42.0046|0|DEBUG|Microsoft.EntityFrameworkCore.ChangeTracking|'"TUTORERPSContext"' generated a temporary value for the property '"Id"."SystemErrorLog"'. Consider using 'DbContextOptionsBuilder.EnableSensitiveDataLogging' to see key values. |url: https://localhost/Member/StudentList|action: Data|
2023-07-17 18:50:42.0523|0|DEBUG|Microsoft.EntityFrameworkCore.ChangeTracking|Context 'TUTORERPSContext' started tracking 'SystemErrorLog' entity. Consider using 'DbContextOptionsBuilder.EnableSensitiveDataLogging' to see key values. |url: https://localhost/Member/StudentList|action: Data|
2023-07-17 18:50:42.0523|0|DEBUG|Microsoft.EntityFrameworkCore.Update|SaveChanges starting for 'TUTORERPSContext'. |url: https://localhost/Member/StudentList|action: Data|
2023-07-17 18:50:42.0523|0|DEBUG|Microsoft.EntityFrameworkCore.ChangeTracking|DetectChanges starting for 'TUTORERPSContext'. |url: https://localhost/Member/StudentList|action: Data|
2023-07-17 18:50:42.0854|0|DEBUG|Microsoft.EntityFrameworkCore.ChangeTracking|DetectChanges completed for 'TUTORERPSContext'. |url: https://localhost/Member/StudentList|action: Data|
2023-07-17 18:50:42.1768|0|DEBUG|Microsoft.EntityFrameworkCore.Database.Connection|Opening connection to database 'TUTOR.ERPS' on server 'erp.ahow.tw'. |url: https://localhost/Member/StudentList|action: Data|
2023-07-17 18:50:42.1768|0|DEBUG|Microsoft.EntityFrameworkCore.Database.Connection|Opened connection to database 'TUTOR.ERPS' on server 'erp.ahow.tw'. |url: https://localhost/Member/StudentList|action: Data|
2023-07-17 18:50:42.1768|0|DEBUG|Microsoft.EntityFrameworkCore.Database.Command|Creating DbCommand for 'ExecuteReader'. |url: https://localhost/Member/StudentList|action: Data|
2023-07-17 18:50:42.1768|0|DEBUG|Microsoft.EntityFrameworkCore.Database.Command|Created DbCommand for 'ExecuteReader' (0ms). |url: https://localhost/Member/StudentList|action: Data|
2023-07-17 18:50:42.1768|0|DEBUG|Microsoft.EntityFrameworkCore.Database.Command|Initialized DbCommand for 'ExecuteReader' (1ms). |url: https://localhost/Member/StudentList|action: Data|
2023-07-17 18:50:42.1768|0|DEBUG|Microsoft.EntityFrameworkCore.Database.Command|Executing DbCommand [Parameters=[@p0='?' (Size = 50), @p1='?' (DbType = DateTime), @p2='?' (Size = 50), @p3='?' (Size = 50), @p4='?' (Size = 50), @p5='?' (Size = 4000), @p6='?' (Size = 4000), @p7='?' (Size = 50), @p8='?' (Size = 4000), @p9='?' (Size = 4000)], CommandType='Text', CommandTimeout='30']
SET IMPLICIT_TRANSACTIONS OFF;
SET NOCOUNT ON;
INSERT INTO [SystemErrorLog] ([Api], [Entry_Date], [Entry_User], [Error_Level], [Ip], [Message], [Token], [Web_Method], [Web_Request], [Web_Response])
OUTPUT INSERTED.[Id]
VALUES (@p0, @p1, @p2, @p3, @p4, @p5, @p6, @p7, @p8, @p9); |url: https://localhost/Member/StudentList|action: Data|
2023-07-17 18:50:42.2386|0|DEBUG|Microsoft.EntityFrameworkCore.ChangeTracking|The foreign key property 'SystemErrorLog.Id' was detected as changed. Consider using 'DbContextOptionsBuilder.EnableSensitiveDataLogging' to see property values. |url: https://localhost/Member/StudentList|action: Data|
2023-07-17 18:50:42.2386|0|DEBUG|Microsoft.EntityFrameworkCore.Database.Command|Closing data reader to 'TUTOR.ERPS' on server 'erp.ahow.tw'. |url: https://localhost/Member/StudentList|action: Data|
2023-07-17 18:50:42.2386|0|DEBUG|Microsoft.EntityFrameworkCore.Database.Command|A data reader for 'TUTOR.ERPS' on server 'erp.ahow.tw' is being disposed after spending 24ms reading results. |url: https://localhost/Member/StudentList|action: Data|
2023-07-17 18:50:42.2386|0|DEBUG|Microsoft.EntityFrameworkCore.Database.Connection|Closing connection to database 'TUTOR.ERPS' on server 'erp.ahow.tw'. |url: https://localhost/Member/StudentList|action: Data|
2023-07-17 18:50:42.2386|0|DEBUG|Microsoft.EntityFrameworkCore.Database.Connection|Closed connection to database 'TUTOR.ERPS' on server 'erp.ahow.tw' (0ms). |url: https://localhost/Member/StudentList|action: Data|
2023-07-17 18:50:42.2646|0|DEBUG|Microsoft.EntityFrameworkCore.ChangeTracking|An entity of type 'SystemErrorLog' tracked by 'TUTORERPSContext' changed state from 'Added' to 'Unchanged'. Consider using 'DbContextOptionsBuilder.EnableSensitiveDataLogging' to see key values. |url: https://localhost/Member/StudentList|action: Data|
2023-07-17 18:50:42.2646|0|DEBUG|Microsoft.EntityFrameworkCore.Update|SaveChanges completed for 'TUTORERPSContext' with 1 entities written to the database. |url: https://localhost/Member/StudentList|action: Data|
2023-07-17 18:50:42.2646|0|DEBUG|Microsoft.AspNetCore.Mvc.Infrastructure.ControllerActionInvoker|Executing controller factory for controller IALW.API.ApiControllers.MemberController (TUTOR.ERPS.Api) |url: https://localhost/Member/StudentList|action: Data|
2023-07-17 18:52:11.5595|0|DEBUG|Microsoft.AspNetCore.Mvc.Razor.Compilation.DefaultViewCompiler|Initializing Razor view compiler with no compiled views. |url: |action: |
2023-07-17 18:52:11.6459|0|DEBUG|Microsoft.AspNetCore.Mvc.ModelBinding.ModelBinderFactory|Registered model binder providers, in the following order: Microsoft.AspNetCore.Mvc.ModelBinding.Binders.BinderTypeModelBinderProvider, Microsoft.AspNetCore.Mvc.ModelBinding.Binders.ServicesModelBinderProvider, Microsoft.AspNetCore.Mvc.ModelBinding.Binders.BodyModelBinderProvider, Microsoft.AspNetCore.Mvc.ModelBinding.Binders.HeaderModelBinderProvider, Microsoft.AspNetCore.Mvc.ModelBinding.Binders.FloatingPointTypeModelBinderProvider, Microsoft.AspNetCore.Mvc.ModelBinding.Binders.EnumTypeModelBinderProvider, Microsoft.AspNetCore.Mvc.ModelBinding.Binders.DateTimeModelBinderProvider, Microsoft.AspNetCore.Mvc.ModelBinding.Binders.SimpleTypeModelBinderProvider, Microsoft.AspNetCore.Mvc.ModelBinding.Binders.CancellationTokenModelBinderProvider, Microsoft.AspNetCore.Mvc.ModelBinding.Binders.ByteArrayModelBinderProvider, Microsoft.AspNetCore.Mvc.ModelBinding.Binders.FormFileModelBinderProvider, Microsoft.AspNetCore.Mvc.ModelBinding.Binders.FormCollectionModelBinderProvider, Microsoft.AspNetCore.Mvc.ModelBinding.Binders.KeyValuePairModelBinderProvider, Microsoft.AspNetCore.Mvc.ModelBinding.Binders.DictionaryModelBinderProvider, Microsoft.AspNetCore.Mvc.ModelBinding.Binders.ArrayModelBinderProvider, Microsoft.AspNetCore.Mvc.ModelBinding.Binders.CollectionModelBinderProvider, Microsoft.AspNetCore.Mvc.ModelBinding.Binders.ComplexObjectModelBinderProvider |url: |action: |
2023-07-17 18:52:11.9237|0|DEBUG|Microsoft.Extensions.Hosting.Internal.Host|Hosting starting |url: |action: |
2023-07-17 18:52:11.9608|0|DEBUG|Microsoft.AspNetCore.DataProtection.Repositories.FileSystemXmlRepository|Reading data from file 'C:\Users\j3537\AppData\Local\ASP.NET\DataProtection-Keys\key-184f69a1-ee82-446d-a3df-16f76072f29e.xml'. |url: |action: |
2023-07-17 18:52:11.9608|0|DEBUG|Microsoft.AspNetCore.DataProtection.Repositories.FileSystemXmlRepository|Reading data from file 'C:\Users\j3537\AppData\Local\ASP.NET\DataProtection-Keys\key-befd1401-1cab-4be0-99bb-8dd3f0db47bc.xml'. |url: |action: |
2023-07-17 18:52:11.9761|0|DEBUG|Microsoft.AspNetCore.DataProtection.KeyManagement.XmlKeyManager|Found key {184f69a1-ee82-446d-a3df-16f76072f29e}. |url: |action: |
2023-07-17 18:52:11.9761|0|DEBUG|Microsoft.AspNetCore.DataProtection.KeyManagement.XmlKeyManager|Found key {befd1401-1cab-4be0-99bb-8dd3f0db47bc}. |url: |action: |
2023-07-17 18:52:11.9916|0|DEBUG|Microsoft.AspNetCore.DataProtection.KeyManagement.DefaultKeyResolver|Considering key {befd1401-1cab-4be0-99bb-8dd3f0db47bc} with expiration date 2023-09-10 02:06:08Z as default key. |url: |action: |
2023-07-17 18:52:11.9916|0|DEBUG|Microsoft.AspNetCore.DataProtection.TypeForwardingActivator|Forwarded activator type request from Microsoft.AspNetCore.DataProtection.XmlEncryption.DpapiXmlDecryptor, Microsoft.AspNetCore.DataProtection, Version=6.0.0.0, Culture=neutral, PublicKeyToken=adb9793829ddae60 to Microsoft.AspNetCore.DataProtection.XmlEncryption.DpapiXmlDecryptor, Microsoft.AspNetCore.DataProtection, Culture=neutral, PublicKeyToken=adb9793829ddae60 |url: |action: |
2023-07-17 18:52:12.0056|0|DEBUG|Microsoft.AspNetCore.DataProtection.XmlEncryption.DpapiXmlDecryptor|Decrypting secret element using Windows DPAPI. |url: |action: |
2023-07-17 18:52:12.0214|0|DEBUG|Microsoft.AspNetCore.DataProtection.TypeForwardingActivator|Forwarded activator type request from Microsoft.AspNetCore.DataProtection.AuthenticatedEncryption.ConfigurationModel.AuthenticatedEncryptorDescriptorDeserializer, Microsoft.AspNetCore.DataProtection, Version=6.0.0.0, Culture=neutral, PublicKeyToken=adb9793829ddae60 to Microsoft.AspNetCore.DataProtection.AuthenticatedEncryption.ConfigurationModel.AuthenticatedEncryptorDescriptorDeserializer, Microsoft.AspNetCore.DataProtection, Culture=neutral, PublicKeyToken=adb9793829ddae60 |url: |action: |
2023-07-17 18:52:12.0214|0|DEBUG|Microsoft.AspNetCore.DataProtection.AuthenticatedEncryption.CngCbcAuthenticatedEncryptorFactory|Opening CNG algorithm 'AES' from provider '(null)' with chaining mode CBC. |url: |action: |
2023-07-17 18:52:12.0214|0|DEBUG|Microsoft.AspNetCore.DataProtection.AuthenticatedEncryption.CngCbcAuthenticatedEncryptorFactory|Opening CNG algorithm 'SHA256' from provider '(null)' with HMAC. |url: |action: |
2023-07-17 18:52:12.0367|0|DEBUG|Microsoft.AspNetCore.DataProtection.KeyManagement.KeyRingProvider|Using key {befd1401-1cab-4be0-99bb-8dd3f0db47bc} as the default key. |url: |action: |
2023-07-17 18:52:12.0367|0|DEBUG|Microsoft.AspNetCore.DataProtection.Internal.DataProtectionHostedService|Key ring with default key {befd1401-1cab-4be0-99bb-8dd3f0db47bc} was loaded during application startup. |url: |action: |
2023-07-17 18:52:12.3632|0|DEBUG|Microsoft.AspNetCore.Server.Kestrel.Core.KestrelServer|Using development certificate: CN=localhost (Thumbprint: A1B36F3074FFE353434C9B13AE59733DD9B8E436) |url: |action: |
2023-07-17 18:52:12.4281|0|DEBUG|Microsoft.AspNetCore.Hosting.Diagnostics|Loaded hosting startup assembly TUTOR.ERPS.Api |url: |action: |
2023-07-17 18:52:12.4281|0|DEBUG|Microsoft.AspNetCore.Hosting.Diagnostics|Loaded hosting startup assembly Microsoft.AspNetCore.Watch.BrowserRefresh |url: |action: |
2023-07-17 18:52:12.4281|0|DEBUG|Microsoft.AspNetCore.Hosting.Diagnostics|Loaded hosting startup assembly Microsoft.WebTools.BrowserLink.Net |url: |action: |
2023-07-17 18:52:12.4578|0|DEBUG|Microsoft.Extensions.Hosting.Internal.Host|Hosting started |url: |action: |
2023-07-17 18:52:12.5036|0|DEBUG|Microsoft.AspNetCore.Server.Kestrel.Connections|Connection id "0HMS6MFG69553" accepted. |url: |action: |
2023-07-17 18:52:12.5036|0|DEBUG|Microsoft.AspNetCore.Server.Kestrel.Connections|Connection id "0HMS6MFG69554" accepted. |url: |action: |
2023-07-17 18:52:12.5059|0|DEBUG|Microsoft.AspNetCore.Server.Kestrel.Connections|Connection id "0HMS6MFG69554" started. |url: |action: |
2023-07-17 18:52:12.5059|0|DEBUG|Microsoft.AspNetCore.Server.Kestrel.Connections|Connection id "0HMS6MFG69553" started. |url: |action: |
2023-07-17 18:52:12.5192|0|DEBUG|Microsoft.AspNetCore.Server.Kestrel.Transport.Sockets|Connection id "0HMS6MFG69553" received FIN. |url: |action: |
2023-07-17 18:52:12.5192|0|DEBUG|Microsoft.AspNetCore.Server.Kestrel.Transport.Sockets|Connection id "0HMS6MFG69554" received FIN. |url: |action: |
2023-07-17 18:52:12.5430|0|DEBUG|Microsoft.AspNetCore.Server.Kestrel.Https.Internal.HttpsConnectionMiddleware|Failed to authenticate HTTPS connection. System.IO.IOException:  Received an unexpected EOF or 0 bytes from the transport stream.
   at System.Net.Security.SslStream.ReceiveBlobAsync[TIOAdapter](TIOAdapter adapter)
   at System.Net.Security.SslStream.ForceAuthenticationAsync[TIOAdapter](TIOAdapter adapter, Boolean receiveFirst, Byte[] reAuthenticationData, Boolean isApm)
   at Microsoft.AspNetCore.Server.Kestrel.Https.Internal.HttpsConnectionMiddleware.OnConnectionAsync(ConnectionContext context)|url: |action: |
2023-07-17 18:52:12.5430|0|DEBUG|Microsoft.AspNetCore.Server.Kestrel.Https.Internal.HttpsConnectionMiddleware|Failed to authenticate HTTPS connection. System.IO.IOException:  Received an unexpected EOF or 0 bytes from the transport stream.
   at System.Net.Security.SslStream.ReceiveBlobAsync[TIOAdapter](TIOAdapter adapter)
   at System.Net.Security.SslStream.ForceAuthenticationAsync[TIOAdapter](TIOAdapter adapter, Boolean receiveFirst, Byte[] reAuthenticationData, Boolean isApm)
   at Microsoft.AspNetCore.Server.Kestrel.Https.Internal.HttpsConnectionMiddleware.OnConnectionAsync(ConnectionContext context)|url: |action: |
2023-07-17 18:52:12.5863|0|DEBUG|Microsoft.AspNetCore.Server.Kestrel.Connections|Connection id "0HMS6MFG69554" stopped. |url: |action: |
2023-07-17 18:52:12.5863|0|DEBUG|Microsoft.AspNetCore.Server.Kestrel.Connections|Connection id "0HMS6MFG69553" stopped. |url: |action: |
2023-07-17 18:52:12.5989|0|DEBUG|Microsoft.AspNetCore.Server.Kestrel.Transport.Sockets|Connection id "0HMS6MFG69554" sending FIN because: "The Socket transport's send loop completed gracefully." |url: |action: |
2023-07-17 18:52:12.5989|0|DEBUG|Microsoft.AspNetCore.Server.Kestrel.Transport.Sockets|Connection id "0HMS6MFG69553" sending FIN because: "The Socket transport's send loop completed gracefully." |url: |action: |
2023-07-17 18:52:12.9318|0|DEBUG|Microsoft.AspNetCore.Server.Kestrel.Connections|Connection id "0HMS6MFG69555" accepted. |url: |action: |
2023-07-17 18:52:12.9318|0|DEBUG|Microsoft.AspNetCore.Server.Kestrel.Connections|Connection id "0HMS6MFG69555" started. |url: |action: |
2023-07-17 18:52:12.9794|0|DEBUG|Microsoft.AspNetCore.Server.Kestrel.Https.Internal.HttpsConnectionMiddleware|Connection 0HMS6MFG69555 established using the following protocol: Tls13 |url: |action: |
2023-07-17 18:52:13.1208|0|DEBUG|Microsoft.AspNetCore.HostFiltering.HostFilteringMiddleware|Wildcard detected, all requests with hosts will be allowed. |url: https://localhost/swagger/index.html|action: |
2023-07-17 18:52:13.3551|0|DEBUG|Microsoft.AspNetCore.Watch.BrowserRefresh.BrowserRefreshMiddleware|Response markup is scheduled to include browser refresh script injection. |url: https://localhost/swagger/index.html|action: |
2023-07-17 18:52:13.6029|0|DEBUG|Microsoft.AspNetCore.Watch.BrowserRefresh.BrowserRefreshMiddleware|Response markup was updated to include browser refresh script injection. |url: https://localhost/swagger/index.html|action: |
2023-07-17 18:52:21.1922|0|DEBUG|Microsoft.AspNetCore.StaticFiles.StaticFileMiddleware|The request path  does not match the path filter |url: https://localhost/Member/StudentList|action: |
2023-07-17 18:52:21.1922|0|DEBUG|Microsoft.AspNetCore.StaticFiles.StaticFileMiddleware|The request path  does not match the path filter |url: https://localhost/Member/StudentList|action: |
2023-07-17 18:52:21.1922|0|DEBUG|Microsoft.AspNetCore.StaticFiles.StaticFileMiddleware|The request path /Member/StudentList does not match a supported file type |url: https://localhost/Member/StudentList|action: |
2023-07-17 18:52:21.2577|0|DEBUG|Microsoft.AspNetCore.Routing.Matching.DfaMatcher|1 candidate(s) found for the request path '/Member/StudentList' |url: https://localhost/Member/StudentList|action: |
2023-07-17 18:52:21.2577|0|DEBUG|Microsoft.AspNetCore.Routing.Matching.DfaMatcher|Endpoint 'IALW.API.ApiControllers.MemberController.Data (TUTOR.ERPS.Api)' with route pattern 'Member/StudentList' is valid for the request path '/Member/StudentList' |url: https://localhost/Member/StudentList|action: |
2023-07-17 18:52:21.2577|0|DEBUG|Microsoft.AspNetCore.Routing.EndpointRoutingMiddleware|Request matched endpoint 'IALW.API.ApiControllers.MemberController.Data (TUTOR.ERPS.Api)' |url: https://localhost/Member/StudentList|action: Data|
2023-07-17 18:52:21.3353|0|DEBUG|Microsoft.AspNetCore.Mvc.Infrastructure.ControllerActionInvoker|Execution plan of authorization filters (in the following order): TUTOR.ERPS.API.Infa.Attribute.ApTokenAuth |url: https://localhost/Member/StudentList|action: Data|
2023-07-17 18:52:21.3353|0|DEBUG|Microsoft.AspNetCore.Mvc.Infrastructure.ControllerActionInvoker|Execution plan of resource filters (in the following order): Microsoft.AspNetCore.Mvc.ViewFeatures.Filters.SaveTempDataFilter |url: https://localhost/Member/StudentList|action: Data|
2023-07-17 18:52:21.3353|0|DEBUG|Microsoft.AspNetCore.Mvc.Infrastructure.ControllerActionInvoker|Execution plan of action filters (in the following order): Microsoft.AspNetCore.Mvc.ModelBinding.UnsupportedContentTypeFilter (Order: -3000), Microsoft.AspNetCore.Mvc.Infrastructure.ModelStateInvalidFilter (Order: -2000) |url: https://localhost/Member/StudentList|action: Data|
2023-07-17 18:52:21.3353|0|DEBUG|Microsoft.AspNetCore.Mvc.Infrastructure.ControllerActionInvoker|Execution plan of exception filters (in the following order): None |url: https://localhost/Member/StudentList|action: Data|
2023-07-17 18:52:21.3353|0|DEBUG|Microsoft.AspNetCore.Mvc.Infrastructure.ControllerActionInvoker|Execution plan of result filters (in the following order): Microsoft.AspNetCore.Mvc.ViewFeatures.Filters.SaveTempDataFilter, Microsoft.AspNetCore.Mvc.Infrastructure.ClientErrorResultFilter (Order: -2000) |url: https://localhost/Member/StudentList|action: Data|
2023-07-17 18:52:21.5361|0|DEBUG|Microsoft.EntityFrameworkCore.Infrastructure|An 'IServiceProvider' was created for internal use by Entity Framework. |url: https://localhost/Member/StudentList|action: Data|
2023-07-17 18:52:22.5406|0|DEBUG|Microsoft.EntityFrameworkCore.Infrastructure|Entity Framework Core 7.0.8 initialized 'TUTORERPSContext' using provider 'Microsoft.EntityFrameworkCore.SqlServer:7.0.8' with options: None |url: https://localhost/Member/StudentList|action: Data|
2023-07-17 18:52:22.6098|0|DEBUG|Microsoft.EntityFrameworkCore.Query|Compiling query expression: 
'DbSet<ApiTokenManage>()
    .SingleOrDefault(x => x.ApiToken == __token_0)' |url: https://localhost/Member/StudentList|action: Data|
2023-07-17 18:52:23.0256|0|DEBUG|Microsoft.EntityFrameworkCore.Query|Generated query execution expression: 
'queryContext => new SingleQueryingEnumerable<ApiTokenManage>(
    (RelationalQueryContext)queryContext, 
    RelationalCommandCache.QueryExpression(
        Projection Mapping:
            EmptyProjectionMember -> Dictionary<IProperty, int> { [Property: ApiTokenManage.Id (int) Required PK AfterSave:Throw ValueGenerated.OnAdd, 0], [Property: ApiTokenManage.ApiToken (string), 1], [Property: ApiTokenManage.Ip (string) MaxLength(50), 2], [Property: ApiTokenManage.TokenActive (int?), 3], [Property: ApiTokenManage.TokenEndTime (DateTime?), 4], [Property: ApiTokenManage.TokenStartTime (DateTime?), 5] }
        SELECT TOP(2) a.Id, a.Api_Token, a.Ip, a.Token_Active, a.Token_EndTime, a.Token_StartTime
        FROM ApiTokenManage AS a
        WHERE a.Api_Token == @__token_0), 
    null, 
    Func<QueryContext, DbDataReader, ResultContext, SingleQueryResultCoordinator, ApiTokenManage>, 
    TUTOR.Repository.EF.TUTORERPSContext, 
    False, 
    False, 
    True
)
    .SingleOrDefault()' |url: https://localhost/Member/StudentList|action: Data|
2023-07-17 18:52:23.0916|0|DEBUG|Microsoft.EntityFrameworkCore.Database.Command|Creating DbCommand for 'ExecuteReader'. |url: https://localhost/Member/StudentList|action: Data|
2023-07-17 18:52:23.0916|0|DEBUG|Microsoft.EntityFrameworkCore.Database.Connection|Creating DbConnection. |url: https://localhost/Member/StudentList|action: Data|
2023-07-17 18:52:23.1451|0|DEBUG|Microsoft.EntityFrameworkCore.Database.Connection|Created DbConnection. (45ms). |url: https://localhost/Member/StudentList|action: Data|
2023-07-17 18:52:23.1451|0|DEBUG|Microsoft.EntityFrameworkCore.Database.Command|Created DbCommand for 'ExecuteReader' (61ms). |url: https://localhost/Member/StudentList|action: Data|
2023-07-17 18:52:23.1704|0|DEBUG|Microsoft.EntityFrameworkCore.Database.Command|Initialized DbCommand for 'ExecuteReader' (80ms). |url: https://localhost/Member/StudentList|action: Data|
2023-07-17 18:52:23.1772|0|DEBUG|Microsoft.EntityFrameworkCore.Database.Connection|Opening connection to database 'TUTOR.ERPS' on server 'erp.ahow.tw'. |url: https://localhost/Member/StudentList|action: Data|
2023-07-17 18:52:23.7287|0|DEBUG|Microsoft.EntityFrameworkCore.Database.Connection|Opened connection to database 'TUTOR.ERPS' on server 'erp.ahow.tw'. |url: https://localhost/Member/StudentList|action: Data|
2023-07-17 18:52:23.7474|0|DEBUG|Microsoft.EntityFrameworkCore.Database.Command|Executing DbCommand [Parameters=[@__token_0='?' (Size = 4000)], CommandType='Text', CommandTimeout='30']
SELECT TOP(2) [a].[Id], [a].[Api_Token], [a].[Ip], [a].[Token_Active], [a].[Token_EndTime], [a].[Token_StartTime]
FROM [ApiTokenManage] AS [a]
WHERE [a].[Api_Token] = @__token_0 |url: https://localhost/Member/StudentList|action: Data|
2023-07-17 18:52:23.9369|0|DEBUG|Microsoft.EntityFrameworkCore.ChangeTracking|Context 'TUTORERPSContext' started tracking 'ApiTokenManage' entity. Consider using 'DbContextOptionsBuilder.EnableSensitiveDataLogging' to see key values. |url: https://localhost/Member/StudentList|action: Data|
2023-07-17 18:52:23.9776|0|DEBUG|Microsoft.EntityFrameworkCore.Database.Command|Closing data reader to 'TUTOR.ERPS' on server 'erp.ahow.tw'. |url: https://localhost/Member/StudentList|action: Data|
2023-07-17 18:52:23.9948|0|DEBUG|Microsoft.EntityFrameworkCore.Database.Command|A data reader for 'TUTOR.ERPS' on server 'erp.ahow.tw' is being disposed after spending 107ms reading results. |url: https://localhost/Member/StudentList|action: Data|
2023-07-17 18:52:23.9948|0|DEBUG|Microsoft.EntityFrameworkCore.Database.Connection|Closing connection to database 'TUTOR.ERPS' on server 'erp.ahow.tw'. |url: https://localhost/Member/StudentList|action: Data|
2023-07-17 18:52:24.0172|0|DEBUG|Microsoft.EntityFrameworkCore.Database.Connection|Closed connection to database 'TUTOR.ERPS' on server 'erp.ahow.tw' (17ms). |url: https://localhost/Member/StudentList|action: Data|
2023-07-17 18:52:24.0221|0|DEBUG|Microsoft.EntityFrameworkCore.Database.Command|Creating DbCommand for 'ExecuteReader'. |url: https://localhost/Member/StudentList|action: Data|
2023-07-17 18:52:24.0221|0|DEBUG|Microsoft.EntityFrameworkCore.Database.Command|Created DbCommand for 'ExecuteReader' (0ms). |url: https://localhost/Member/StudentList|action: Data|
2023-07-17 18:52:24.0221|0|DEBUG|Microsoft.EntityFrameworkCore.Database.Command|Initialized DbCommand for 'ExecuteReader' (0ms). |url: https://localhost/Member/StudentList|action: Data|
2023-07-17 18:52:24.0221|0|DEBUG|Microsoft.EntityFrameworkCore.Database.Connection|Opening connection to database 'TUTOR.ERPS' on server 'erp.ahow.tw'. |url: https://localhost/Member/StudentList|action: Data|
2023-07-17 18:52:24.0221|0|DEBUG|Microsoft.EntityFrameworkCore.Database.Connection|Opened connection to database 'TUTOR.ERPS' on server 'erp.ahow.tw'. |url: https://localhost/Member/StudentList|action: Data|
2023-07-17 18:52:24.0221|0|DEBUG|Microsoft.EntityFrameworkCore.Database.Command|Executing DbCommand [Parameters=[@__token_0='?' (Size = 4000)], CommandType='Text', CommandTimeout='30']
SELECT TOP(2) [a].[Id], [a].[Api_Token], [a].[Ip], [a].[Token_Active], [a].[Token_EndTime], [a].[Token_StartTime]
FROM [ApiTokenManage] AS [a]
WHERE [a].[Api_Token] = @__token_0 |url: https://localhost/Member/StudentList|action: Data|
2023-07-17 18:52:24.0670|0|DEBUG|Microsoft.EntityFrameworkCore.Database.Command|Closing data reader to 'TUTOR.ERPS' on server 'erp.ahow.tw'. |url: https://localhost/Member/StudentList|action: Data|
2023-07-17 18:52:24.0670|0|DEBUG|Microsoft.EntityFrameworkCore.Database.Command|A data reader for 'TUTOR.ERPS' on server 'erp.ahow.tw' is being disposed after spending 1ms reading results. |url: https://localhost/Member/StudentList|action: Data|
2023-07-17 18:52:24.0670|0|DEBUG|Microsoft.EntityFrameworkCore.Database.Connection|Closing connection to database 'TUTOR.ERPS' on server 'erp.ahow.tw'. |url: https://localhost/Member/StudentList|action: Data|
2023-07-17 18:52:24.0670|0|DEBUG|Microsoft.EntityFrameworkCore.Database.Connection|Closed connection to database 'TUTOR.ERPS' on server 'erp.ahow.tw' (0ms). |url: https://localhost/Member/StudentList|action: Data|
2023-07-17 18:52:24.1065|0|DEBUG|Microsoft.EntityFrameworkCore.ChangeTracking|'"TUTORERPSContext"' generated a temporary value for the property '"Id"."SystemErrorLog"'. Consider using 'DbContextOptionsBuilder.EnableSensitiveDataLogging' to see key values. |url: https://localhost/Member/StudentList|action: Data|
2023-07-17 18:52:24.1461|0|DEBUG|Microsoft.EntityFrameworkCore.ChangeTracking|Context 'TUTORERPSContext' started tracking 'SystemErrorLog' entity. Consider using 'DbContextOptionsBuilder.EnableSensitiveDataLogging' to see key values. |url: https://localhost/Member/StudentList|action: Data|
2023-07-17 18:52:24.1461|0|DEBUG|Microsoft.EntityFrameworkCore.Update|SaveChanges starting for 'TUTORERPSContext'. |url: https://localhost/Member/StudentList|action: Data|
2023-07-17 18:52:24.1461|0|DEBUG|Microsoft.EntityFrameworkCore.ChangeTracking|DetectChanges starting for 'TUTORERPSContext'. |url: https://localhost/Member/StudentList|action: Data|
2023-07-17 18:52:24.1788|0|DEBUG|Microsoft.EntityFrameworkCore.ChangeTracking|DetectChanges completed for 'TUTORERPSContext'. |url: https://localhost/Member/StudentList|action: Data|
2023-07-17 18:52:24.2655|0|DEBUG|Microsoft.EntityFrameworkCore.Database.Connection|Opening connection to database 'TUTOR.ERPS' on server 'erp.ahow.tw'. |url: https://localhost/Member/StudentList|action: Data|
2023-07-17 18:52:24.2655|0|DEBUG|Microsoft.EntityFrameworkCore.Database.Connection|Opened connection to database 'TUTOR.ERPS' on server 'erp.ahow.tw'. |url: https://localhost/Member/StudentList|action: Data|
2023-07-17 18:52:24.2655|0|DEBUG|Microsoft.EntityFrameworkCore.Database.Command|Creating DbCommand for 'ExecuteReader'. |url: https://localhost/Member/StudentList|action: Data|
2023-07-17 18:52:24.2655|0|DEBUG|Microsoft.EntityFrameworkCore.Database.Command|Created DbCommand for 'ExecuteReader' (0ms). |url: https://localhost/Member/StudentList|action: Data|
2023-07-17 18:52:24.2655|0|DEBUG|Microsoft.EntityFrameworkCore.Database.Command|Initialized DbCommand for 'ExecuteReader' (1ms). |url: https://localhost/Member/StudentList|action: Data|
2023-07-17 18:52:24.2696|0|DEBUG|Microsoft.EntityFrameworkCore.Database.Command|Executing DbCommand [Parameters=[@p0='?' (Size = 50), @p1='?' (DbType = DateTime), @p2='?' (Size = 50), @p3='?' (Size = 50), @p4='?' (Size = 50), @p5='?' (Size = 4000), @p6='?' (Size = 4000), @p7='?' (Size = 50), @p8='?' (Size = 4000), @p9='?' (Size = 4000)], CommandType='Text', CommandTimeout='30']
SET IMPLICIT_TRANSACTIONS OFF;
SET NOCOUNT ON;
INSERT INTO [SystemErrorLog] ([Api], [Entry_Date], [Entry_User], [Error_Level], [Ip], [Message], [Token], [Web_Method], [Web_Request], [Web_Response])
OUTPUT INSERTED.[Id]
VALUES (@p0, @p1, @p2, @p3, @p4, @p5, @p6, @p7, @p8, @p9); |url: https://localhost/Member/StudentList|action: Data|
2023-07-17 18:52:24.3264|0|DEBUG|Microsoft.EntityFrameworkCore.ChangeTracking|The foreign key property 'SystemErrorLog.Id' was detected as changed. Consider using 'DbContextOptionsBuilder.EnableSensitiveDataLogging' to see property values. |url: https://localhost/Member/StudentList|action: Data|
2023-07-17 18:52:24.3372|0|DEBUG|Microsoft.EntityFrameworkCore.Database.Command|Closing data reader to 'TUTOR.ERPS' on server 'erp.ahow.tw'. |url: https://localhost/Member/StudentList|action: Data|
2023-07-17 18:52:24.3372|0|DEBUG|Microsoft.EntityFrameworkCore.Database.Command|A data reader for 'TUTOR.ERPS' on server 'erp.ahow.tw' is being disposed after spending 25ms reading results. |url: https://localhost/Member/StudentList|action: Data|
2023-07-17 18:52:24.3372|0|DEBUG|Microsoft.EntityFrameworkCore.Database.Connection|Closing connection to database 'TUTOR.ERPS' on server 'erp.ahow.tw'. |url: https://localhost/Member/StudentList|action: Data|
2023-07-17 18:52:24.3372|0|DEBUG|Microsoft.EntityFrameworkCore.Database.Connection|Closed connection to database 'TUTOR.ERPS' on server 'erp.ahow.tw' (0ms). |url: https://localhost/Member/StudentList|action: Data|
2023-07-17 18:52:24.3553|0|DEBUG|Microsoft.EntityFrameworkCore.ChangeTracking|An entity of type 'SystemErrorLog' tracked by 'TUTORERPSContext' changed state from 'Added' to 'Unchanged'. Consider using 'DbContextOptionsBuilder.EnableSensitiveDataLogging' to see key values. |url: https://localhost/Member/StudentList|action: Data|
2023-07-17 18:52:24.3553|0|DEBUG|Microsoft.EntityFrameworkCore.Update|SaveChanges completed for 'TUTORERPSContext' with 1 entities written to the database. |url: https://localhost/Member/StudentList|action: Data|
2023-07-17 18:52:24.3553|0|DEBUG|Microsoft.AspNetCore.Mvc.Infrastructure.ControllerActionInvoker|Executing controller factory for controller IALW.API.ApiControllers.MemberController (TUTOR.ERPS.Api) |url: https://localhost/Member/StudentList|action: Data|
