2023-08-24 16:34:07.6900|0|DEBUG|Microsoft.AspNetCore.Mvc.Razor.Compilation.DefaultViewCompiler|Initializing Razor view compiler with no compiled views. |url: |action: |
2023-08-24 16:34:07.7662|0|DEBUG|Microsoft.AspNetCore.Mvc.ModelBinding.ModelBinderFactory|Registered model binder providers, in the following order: Microsoft.AspNetCore.Mvc.ModelBinding.Binders.BinderTypeModelBinderProvider, Microsoft.AspNetCore.Mvc.ModelBinding.Binders.ServicesModelBinderProvider, Microsoft.AspNetCore.Mvc.ModelBinding.Binders.BodyModelBinderProvider, Microsoft.AspNetCore.Mvc.ModelBinding.Binders.HeaderModelBinderProvider, Microsoft.AspNetCore.Mvc.ModelBinding.Binders.FloatingPointTypeModelBinderProvider, Microsoft.AspNetCore.Mvc.ModelBinding.Binders.EnumTypeModelBinderProvider, Microsoft.AspNetCore.Mvc.ModelBinding.Binders.DateTimeModelBinderProvider, Microsoft.AspNetCore.Mvc.ModelBinding.Binders.SimpleTypeModelBinderProvider, Microsoft.AspNetCore.Mvc.ModelBinding.Binders.CancellationTokenModelBinderProvider, Microsoft.AspNetCore.Mvc.ModelBinding.Binders.ByteArrayModelBinderProvider, Microsoft.AspNetCore.Mvc.ModelBinding.Binders.FormFileModelBinderProvider, Microsoft.AspNetCore.Mvc.ModelBinding.Binders.FormCollectionModelBinderProvider, Microsoft.AspNetCore.Mvc.ModelBinding.Binders.KeyValuePairModelBinderProvider, Microsoft.AspNetCore.Mvc.ModelBinding.Binders.DictionaryModelBinderProvider, Microsoft.AspNetCore.Mvc.ModelBinding.Binders.ArrayModelBinderProvider, Microsoft.AspNetCore.Mvc.ModelBinding.Binders.CollectionModelBinderProvider, Microsoft.AspNetCore.Mvc.ModelBinding.Binders.ComplexObjectModelBinderProvider |url: |action: |
2023-08-24 16:34:07.9520|0|DEBUG|Microsoft.Extensions.Hosting.Internal.Host|Hosting starting |url: |action: |
2023-08-24 16:34:08.9395|0|DEBUG|Microsoft.AspNetCore.DataProtection.Repositories.FileSystemXmlRepository|Reading data from file 'C:\Users\j3537\AppData\Local\ASP.NET\DataProtection-Keys\key-184f69a1-ee82-446d-a3df-16f76072f29e.xml'. |url: |action: |
2023-08-24 16:34:08.9444|0|DEBUG|Microsoft.AspNetCore.DataProtection.Repositories.FileSystemXmlRepository|Reading data from file 'C:\Users\j3537\AppData\Local\ASP.NET\DataProtection-Keys\key-befd1401-1cab-4be0-99bb-8dd3f0db47bc.xml'. |url: |action: |
2023-08-24 16:34:08.9444|0|DEBUG|Microsoft.AspNetCore.DataProtection.KeyManagement.XmlKeyManager|Found key {184f69a1-ee82-446d-a3df-16f76072f29e}. |url: |action: |
2023-08-24 16:34:08.9629|0|DEBUG|Microsoft.AspNetCore.DataProtection.KeyManagement.XmlKeyManager|Found key {befd1401-1cab-4be0-99bb-8dd3f0db47bc}. |url: |action: |
2023-08-24 16:34:08.9629|0|DEBUG|Microsoft.AspNetCore.DataProtection.KeyManagement.DefaultKeyResolver|Considering key {befd1401-1cab-4be0-99bb-8dd3f0db47bc} with expiration date 2023-09-10 02:06:08Z as default key. |url: |action: |
2023-08-24 16:34:08.9629|0|DEBUG|Microsoft.AspNetCore.DataProtection.TypeForwardingActivator|Forwarded activator type request from Microsoft.AspNetCore.DataProtection.XmlEncryption.DpapiXmlDecryptor, Microsoft.AspNetCore.DataProtection, Version=6.0.0.0, Culture=neutral, PublicKeyToken=adb9793829ddae60 to Microsoft.AspNetCore.DataProtection.XmlEncryption.DpapiXmlDecryptor, Microsoft.AspNetCore.DataProtection, Culture=neutral, PublicKeyToken=adb9793829ddae60 |url: |action: |
2023-08-24 16:34:08.9629|0|DEBUG|Microsoft.AspNetCore.DataProtection.XmlEncryption.DpapiXmlDecryptor|Decrypting secret element using Windows DPAPI. |url: |action: |
2023-08-24 16:34:08.9769|0|DEBUG|Microsoft.AspNetCore.DataProtection.TypeForwardingActivator|Forwarded activator type request from Microsoft.AspNetCore.DataProtection.AuthenticatedEncryption.ConfigurationModel.AuthenticatedEncryptorDescriptorDeserializer, Microsoft.AspNetCore.DataProtection, Version=6.0.0.0, Culture=neutral, PublicKeyToken=adb9793829ddae60 to Microsoft.AspNetCore.DataProtection.AuthenticatedEncryption.ConfigurationModel.AuthenticatedEncryptorDescriptorDeserializer, Microsoft.AspNetCore.DataProtection, Culture=neutral, PublicKeyToken=adb9793829ddae60 |url: |action: |
2023-08-24 16:34:08.9769|0|DEBUG|Microsoft.AspNetCore.DataProtection.AuthenticatedEncryption.CngCbcAuthenticatedEncryptorFactory|Opening CNG algorithm 'AES' from provider '(null)' with chaining mode CBC. |url: |action: |
2023-08-24 16:34:08.9769|0|DEBUG|Microsoft.AspNetCore.DataProtection.AuthenticatedEncryption.CngCbcAuthenticatedEncryptorFactory|Opening CNG algorithm 'SHA256' from provider '(null)' with HMAC. |url: |action: |
2023-08-24 16:34:08.9769|0|DEBUG|Microsoft.AspNetCore.DataProtection.KeyManagement.KeyRingProvider|Using key {befd1401-1cab-4be0-99bb-8dd3f0db47bc} as the default key. |url: |action: |
2023-08-24 16:34:08.9769|0|DEBUG|Microsoft.AspNetCore.DataProtection.Internal.DataProtectionHostedService|Key ring with default key {befd1401-1cab-4be0-99bb-8dd3f0db47bc} was loaded during application startup. |url: |action: |
2023-08-24 16:34:09.2519|0|DEBUG|Microsoft.AspNetCore.Server.Kestrel.Core.KestrelServer|Using development certificate: CN=localhost (Thumbprint: A1B36F3074FFE353434C9B13AE59733DD9B8E436) |url: |action: |
2023-08-24 16:34:09.3064|0|DEBUG|Microsoft.AspNetCore.Hosting.Diagnostics|Loaded hosting startup assembly TUTOR.ERPS.Api |url: |action: |
2023-08-24 16:34:09.3064|0|DEBUG|Microsoft.AspNetCore.Hosting.Diagnostics|Loaded hosting startup assembly Microsoft.AspNetCore.Watch.BrowserRefresh |url: |action: |
2023-08-24 16:34:09.3064|0|DEBUG|Microsoft.AspNetCore.Hosting.Diagnostics|Loaded hosting startup assembly Microsoft.WebTools.BrowserLink.Net |url: |action: |
2023-08-24 16:34:09.3204|0|DEBUG|Microsoft.Extensions.Hosting.Internal.Host|Hosting started |url: |action: |
2023-08-24 16:34:09.3419|0|DEBUG|Microsoft.AspNetCore.Server.Kestrel.Connections|Connection id "0HMT4FJHF1IU2" accepted. |url: |action: |
2023-08-24 16:34:09.3419|0|DEBUG|Microsoft.AspNetCore.Server.Kestrel.Connections|Connection id "0HMT4FJHF1IU2" started. |url: |action: |
2023-08-24 16:34:09.3569|0|DEBUG|Microsoft.AspNetCore.Server.Kestrel.Connections|Connection id "0HMT4FJHF1IU3" accepted. |url: |action: |
2023-08-24 16:34:09.3569|0|DEBUG|Microsoft.AspNetCore.Server.Kestrel.Connections|Connection id "0HMT4FJHF1IU3" started. |url: |action: |
2023-08-24 16:34:09.9987|0|DEBUG|Microsoft.AspNetCore.Server.Kestrel.Connections|Connection id "0HMT4FJHF1IU4" accepted. |url: |action: |
2023-08-24 16:34:09.9987|0|DEBUG|Microsoft.AspNetCore.Server.Kestrel.Connections|Connection id "0HMT4FJHF1IU4" started. |url: |action: |
2023-08-24 16:34:10.0561|0|DEBUG|Microsoft.AspNetCore.Server.Kestrel.Https.Internal.HttpsConnectionMiddleware|Connection 0HMT4FJHF1IU4 established using the following protocol: Tls13 |url: |action: |
2023-08-24 16:34:10.1726|0|DEBUG|Microsoft.AspNetCore.HostFiltering.HostFilteringMiddleware|Wildcard detected, all requests with hosts will be allowed. |url: https://localhost/swagger/index.html|action: |
2023-08-24 16:34:10.3582|0|DEBUG|Microsoft.AspNetCore.Watch.BrowserRefresh.BrowserRefreshMiddleware|Response markup is scheduled to include browser refresh script injection. |url: https://localhost/swagger/index.html|action: |
2023-08-24 16:34:10.5433|0|DEBUG|Microsoft.AspNetCore.Watch.BrowserRefresh.BrowserRefreshMiddleware|Response markup was updated to include browser refresh script injection. |url: https://localhost/swagger/index.html|action: |
2023-08-24 17:24:37.4431|0|DEBUG|Microsoft.AspNetCore.Mvc.Razor.Compilation.DefaultViewCompiler|Initializing Razor view compiler with no compiled views. |url: |action: |
2023-08-24 17:24:37.5091|0|DEBUG|Microsoft.AspNetCore.Mvc.ModelBinding.ModelBinderFactory|Registered model binder providers, in the following order: Microsoft.AspNetCore.Mvc.ModelBinding.Binders.BinderTypeModelBinderProvider, Microsoft.AspNetCore.Mvc.ModelBinding.Binders.ServicesModelBinderProvider, Microsoft.AspNetCore.Mvc.ModelBinding.Binders.BodyModelBinderProvider, Microsoft.AspNetCore.Mvc.ModelBinding.Binders.HeaderModelBinderProvider, Microsoft.AspNetCore.Mvc.ModelBinding.Binders.FloatingPointTypeModelBinderProvider, Microsoft.AspNetCore.Mvc.ModelBinding.Binders.EnumTypeModelBinderProvider, Microsoft.AspNetCore.Mvc.ModelBinding.Binders.DateTimeModelBinderProvider, Microsoft.AspNetCore.Mvc.ModelBinding.Binders.SimpleTypeModelBinderProvider, Microsoft.AspNetCore.Mvc.ModelBinding.Binders.CancellationTokenModelBinderProvider, Microsoft.AspNetCore.Mvc.ModelBinding.Binders.ByteArrayModelBinderProvider, Microsoft.AspNetCore.Mvc.ModelBinding.Binders.FormFileModelBinderProvider, Microsoft.AspNetCore.Mvc.ModelBinding.Binders.FormCollectionModelBinderProvider, Microsoft.AspNetCore.Mvc.ModelBinding.Binders.KeyValuePairModelBinderProvider, Microsoft.AspNetCore.Mvc.ModelBinding.Binders.DictionaryModelBinderProvider, Microsoft.AspNetCore.Mvc.ModelBinding.Binders.ArrayModelBinderProvider, Microsoft.AspNetCore.Mvc.ModelBinding.Binders.CollectionModelBinderProvider, Microsoft.AspNetCore.Mvc.ModelBinding.Binders.ComplexObjectModelBinderProvider |url: |action: |
2023-08-24 17:24:37.6615|0|DEBUG|Microsoft.Extensions.Hosting.Internal.Host|Hosting starting |url: |action: |
2023-08-24 17:24:37.6628|0|DEBUG|Microsoft.AspNetCore.DataProtection.Repositories.FileSystemXmlRepository|Reading data from file 'C:\Users\j3537\AppData\Local\ASP.NET\DataProtection-Keys\key-184f69a1-ee82-446d-a3df-16f76072f29e.xml'. |url: |action: |
2023-08-24 17:24:37.6628|0|DEBUG|Microsoft.AspNetCore.DataProtection.Repositories.FileSystemXmlRepository|Reading data from file 'C:\Users\j3537\AppData\Local\ASP.NET\DataProtection-Keys\key-befd1401-1cab-4be0-99bb-8dd3f0db47bc.xml'. |url: |action: |
2023-08-24 17:24:37.6628|0|DEBUG|Microsoft.AspNetCore.DataProtection.KeyManagement.XmlKeyManager|Found key {184f69a1-ee82-446d-a3df-16f76072f29e}. |url: |action: |
2023-08-24 17:24:37.6788|0|DEBUG|Microsoft.AspNetCore.DataProtection.KeyManagement.XmlKeyManager|Found key {befd1401-1cab-4be0-99bb-8dd3f0db47bc}. |url: |action: |
2023-08-24 17:24:37.6788|0|DEBUG|Microsoft.AspNetCore.DataProtection.KeyManagement.DefaultKeyResolver|Considering key {befd1401-1cab-4be0-99bb-8dd3f0db47bc} with expiration date 2023-09-10 02:06:08Z as default key. |url: |action: |
2023-08-24 17:24:37.6788|0|DEBUG|Microsoft.AspNetCore.DataProtection.TypeForwardingActivator|Forwarded activator type request from Microsoft.AspNetCore.DataProtection.XmlEncryption.DpapiXmlDecryptor, Microsoft.AspNetCore.DataProtection, Version=6.0.0.0, Culture=neutral, PublicKeyToken=adb9793829ddae60 to Microsoft.AspNetCore.DataProtection.XmlEncryption.DpapiXmlDecryptor, Microsoft.AspNetCore.DataProtection, Culture=neutral, PublicKeyToken=adb9793829ddae60 |url: |action: |
2023-08-24 17:24:37.6788|0|DEBUG|Microsoft.AspNetCore.DataProtection.XmlEncryption.DpapiXmlDecryptor|Decrypting secret element using Windows DPAPI. |url: |action: |
2023-08-24 17:24:37.6949|0|DEBUG|Microsoft.AspNetCore.DataProtection.TypeForwardingActivator|Forwarded activator type request from Microsoft.AspNetCore.DataProtection.AuthenticatedEncryption.ConfigurationModel.AuthenticatedEncryptorDescriptorDeserializer, Microsoft.AspNetCore.DataProtection, Version=6.0.0.0, Culture=neutral, PublicKeyToken=adb9793829ddae60 to Microsoft.AspNetCore.DataProtection.AuthenticatedEncryption.ConfigurationModel.AuthenticatedEncryptorDescriptorDeserializer, Microsoft.AspNetCore.DataProtection, Culture=neutral, PublicKeyToken=adb9793829ddae60 |url: |action: |
2023-08-24 17:24:37.6949|0|DEBUG|Microsoft.AspNetCore.DataProtection.AuthenticatedEncryption.CngCbcAuthenticatedEncryptorFactory|Opening CNG algorithm 'AES' from provider '(null)' with chaining mode CBC. |url: |action: |
2023-08-24 17:24:37.6949|0|DEBUG|Microsoft.AspNetCore.DataProtection.AuthenticatedEncryption.CngCbcAuthenticatedEncryptorFactory|Opening CNG algorithm 'SHA256' from provider '(null)' with HMAC. |url: |action: |
2023-08-24 17:24:37.6949|0|DEBUG|Microsoft.AspNetCore.DataProtection.KeyManagement.KeyRingProvider|Using key {befd1401-1cab-4be0-99bb-8dd3f0db47bc} as the default key. |url: |action: |
2023-08-24 17:24:37.6949|0|DEBUG|Microsoft.AspNetCore.DataProtection.Internal.DataProtectionHostedService|Key ring with default key {befd1401-1cab-4be0-99bb-8dd3f0db47bc} was loaded during application startup. |url: |action: |
2023-08-24 17:24:37.8978|0|DEBUG|Microsoft.AspNetCore.Server.Kestrel.Core.KestrelServer|Using development certificate: CN=localhost (Thumbprint: A1B36F3074FFE353434C9B13AE59733DD9B8E436) |url: |action: |
2023-08-24 17:24:37.9346|0|DEBUG|Microsoft.AspNetCore.Hosting.Diagnostics|Loaded hosting startup assembly TUTOR.ERPS.Api |url: |action: |
2023-08-24 17:24:37.9346|0|DEBUG|Microsoft.AspNetCore.Hosting.Diagnostics|Loaded hosting startup assembly Microsoft.AspNetCore.Watch.BrowserRefresh |url: |action: |
2023-08-24 17:24:37.9346|0|DEBUG|Microsoft.AspNetCore.Hosting.Diagnostics|Loaded hosting startup assembly Microsoft.WebTools.BrowserLink.Net |url: |action: |
2023-08-24 17:24:37.9476|0|DEBUG|Microsoft.Extensions.Hosting.Internal.Host|Hosting started |url: |action: |
2023-08-24 17:24:37.9801|0|DEBUG|Microsoft.AspNetCore.Server.Kestrel.Connections|Connection id "0HMT4GFO2CN0I" accepted. |url: |action: |
2023-08-24 17:24:37.9801|0|DEBUG|Microsoft.AspNetCore.Server.Kestrel.Connections|Connection id "0HMT4GFO2CN0I" started. |url: |action: |
2023-08-24 17:24:37.9801|0|DEBUG|Microsoft.AspNetCore.Server.Kestrel.Transport.Sockets|Connection id "0HMT4GFO2CN0I" received FIN. |url: |action: |
2023-08-24 17:24:38.0103|0|DEBUG|Microsoft.AspNetCore.Server.Kestrel.Https.Internal.HttpsConnectionMiddleware|Failed to authenticate HTTPS connection. System.IO.IOException:  Received an unexpected EOF or 0 bytes from the transport stream.
   at System.Net.Security.SslStream.ReceiveBlobAsync[TIOAdapter](TIOAdapter adapter)
   at System.Net.Security.SslStream.ForceAuthenticationAsync[TIOAdapter](TIOAdapter adapter, Boolean receiveFirst, Byte[] reAuthenticationData, Boolean isApm)
   at Microsoft.AspNetCore.Server.Kestrel.Https.Internal.HttpsConnectionMiddleware.OnConnectionAsync(ConnectionContext context)|url: |action: |
2023-08-24 17:24:38.0708|0|DEBUG|Microsoft.AspNetCore.Server.Kestrel.Connections|Connection id "0HMT4GFO2CN0I" stopped. |url: |action: |
2023-08-24 17:24:38.0708|0|DEBUG|Microsoft.AspNetCore.Server.Kestrel.Transport.Sockets|Connection id "0HMT4GFO2CN0I" sending FIN because: "The Socket transport's send loop completed gracefully." |url: |action: |
2023-08-24 17:24:38.2761|0|DEBUG|Microsoft.AspNetCore.Server.Kestrel.Connections|Connection id "0HMT4GFO2CN0J" accepted. |url: |action: |
2023-08-24 17:24:38.2761|0|DEBUG|Microsoft.AspNetCore.Server.Kestrel.Connections|Connection id "0HMT4GFO2CN0J" started. |url: |action: |
2023-08-24 17:24:38.3535|0|DEBUG|Microsoft.AspNetCore.Server.Kestrel.Https.Internal.HttpsConnectionMiddleware|Connection 0HMT4GFO2CN0J established using the following protocol: Tls13 |url: |action: |
2023-08-24 17:24:38.4714|0|DEBUG|Microsoft.AspNetCore.HostFiltering.HostFilteringMiddleware|Wildcard detected, all requests with hosts will be allowed. |url: https://localhost/swagger/index.html|action: |
2023-08-24 17:24:38.6563|0|DEBUG|Microsoft.AspNetCore.Watch.BrowserRefresh.BrowserRefreshMiddleware|Response markup is scheduled to include browser refresh script injection. |url: https://localhost/swagger/index.html|action: |
2023-08-24 17:24:38.7735|0|DEBUG|Microsoft.AspNetCore.Watch.BrowserRefresh.BrowserRefreshMiddleware|Response markup was updated to include browser refresh script injection. |url: https://localhost/swagger/index.html|action: |
2023-08-24 17:28:43.1974|0|DEBUG|Microsoft.AspNetCore.Server.Kestrel.Transport.Sockets|Connection id "0HMT4GFO2CN0J" received FIN. |url: |action: |
2023-08-24 17:28:43.2351|0|DEBUG|Microsoft.AspNetCore.Server.Kestrel.Http2|Connection id "0HMT4GFO2CN0J" is closed. The last processed stream ID was 7. |url: |action: |
2023-08-24 17:28:43.2351|0|DEBUG|Microsoft.AspNetCore.Server.Kestrel.Transport.Sockets|Connection id "0HMT4GFO2CN0J" sending FIN because: "The client closed the connection." |url: |action: |
2023-08-24 17:28:43.2351|0|DEBUG|Microsoft.AspNetCore.Server.Kestrel.Connections|Connection id "0HMT4GFO2CN0J" stopped. |url: |action: |
2023-08-24 17:33:14.5946|0|DEBUG|Microsoft.AspNetCore.Server.Kestrel.Connections|Connection id "0HMT4GFO2CN0K" accepted. |url: |action: |
2023-08-24 17:33:14.6125|0|DEBUG|Microsoft.AspNetCore.Server.Kestrel.Connections|Connection id "0HMT4GFO2CN0K" started. |url: |action: |
2023-08-24 17:33:14.6602|0|DEBUG|Microsoft.AspNetCore.Server.Kestrel.Https.Internal.HttpsConnectionMiddleware|Connection 0HMT4GFO2CN0K established using the following protocol: Tls13 |url: |action: |
2023-08-24 17:33:18.7738|0|DEBUG|Microsoft.AspNetCore.Server.Kestrel.Transport.Sockets|Connection id "0HMT4GFO2CN0K" received FIN. |url: |action: |
2023-08-24 17:33:18.7738|0|DEBUG|Microsoft.AspNetCore.Server.Kestrel.Http2|Connection id "0HMT4GFO2CN0K" is closed. The last processed stream ID was 0. |url: |action: |
2023-08-24 17:33:18.7738|0|DEBUG|Microsoft.AspNetCore.Server.Kestrel.Transport.Sockets|Connection id "0HMT4GFO2CN0K" sending FIN because: "The client closed the connection." |url: |action: |
2023-08-24 17:33:18.7907|0|DEBUG|Microsoft.AspNetCore.Server.Kestrel.Connections|Connection id "0HMT4GFO2CN0K" stopped. |url: |action: |
