2023-08-14 19:01:56.8788|0|TRACE|Microsoft.AspNetCore.Server.Kestrel.Http2|Connection id "0HMSSMNG04CLD" sending SETTINGS frame for stream ID 0 with length 18 and flags NONE. |url: |action: |
2023-08-14 19:01:56.8788|0|TRACE|Microsoft.AspNetCore.Server.Kestrel.Http2|Connection id "0HMSSMNG04CLD" sending WINDOW_UPDATE frame for stream ID 0 with length 4 and flags 0x0. |url: |action: |
2023-08-14 19:01:56.8788|0|TRACE|Microsoft.AspNetCore.Server.Kestrel.Http2|Connection id "0HMSSMNG04CLD" received SETTINGS frame for stream ID 0 with length 30 and flags NONE. |url: |action: |
2023-08-14 19:01:56.8788|0|TRACE|Microsoft.AspNetCore.Server.Kestrel.Http2|Connection id "0HMSSMNG04CLD" sending SETTINGS frame for stream ID 0 with length 0 and flags ACK. |url: |action: |
2023-08-14 19:01:56.8918|0|TRACE|Microsoft.AspNetCore.Server.Kestrel.Http2|Connection id "0HMSSMNG04CLD" received WINDOW_UPDATE frame for stream ID 0 with length 4 and flags 0x0. |url: |action: |
2023-08-14 19:01:56.8918|0|TRACE|Microsoft.AspNetCore.Server.Kestrel.Http2|Connection id "0HMSSMNG04CLD" received HEADERS frame for stream ID 1 with length 2605 and flags END_STREAM, END_HEADERS, PRIORITY. |url: |action: |
2023-08-14 19:01:56.9188|0|TRACE|Microsoft.AspNetCore.Server.Kestrel.Http2|Connection id "0HMSSMNG04CLD" received SETTINGS frame for stream ID 0 with length 0 and flags ACK. |url: |action: |
2023-08-14 19:01:56.9836|0|TRACE|Microsoft.AspNetCore.HostFiltering.HostFilteringMiddleware|All hosts are allowed. |url: https://localhost/swagger/index.html|action: |
2023-08-14 19:01:57.1950|0|TRACE|Microsoft.AspNetCore.Server.Kestrel.Http2|Connection id "0HMSSMNG04CLD" sending HEADERS frame for stream ID 1 with length 66 and flags END_HEADERS. |url: https://localhost/swagger/index.html|action: |
2023-08-14 19:01:57.3643|0|TRACE|Microsoft.AspNetCore.Server.Kestrel.Http2|Connection id "0HMSSMNG04CLD" sending DATA frame for stream ID 1 with length 1024 and flags NONE. |url: |action: |
2023-08-14 19:01:57.3643|0|TRACE|Microsoft.AspNetCore.Server.Kestrel.Http2|Connection id "0HMSSMNG04CLD" sending DATA frame for stream ID 1 with length 1024 and flags NONE. |url: |action: |
2023-08-14 19:01:57.3643|0|TRACE|Microsoft.AspNetCore.Server.Kestrel.Http2|Connection id "0HMSSMNG04CLD" sending DATA frame for stream ID 1 with length 1024 and flags NONE. |url: |action: |
2023-08-14 19:01:57.3643|0|TRACE|Microsoft.AspNetCore.Server.Kestrel.Http2|Connection id "0HMSSMNG04CLD" sending DATA frame for stream ID 1 with length 1024 and flags NONE. |url: |action: |
2023-08-14 19:01:57.3643|0|TRACE|Microsoft.AspNetCore.Server.Kestrel.Http2|Connection id "0HMSSMNG04CLD" sending DATA frame for stream ID 1 with length 999 and flags NONE. |url: |action: |
2023-08-14 19:01:57.3643|0|TRACE|Microsoft.AspNetCore.Server.Kestrel.Http2|Connection id "0HMSSMNG04CLD" sending DATA frame for stream ID 1 with length 65 and flags NONE. |url: |action: |
2023-08-14 19:01:57.3643|0|TRACE|Microsoft.AspNetCore.Server.Kestrel.Http2|Connection id "0HMSSMNG04CLD" sending DATA frame for stream ID 1 with length 16 and flags NONE. |url: |action: |
2023-08-14 19:01:57.3768|0|TRACE|Microsoft.AspNetCore.Server.Kestrel.Http2|Connection id "0HMSSMNG04CLD" received HEADERS frame for stream ID 3 with length 219 and flags END_STREAM, END_HEADERS, PRIORITY. |url: |action: |
2023-08-14 19:01:57.3768|0|TRACE|Microsoft.AspNetCore.Server.Kestrel.Http2|Connection id "0HMSSMNG04CLD" sending DATA frame for stream ID 1 with length 0 and flags END_STREAM. |url: |action: |
2023-08-14 19:01:57.3768|0|TRACE|Microsoft.AspNetCore.Server.Kestrel.Http2|Connection id "0HMSSMNG04CLD" received HEADERS frame for stream ID 5 with length 2341 and flags END_STREAM, END_HEADERS, PRIORITY. |url: |action: |
2023-08-14 19:01:57.3768|0|TRACE|Microsoft.AspNetCore.Server.Kestrel.Http2|Connection id "0HMSSMNG04CLD" sending HEADERS frame for stream ID 3 with length 60 and flags END_HEADERS. |url: https://localhost/_framework/aspnetcore-browser-refresh.js|action: |
2023-08-14 19:01:57.3768|0|TRACE|Microsoft.AspNetCore.Server.Kestrel.Http2|Connection id "0HMSSMNG04CLD" sending DATA frame for stream ID 3 with length 11998 and flags NONE. |url: |action: |
2023-08-14 19:01:57.3768|0|TRACE|Microsoft.AspNetCore.Server.Kestrel.Http2|Connection id "0HMSSMNG04CLD" sending DATA frame for stream ID 3 with length 0 and flags END_STREAM. |url: |action: |
2023-08-14 19:01:57.4736|0|TRACE|Microsoft.AspNetCore.Server.Kestrel.Http2|Connection id "0HMSSMNG04CLD" sending HEADERS frame for stream ID 5 with length 119 and flags END_HEADERS. |url: https://localhost/_vs/browserLink|action: |
2023-08-14 19:01:57.4736|0|TRACE|Microsoft.AspNetCore.Server.Kestrel.Http2|Connection id "0HMSSMNG04CLD" sending DATA frame for stream ID 5 with length 9986 and flags NONE. |url: |action: |
2023-08-14 19:01:57.4736|0|TRACE|Microsoft.AspNetCore.Server.Kestrel.Http2|Connection id "0HMSSMNG04CLD" sending DATA frame for stream ID 5 with length 10240 and flags NONE. |url: |action: |
2023-08-14 19:01:57.4736|0|TRACE|Microsoft.AspNetCore.Server.Kestrel.Http2|Connection id "0HMSSMNG04CLD" sending DATA frame for stream ID 5 with length 10240 and flags NONE. |url: |action: |
2023-08-14 19:01:57.4736|0|TRACE|Microsoft.AspNetCore.Server.Kestrel.Http2|Connection id "0HMSSMNG04CLD" sending DATA frame for stream ID 5 with length 10240 and flags NONE. |url: |action: |
2023-08-14 19:01:57.4736|0|TRACE|Microsoft.AspNetCore.Server.Kestrel.Http2|Connection id "0HMSSMNG04CLD" sending DATA frame for stream ID 5 with length 10240 and flags NONE. |url: |action: |
2023-08-14 19:01:57.4736|0|TRACE|Microsoft.AspNetCore.Server.Kestrel.Http2|Connection id "0HMSSMNG04CLD" sending DATA frame for stream ID 5 with length 10240 and flags NONE. |url: |action: |
2023-08-14 19:01:57.4736|0|TRACE|Microsoft.AspNetCore.Server.Kestrel.Http2|Connection id "0HMSSMNG04CLD" sending DATA frame for stream ID 5 with length 10240 and flags NONE. |url: |action: |
2023-08-14 19:01:57.4736|0|TRACE|Microsoft.AspNetCore.Server.Kestrel.Http2|Connection id "0HMSSMNG04CLD" sending DATA frame for stream ID 5 with length 10240 and flags NONE. |url: |action: |
2023-08-14 19:01:57.4736|0|TRACE|Microsoft.AspNetCore.Server.Kestrel.Http2|Connection id "0HMSSMNG04CLD" sending DATA frame for stream ID 5 with length 10240 and flags NONE. |url: |action: |
2023-08-14 19:01:57.4736|0|TRACE|Microsoft.AspNetCore.Server.Kestrel.Http2|Connection id "0HMSSMNG04CLD" sending DATA frame for stream ID 5 with length 10240 and flags NONE. |url: |action: |
2023-08-14 19:01:57.4736|0|TRACE|Microsoft.AspNetCore.Server.Kestrel.Http2|Connection id "0HMSSMNG04CLD" sending DATA frame for stream ID 5 with length 10240 and flags NONE. |url: |action: |
2023-08-14 19:01:57.4736|0|TRACE|Microsoft.AspNetCore.Server.Kestrel.Http2|Connection id "0HMSSMNG04CLD" sending DATA frame for stream ID 5 with length 10240 and flags NONE. |url: |action: |
2023-08-14 19:01:57.4736|0|TRACE|Microsoft.AspNetCore.Server.Kestrel.Http2|Connection id "0HMSSMNG04CLD" sending DATA frame for stream ID 5 with length 10240 and flags NONE. |url: |action: |
2023-08-14 19:01:57.4736|0|TRACE|Microsoft.AspNetCore.Server.Kestrel.Http2|Connection id "0HMSSMNG04CLD" sending DATA frame for stream ID 5 with length 10240 and flags NONE. |url: |action: |
2023-08-14 19:01:57.4736|0|TRACE|Microsoft.AspNetCore.Server.Kestrel.Http2|Connection id "0HMSSMNG04CLD" sending DATA frame for stream ID 5 with length 10240 and flags NONE. |url: |action: |
2023-08-14 19:01:57.4736|0|TRACE|Microsoft.AspNetCore.Server.Kestrel.Http2|Connection id "0HMSSMNG04CLD" sending DATA frame for stream ID 5 with length 10240 and flags NONE. |url: |action: |
2023-08-14 19:01:57.4736|0|TRACE|Microsoft.AspNetCore.Server.Kestrel.Http2|Connection id "0HMSSMNG04CLD" sending DATA frame for stream ID 5 with length 10240 and flags NONE. |url: |action: |
2023-08-14 19:01:57.4736|0|TRACE|Microsoft.AspNetCore.Server.Kestrel.Http2|Connection id "0HMSSMNG04CLD" sending DATA frame for stream ID 5 with length 10240 and flags NONE. |url: |action: |
2023-08-14 19:01:57.4736|0|TRACE|Microsoft.AspNetCore.Server.Kestrel.Http2|Connection id "0HMSSMNG04CLD" sending DATA frame for stream ID 5 with length 10240 and flags NONE. |url: |action: |
2023-08-14 19:01:57.4736|0|TRACE|Microsoft.AspNetCore.Server.Kestrel.Http2|Connection id "0HMSSMNG04CLD" sending DATA frame for stream ID 5 with length 10240 and flags NONE. |url: |action: |
2023-08-14 19:01:57.4736|0|TRACE|Microsoft.AspNetCore.Server.Kestrel.Http2|Connection id "0HMSSMNG04CLD" sending DATA frame for stream ID 5 with length 10240 and flags NONE. |url: |action: |
2023-08-14 19:01:57.4736|0|TRACE|Microsoft.AspNetCore.Server.Kestrel.Http2|Connection id "0HMSSMNG04CLD" sending DATA frame for stream ID 5 with length 10240 and flags NONE. |url: |action: |
2023-08-14 19:01:57.4736|0|TRACE|Microsoft.AspNetCore.Server.Kestrel.Http2|Connection id "0HMSSMNG04CLD" sending DATA frame for stream ID 5 with length 10240 and flags NONE. |url: |action: |
2023-08-14 19:01:57.4736|0|TRACE|Microsoft.AspNetCore.Server.Kestrel.Http2|Connection id "0HMSSMNG04CLD" sending DATA frame for stream ID 5 with length 10240 and flags NONE. |url: |action: |
2023-08-14 19:01:57.4736|0|TRACE|Microsoft.AspNetCore.Server.Kestrel.Http2|Connection id "0HMSSMNG04CLD" sending DATA frame for stream ID 5 with length 10240 and flags NONE. |url: |action: |
2023-08-14 19:01:57.4855|0|TRACE|Microsoft.AspNetCore.Server.Kestrel.Http2|Connection id "0HMSSMNG04CLD" sending DATA frame for stream ID 5 with length 10240 and flags NONE. |url: |action: |
2023-08-14 19:01:57.4855|0|TRACE|Microsoft.AspNetCore.Server.Kestrel.Http2|Connection id "0HMSSMNG04CLD" sending DATA frame for stream ID 5 with length 10240 and flags NONE. |url: |action: |
2023-08-14 19:01:57.4855|0|TRACE|Microsoft.AspNetCore.Server.Kestrel.Http2|Connection id "0HMSSMNG04CLD" sending DATA frame for stream ID 5 with length 10240 and flags NONE. |url: |action: |
2023-08-14 19:01:57.4855|0|TRACE|Microsoft.AspNetCore.Server.Kestrel.Http2|Connection id "0HMSSMNG04CLD" sending DATA frame for stream ID 5 with length 10240 and flags NONE. |url: |action: |
2023-08-14 19:01:57.4855|0|TRACE|Microsoft.AspNetCore.Server.Kestrel.Http2|Connection id "0HMSSMNG04CLD" sending DATA frame for stream ID 5 with length 10240 and flags NONE. |url: |action: |
2023-08-14 19:01:57.4855|0|TRACE|Microsoft.AspNetCore.Server.Kestrel.Http2|Connection id "0HMSSMNG04CLD" sending DATA frame for stream ID 5 with length 10240 and flags NONE. |url: |action: |
2023-08-14 19:01:57.4855|0|TRACE|Microsoft.AspNetCore.Server.Kestrel.Http2|Connection id "0HMSSMNG04CLD" sending DATA frame for stream ID 5 with length 10240 and flags NONE. |url: |action: |
2023-08-14 19:01:57.4855|0|TRACE|Microsoft.AspNetCore.Server.Kestrel.Http2|Connection id "0HMSSMNG04CLD" sending DATA frame for stream ID 5 with length 10240 and flags NONE. |url: |action: |
2023-08-14 19:01:57.4855|0|TRACE|Microsoft.AspNetCore.Server.Kestrel.Http2|Connection id "0HMSSMNG04CLD" sending DATA frame for stream ID 5 with length 10240 and flags NONE. |url: |action: |
2023-08-14 19:01:57.4855|0|TRACE|Microsoft.AspNetCore.Server.Kestrel.Http2|Connection id "0HMSSMNG04CLD" sending DATA frame for stream ID 5 with length 10240 and flags NONE. |url: |action: |
2023-08-14 19:01:57.4855|0|TRACE|Microsoft.AspNetCore.Server.Kestrel.Http2|Connection id "0HMSSMNG04CLD" sending DATA frame for stream ID 5 with length 10240 and flags NONE. |url: |action: |
2023-08-14 19:01:57.4855|0|TRACE|Microsoft.AspNetCore.Server.Kestrel.Http2|Connection id "0HMSSMNG04CLD" sending DATA frame for stream ID 5 with length 10240 and flags NONE. |url: |action: |
2023-08-14 19:01:57.4855|0|TRACE|Microsoft.AspNetCore.Server.Kestrel.Http2|Connection id "0HMSSMNG04CLD" sending DATA frame for stream ID 5 with length 10240 and flags NONE. |url: |action: |
2023-08-14 19:01:57.4855|0|TRACE|Microsoft.AspNetCore.Server.Kestrel.Http2|Connection id "0HMSSMNG04CLD" sending DATA frame for stream ID 5 with length 10240 and flags NONE. |url: |action: |
2023-08-14 19:01:57.4855|0|TRACE|Microsoft.AspNetCore.Server.Kestrel.Http2|Connection id "0HMSSMNG04CLD" sending DATA frame for stream ID 5 with length 10240 and flags NONE. |url: |action: |
2023-08-14 19:01:57.4855|0|TRACE|Microsoft.AspNetCore.Server.Kestrel.Http2|Connection id "0HMSSMNG04CLD" sending DATA frame for stream ID 5 with length 10240 and flags NONE. |url: |action: |
2023-08-14 19:01:57.4855|0|TRACE|Microsoft.AspNetCore.Server.Kestrel.Http2|Connection id "0HMSSMNG04CLD" sending DATA frame for stream ID 5 with length 10240 and flags NONE. |url: |action: |
2023-08-14 19:01:57.4855|0|TRACE|Microsoft.AspNetCore.Server.Kestrel.Http2|Connection id "0HMSSMNG04CLD" sending DATA frame for stream ID 5 with length 10240 and flags NONE. |url: |action: |
2023-08-14 19:01:57.4855|0|TRACE|Microsoft.AspNetCore.Server.Kestrel.Http2|Connection id "0HMSSMNG04CLD" sending DATA frame for stream ID 5 with length 10240 and flags NONE. |url: |action: |
2023-08-14 19:01:57.4855|0|TRACE|Microsoft.AspNetCore.Server.Kestrel.Http2|Connection id "0HMSSMNG04CLD" sending DATA frame for stream ID 5 with length 10240 and flags NONE. |url: |action: |
2023-08-14 19:01:57.4855|0|TRACE|Microsoft.AspNetCore.Server.Kestrel.Http2|Connection id "0HMSSMNG04CLD" sending DATA frame for stream ID 5 with length 10240 and flags NONE. |url: |action: |
2023-08-14 19:01:57.4855|0|TRACE|Microsoft.AspNetCore.Server.Kestrel.Http2|Connection id "0HMSSMNG04CLD" sending DATA frame for stream ID 5 with length 10240 and flags NONE. |url: |action: |
2023-08-14 19:01:57.4855|0|TRACE|Microsoft.AspNetCore.Server.Kestrel.Http2|Connection id "0HMSSMNG04CLD" sending DATA frame for stream ID 5 with length 10240 and flags NONE. |url: |action: |
2023-08-14 19:01:57.4855|0|TRACE|Microsoft.AspNetCore.Server.Kestrel.Http2|Connection id "0HMSSMNG04CLD" sending DATA frame for stream ID 5 with length 10240 and flags NONE. |url: |action: |
2023-08-14 19:01:57.4855|0|TRACE|Microsoft.AspNetCore.Server.Kestrel.Http2|Connection id "0HMSSMNG04CLD" sending DATA frame for stream ID 5 with length 10240 and flags NONE. |url: |action: |
2023-08-14 19:01:57.4855|0|TRACE|Microsoft.AspNetCore.Server.Kestrel.Http2|Connection id "0HMSSMNG04CLD" sending DATA frame for stream ID 5 with length 10240 and flags NONE. |url: |action: |
2023-08-14 19:01:57.4855|0|TRACE|Microsoft.AspNetCore.Server.Kestrel.Http2|Connection id "0HMSSMNG04CLD" sending DATA frame for stream ID 5 with length 10240 and flags NONE. |url: |action: |
2023-08-14 19:01:57.4855|0|TRACE|Microsoft.AspNetCore.Server.Kestrel.Http2|Connection id "0HMSSMNG04CLD" sending DATA frame for stream ID 5 with length 10240 and flags NONE. |url: |action: |
2023-08-14 19:01:57.4855|0|TRACE|Microsoft.AspNetCore.Server.Kestrel.Http2|Connection id "0HMSSMNG04CLD" sending DATA frame for stream ID 5 with length 10240 and flags NONE. |url: |action: |
2023-08-14 19:01:57.4855|0|TRACE|Microsoft.AspNetCore.Server.Kestrel.Http2|Connection id "0HMSSMNG04CLD" sending DATA frame for stream ID 5 with length 10240 and flags NONE. |url: |action: |
2023-08-14 19:01:57.4855|0|TRACE|Microsoft.AspNetCore.Server.Kestrel.Http2|Connection id "0HMSSMNG04CLD" sending DATA frame for stream ID 5 with length 10240 and flags NONE. |url: |action: |
2023-08-14 19:01:57.4855|0|TRACE|Microsoft.AspNetCore.Server.Kestrel.Http2|Connection id "0HMSSMNG04CLD" sending DATA frame for stream ID 5 with length 10240 and flags NONE. |url: |action: |
2023-08-14 19:01:57.4855|0|TRACE|Microsoft.AspNetCore.Server.Kestrel.Http2|Connection id "0HMSSMNG04CLD" sending DATA frame for stream ID 5 with length 10240 and flags NONE. |url: |action: |
2023-08-14 19:01:57.4855|0|TRACE|Microsoft.AspNetCore.Server.Kestrel.Http2|Connection id "0HMSSMNG04CLD" sending DATA frame for stream ID 5 with length 10240 and flags NONE. |url: |action: |
2023-08-14 19:01:57.4855|0|TRACE|Microsoft.AspNetCore.Server.Kestrel.Http2|Connection id "0HMSSMNG04CLD" sending DATA frame for stream ID 5 with length 10240 and flags NONE. |url: |action: |
2023-08-14 19:01:57.4855|0|TRACE|Microsoft.AspNetCore.Server.Kestrel.Http2|Connection id "0HMSSMNG04CLD" sending DATA frame for stream ID 5 with length 10240 and flags NONE. |url: |action: |
2023-08-14 19:01:57.4855|0|TRACE|Microsoft.AspNetCore.Server.Kestrel.Http2|Connection id "0HMSSMNG04CLD" sending DATA frame for stream ID 5 with length 10240 and flags NONE. |url: |action: |
2023-08-14 19:01:57.4855|0|TRACE|Microsoft.AspNetCore.Server.Kestrel.Http2|Connection id "0HMSSMNG04CLD" sending DATA frame for stream ID 5 with length 10240 and flags NONE. |url: |action: |
2023-08-14 19:01:57.4855|0|TRACE|Microsoft.AspNetCore.Server.Kestrel.Http2|Connection id "0HMSSMNG04CLD" sending DATA frame for stream ID 5 with length 10240 and flags NONE. |url: |action: |
2023-08-14 19:01:57.4855|0|TRACE|Microsoft.AspNetCore.Server.Kestrel.Http2|Connection id "0HMSSMNG04CLD" sending DATA frame for stream ID 5 with length 10240 and flags NONE. |url: |action: |
2023-08-14 19:01:57.4855|0|TRACE|Microsoft.AspNetCore.Server.Kestrel.Http2|Connection id "0HMSSMNG04CLD" sending DATA frame for stream ID 5 with length 10240 and flags NONE. |url: |action: |
2023-08-14 19:01:57.4855|0|TRACE|Microsoft.AspNetCore.Server.Kestrel.Http2|Connection id "0HMSSMNG04CLD" sending DATA frame for stream ID 5 with length 10240 and flags NONE. |url: |action: |
2023-08-14 19:01:57.4855|0|TRACE|Microsoft.AspNetCore.Server.Kestrel.Http2|Connection id "0HMSSMNG04CLD" sending DATA frame for stream ID 5 with length 10240 and flags NONE. |url: |action: |
2023-08-14 19:01:57.5015|0|TRACE|Microsoft.AspNetCore.Server.Kestrel.Http2|Connection id "0HMSSMNG04CLD" sending DATA frame for stream ID 5 with length 10240 and flags NONE. |url: |action: |
2023-08-14 19:01:57.5015|0|TRACE|Microsoft.AspNetCore.Server.Kestrel.Http2|Connection id "0HMSSMNG04CLD" sending DATA frame for stream ID 5 with length 10240 and flags NONE. |url: |action: |
2023-08-14 19:01:57.5015|0|TRACE|Microsoft.AspNetCore.Server.Kestrel.Http2|Connection id "0HMSSMNG04CLD" sending DATA frame for stream ID 5 with length 10240 and flags NONE. |url: |action: |
2023-08-14 19:01:57.5015|0|TRACE|Microsoft.AspNetCore.Server.Kestrel.Http2|Connection id "0HMSSMNG04CLD" sending DATA frame for stream ID 5 with length 10240 and flags NONE. |url: |action: |
2023-08-14 19:01:57.5015|0|TRACE|Microsoft.AspNetCore.Server.Kestrel.Http2|Connection id "0HMSSMNG04CLD" sending DATA frame for stream ID 5 with length 10240 and flags NONE. |url: |action: |
2023-08-14 19:01:57.5015|0|TRACE|Microsoft.AspNetCore.Server.Kestrel.Http2|Connection id "0HMSSMNG04CLD" sending DATA frame for stream ID 5 with length 9517 and flags NONE. |url: |action: |
2023-08-14 19:01:57.5015|0|TRACE|Microsoft.AspNetCore.Server.Kestrel.Http2|Connection id "0HMSSMNG04CLD" sending DATA frame for stream ID 5 with length 0 and flags END_STREAM. |url: |action: |
2023-08-14 19:01:57.5621|0|TRACE|Microsoft.AspNetCore.Server.Kestrel.Http2|Connection id "0HMSSMNG04CLD" received HEADERS frame for stream ID 7 with length 247 and flags END_STREAM, END_HEADERS, PRIORITY. |url: |action: |
2023-08-14 19:01:57.5659|0|TRACE|Microsoft.AspNetCore.HostFiltering.HostFilteringMiddleware|All hosts are allowed. |url: https://localhost/swagger/v1/swagger.json|action: |
2023-08-14 19:01:57.7121|0|TRACE|Microsoft.AspNetCore.Server.Kestrel.Http2|Connection id "0HMSSMNG04CLD" sending HEADERS frame for stream ID 7 with length 35 and flags END_HEADERS. |url: https://localhost/swagger/v1/swagger.json|action: |
2023-08-14 19:01:57.7121|0|TRACE|Microsoft.AspNetCore.Server.Kestrel.Http2|Connection id "0HMSSMNG04CLD" sending DATA frame for stream ID 7 with length 12306 and flags NONE. |url: |action: |
2023-08-14 19:01:57.7121|0|TRACE|Microsoft.AspNetCore.Server.Kestrel.Http2|Connection id "0HMSSMNG04CLD" sending DATA frame for stream ID 7 with length 0 and flags END_STREAM. |url: |action: |
