2023-07-17 18:08:33.7498|0|TRACE|Microsoft.AspNetCore.Server.Kestrel.Http2|Connection id "0HMS6LN3G6M50" sending SETTINGS frame for stream ID 0 with length 18 and flags NONE. |url: |action: |
2023-07-17 18:08:33.7732|0|TRACE|Microsoft.AspNetCore.Server.Kestrel.Http2|Connection id "0HMS6LN3G6M50" sending WINDOW_UPDATE frame for stream ID 0 with length 4 and flags 0x0. |url: |action: |
2023-07-17 18:08:33.7732|0|TRACE|Microsoft.AspNetCore.Server.Kestrel.Http2|Connection id "0HMS6LN3G6M50" received SETTINGS frame for stream ID 0 with length 30 and flags NONE. |url: |action: |
2023-07-17 18:08:33.7732|0|TRACE|Microsoft.AspNetCore.Server.Kestrel.Http2|Connection id "0HMS6LN3G6M50" sending SETTINGS frame for stream ID 0 with length 0 and flags ACK. |url: |action: |
2023-07-17 18:08:33.7857|0|TRACE|Microsoft.AspNetCore.Server.Kestrel.Http2|Connection id "0HMS6LN3G6M50" received WINDOW_UPDATE frame for stream ID 0 with length 4 and flags 0x0. |url: |action: |
2023-07-17 18:08:33.7857|0|TRACE|Microsoft.AspNetCore.Server.Kestrel.Http2|Connection id "0HMS6LN3G6M50" received HEADERS frame for stream ID 1 with length 2705 and flags END_STREAM, END_HEADERS, PRIORITY. |url: |action: |
2023-07-17 18:08:33.8150|0|TRACE|Microsoft.AspNetCore.Server.Kestrel.Http2|Connection id "0HMS6LN3G6M50" received SETTINGS frame for stream ID 0 with length 0 and flags ACK. |url: |action: |
2023-07-17 18:08:33.8970|0|TRACE|Microsoft.AspNetCore.HostFiltering.HostFilteringMiddleware|All hosts are allowed. |url: https://localhost/swagger/index.html|action: |
2023-07-17 18:08:34.1334|0|TRACE|Microsoft.AspNetCore.Server.Kestrel.Http2|Connection id "0HMS6LN3G6M50" sending HEADERS frame for stream ID 1 with length 66 and flags END_HEADERS. |url: https://localhost/swagger/index.html|action: |
2023-07-17 18:08:34.3576|0|TRACE|Microsoft.AspNetCore.Server.Kestrel.Http2|Connection id "0HMS6LN3G6M50" sending DATA frame for stream ID 1 with length 1024 and flags NONE. |url: |action: |
2023-07-17 18:08:34.3576|0|TRACE|Microsoft.AspNetCore.Server.Kestrel.Http2|Connection id "0HMS6LN3G6M50" sending DATA frame for stream ID 1 with length 1024 and flags NONE. |url: |action: |
2023-07-17 18:08:34.3656|0|TRACE|Microsoft.AspNetCore.Server.Kestrel.Http2|Connection id "0HMS6LN3G6M50" sending DATA frame for stream ID 1 with length 1024 and flags NONE. |url: |action: |
2023-07-17 18:08:34.3656|0|TRACE|Microsoft.AspNetCore.Server.Kestrel.Http2|Connection id "0HMS6LN3G6M50" sending DATA frame for stream ID 1 with length 1024 and flags NONE. |url: |action: |
2023-07-17 18:08:34.3796|0|TRACE|Microsoft.AspNetCore.Server.Kestrel.Http2|Connection id "0HMS6LN3G6M50" sending DATA frame for stream ID 1 with length 999 and flags NONE. |url: |action: |
2023-07-17 18:08:34.3796|0|TRACE|Microsoft.AspNetCore.Server.Kestrel.Http2|Connection id "0HMS6LN3G6M50" sending DATA frame for stream ID 1 with length 65 and flags NONE. |url: |action: |
2023-07-17 18:08:34.3796|0|TRACE|Microsoft.AspNetCore.Server.Kestrel.Http2|Connection id "0HMS6LN3G6M50" sending DATA frame for stream ID 1 with length 16 and flags NONE. |url: |action: |
2023-07-17 18:08:34.3983|0|TRACE|Microsoft.AspNetCore.Server.Kestrel.Http2|Connection id "0HMS6LN3G6M50" received HEADERS frame for stream ID 3 with length 2524 and flags END_STREAM, END_HEADERS, PRIORITY. |url: |action: |
2023-07-17 18:08:34.3983|0|TRACE|Microsoft.AspNetCore.Server.Kestrel.Http2|Connection id "0HMS6LN3G6M50" received HEADERS frame for stream ID 5 with length 2620 and flags END_STREAM, END_HEADERS, PRIORITY. |url: |action: |
2023-07-17 18:08:34.3983|0|TRACE|Microsoft.AspNetCore.Server.Kestrel.Http2|Connection id "0HMS6LN3G6M50" sending DATA frame for stream ID 1 with length 0 and flags END_STREAM. |url: |action: |
2023-07-17 18:08:34.4119|0|TRACE|Microsoft.AspNetCore.Server.Kestrel.Http2|Connection id "0HMS6LN3G6M50" sending HEADERS frame for stream ID 5 with length 60 and flags END_HEADERS. |url: https://localhost/_framework/aspnetcore-browser-refresh.js|action: |
2023-07-17 18:08:34.4119|0|TRACE|Microsoft.AspNetCore.Server.Kestrel.Http2|Connection id "0HMS6LN3G6M50" sending DATA frame for stream ID 5 with length 11998 and flags NONE. |url: |action: |
2023-07-17 18:08:34.4119|0|TRACE|Microsoft.AspNetCore.Server.Kestrel.Http2|Connection id "0HMS6LN3G6M50" sending DATA frame for stream ID 5 with length 0 and flags END_STREAM. |url: |action: |
2023-07-17 18:08:34.4637|0|TRACE|Microsoft.AspNetCore.Server.Kestrel.Http2|Connection id "0HMS6LN3G6M50" sending HEADERS frame for stream ID 3 with length 149 and flags END_HEADERS. |url: https://localhost/_vs/browserLink|action: |
2023-07-17 18:08:34.4637|0|TRACE|Microsoft.AspNetCore.Server.Kestrel.Http2|Connection id "0HMS6LN3G6M50" sending DATA frame for stream ID 3 with length 9986 and flags NONE. |url: |action: |
2023-07-17 18:08:34.4637|0|TRACE|Microsoft.AspNetCore.Server.Kestrel.Http2|Connection id "0HMS6LN3G6M50" sending DATA frame for stream ID 3 with length 10240 and flags NONE. |url: |action: |
2023-07-17 18:08:34.4637|0|TRACE|Microsoft.AspNetCore.Server.Kestrel.Http2|Connection id "0HMS6LN3G6M50" sending DATA frame for stream ID 3 with length 10240 and flags NONE. |url: |action: |
2023-07-17 18:08:34.4725|0|TRACE|Microsoft.AspNetCore.Server.Kestrel.Http2|Connection id "0HMS6LN3G6M50" sending DATA frame for stream ID 3 with length 10240 and flags NONE. |url: |action: |
2023-07-17 18:08:34.4725|0|TRACE|Microsoft.AspNetCore.Server.Kestrel.Http2|Connection id "0HMS6LN3G6M50" sending DATA frame for stream ID 3 with length 10240 and flags NONE. |url: |action: |
2023-07-17 18:08:34.4725|0|TRACE|Microsoft.AspNetCore.Server.Kestrel.Http2|Connection id "0HMS6LN3G6M50" sending DATA frame for stream ID 3 with length 10240 and flags NONE. |url: |action: |
2023-07-17 18:08:34.4725|0|TRACE|Microsoft.AspNetCore.Server.Kestrel.Http2|Connection id "0HMS6LN3G6M50" sending DATA frame for stream ID 3 with length 10240 and flags NONE. |url: |action: |
2023-07-17 18:08:34.4725|0|TRACE|Microsoft.AspNetCore.Server.Kestrel.Http2|Connection id "0HMS6LN3G6M50" sending DATA frame for stream ID 3 with length 10240 and flags NONE. |url: |action: |
2023-07-17 18:08:34.4897|0|TRACE|Microsoft.AspNetCore.Server.Kestrel.Http2|Connection id "0HMS6LN3G6M50" sending DATA frame for stream ID 3 with length 10240 and flags NONE. |url: |action: |
2023-07-17 18:08:34.4897|0|TRACE|Microsoft.AspNetCore.Server.Kestrel.Http2|Connection id "0HMS6LN3G6M50" sending DATA frame for stream ID 3 with length 10240 and flags NONE. |url: |action: |
2023-07-17 18:08:34.4897|0|TRACE|Microsoft.AspNetCore.Server.Kestrel.Http2|Connection id "0HMS6LN3G6M50" sending DATA frame for stream ID 3 with length 10240 and flags NONE. |url: |action: |
2023-07-17 18:08:34.4897|0|TRACE|Microsoft.AspNetCore.Server.Kestrel.Http2|Connection id "0HMS6LN3G6M50" sending DATA frame for stream ID 3 with length 10240 and flags NONE. |url: |action: |
2023-07-17 18:08:34.5054|0|TRACE|Microsoft.AspNetCore.Server.Kestrel.Http2|Connection id "0HMS6LN3G6M50" sending DATA frame for stream ID 3 with length 10240 and flags NONE. |url: |action: |
2023-07-17 18:08:34.5054|0|TRACE|Microsoft.AspNetCore.Server.Kestrel.Http2|Connection id "0HMS6LN3G6M50" sending DATA frame for stream ID 3 with length 10240 and flags NONE. |url: |action: |
2023-07-17 18:08:34.5054|0|TRACE|Microsoft.AspNetCore.Server.Kestrel.Http2|Connection id "0HMS6LN3G6M50" sending DATA frame for stream ID 3 with length 10240 and flags NONE. |url: |action: |
2023-07-17 18:08:34.5054|0|TRACE|Microsoft.AspNetCore.Server.Kestrel.Http2|Connection id "0HMS6LN3G6M50" sending DATA frame for stream ID 3 with length 10240 and flags NONE. |url: |action: |
2023-07-17 18:08:34.5054|0|TRACE|Microsoft.AspNetCore.Server.Kestrel.Http2|Connection id "0HMS6LN3G6M50" sending DATA frame for stream ID 3 with length 10240 and flags NONE. |url: |action: |
2023-07-17 18:08:34.5209|0|TRACE|Microsoft.AspNetCore.Server.Kestrel.Http2|Connection id "0HMS6LN3G6M50" sending DATA frame for stream ID 3 with length 10240 and flags NONE. |url: |action: |
2023-07-17 18:08:34.5209|0|TRACE|Microsoft.AspNetCore.Server.Kestrel.Http2|Connection id "0HMS6LN3G6M50" sending DATA frame for stream ID 3 with length 10240 and flags NONE. |url: |action: |
2023-07-17 18:08:34.5209|0|TRACE|Microsoft.AspNetCore.Server.Kestrel.Http2|Connection id "0HMS6LN3G6M50" sending DATA frame for stream ID 3 with length 10240 and flags NONE. |url: |action: |
2023-07-17 18:08:34.5209|0|TRACE|Microsoft.AspNetCore.Server.Kestrel.Http2|Connection id "0HMS6LN3G6M50" sending DATA frame for stream ID 3 with length 10240 and flags NONE. |url: |action: |
2023-07-17 18:08:34.5209|0|TRACE|Microsoft.AspNetCore.Server.Kestrel.Http2|Connection id "0HMS6LN3G6M50" sending DATA frame for stream ID 3 with length 10240 and flags NONE. |url: |action: |
2023-07-17 18:08:34.5209|0|TRACE|Microsoft.AspNetCore.Server.Kestrel.Http2|Connection id "0HMS6LN3G6M50" sending DATA frame for stream ID 3 with length 10240 and flags NONE. |url: |action: |
2023-07-17 18:08:34.5361|0|TRACE|Microsoft.AspNetCore.Server.Kestrel.Http2|Connection id "0HMS6LN3G6M50" sending DATA frame for stream ID 3 with length 10240 and flags NONE. |url: |action: |
2023-07-17 18:08:34.5361|0|TRACE|Microsoft.AspNetCore.Server.Kestrel.Http2|Connection id "0HMS6LN3G6M50" sending DATA frame for stream ID 3 with length 10240 and flags NONE. |url: |action: |
2023-07-17 18:08:34.5361|0|TRACE|Microsoft.AspNetCore.Server.Kestrel.Http2|Connection id "0HMS6LN3G6M50" sending DATA frame for stream ID 3 with length 10240 and flags NONE. |url: |action: |
2023-07-17 18:08:34.5361|0|TRACE|Microsoft.AspNetCore.Server.Kestrel.Http2|Connection id "0HMS6LN3G6M50" sending DATA frame for stream ID 3 with length 10240 and flags NONE. |url: |action: |
2023-07-17 18:08:34.5361|0|TRACE|Microsoft.AspNetCore.Server.Kestrel.Http2|Connection id "0HMS6LN3G6M50" sending DATA frame for stream ID 3 with length 10240 and flags NONE. |url: |action: |
2023-07-17 18:08:34.5510|0|TRACE|Microsoft.AspNetCore.Server.Kestrel.Http2|Connection id "0HMS6LN3G6M50" sending DATA frame for stream ID 3 with length 10240 and flags NONE. |url: |action: |
2023-07-17 18:08:34.5510|0|TRACE|Microsoft.AspNetCore.Server.Kestrel.Http2|Connection id "0HMS6LN3G6M50" sending DATA frame for stream ID 3 with length 10240 and flags NONE. |url: |action: |
2023-07-17 18:08:34.5510|0|TRACE|Microsoft.AspNetCore.Server.Kestrel.Http2|Connection id "0HMS6LN3G6M50" sending DATA frame for stream ID 3 with length 10240 and flags NONE. |url: |action: |
2023-07-17 18:08:34.5510|0|TRACE|Microsoft.AspNetCore.Server.Kestrel.Http2|Connection id "0HMS6LN3G6M50" sending DATA frame for stream ID 3 with length 10240 and flags NONE. |url: |action: |
2023-07-17 18:08:34.5510|0|TRACE|Microsoft.AspNetCore.Server.Kestrel.Http2|Connection id "0HMS6LN3G6M50" sending DATA frame for stream ID 3 with length 10240 and flags NONE. |url: |action: |
2023-07-17 18:08:34.5510|0|TRACE|Microsoft.AspNetCore.Server.Kestrel.Http2|Connection id "0HMS6LN3G6M50" sending DATA frame for stream ID 3 with length 10240 and flags NONE. |url: |action: |
2023-07-17 18:08:34.5510|0|TRACE|Microsoft.AspNetCore.Server.Kestrel.Http2|Connection id "0HMS6LN3G6M50" sending DATA frame for stream ID 3 with length 10240 and flags NONE. |url: |action: |
2023-07-17 18:08:34.5676|0|TRACE|Microsoft.AspNetCore.Server.Kestrel.Http2|Connection id "0HMS6LN3G6M50" sending DATA frame for stream ID 3 with length 10240 and flags NONE. |url: |action: |
2023-07-17 18:08:34.5676|0|TRACE|Microsoft.AspNetCore.Server.Kestrel.Http2|Connection id "0HMS6LN3G6M50" sending DATA frame for stream ID 3 with length 10240 and flags NONE. |url: |action: |
2023-07-17 18:08:34.5676|0|TRACE|Microsoft.AspNetCore.Server.Kestrel.Http2|Connection id "0HMS6LN3G6M50" sending DATA frame for stream ID 3 with length 10240 and flags NONE. |url: |action: |
2023-07-17 18:08:34.5676|0|TRACE|Microsoft.AspNetCore.Server.Kestrel.Http2|Connection id "0HMS6LN3G6M50" sending DATA frame for stream ID 3 with length 10240 and flags NONE. |url: |action: |
2023-07-17 18:08:34.5676|0|TRACE|Microsoft.AspNetCore.Server.Kestrel.Http2|Connection id "0HMS6LN3G6M50" sending DATA frame for stream ID 3 with length 10240 and flags NONE. |url: |action: |
2023-07-17 18:08:34.5676|0|TRACE|Microsoft.AspNetCore.Server.Kestrel.Http2|Connection id "0HMS6LN3G6M50" sending DATA frame for stream ID 3 with length 10240 and flags NONE. |url: |action: |
2023-07-17 18:08:34.5824|0|TRACE|Microsoft.AspNetCore.Server.Kestrel.Http2|Connection id "0HMS6LN3G6M50" sending DATA frame for stream ID 3 with length 10240 and flags NONE. |url: |action: |
2023-07-17 18:08:34.5824|0|TRACE|Microsoft.AspNetCore.Server.Kestrel.Http2|Connection id "0HMS6LN3G6M50" sending DATA frame for stream ID 3 with length 10240 and flags NONE. |url: |action: |
2023-07-17 18:08:34.5824|0|TRACE|Microsoft.AspNetCore.Server.Kestrel.Http2|Connection id "0HMS6LN3G6M50" sending DATA frame for stream ID 3 with length 10240 and flags NONE. |url: |action: |
2023-07-17 18:08:34.5824|0|TRACE|Microsoft.AspNetCore.Server.Kestrel.Http2|Connection id "0HMS6LN3G6M50" sending DATA frame for stream ID 3 with length 10240 and flags NONE. |url: |action: |
2023-07-17 18:08:34.5824|0|TRACE|Microsoft.AspNetCore.Server.Kestrel.Http2|Connection id "0HMS6LN3G6M50" sending DATA frame for stream ID 3 with length 10240 and flags NONE. |url: |action: |
2023-07-17 18:08:34.5824|0|TRACE|Microsoft.AspNetCore.Server.Kestrel.Http2|Connection id "0HMS6LN3G6M50" sending DATA frame for stream ID 3 with length 10240 and flags NONE. |url: |action: |
2023-07-17 18:08:34.5824|0|TRACE|Microsoft.AspNetCore.Server.Kestrel.Http2|Connection id "0HMS6LN3G6M50" sending DATA frame for stream ID 3 with length 10240 and flags NONE. |url: |action: |
2023-07-17 18:08:34.5987|0|TRACE|Microsoft.AspNetCore.Server.Kestrel.Http2|Connection id "0HMS6LN3G6M50" sending DATA frame for stream ID 3 with length 10240 and flags NONE. |url: |action: |
2023-07-17 18:08:34.5987|0|TRACE|Microsoft.AspNetCore.Server.Kestrel.Http2|Connection id "0HMS6LN3G6M50" sending DATA frame for stream ID 3 with length 10240 and flags NONE. |url: |action: |
2023-07-17 18:08:34.5987|0|TRACE|Microsoft.AspNetCore.Server.Kestrel.Http2|Connection id "0HMS6LN3G6M50" sending DATA frame for stream ID 3 with length 10240 and flags NONE. |url: |action: |
2023-07-17 18:08:34.5987|0|TRACE|Microsoft.AspNetCore.Server.Kestrel.Http2|Connection id "0HMS6LN3G6M50" sending DATA frame for stream ID 3 with length 10240 and flags NONE. |url: |action: |
2023-07-17 18:08:34.6140|0|TRACE|Microsoft.AspNetCore.Server.Kestrel.Http2|Connection id "0HMS6LN3G6M50" sending DATA frame for stream ID 3 with length 10240 and flags NONE. |url: |action: |
2023-07-17 18:08:34.6140|0|TRACE|Microsoft.AspNetCore.Server.Kestrel.Http2|Connection id "0HMS6LN3G6M50" sending DATA frame for stream ID 3 with length 10240 and flags NONE. |url: |action: |
2023-07-17 18:08:34.6140|0|TRACE|Microsoft.AspNetCore.Server.Kestrel.Http2|Connection id "0HMS6LN3G6M50" sending DATA frame for stream ID 3 with length 10240 and flags NONE. |url: |action: |
2023-07-17 18:08:34.6140|0|TRACE|Microsoft.AspNetCore.Server.Kestrel.Http2|Connection id "0HMS6LN3G6M50" sending DATA frame for stream ID 3 with length 10240 and flags NONE. |url: |action: |
2023-07-17 18:08:34.6301|0|TRACE|Microsoft.AspNetCore.Server.Kestrel.Http2|Connection id "0HMS6LN3G6M50" sending DATA frame for stream ID 3 with length 10240 and flags NONE. |url: |action: |
2023-07-17 18:08:34.6301|0|TRACE|Microsoft.AspNetCore.Server.Kestrel.Http2|Connection id "0HMS6LN3G6M50" sending DATA frame for stream ID 3 with length 10240 and flags NONE. |url: |action: |
2023-07-17 18:08:34.6449|0|TRACE|Microsoft.AspNetCore.Server.Kestrel.Http2|Connection id "0HMS6LN3G6M50" sending DATA frame for stream ID 3 with length 10240 and flags NONE. |url: |action: |
2023-07-17 18:08:34.6449|0|TRACE|Microsoft.AspNetCore.Server.Kestrel.Http2|Connection id "0HMS6LN3G6M50" sending DATA frame for stream ID 3 with length 10240 and flags NONE. |url: |action: |
2023-07-17 18:08:34.6449|0|TRACE|Microsoft.AspNetCore.Server.Kestrel.Http2|Connection id "0HMS6LN3G6M50" sending DATA frame for stream ID 3 with length 10240 and flags NONE. |url: |action: |
2023-07-17 18:08:34.6607|0|TRACE|Microsoft.AspNetCore.Server.Kestrel.Http2|Connection id "0HMS6LN3G6M50" sending DATA frame for stream ID 3 with length 10240 and flags NONE. |url: |action: |
2023-07-17 18:08:34.6607|0|TRACE|Microsoft.AspNetCore.Server.Kestrel.Http2|Connection id "0HMS6LN3G6M50" sending DATA frame for stream ID 3 with length 10240 and flags NONE. |url: |action: |
2023-07-17 18:08:34.6759|0|TRACE|Microsoft.AspNetCore.Server.Kestrel.Http2|Connection id "0HMS6LN3G6M50" sending DATA frame for stream ID 3 with length 10240 and flags NONE. |url: |action: |
2023-07-17 18:08:34.6759|0|TRACE|Microsoft.AspNetCore.Server.Kestrel.Http2|Connection id "0HMS6LN3G6M50" sending DATA frame for stream ID 3 with length 10240 and flags NONE. |url: |action: |
2023-07-17 18:08:34.6759|0|TRACE|Microsoft.AspNetCore.Server.Kestrel.Http2|Connection id "0HMS6LN3G6M50" sending DATA frame for stream ID 3 with length 10240 and flags NONE. |url: |action: |
2023-07-17 18:08:34.6929|0|TRACE|Microsoft.AspNetCore.Server.Kestrel.Http2|Connection id "0HMS6LN3G6M50" sending DATA frame for stream ID 3 with length 10240 and flags NONE. |url: |action: |
2023-07-17 18:08:34.6929|0|TRACE|Microsoft.AspNetCore.Server.Kestrel.Http2|Connection id "0HMS6LN3G6M50" sending DATA frame for stream ID 3 with length 10240 and flags NONE. |url: |action: |
2023-07-17 18:08:34.6929|0|TRACE|Microsoft.AspNetCore.Server.Kestrel.Http2|Connection id "0HMS6LN3G6M50" sending DATA frame for stream ID 3 with length 10240 and flags NONE. |url: |action: |
2023-07-17 18:08:34.6929|0|TRACE|Microsoft.AspNetCore.Server.Kestrel.Http2|Connection id "0HMS6LN3G6M50" sending DATA frame for stream ID 3 with length 10240 and flags NONE. |url: |action: |
2023-07-17 18:08:34.7075|0|TRACE|Microsoft.AspNetCore.Server.Kestrel.Http2|Connection id "0HMS6LN3G6M50" sending DATA frame for stream ID 3 with length 10240 and flags NONE. |url: |action: |
2023-07-17 18:08:34.7075|0|TRACE|Microsoft.AspNetCore.Server.Kestrel.Http2|Connection id "0HMS6LN3G6M50" sending DATA frame for stream ID 3 with length 10240 and flags NONE. |url: |action: |
2023-07-17 18:08:34.7075|0|TRACE|Microsoft.AspNetCore.Server.Kestrel.Http2|Connection id "0HMS6LN3G6M50" sending DATA frame for stream ID 3 with length 10240 and flags NONE. |url: |action: |
2023-07-17 18:08:34.7075|0|TRACE|Microsoft.AspNetCore.Server.Kestrel.Http2|Connection id "0HMS6LN3G6M50" sending DATA frame for stream ID 3 with length 9517 and flags NONE. |url: |action: |
2023-07-17 18:08:34.7241|0|TRACE|Microsoft.AspNetCore.Server.Kestrel.Http2|Connection id "0HMS6LN3G6M50" sending DATA frame for stream ID 3 with length 0 and flags END_STREAM. |url: |action: |
2023-07-17 18:08:34.7713|0|TRACE|Microsoft.AspNetCore.Server.Kestrel.Http2|Connection id "0HMS6LN3G6M50" received HEADERS frame for stream ID 7 with length 2618 and flags END_STREAM, END_HEADERS, PRIORITY. |url: |action: |
2023-07-17 18:08:34.7713|0|TRACE|Microsoft.AspNetCore.HostFiltering.HostFilteringMiddleware|All hosts are allowed. |url: https://localhost/swagger/v1/swagger.json|action: |
2023-07-17 18:08:34.9184|0|TRACE|Microsoft.AspNetCore.Server.Kestrel.Http2|Connection id "0HMS6LN3G6M50" sending HEADERS frame for stream ID 7 with length 35 and flags END_HEADERS. |url: https://localhost/swagger/v1/swagger.json|action: |
2023-07-17 18:08:34.9184|0|TRACE|Microsoft.AspNetCore.Server.Kestrel.Http2|Connection id "0HMS6LN3G6M50" sending DATA frame for stream ID 7 with length 8912 and flags NONE. |url: |action: |
2023-07-17 18:08:34.9184|0|TRACE|Microsoft.AspNetCore.Server.Kestrel.Http2|Connection id "0HMS6LN3G6M50" sending DATA frame for stream ID 7 with length 0 and flags END_STREAM. |url: |action: |
2023-07-17 18:08:50.9849|0|TRACE|Microsoft.AspNetCore.Server.Kestrel.Http2|Connection id "0HMS6LN3G6M51" sending SETTINGS frame for stream ID 0 with length 18 and flags NONE. |url: |action: |
2023-07-17 18:08:50.9890|0|TRACE|Microsoft.AspNetCore.Server.Kestrel.Http2|Connection id "0HMS6LN3G6M51" sending WINDOW_UPDATE frame for stream ID 0 with length 4 and flags 0x0. |url: |action: |
2023-07-17 18:08:50.9890|0|TRACE|Microsoft.AspNetCore.Server.Kestrel.Http2|Connection id "0HMS6LN3G6M51" received SETTINGS frame for stream ID 0 with length 30 and flags NONE. |url: |action: |
2023-07-17 18:08:50.9890|0|TRACE|Microsoft.AspNetCore.Server.Kestrel.Http2|Connection id "0HMS6LN3G6M51" sending SETTINGS frame for stream ID 0 with length 0 and flags ACK. |url: |action: |
2023-07-17 18:08:50.9890|0|TRACE|Microsoft.AspNetCore.Server.Kestrel.Http2|Connection id "0HMS6LN3G6M51" received WINDOW_UPDATE frame for stream ID 0 with length 4 and flags 0x0. |url: |action: |
2023-07-17 18:08:50.9890|0|TRACE|Microsoft.AspNetCore.Server.Kestrel.Http2|Connection id "0HMS6LN3G6M51" received HEADERS frame for stream ID 1 with length 2628 and flags END_STREAM, END_HEADERS, PRIORITY. |url: |action: |
2023-07-17 18:08:50.9890|0|TRACE|Microsoft.AspNetCore.Server.Kestrel.Http2|Connection id "0HMS6LN3G6M51" received SETTINGS frame for stream ID 0 with length 0 and flags ACK. |url: |action: |
2023-07-17 18:08:51.0039|0|TRACE|Microsoft.AspNetCore.HostFiltering.HostFilteringMiddleware|All hosts are allowed. |url: https://localhost/Member/StudentList|action: |
2023-07-17 18:08:51.1305|0|TRACE|Microsoft.AspNetCore.Mvc.Infrastructure.ControllerActionInvoker|Authorization Filter: Before executing OnAuthorizationAsync on filter TUTOR.ERPS.API.Infa.Attribute.ApTokenAuth. |url: https://localhost/Member/StudentList|action: Data|
2023-07-17 18:08:53.6925|0|TRACE|Microsoft.AspNetCore.Mvc.Infrastructure.ControllerActionInvoker|Authorization Filter: After executing OnAuthorizationAsync on filter TUTOR.ERPS.API.Infa.Attribute.ApTokenAuth. |url: https://localhost/Member/StudentList|action: Data|
2023-07-17 18:08:53.6925|0|TRACE|Microsoft.AspNetCore.Mvc.Infrastructure.ControllerActionInvoker|Resource Filter: Before executing OnResourceExecuting on filter Microsoft.AspNetCore.Mvc.ViewFeatures.Filters.SaveTempDataFilter. |url: https://localhost/Member/StudentList|action: Data|
2023-07-17 18:08:53.6925|0|TRACE|Microsoft.AspNetCore.Mvc.Infrastructure.ControllerActionInvoker|Resource Filter: After executing OnResourceExecuting on filter Microsoft.AspNetCore.Mvc.ViewFeatures.Filters.SaveTempDataFilter. |url: https://localhost/Member/StudentList|action: Data|
2023-07-17 18:08:53.7457|0|TRACE|Microsoft.AspNetCore.Mvc.Infrastructure.ControllerActionInvoker|Action Filter: Before executing OnActionExecuting on filter Microsoft.AspNetCore.Mvc.ModelBinding.UnsupportedContentTypeFilter. |url: https://localhost/Member/StudentList|action: Data|
2023-07-17 18:08:53.7457|0|TRACE|Microsoft.AspNetCore.Mvc.Infrastructure.ControllerActionInvoker|Action Filter: After executing OnActionExecuting on filter Microsoft.AspNetCore.Mvc.ModelBinding.UnsupportedContentTypeFilter. |url: https://localhost/Member/StudentList|action: Data|
2023-07-17 18:08:53.7457|0|TRACE|Microsoft.AspNetCore.Mvc.Infrastructure.ControllerActionInvoker|Action Filter: Before executing OnActionExecuting on filter Microsoft.AspNetCore.Mvc.Infrastructure.ModelStateInvalidFilter. |url: https://localhost/Member/StudentList|action: Data|
2023-07-17 18:08:53.7457|0|TRACE|Microsoft.AspNetCore.Mvc.Infrastructure.ControllerActionInvoker|Action Filter: After executing OnActionExecuting on filter Microsoft.AspNetCore.Mvc.Infrastructure.ModelStateInvalidFilter. |url: https://localhost/Member/StudentList|action: Data|
2023-07-17 18:08:53.7553|0|TRACE|Microsoft.AspNetCore.Mvc.Infrastructure.ControllerActionInvoker|Executing action method IALW.API.ApiControllers.MemberController.Data (TUTOR.ERPS.Api) with arguments (-1) |url: https://localhost/Member/StudentList|action: Data|
2023-07-17 18:09:00.1944|0|TRACE|Microsoft.AspNetCore.Mvc.Infrastructure.ControllerActionInvoker|Action Filter: Before executing OnActionExecuted on filter Microsoft.AspNetCore.Mvc.Infrastructure.ModelStateInvalidFilter. |url: https://localhost/Member/StudentList|action: Data|
2023-07-17 18:09:00.1944|0|TRACE|Microsoft.AspNetCore.Mvc.Infrastructure.ControllerActionInvoker|Action Filter: After executing OnActionExecuted on filter Microsoft.AspNetCore.Mvc.Infrastructure.ModelStateInvalidFilter. |url: https://localhost/Member/StudentList|action: Data|
2023-07-17 18:09:00.1944|0|TRACE|Microsoft.AspNetCore.Mvc.Infrastructure.ControllerActionInvoker|Action Filter: Before executing OnActionExecuted on filter Microsoft.AspNetCore.Mvc.ModelBinding.UnsupportedContentTypeFilter. |url: https://localhost/Member/StudentList|action: Data|
2023-07-17 18:09:00.1944|0|TRACE|Microsoft.AspNetCore.Mvc.Infrastructure.ControllerActionInvoker|Action Filter: After executing OnActionExecuted on filter Microsoft.AspNetCore.Mvc.ModelBinding.UnsupportedContentTypeFilter. |url: https://localhost/Member/StudentList|action: Data|
2023-07-17 18:09:00.1944|0|TRACE|Microsoft.AspNetCore.Mvc.Infrastructure.ControllerActionInvoker|Resource Filter: Before executing OnResourceExecuted on filter Microsoft.AspNetCore.Mvc.ViewFeatures.Filters.SaveTempDataFilter. |url: https://localhost/Member/StudentList|action: Data|
2023-07-17 18:09:00.1944|0|TRACE|Microsoft.AspNetCore.Mvc.Infrastructure.ControllerActionInvoker|Resource Filter: After executing OnResourceExecuted on filter Microsoft.AspNetCore.Mvc.ViewFeatures.Filters.SaveTempDataFilter. |url: https://localhost/Member/StudentList|action: Data|
2023-07-17 18:36:30.8381|0|TRACE|Microsoft.AspNetCore.Server.Kestrel.Http2|Connection id "0HMS6M6ND9CT5" sending SETTINGS frame for stream ID 0 with length 18 and flags NONE. |url: |action: |
2023-07-17 18:36:30.8381|0|TRACE|Microsoft.AspNetCore.Server.Kestrel.Http2|Connection id "0HMS6M6ND9CT5" sending WINDOW_UPDATE frame for stream ID 0 with length 4 and flags 0x0. |url: |action: |
2023-07-17 18:36:30.8478|0|TRACE|Microsoft.AspNetCore.Server.Kestrel.Http2|Connection id "0HMS6M6ND9CT5" received SETTINGS frame for stream ID 0 with length 30 and flags NONE. |url: |action: |
2023-07-17 18:36:30.8478|0|TRACE|Microsoft.AspNetCore.Server.Kestrel.Http2|Connection id "0HMS6M6ND9CT5" sending SETTINGS frame for stream ID 0 with length 0 and flags ACK. |url: |action: |
2023-07-17 18:36:30.8478|0|TRACE|Microsoft.AspNetCore.Server.Kestrel.Http2|Connection id "0HMS6M6ND9CT5" received WINDOW_UPDATE frame for stream ID 0 with length 4 and flags 0x0. |url: |action: |
2023-07-17 18:36:30.8478|0|TRACE|Microsoft.AspNetCore.Server.Kestrel.Http2|Connection id "0HMS6M6ND9CT5" received HEADERS frame for stream ID 1 with length 2705 and flags END_STREAM, END_HEADERS, PRIORITY. |url: |action: |
2023-07-17 18:36:30.8758|0|TRACE|Microsoft.AspNetCore.Server.Kestrel.Http2|Connection id "0HMS6M6ND9CT5" received SETTINGS frame for stream ID 0 with length 0 and flags ACK. |url: |action: |
2023-07-17 18:36:30.9381|0|TRACE|Microsoft.AspNetCore.HostFiltering.HostFilteringMiddleware|All hosts are allowed. |url: https://localhost/swagger/index.html|action: |
2023-07-17 18:36:31.1260|0|TRACE|Microsoft.AspNetCore.Server.Kestrel.Http2|Connection id "0HMS6M6ND9CT5" sending HEADERS frame for stream ID 1 with length 66 and flags END_HEADERS. |url: https://localhost/swagger/index.html|action: |
2023-07-17 18:36:31.2808|0|TRACE|Microsoft.AspNetCore.Server.Kestrel.Http2|Connection id "0HMS6M6ND9CT5" sending DATA frame for stream ID 1 with length 1024 and flags NONE. |url: |action: |
2023-07-17 18:36:31.2808|0|TRACE|Microsoft.AspNetCore.Server.Kestrel.Http2|Connection id "0HMS6M6ND9CT5" sending DATA frame for stream ID 1 with length 1024 and flags NONE. |url: |action: |
2023-07-17 18:36:31.2865|0|TRACE|Microsoft.AspNetCore.Server.Kestrel.Http2|Connection id "0HMS6M6ND9CT5" sending DATA frame for stream ID 1 with length 1024 and flags NONE. |url: |action: |
2023-07-17 18:36:31.2865|0|TRACE|Microsoft.AspNetCore.Server.Kestrel.Http2|Connection id "0HMS6M6ND9CT5" sending DATA frame for stream ID 1 with length 1024 and flags NONE. |url: |action: |
2023-07-17 18:36:31.2865|0|TRACE|Microsoft.AspNetCore.Server.Kestrel.Http2|Connection id "0HMS6M6ND9CT5" sending DATA frame for stream ID 1 with length 999 and flags NONE. |url: |action: |
2023-07-17 18:36:31.2865|0|TRACE|Microsoft.AspNetCore.Server.Kestrel.Http2|Connection id "0HMS6M6ND9CT5" sending DATA frame for stream ID 1 with length 65 and flags NONE. |url: |action: |
2023-07-17 18:36:31.3020|0|TRACE|Microsoft.AspNetCore.Server.Kestrel.Http2|Connection id "0HMS6M6ND9CT5" sending DATA frame for stream ID 1 with length 16 and flags NONE. |url: |action: |
2023-07-17 18:36:31.3020|0|TRACE|Microsoft.AspNetCore.Server.Kestrel.Http2|Connection id "0HMS6M6ND9CT5" received HEADERS frame for stream ID 3 with length 2524 and flags END_STREAM, END_HEADERS, PRIORITY. |url: |action: |
2023-07-17 18:36:31.3020|0|TRACE|Microsoft.AspNetCore.Server.Kestrel.Http2|Connection id "0HMS6M6ND9CT5" received HEADERS frame for stream ID 5 with length 2620 and flags END_STREAM, END_HEADERS, PRIORITY. |url: |action: |
2023-07-17 18:36:31.3174|0|TRACE|Microsoft.AspNetCore.Server.Kestrel.Http2|Connection id "0HMS6M6ND9CT5" sending DATA frame for stream ID 1 with length 0 and flags END_STREAM. |url: |action: |
2023-07-17 18:36:31.3174|0|TRACE|Microsoft.AspNetCore.Server.Kestrel.Http2|Connection id "0HMS6M6ND9CT5" sending HEADERS frame for stream ID 5 with length 60 and flags END_HEADERS. |url: https://localhost/_framework/aspnetcore-browser-refresh.js|action: |
2023-07-17 18:36:31.3174|0|TRACE|Microsoft.AspNetCore.Server.Kestrel.Http2|Connection id "0HMS6M6ND9CT5" sending DATA frame for stream ID 5 with length 11998 and flags NONE. |url: |action: |
2023-07-17 18:36:31.3341|0|TRACE|Microsoft.AspNetCore.Server.Kestrel.Http2|Connection id "0HMS6M6ND9CT5" sending DATA frame for stream ID 5 with length 0 and flags END_STREAM. |url: |action: |
2023-07-17 18:36:31.3341|0|TRACE|Microsoft.AspNetCore.Server.Kestrel.Http2|Connection id "0HMS6M6ND9CT5" sending HEADERS frame for stream ID 3 with length 149 and flags END_HEADERS. |url: https://localhost/_vs/browserLink|action: |
2023-07-17 18:36:31.3341|0|TRACE|Microsoft.AspNetCore.Server.Kestrel.Http2|Connection id "0HMS6M6ND9CT5" sending DATA frame for stream ID 3 with length 9986 and flags NONE. |url: |action: |
2023-07-17 18:36:31.3486|0|TRACE|Microsoft.AspNetCore.Server.Kestrel.Http2|Connection id "0HMS6M6ND9CT5" sending DATA frame for stream ID 3 with length 10240 and flags NONE. |url: |action: |
2023-07-17 18:36:31.3486|0|TRACE|Microsoft.AspNetCore.Server.Kestrel.Http2|Connection id "0HMS6M6ND9CT5" sending DATA frame for stream ID 3 with length 10240 and flags NONE. |url: |action: |
2023-07-17 18:36:31.3649|0|TRACE|Microsoft.AspNetCore.Server.Kestrel.Http2|Connection id "0HMS6M6ND9CT5" sending DATA frame for stream ID 3 with length 10240 and flags NONE. |url: |action: |
2023-07-17 18:36:31.3649|0|TRACE|Microsoft.AspNetCore.Server.Kestrel.Http2|Connection id "0HMS6M6ND9CT5" sending DATA frame for stream ID 3 with length 10240 and flags NONE. |url: |action: |
2023-07-17 18:36:31.3649|0|TRACE|Microsoft.AspNetCore.Server.Kestrel.Http2|Connection id "0HMS6M6ND9CT5" sending DATA frame for stream ID 3 with length 10240 and flags NONE. |url: |action: |
2023-07-17 18:36:31.3649|0|TRACE|Microsoft.AspNetCore.Server.Kestrel.Http2|Connection id "0HMS6M6ND9CT5" sending DATA frame for stream ID 3 with length 10240 and flags NONE. |url: |action: |
2023-07-17 18:36:31.3795|0|TRACE|Microsoft.AspNetCore.Server.Kestrel.Http2|Connection id "0HMS6M6ND9CT5" sending DATA frame for stream ID 3 with length 10240 and flags NONE. |url: |action: |
2023-07-17 18:36:31.3795|0|TRACE|Microsoft.AspNetCore.Server.Kestrel.Http2|Connection id "0HMS6M6ND9CT5" sending DATA frame for stream ID 3 with length 10240 and flags NONE. |url: |action: |
2023-07-17 18:36:31.3795|0|TRACE|Microsoft.AspNetCore.Server.Kestrel.Http2|Connection id "0HMS6M6ND9CT5" sending DATA frame for stream ID 3 with length 10240 and flags NONE. |url: |action: |
2023-07-17 18:36:31.3795|0|TRACE|Microsoft.AspNetCore.Server.Kestrel.Http2|Connection id "0HMS6M6ND9CT5" sending DATA frame for stream ID 3 with length 10240 and flags NONE. |url: |action: |
2023-07-17 18:36:31.3961|0|TRACE|Microsoft.AspNetCore.Server.Kestrel.Http2|Connection id "0HMS6M6ND9CT5" sending DATA frame for stream ID 3 with length 10240 and flags NONE. |url: |action: |
2023-07-17 18:36:31.3961|0|TRACE|Microsoft.AspNetCore.Server.Kestrel.Http2|Connection id "0HMS6M6ND9CT5" sending DATA frame for stream ID 3 with length 10240 and flags NONE. |url: |action: |
2023-07-17 18:36:31.3961|0|TRACE|Microsoft.AspNetCore.Server.Kestrel.Http2|Connection id "0HMS6M6ND9CT5" sending DATA frame for stream ID 3 with length 10240 and flags NONE. |url: |action: |
2023-07-17 18:36:31.4119|0|TRACE|Microsoft.AspNetCore.Server.Kestrel.Http2|Connection id "0HMS6M6ND9CT5" sending DATA frame for stream ID 3 with length 10240 and flags NONE. |url: |action: |
2023-07-17 18:36:31.4119|0|TRACE|Microsoft.AspNetCore.Server.Kestrel.Http2|Connection id "0HMS6M6ND9CT5" sending DATA frame for stream ID 3 with length 10240 and flags NONE. |url: |action: |
2023-07-17 18:36:31.4119|0|TRACE|Microsoft.AspNetCore.Server.Kestrel.Http2|Connection id "0HMS6M6ND9CT5" sending DATA frame for stream ID 3 with length 10240 and flags NONE. |url: |action: |
2023-07-17 18:36:31.4268|0|TRACE|Microsoft.AspNetCore.Server.Kestrel.Http2|Connection id "0HMS6M6ND9CT5" sending DATA frame for stream ID 3 with length 10240 and flags NONE. |url: |action: |
2023-07-17 18:36:31.4268|0|TRACE|Microsoft.AspNetCore.Server.Kestrel.Http2|Connection id "0HMS6M6ND9CT5" sending DATA frame for stream ID 3 with length 10240 and flags NONE. |url: |action: |
2023-07-17 18:36:31.4268|0|TRACE|Microsoft.AspNetCore.Server.Kestrel.Http2|Connection id "0HMS6M6ND9CT5" sending DATA frame for stream ID 3 with length 10240 and flags NONE. |url: |action: |
2023-07-17 18:36:31.4418|0|TRACE|Microsoft.AspNetCore.Server.Kestrel.Http2|Connection id "0HMS6M6ND9CT5" sending DATA frame for stream ID 3 with length 10240 and flags NONE. |url: |action: |
2023-07-17 18:36:31.4418|0|TRACE|Microsoft.AspNetCore.Server.Kestrel.Http2|Connection id "0HMS6M6ND9CT5" sending DATA frame for stream ID 3 with length 10240 and flags NONE. |url: |action: |
2023-07-17 18:36:31.4418|0|TRACE|Microsoft.AspNetCore.Server.Kestrel.Http2|Connection id "0HMS6M6ND9CT5" sending DATA frame for stream ID 3 with length 10240 and flags NONE. |url: |action: |
2023-07-17 18:36:31.4418|0|TRACE|Microsoft.AspNetCore.Server.Kestrel.Http2|Connection id "0HMS6M6ND9CT5" sending DATA frame for stream ID 3 with length 10240 and flags NONE. |url: |action: |
2023-07-17 18:36:31.4418|0|TRACE|Microsoft.AspNetCore.Server.Kestrel.Http2|Connection id "0HMS6M6ND9CT5" sending DATA frame for stream ID 3 with length 10240 and flags NONE. |url: |action: |
2023-07-17 18:36:31.4578|0|TRACE|Microsoft.AspNetCore.Server.Kestrel.Http2|Connection id "0HMS6M6ND9CT5" sending DATA frame for stream ID 3 with length 10240 and flags NONE. |url: |action: |
2023-07-17 18:36:31.4578|0|TRACE|Microsoft.AspNetCore.Server.Kestrel.Http2|Connection id "0HMS6M6ND9CT5" sending DATA frame for stream ID 3 with length 10240 and flags NONE. |url: |action: |
2023-07-17 18:36:31.4578|0|TRACE|Microsoft.AspNetCore.Server.Kestrel.Http2|Connection id "0HMS6M6ND9CT5" sending DATA frame for stream ID 3 with length 10240 and flags NONE. |url: |action: |
2023-07-17 18:36:31.4578|0|TRACE|Microsoft.AspNetCore.Server.Kestrel.Http2|Connection id "0HMS6M6ND9CT5" sending DATA frame for stream ID 3 with length 10240 and flags NONE. |url: |action: |
2023-07-17 18:36:31.4744|0|TRACE|Microsoft.AspNetCore.Server.Kestrel.Http2|Connection id "0HMS6M6ND9CT5" sending DATA frame for stream ID 3 with length 10240 and flags NONE. |url: |action: |
2023-07-17 18:36:31.4744|0|TRACE|Microsoft.AspNetCore.Server.Kestrel.Http2|Connection id "0HMS6M6ND9CT5" sending DATA frame for stream ID 3 with length 10240 and flags NONE. |url: |action: |
2023-07-17 18:36:31.4744|0|TRACE|Microsoft.AspNetCore.Server.Kestrel.Http2|Connection id "0HMS6M6ND9CT5" sending DATA frame for stream ID 3 with length 10240 and flags NONE. |url: |action: |
2023-07-17 18:36:31.4744|0|TRACE|Microsoft.AspNetCore.Server.Kestrel.Http2|Connection id "0HMS6M6ND9CT5" sending DATA frame for stream ID 3 with length 10240 and flags NONE. |url: |action: |
2023-07-17 18:36:31.4901|0|TRACE|Microsoft.AspNetCore.Server.Kestrel.Http2|Connection id "0HMS6M6ND9CT5" sending DATA frame for stream ID 3 with length 10240 and flags NONE. |url: |action: |
2023-07-17 18:36:31.4901|0|TRACE|Microsoft.AspNetCore.Server.Kestrel.Http2|Connection id "0HMS6M6ND9CT5" sending DATA frame for stream ID 3 with length 10240 and flags NONE. |url: |action: |
2023-07-17 18:36:31.4901|0|TRACE|Microsoft.AspNetCore.Server.Kestrel.Http2|Connection id "0HMS6M6ND9CT5" sending DATA frame for stream ID 3 with length 10240 and flags NONE. |url: |action: |
2023-07-17 18:36:31.5040|0|TRACE|Microsoft.AspNetCore.Server.Kestrel.Http2|Connection id "0HMS6M6ND9CT5" sending DATA frame for stream ID 3 with length 10240 and flags NONE. |url: |action: |
2023-07-17 18:36:31.5040|0|TRACE|Microsoft.AspNetCore.Server.Kestrel.Http2|Connection id "0HMS6M6ND9CT5" sending DATA frame for stream ID 3 with length 10240 and flags NONE. |url: |action: |
2023-07-17 18:36:31.5040|0|TRACE|Microsoft.AspNetCore.Server.Kestrel.Http2|Connection id "0HMS6M6ND9CT5" sending DATA frame for stream ID 3 with length 10240 and flags NONE. |url: |action: |
2023-07-17 18:36:31.5040|0|TRACE|Microsoft.AspNetCore.Server.Kestrel.Http2|Connection id "0HMS6M6ND9CT5" sending DATA frame for stream ID 3 with length 10240 and flags NONE. |url: |action: |
2023-07-17 18:36:31.5040|0|TRACE|Microsoft.AspNetCore.Server.Kestrel.Http2|Connection id "0HMS6M6ND9CT5" sending DATA frame for stream ID 3 with length 10240 and flags NONE. |url: |action: |
2023-07-17 18:36:31.5213|0|TRACE|Microsoft.AspNetCore.Server.Kestrel.Http2|Connection id "0HMS6M6ND9CT5" sending DATA frame for stream ID 3 with length 10240 and flags NONE. |url: |action: |
2023-07-17 18:36:31.5213|0|TRACE|Microsoft.AspNetCore.Server.Kestrel.Http2|Connection id "0HMS6M6ND9CT5" sending DATA frame for stream ID 3 with length 10240 and flags NONE. |url: |action: |
2023-07-17 18:36:31.5213|0|TRACE|Microsoft.AspNetCore.Server.Kestrel.Http2|Connection id "0HMS6M6ND9CT5" sending DATA frame for stream ID 3 with length 10240 and flags NONE. |url: |action: |
2023-07-17 18:36:31.5213|0|TRACE|Microsoft.AspNetCore.Server.Kestrel.Http2|Connection id "0HMS6M6ND9CT5" sending DATA frame for stream ID 3 with length 10240 and flags NONE. |url: |action: |
2023-07-17 18:36:31.5352|0|TRACE|Microsoft.AspNetCore.Server.Kestrel.Http2|Connection id "0HMS6M6ND9CT5" sending DATA frame for stream ID 3 with length 10240 and flags NONE. |url: |action: |
2023-07-17 18:36:31.5352|0|TRACE|Microsoft.AspNetCore.Server.Kestrel.Http2|Connection id "0HMS6M6ND9CT5" sending DATA frame for stream ID 3 with length 10240 and flags NONE. |url: |action: |
2023-07-17 18:36:31.5352|0|TRACE|Microsoft.AspNetCore.Server.Kestrel.Http2|Connection id "0HMS6M6ND9CT5" sending DATA frame for stream ID 3 with length 10240 and flags NONE. |url: |action: |
2023-07-17 18:36:31.5352|0|TRACE|Microsoft.AspNetCore.Server.Kestrel.Http2|Connection id "0HMS6M6ND9CT5" sending DATA frame for stream ID 3 with length 10240 and flags NONE. |url: |action: |
2023-07-17 18:36:31.5352|0|TRACE|Microsoft.AspNetCore.Server.Kestrel.Http2|Connection id "0HMS6M6ND9CT5" sending DATA frame for stream ID 3 with length 10240 and flags NONE. |url: |action: |
2023-07-17 18:36:31.5515|0|TRACE|Microsoft.AspNetCore.Server.Kestrel.Http2|Connection id "0HMS6M6ND9CT5" sending DATA frame for stream ID 3 with length 10240 and flags NONE. |url: |action: |
2023-07-17 18:36:31.5515|0|TRACE|Microsoft.AspNetCore.Server.Kestrel.Http2|Connection id "0HMS6M6ND9CT5" sending DATA frame for stream ID 3 with length 10240 and flags NONE. |url: |action: |
2023-07-17 18:36:31.5515|0|TRACE|Microsoft.AspNetCore.Server.Kestrel.Http2|Connection id "0HMS6M6ND9CT5" sending DATA frame for stream ID 3 with length 10240 and flags NONE. |url: |action: |
2023-07-17 18:36:31.5515|0|TRACE|Microsoft.AspNetCore.Server.Kestrel.Http2|Connection id "0HMS6M6ND9CT5" sending DATA frame for stream ID 3 with length 10240 and flags NONE. |url: |action: |
2023-07-17 18:36:31.5670|0|TRACE|Microsoft.AspNetCore.Server.Kestrel.Http2|Connection id "0HMS6M6ND9CT5" sending DATA frame for stream ID 3 with length 10240 and flags NONE. |url: |action: |
2023-07-17 18:36:31.5670|0|TRACE|Microsoft.AspNetCore.Server.Kestrel.Http2|Connection id "0HMS6M6ND9CT5" sending DATA frame for stream ID 3 with length 10240 and flags NONE. |url: |action: |
2023-07-17 18:36:31.5670|0|TRACE|Microsoft.AspNetCore.Server.Kestrel.Http2|Connection id "0HMS6M6ND9CT5" sending DATA frame for stream ID 3 with length 10240 and flags NONE. |url: |action: |
2023-07-17 18:36:31.5670|0|TRACE|Microsoft.AspNetCore.Server.Kestrel.Http2|Connection id "0HMS6M6ND9CT5" sending DATA frame for stream ID 3 with length 10240 and flags NONE. |url: |action: |
2023-07-17 18:36:31.5834|0|TRACE|Microsoft.AspNetCore.Server.Kestrel.Http2|Connection id "0HMS6M6ND9CT5" sending DATA frame for stream ID 3 with length 10240 and flags NONE. |url: |action: |
2023-07-17 18:36:31.5834|0|TRACE|Microsoft.AspNetCore.Server.Kestrel.Http2|Connection id "0HMS6M6ND9CT5" sending DATA frame for stream ID 3 with length 10240 and flags NONE. |url: |action: |
2023-07-17 18:36:31.5834|0|TRACE|Microsoft.AspNetCore.Server.Kestrel.Http2|Connection id "0HMS6M6ND9CT5" sending DATA frame for stream ID 3 with length 10240 and flags NONE. |url: |action: |
2023-07-17 18:36:31.5834|0|TRACE|Microsoft.AspNetCore.Server.Kestrel.Http2|Connection id "0HMS6M6ND9CT5" sending DATA frame for stream ID 3 with length 10240 and flags NONE. |url: |action: |
2023-07-17 18:36:31.5834|0|TRACE|Microsoft.AspNetCore.Server.Kestrel.Http2|Connection id "0HMS6M6ND9CT5" sending DATA frame for stream ID 3 with length 10240 and flags NONE. |url: |action: |
2023-07-17 18:36:31.5982|0|TRACE|Microsoft.AspNetCore.Server.Kestrel.Http2|Connection id "0HMS6M6ND9CT5" sending DATA frame for stream ID 3 with length 10240 and flags NONE. |url: |action: |
2023-07-17 18:36:31.5982|0|TRACE|Microsoft.AspNetCore.Server.Kestrel.Http2|Connection id "0HMS6M6ND9CT5" sending DATA frame for stream ID 3 with length 10240 and flags NONE. |url: |action: |
2023-07-17 18:36:31.5982|0|TRACE|Microsoft.AspNetCore.Server.Kestrel.Http2|Connection id "0HMS6M6ND9CT5" sending DATA frame for stream ID 3 with length 10240 and flags NONE. |url: |action: |
2023-07-17 18:36:31.5982|0|TRACE|Microsoft.AspNetCore.Server.Kestrel.Http2|Connection id "0HMS6M6ND9CT5" sending DATA frame for stream ID 3 with length 10240 and flags NONE. |url: |action: |
2023-07-17 18:36:31.5982|0|TRACE|Microsoft.AspNetCore.Server.Kestrel.Http2|Connection id "0HMS6M6ND9CT5" sending DATA frame for stream ID 3 with length 10240 and flags NONE. |url: |action: |
2023-07-17 18:36:31.5982|0|TRACE|Microsoft.AspNetCore.Server.Kestrel.Http2|Connection id "0HMS6M6ND9CT5" sending DATA frame for stream ID 3 with length 10240 and flags NONE. |url: |action: |
2023-07-17 18:36:31.5982|0|TRACE|Microsoft.AspNetCore.Server.Kestrel.Http2|Connection id "0HMS6M6ND9CT5" sending DATA frame for stream ID 3 with length 10240 and flags NONE. |url: |action: |
2023-07-17 18:36:31.6151|0|TRACE|Microsoft.AspNetCore.Server.Kestrel.Http2|Connection id "0HMS6M6ND9CT5" sending DATA frame for stream ID 3 with length 10240 and flags NONE. |url: |action: |
2023-07-17 18:36:31.6151|0|TRACE|Microsoft.AspNetCore.Server.Kestrel.Http2|Connection id "0HMS6M6ND9CT5" sending DATA frame for stream ID 3 with length 10240 and flags NONE. |url: |action: |
2023-07-17 18:36:31.6151|0|TRACE|Microsoft.AspNetCore.Server.Kestrel.Http2|Connection id "0HMS6M6ND9CT5" sending DATA frame for stream ID 3 with length 10240 and flags NONE. |url: |action: |
2023-07-17 18:36:31.6151|0|TRACE|Microsoft.AspNetCore.Server.Kestrel.Http2|Connection id "0HMS6M6ND9CT5" sending DATA frame for stream ID 3 with length 9517 and flags NONE. |url: |action: |
2023-07-17 18:36:31.6302|0|TRACE|Microsoft.AspNetCore.Server.Kestrel.Http2|Connection id "0HMS6M6ND9CT5" sending DATA frame for stream ID 3 with length 0 and flags END_STREAM. |url: |action: |
2023-07-17 18:36:31.6592|0|TRACE|Microsoft.AspNetCore.Server.Kestrel.Http2|Connection id "0HMS6M6ND9CT5" received HEADERS frame for stream ID 7 with length 2618 and flags END_STREAM, END_HEADERS, PRIORITY. |url: |action: |
2023-07-17 18:36:31.6616|0|TRACE|Microsoft.AspNetCore.HostFiltering.HostFilteringMiddleware|All hosts are allowed. |url: https://localhost/swagger/v1/swagger.json|action: |
2023-07-17 18:36:31.7871|0|TRACE|Microsoft.AspNetCore.Server.Kestrel.Http2|Connection id "0HMS6M6ND9CT5" sending HEADERS frame for stream ID 7 with length 35 and flags END_HEADERS. |url: https://localhost/swagger/v1/swagger.json|action: |
2023-07-17 18:36:31.7871|0|TRACE|Microsoft.AspNetCore.Server.Kestrel.Http2|Connection id "0HMS6M6ND9CT5" sending DATA frame for stream ID 7 with length 8912 and flags NONE. |url: |action: |
2023-07-17 18:36:31.7871|0|TRACE|Microsoft.AspNetCore.Server.Kestrel.Http2|Connection id "0HMS6M6ND9CT5" sending DATA frame for stream ID 7 with length 0 and flags END_STREAM. |url: |action: |
2023-07-17 18:50:11.8944|0|TRACE|Microsoft.AspNetCore.Server.Kestrel.Http2|Connection id "0HMS6MEC0CGD7" sending SETTINGS frame for stream ID 0 with length 18 and flags NONE. |url: |action: |
2023-07-17 18:50:11.8962|0|TRACE|Microsoft.AspNetCore.Server.Kestrel.Http2|Connection id "0HMS6MEC0CGD7" sending WINDOW_UPDATE frame for stream ID 0 with length 4 and flags 0x0. |url: |action: |
2023-07-17 18:50:11.8962|0|TRACE|Microsoft.AspNetCore.Server.Kestrel.Http2|Connection id "0HMS6MEC0CGD7" received SETTINGS frame for stream ID 0 with length 30 and flags NONE. |url: |action: |
2023-07-17 18:50:11.9109|0|TRACE|Microsoft.AspNetCore.Server.Kestrel.Http2|Connection id "0HMS6MEC0CGD7" sending SETTINGS frame for stream ID 0 with length 0 and flags ACK. |url: |action: |
2023-07-17 18:50:11.9109|0|TRACE|Microsoft.AspNetCore.Server.Kestrel.Http2|Connection id "0HMS6MEC0CGD7" received WINDOW_UPDATE frame for stream ID 0 with length 4 and flags 0x0. |url: |action: |
2023-07-17 18:50:11.9109|0|TRACE|Microsoft.AspNetCore.Server.Kestrel.Http2|Connection id "0HMS6MEC0CGD7" received HEADERS frame for stream ID 1 with length 2705 and flags END_STREAM, END_HEADERS, PRIORITY. |url: |action: |
2023-07-17 18:50:11.9397|0|TRACE|Microsoft.AspNetCore.Server.Kestrel.Http2|Connection id "0HMS6MEC0CGD7" received SETTINGS frame for stream ID 0 with length 0 and flags ACK. |url: |action: |
2023-07-17 18:50:12.0083|0|TRACE|Microsoft.AspNetCore.HostFiltering.HostFilteringMiddleware|All hosts are allowed. |url: https://localhost/swagger/index.html|action: |
2023-07-17 18:50:12.2230|0|TRACE|Microsoft.AspNetCore.Server.Kestrel.Http2|Connection id "0HMS6MEC0CGD7" sending HEADERS frame for stream ID 1 with length 66 and flags END_HEADERS. |url: https://localhost/swagger/index.html|action: |
2023-07-17 18:50:12.3832|0|TRACE|Microsoft.AspNetCore.Server.Kestrel.Http2|Connection id "0HMS6MEC0CGD7" sending DATA frame for stream ID 1 with length 1024 and flags NONE. |url: |action: |
2023-07-17 18:50:12.3832|0|TRACE|Microsoft.AspNetCore.Server.Kestrel.Http2|Connection id "0HMS6MEC0CGD7" sending DATA frame for stream ID 1 with length 1024 and flags NONE. |url: |action: |
2023-07-17 18:50:12.3832|0|TRACE|Microsoft.AspNetCore.Server.Kestrel.Http2|Connection id "0HMS6MEC0CGD7" sending DATA frame for stream ID 1 with length 1024 and flags NONE. |url: |action: |
2023-07-17 18:50:12.3963|0|TRACE|Microsoft.AspNetCore.Server.Kestrel.Http2|Connection id "0HMS6MEC0CGD7" sending DATA frame for stream ID 1 with length 1024 and flags NONE. |url: |action: |
2023-07-17 18:50:12.3963|0|TRACE|Microsoft.AspNetCore.Server.Kestrel.Http2|Connection id "0HMS6MEC0CGD7" sending DATA frame for stream ID 1 with length 999 and flags NONE. |url: |action: |
2023-07-17 18:50:12.3963|0|TRACE|Microsoft.AspNetCore.Server.Kestrel.Http2|Connection id "0HMS6MEC0CGD7" sending DATA frame for stream ID 1 with length 65 and flags NONE. |url: |action: |
2023-07-17 18:50:12.4124|0|TRACE|Microsoft.AspNetCore.Server.Kestrel.Http2|Connection id "0HMS6MEC0CGD7" sending DATA frame for stream ID 1 with length 16 and flags NONE. |url: |action: |
2023-07-17 18:50:12.4505|0|TRACE|Microsoft.AspNetCore.Server.Kestrel.Http2|Connection id "0HMS6MEC0CGD7" received HEADERS frame for stream ID 3 with length 2518 and flags END_STREAM, END_HEADERS, PRIORITY. |url: |action: |
2023-07-17 18:50:12.4505|0|TRACE|Microsoft.AspNetCore.Server.Kestrel.Http2|Connection id "0HMS6MEC0CGD7" received HEADERS frame for stream ID 5 with length 2626 and flags END_STREAM, END_HEADERS, PRIORITY. |url: |action: |
2023-07-17 18:50:12.4505|0|TRACE|Microsoft.AspNetCore.Server.Kestrel.Http2|Connection id "0HMS6MEC0CGD7" sending DATA frame for stream ID 1 with length 0 and flags END_STREAM. |url: |action: |
2023-07-17 18:50:12.4567|0|TRACE|Microsoft.AspNetCore.Server.Kestrel.Http2|Connection id "0HMS6MEC0CGD7" sending HEADERS frame for stream ID 3 with length 60 and flags END_HEADERS. |url: https://localhost/_framework/aspnetcore-browser-refresh.js|action: |
2023-07-17 18:50:12.4567|0|TRACE|Microsoft.AspNetCore.Server.Kestrel.Http2|Connection id "0HMS6MEC0CGD7" sending DATA frame for stream ID 3 with length 11998 and flags NONE. |url: |action: |
2023-07-17 18:50:12.4567|0|TRACE|Microsoft.AspNetCore.Server.Kestrel.Http2|Connection id "0HMS6MEC0CGD7" sending DATA frame for stream ID 3 with length 0 and flags END_STREAM. |url: |action: |
2023-07-17 18:50:12.4934|0|TRACE|Microsoft.AspNetCore.Server.Kestrel.Http2|Connection id "0HMS6MEC0CGD7" sending HEADERS frame for stream ID 5 with length 149 and flags END_HEADERS. |url: https://localhost/_vs/browserLink|action: |
2023-07-17 18:50:12.4934|0|TRACE|Microsoft.AspNetCore.Server.Kestrel.Http2|Connection id "0HMS6MEC0CGD7" sending DATA frame for stream ID 5 with length 9986 and flags NONE. |url: |action: |
2023-07-17 18:50:12.5058|0|TRACE|Microsoft.AspNetCore.Server.Kestrel.Http2|Connection id "0HMS6MEC0CGD7" sending DATA frame for stream ID 5 with length 10240 and flags NONE. |url: |action: |
2023-07-17 18:50:12.5058|0|TRACE|Microsoft.AspNetCore.Server.Kestrel.Http2|Connection id "0HMS6MEC0CGD7" sending DATA frame for stream ID 5 with length 10240 and flags NONE. |url: |action: |
2023-07-17 18:50:12.5058|0|TRACE|Microsoft.AspNetCore.Server.Kestrel.Http2|Connection id "0HMS6MEC0CGD7" sending DATA frame for stream ID 5 with length 10240 and flags NONE. |url: |action: |
2023-07-17 18:50:12.5058|0|TRACE|Microsoft.AspNetCore.Server.Kestrel.Http2|Connection id "0HMS6MEC0CGD7" sending DATA frame for stream ID 5 with length 10240 and flags NONE. |url: |action: |
2023-07-17 18:50:12.5058|0|TRACE|Microsoft.AspNetCore.Server.Kestrel.Http2|Connection id "0HMS6MEC0CGD7" sending DATA frame for stream ID 5 with length 10240 and flags NONE. |url: |action: |
2023-07-17 18:50:12.5212|0|TRACE|Microsoft.AspNetCore.Server.Kestrel.Http2|Connection id "0HMS6MEC0CGD7" sending DATA frame for stream ID 5 with length 10240 and flags NONE. |url: |action: |
2023-07-17 18:50:12.5212|0|TRACE|Microsoft.AspNetCore.Server.Kestrel.Http2|Connection id "0HMS6MEC0CGD7" sending DATA frame for stream ID 5 with length 10240 and flags NONE. |url: |action: |
2023-07-17 18:50:12.5361|0|TRACE|Microsoft.AspNetCore.Server.Kestrel.Http2|Connection id "0HMS6MEC0CGD7" sending DATA frame for stream ID 5 with length 10240 and flags NONE. |url: |action: |
2023-07-17 18:50:12.5361|0|TRACE|Microsoft.AspNetCore.Server.Kestrel.Http2|Connection id "0HMS6MEC0CGD7" sending DATA frame for stream ID 5 with length 10240 and flags NONE. |url: |action: |
2023-07-17 18:50:12.5361|0|TRACE|Microsoft.AspNetCore.Server.Kestrel.Http2|Connection id "0HMS6MEC0CGD7" sending DATA frame for stream ID 5 with length 10240 and flags NONE. |url: |action: |
2023-07-17 18:50:12.5361|0|TRACE|Microsoft.AspNetCore.Server.Kestrel.Http2|Connection id "0HMS6MEC0CGD7" sending DATA frame for stream ID 5 with length 10240 and flags NONE. |url: |action: |
2023-07-17 18:50:12.5361|0|TRACE|Microsoft.AspNetCore.Server.Kestrel.Http2|Connection id "0HMS6MEC0CGD7" sending DATA frame for stream ID 5 with length 10240 and flags NONE. |url: |action: |
2023-07-17 18:50:12.5361|0|TRACE|Microsoft.AspNetCore.Server.Kestrel.Http2|Connection id "0HMS6MEC0CGD7" sending DATA frame for stream ID 5 with length 10240 and flags NONE. |url: |action: |
2023-07-17 18:50:12.5361|0|TRACE|Microsoft.AspNetCore.Server.Kestrel.Http2|Connection id "0HMS6MEC0CGD7" sending DATA frame for stream ID 5 with length 10240 and flags NONE. |url: |action: |
2023-07-17 18:50:12.5518|0|TRACE|Microsoft.AspNetCore.Server.Kestrel.Http2|Connection id "0HMS6MEC0CGD7" sending DATA frame for stream ID 5 with length 10240 and flags NONE. |url: |action: |
2023-07-17 18:50:12.5518|0|TRACE|Microsoft.AspNetCore.Server.Kestrel.Http2|Connection id "0HMS6MEC0CGD7" sending DATA frame for stream ID 5 with length 10240 and flags NONE. |url: |action: |
2023-07-17 18:50:12.5518|0|TRACE|Microsoft.AspNetCore.Server.Kestrel.Http2|Connection id "0HMS6MEC0CGD7" sending DATA frame for stream ID 5 with length 10240 and flags NONE. |url: |action: |
2023-07-17 18:50:12.5518|0|TRACE|Microsoft.AspNetCore.Server.Kestrel.Http2|Connection id "0HMS6MEC0CGD7" sending DATA frame for stream ID 5 with length 10240 and flags NONE. |url: |action: |
2023-07-17 18:50:12.5518|0|TRACE|Microsoft.AspNetCore.Server.Kestrel.Http2|Connection id "0HMS6MEC0CGD7" sending DATA frame for stream ID 5 with length 10240 and flags NONE. |url: |action: |
2023-07-17 18:50:12.5518|0|TRACE|Microsoft.AspNetCore.Server.Kestrel.Http2|Connection id "0HMS6MEC0CGD7" sending DATA frame for stream ID 5 with length 10240 and flags NONE. |url: |action: |
2023-07-17 18:50:12.5672|0|TRACE|Microsoft.AspNetCore.Server.Kestrel.Http2|Connection id "0HMS6MEC0CGD7" sending DATA frame for stream ID 5 with length 10240 and flags NONE. |url: |action: |
2023-07-17 18:50:12.5672|0|TRACE|Microsoft.AspNetCore.Server.Kestrel.Http2|Connection id "0HMS6MEC0CGD7" sending DATA frame for stream ID 5 with length 10240 and flags NONE. |url: |action: |
2023-07-17 18:50:12.5672|0|TRACE|Microsoft.AspNetCore.Server.Kestrel.Http2|Connection id "0HMS6MEC0CGD7" sending DATA frame for stream ID 5 with length 10240 and flags NONE. |url: |action: |
2023-07-17 18:50:12.5672|0|TRACE|Microsoft.AspNetCore.Server.Kestrel.Http2|Connection id "0HMS6MEC0CGD7" sending DATA frame for stream ID 5 with length 10240 and flags NONE. |url: |action: |
2023-07-17 18:50:12.5672|0|TRACE|Microsoft.AspNetCore.Server.Kestrel.Http2|Connection id "0HMS6MEC0CGD7" sending DATA frame for stream ID 5 with length 10240 and flags NONE. |url: |action: |
2023-07-17 18:50:12.5672|0|TRACE|Microsoft.AspNetCore.Server.Kestrel.Http2|Connection id "0HMS6MEC0CGD7" sending DATA frame for stream ID 5 with length 10240 and flags NONE. |url: |action: |
2023-07-17 18:50:12.5825|0|TRACE|Microsoft.AspNetCore.Server.Kestrel.Http2|Connection id "0HMS6MEC0CGD7" sending DATA frame for stream ID 5 with length 10240 and flags NONE. |url: |action: |
2023-07-17 18:50:12.5825|0|TRACE|Microsoft.AspNetCore.Server.Kestrel.Http2|Connection id "0HMS6MEC0CGD7" sending DATA frame for stream ID 5 with length 10240 and flags NONE. |url: |action: |
2023-07-17 18:50:12.5825|0|TRACE|Microsoft.AspNetCore.Server.Kestrel.Http2|Connection id "0HMS6MEC0CGD7" sending DATA frame for stream ID 5 with length 10240 and flags NONE. |url: |action: |
2023-07-17 18:50:12.5825|0|TRACE|Microsoft.AspNetCore.Server.Kestrel.Http2|Connection id "0HMS6MEC0CGD7" sending DATA frame for stream ID 5 with length 10240 and flags NONE. |url: |action: |
2023-07-17 18:50:12.5990|0|TRACE|Microsoft.AspNetCore.Server.Kestrel.Http2|Connection id "0HMS6MEC0CGD7" sending DATA frame for stream ID 5 with length 10240 and flags NONE. |url: |action: |
2023-07-17 18:50:12.5990|0|TRACE|Microsoft.AspNetCore.Server.Kestrel.Http2|Connection id "0HMS6MEC0CGD7" sending DATA frame for stream ID 5 with length 10240 and flags NONE. |url: |action: |
2023-07-17 18:50:12.5990|0|TRACE|Microsoft.AspNetCore.Server.Kestrel.Http2|Connection id "0HMS6MEC0CGD7" sending DATA frame for stream ID 5 with length 10240 and flags NONE. |url: |action: |
2023-07-17 18:50:12.5990|0|TRACE|Microsoft.AspNetCore.Server.Kestrel.Http2|Connection id "0HMS6MEC0CGD7" sending DATA frame for stream ID 5 with length 10240 and flags NONE. |url: |action: |
2023-07-17 18:50:12.6148|0|TRACE|Microsoft.AspNetCore.Server.Kestrel.Http2|Connection id "0HMS6MEC0CGD7" sending DATA frame for stream ID 5 with length 10240 and flags NONE. |url: |action: |
2023-07-17 18:50:12.6148|0|TRACE|Microsoft.AspNetCore.Server.Kestrel.Http2|Connection id "0HMS6MEC0CGD7" sending DATA frame for stream ID 5 with length 10240 and flags NONE. |url: |action: |
2023-07-17 18:50:12.6148|0|TRACE|Microsoft.AspNetCore.Server.Kestrel.Http2|Connection id "0HMS6MEC0CGD7" sending DATA frame for stream ID 5 with length 10240 and flags NONE. |url: |action: |
2023-07-17 18:50:12.6148|0|TRACE|Microsoft.AspNetCore.Server.Kestrel.Http2|Connection id "0HMS6MEC0CGD7" sending DATA frame for stream ID 5 with length 10240 and flags NONE. |url: |action: |
2023-07-17 18:50:12.6148|0|TRACE|Microsoft.AspNetCore.Server.Kestrel.Http2|Connection id "0HMS6MEC0CGD7" sending DATA frame for stream ID 5 with length 10240 and flags NONE. |url: |action: |
2023-07-17 18:50:12.6297|0|TRACE|Microsoft.AspNetCore.Server.Kestrel.Http2|Connection id "0HMS6MEC0CGD7" sending DATA frame for stream ID 5 with length 10240 and flags NONE. |url: |action: |
2023-07-17 18:50:12.6297|0|TRACE|Microsoft.AspNetCore.Server.Kestrel.Http2|Connection id "0HMS6MEC0CGD7" sending DATA frame for stream ID 5 with length 10240 and flags NONE. |url: |action: |
2023-07-17 18:50:12.6297|0|TRACE|Microsoft.AspNetCore.Server.Kestrel.Http2|Connection id "0HMS6MEC0CGD7" sending DATA frame for stream ID 5 with length 10240 and flags NONE. |url: |action: |
2023-07-17 18:50:12.6297|0|TRACE|Microsoft.AspNetCore.Server.Kestrel.Http2|Connection id "0HMS6MEC0CGD7" sending DATA frame for stream ID 5 with length 10240 and flags NONE. |url: |action: |
2023-07-17 18:50:12.6455|0|TRACE|Microsoft.AspNetCore.Server.Kestrel.Http2|Connection id "0HMS6MEC0CGD7" sending DATA frame for stream ID 5 with length 10240 and flags NONE. |url: |action: |
2023-07-17 18:50:12.6455|0|TRACE|Microsoft.AspNetCore.Server.Kestrel.Http2|Connection id "0HMS6MEC0CGD7" sending DATA frame for stream ID 5 with length 10240 and flags NONE. |url: |action: |
2023-07-17 18:50:12.6455|0|TRACE|Microsoft.AspNetCore.Server.Kestrel.Http2|Connection id "0HMS6MEC0CGD7" sending DATA frame for stream ID 5 with length 10240 and flags NONE. |url: |action: |
2023-07-17 18:50:12.6455|0|TRACE|Microsoft.AspNetCore.Server.Kestrel.Http2|Connection id "0HMS6MEC0CGD7" sending DATA frame for stream ID 5 with length 10240 and flags NONE. |url: |action: |
2023-07-17 18:50:12.6455|0|TRACE|Microsoft.AspNetCore.Server.Kestrel.Http2|Connection id "0HMS6MEC0CGD7" sending DATA frame for stream ID 5 with length 10240 and flags NONE. |url: |action: |
2023-07-17 18:50:12.6455|0|TRACE|Microsoft.AspNetCore.Server.Kestrel.Http2|Connection id "0HMS6MEC0CGD7" sending DATA frame for stream ID 5 with length 10240 and flags NONE. |url: |action: |
2023-07-17 18:50:12.6613|0|TRACE|Microsoft.AspNetCore.Server.Kestrel.Http2|Connection id "0HMS6MEC0CGD7" sending DATA frame for stream ID 5 with length 10240 and flags NONE. |url: |action: |
2023-07-17 18:50:12.6613|0|TRACE|Microsoft.AspNetCore.Server.Kestrel.Http2|Connection id "0HMS6MEC0CGD7" sending DATA frame for stream ID 5 with length 10240 and flags NONE. |url: |action: |
2023-07-17 18:50:12.6613|0|TRACE|Microsoft.AspNetCore.Server.Kestrel.Http2|Connection id "0HMS6MEC0CGD7" sending DATA frame for stream ID 5 with length 10240 and flags NONE. |url: |action: |
2023-07-17 18:50:12.6613|0|TRACE|Microsoft.AspNetCore.Server.Kestrel.Http2|Connection id "0HMS6MEC0CGD7" sending DATA frame for stream ID 5 with length 10240 and flags NONE. |url: |action: |
2023-07-17 18:50:12.6767|0|TRACE|Microsoft.AspNetCore.Server.Kestrel.Http2|Connection id "0HMS6MEC0CGD7" sending DATA frame for stream ID 5 with length 10240 and flags NONE. |url: |action: |
2023-07-17 18:50:12.6767|0|TRACE|Microsoft.AspNetCore.Server.Kestrel.Http2|Connection id "0HMS6MEC0CGD7" sending DATA frame for stream ID 5 with length 10240 and flags NONE. |url: |action: |
2023-07-17 18:50:12.6767|0|TRACE|Microsoft.AspNetCore.Server.Kestrel.Http2|Connection id "0HMS6MEC0CGD7" sending DATA frame for stream ID 5 with length 10240 and flags NONE. |url: |action: |
2023-07-17 18:50:12.6767|0|TRACE|Microsoft.AspNetCore.Server.Kestrel.Http2|Connection id "0HMS6MEC0CGD7" sending DATA frame for stream ID 5 with length 10240 and flags NONE. |url: |action: |
2023-07-17 18:50:12.6767|0|TRACE|Microsoft.AspNetCore.Server.Kestrel.Http2|Connection id "0HMS6MEC0CGD7" sending DATA frame for stream ID 5 with length 10240 and flags NONE. |url: |action: |
2023-07-17 18:50:12.6924|0|TRACE|Microsoft.AspNetCore.Server.Kestrel.Http2|Connection id "0HMS6MEC0CGD7" sending DATA frame for stream ID 5 with length 10240 and flags NONE. |url: |action: |
2023-07-17 18:50:12.6924|0|TRACE|Microsoft.AspNetCore.Server.Kestrel.Http2|Connection id "0HMS6MEC0CGD7" sending DATA frame for stream ID 5 with length 10240 and flags NONE. |url: |action: |
2023-07-17 18:50:12.6924|0|TRACE|Microsoft.AspNetCore.Server.Kestrel.Http2|Connection id "0HMS6MEC0CGD7" sending DATA frame for stream ID 5 with length 10240 and flags NONE. |url: |action: |
2023-07-17 18:50:12.6924|0|TRACE|Microsoft.AspNetCore.Server.Kestrel.Http2|Connection id "0HMS6MEC0CGD7" sending DATA frame for stream ID 5 with length 10240 and flags NONE. |url: |action: |
2023-07-17 18:50:12.6924|0|TRACE|Microsoft.AspNetCore.Server.Kestrel.Http2|Connection id "0HMS6MEC0CGD7" sending DATA frame for stream ID 5 with length 10240 and flags NONE. |url: |action: |
2023-07-17 18:50:12.6924|0|TRACE|Microsoft.AspNetCore.Server.Kestrel.Http2|Connection id "0HMS6MEC0CGD7" sending DATA frame for stream ID 5 with length 10240 and flags NONE. |url: |action: |
2023-07-17 18:50:12.6924|0|TRACE|Microsoft.AspNetCore.Server.Kestrel.Http2|Connection id "0HMS6MEC0CGD7" sending DATA frame for stream ID 5 with length 10240 and flags NONE. |url: |action: |
2023-07-17 18:50:12.7077|0|TRACE|Microsoft.AspNetCore.Server.Kestrel.Http2|Connection id "0HMS6MEC0CGD7" sending DATA frame for stream ID 5 with length 10240 and flags NONE. |url: |action: |
2023-07-17 18:50:12.7077|0|TRACE|Microsoft.AspNetCore.Server.Kestrel.Http2|Connection id "0HMS6MEC0CGD7" sending DATA frame for stream ID 5 with length 10240 and flags NONE. |url: |action: |
2023-07-17 18:50:12.7077|0|TRACE|Microsoft.AspNetCore.Server.Kestrel.Http2|Connection id "0HMS6MEC0CGD7" sending DATA frame for stream ID 5 with length 10240 and flags NONE. |url: |action: |
2023-07-17 18:50:12.7077|0|TRACE|Microsoft.AspNetCore.Server.Kestrel.Http2|Connection id "0HMS6MEC0CGD7" sending DATA frame for stream ID 5 with length 10240 and flags NONE. |url: |action: |
2023-07-17 18:50:12.7077|0|TRACE|Microsoft.AspNetCore.Server.Kestrel.Http2|Connection id "0HMS6MEC0CGD7" sending DATA frame for stream ID 5 with length 10240 and flags NONE. |url: |action: |
2023-07-17 18:50:12.7077|0|TRACE|Microsoft.AspNetCore.Server.Kestrel.Http2|Connection id "0HMS6MEC0CGD7" sending DATA frame for stream ID 5 with length 10240 and flags NONE. |url: |action: |
2023-07-17 18:50:12.7235|0|TRACE|Microsoft.AspNetCore.Server.Kestrel.Http2|Connection id "0HMS6MEC0CGD7" sending DATA frame for stream ID 5 with length 10240 and flags NONE. |url: |action: |
2023-07-17 18:50:12.7235|0|TRACE|Microsoft.AspNetCore.Server.Kestrel.Http2|Connection id "0HMS6MEC0CGD7" sending DATA frame for stream ID 5 with length 9517 and flags NONE. |url: |action: |
2023-07-17 18:50:12.7235|0|TRACE|Microsoft.AspNetCore.Server.Kestrel.Http2|Connection id "0HMS6MEC0CGD7" sending DATA frame for stream ID 5 with length 0 and flags END_STREAM. |url: |action: |
2023-07-17 18:50:12.7630|0|TRACE|Microsoft.AspNetCore.Server.Kestrel.Http2|Connection id "0HMS6MEC0CGD7" received HEADERS frame for stream ID 7 with length 2618 and flags END_STREAM, END_HEADERS, PRIORITY. |url: |action: |
2023-07-17 18:50:12.7699|0|TRACE|Microsoft.AspNetCore.HostFiltering.HostFilteringMiddleware|All hosts are allowed. |url: https://localhost/swagger/v1/swagger.json|action: |
2023-07-17 18:50:12.9101|0|TRACE|Microsoft.AspNetCore.Server.Kestrel.Http2|Connection id "0HMS6MEC0CGD7" sending HEADERS frame for stream ID 7 with length 35 and flags END_HEADERS. |url: https://localhost/swagger/v1/swagger.json|action: |
2023-07-17 18:50:12.9105|0|TRACE|Microsoft.AspNetCore.Server.Kestrel.Http2|Connection id "0HMS6MEC0CGD7" sending DATA frame for stream ID 7 with length 8912 and flags NONE. |url: |action: |
2023-07-17 18:50:12.9105|0|TRACE|Microsoft.AspNetCore.Server.Kestrel.Http2|Connection id "0HMS6MEC0CGD7" sending DATA frame for stream ID 7 with length 0 and flags END_STREAM. |url: |action: |
2023-07-17 18:50:38.7670|0|TRACE|Microsoft.AspNetCore.Server.Kestrel.Http2|Connection id "0HMS6MEC0CGD7" received HEADERS frame for stream ID 9 with length 2628 and flags END_STREAM, END_HEADERS, PRIORITY. |url: |action: |
2023-07-17 18:50:38.7754|0|TRACE|Microsoft.AspNetCore.Server.Kestrel.Http2|Connection id "0HMS6MEC0CGD7" received PING frame for stream ID 0 with length 8 and flags NONE. |url: |action: |
2023-07-17 18:50:38.7754|0|TRACE|Microsoft.AspNetCore.HostFiltering.HostFilteringMiddleware|All hosts are allowed. |url: https://localhost/Member/StudentList|action: |
2023-07-17 18:50:38.7754|0|TRACE|Microsoft.AspNetCore.Server.Kestrel.Http2|Connection id "0HMS6MEC0CGD7" sending PING frame for stream ID 0 with length 8 and flags ACK. |url: |action: |
2023-07-17 18:50:38.9319|0|TRACE|Microsoft.AspNetCore.Mvc.Infrastructure.ControllerActionInvoker|Authorization Filter: Before executing OnAuthorizationAsync on filter TUTOR.ERPS.API.Infa.Attribute.ApTokenAuth. |url: https://localhost/Member/StudentList|action: Data|
2023-07-17 18:50:42.2646|0|TRACE|Microsoft.AspNetCore.Mvc.Infrastructure.ControllerActionInvoker|Authorization Filter: After executing OnAuthorizationAsync on filter TUTOR.ERPS.API.Infa.Attribute.ApTokenAuth. |url: https://localhost/Member/StudentList|action: Data|
2023-07-17 18:50:42.2646|0|TRACE|Microsoft.AspNetCore.Mvc.Infrastructure.ControllerActionInvoker|Resource Filter: Before executing OnResourceExecuting on filter Microsoft.AspNetCore.Mvc.ViewFeatures.Filters.SaveTempDataFilter. |url: https://localhost/Member/StudentList|action: Data|
2023-07-17 18:50:42.2646|0|TRACE|Microsoft.AspNetCore.Mvc.Infrastructure.ControllerActionInvoker|Resource Filter: After executing OnResourceExecuting on filter Microsoft.AspNetCore.Mvc.ViewFeatures.Filters.SaveTempDataFilter. |url: https://localhost/Member/StudentList|action: Data|
2023-07-17 18:50:42.2705|0|TRACE|Microsoft.AspNetCore.Mvc.Infrastructure.ControllerActionInvoker|Resource Filter: Before executing OnResourceExecuted on filter Microsoft.AspNetCore.Mvc.ViewFeatures.Filters.SaveTempDataFilter. |url: https://localhost/Member/StudentList|action: Data|
2023-07-17 18:50:42.2705|0|TRACE|Microsoft.AspNetCore.Mvc.Infrastructure.ControllerActionInvoker|Resource Filter: After executing OnResourceExecuted on filter Microsoft.AspNetCore.Mvc.ViewFeatures.Filters.SaveTempDataFilter. |url: https://localhost/Member/StudentList|action: Data|
2023-07-17 18:52:13.0018|0|TRACE|Microsoft.AspNetCore.Server.Kestrel.Http2|Connection id "0HMS6MFG69555" sending SETTINGS frame for stream ID 0 with length 18 and flags NONE. |url: |action: |
2023-07-17 18:52:13.0049|0|TRACE|Microsoft.AspNetCore.Server.Kestrel.Http2|Connection id "0HMS6MFG69555" sending WINDOW_UPDATE frame for stream ID 0 with length 4 and flags 0x0. |url: |action: |
2023-07-17 18:52:13.0201|0|TRACE|Microsoft.AspNetCore.Server.Kestrel.Http2|Connection id "0HMS6MFG69555" received SETTINGS frame for stream ID 0 with length 30 and flags NONE. |url: |action: |
2023-07-17 18:52:13.0201|0|TRACE|Microsoft.AspNetCore.Server.Kestrel.Http2|Connection id "0HMS6MFG69555" sending SETTINGS frame for stream ID 0 with length 0 and flags ACK. |url: |action: |
2023-07-17 18:52:13.0201|0|TRACE|Microsoft.AspNetCore.Server.Kestrel.Http2|Connection id "0HMS6MFG69555" received WINDOW_UPDATE frame for stream ID 0 with length 4 and flags 0x0. |url: |action: |
2023-07-17 18:52:13.0201|0|TRACE|Microsoft.AspNetCore.Server.Kestrel.Http2|Connection id "0HMS6MFG69555" received HEADERS frame for stream ID 1 with length 2705 and flags END_STREAM, END_HEADERS, PRIORITY. |url: |action: |
2023-07-17 18:52:13.0616|0|TRACE|Microsoft.AspNetCore.Server.Kestrel.Http2|Connection id "0HMS6MFG69555" received SETTINGS frame for stream ID 0 with length 0 and flags ACK. |url: |action: |
2023-07-17 18:52:13.1208|0|TRACE|Microsoft.AspNetCore.HostFiltering.HostFilteringMiddleware|All hosts are allowed. |url: https://localhost/swagger/index.html|action: |
2023-07-17 18:52:13.3799|0|TRACE|Microsoft.AspNetCore.Server.Kestrel.Http2|Connection id "0HMS6MFG69555" sending HEADERS frame for stream ID 1 with length 66 and flags END_HEADERS. |url: https://localhost/swagger/index.html|action: |
2023-07-17 18:52:13.5680|0|TRACE|Microsoft.AspNetCore.Server.Kestrel.Http2|Connection id "0HMS6MFG69555" sending DATA frame for stream ID 1 with length 1024 and flags NONE. |url: |action: |
2023-07-17 18:52:13.5680|0|TRACE|Microsoft.AspNetCore.Server.Kestrel.Http2|Connection id "0HMS6MFG69555" sending DATA frame for stream ID 1 with length 1024 and flags NONE. |url: |action: |
2023-07-17 18:52:13.5680|0|TRACE|Microsoft.AspNetCore.Server.Kestrel.Http2|Connection id "0HMS6MFG69555" sending DATA frame for stream ID 1 with length 1024 and flags NONE. |url: |action: |
2023-07-17 18:52:13.5680|0|TRACE|Microsoft.AspNetCore.Server.Kestrel.Http2|Connection id "0HMS6MFG69555" sending DATA frame for stream ID 1 with length 1024 and flags NONE. |url: |action: |
2023-07-17 18:52:13.5847|0|TRACE|Microsoft.AspNetCore.Server.Kestrel.Http2|Connection id "0HMS6MFG69555" sending DATA frame for stream ID 1 with length 999 and flags NONE. |url: |action: |
2023-07-17 18:52:13.5847|0|TRACE|Microsoft.AspNetCore.Server.Kestrel.Http2|Connection id "0HMS6MFG69555" sending DATA frame for stream ID 1 with length 65 and flags NONE. |url: |action: |
2023-07-17 18:52:13.5847|0|TRACE|Microsoft.AspNetCore.Server.Kestrel.Http2|Connection id "0HMS6MFG69555" sending DATA frame for stream ID 1 with length 16 and flags NONE. |url: |action: |
2023-07-17 18:52:13.6029|0|TRACE|Microsoft.AspNetCore.Server.Kestrel.Http2|Connection id "0HMS6MFG69555" received HEADERS frame for stream ID 3 with length 2524 and flags END_STREAM, END_HEADERS, PRIORITY. |url: |action: |
2023-07-17 18:52:13.6029|0|TRACE|Microsoft.AspNetCore.Server.Kestrel.Http2|Connection id "0HMS6MFG69555" received HEADERS frame for stream ID 5 with length 2620 and flags END_STREAM, END_HEADERS, PRIORITY. |url: |action: |
2023-07-17 18:52:13.6133|0|TRACE|Microsoft.AspNetCore.Server.Kestrel.Http2|Connection id "0HMS6MFG69555" sending DATA frame for stream ID 1 with length 0 and flags END_STREAM. |url: |action: |
2023-07-17 18:52:13.6133|0|TRACE|Microsoft.AspNetCore.Server.Kestrel.Http2|Connection id "0HMS6MFG69555" sending HEADERS frame for stream ID 5 with length 60 and flags END_HEADERS. |url: https://localhost/_framework/aspnetcore-browser-refresh.js|action: |
2023-07-17 18:52:13.6133|0|TRACE|Microsoft.AspNetCore.Server.Kestrel.Http2|Connection id "0HMS6MFG69555" sending DATA frame for stream ID 5 with length 11998 and flags NONE. |url: |action: |
2023-07-17 18:52:13.6320|0|TRACE|Microsoft.AspNetCore.Server.Kestrel.Http2|Connection id "0HMS6MFG69555" sending DATA frame for stream ID 5 with length 0 and flags END_STREAM. |url: |action: |
2023-07-17 18:52:13.6320|0|TRACE|Microsoft.AspNetCore.Server.Kestrel.Http2|Connection id "0HMS6MFG69555" sending HEADERS frame for stream ID 3 with length 119 and flags END_HEADERS. |url: https://localhost/_vs/browserLink|action: |
2023-07-17 18:52:13.6320|0|TRACE|Microsoft.AspNetCore.Server.Kestrel.Http2|Connection id "0HMS6MFG69555" sending DATA frame for stream ID 3 with length 9986 and flags NONE. |url: |action: |
2023-07-17 18:52:13.6320|0|TRACE|Microsoft.AspNetCore.Server.Kestrel.Http2|Connection id "0HMS6MFG69555" sending DATA frame for stream ID 3 with length 10240 and flags NONE. |url: |action: |
2023-07-17 18:52:13.6475|0|TRACE|Microsoft.AspNetCore.Server.Kestrel.Http2|Connection id "0HMS6MFG69555" sending DATA frame for stream ID 3 with length 10240 and flags NONE. |url: |action: |
2023-07-17 18:52:13.6475|0|TRACE|Microsoft.AspNetCore.Server.Kestrel.Http2|Connection id "0HMS6MFG69555" sending DATA frame for stream ID 3 with length 10240 and flags NONE. |url: |action: |
2023-07-17 18:52:13.6475|0|TRACE|Microsoft.AspNetCore.Server.Kestrel.Http2|Connection id "0HMS6MFG69555" sending DATA frame for stream ID 3 with length 10240 and flags NONE. |url: |action: |
2023-07-17 18:52:13.6475|0|TRACE|Microsoft.AspNetCore.Server.Kestrel.Http2|Connection id "0HMS6MFG69555" sending DATA frame for stream ID 3 with length 10240 and flags NONE. |url: |action: |
2023-07-17 18:52:13.6475|0|TRACE|Microsoft.AspNetCore.Server.Kestrel.Http2|Connection id "0HMS6MFG69555" sending DATA frame for stream ID 3 with length 10240 and flags NONE. |url: |action: |
2023-07-17 18:52:13.6617|0|TRACE|Microsoft.AspNetCore.Server.Kestrel.Http2|Connection id "0HMS6MFG69555" sending DATA frame for stream ID 3 with length 10240 and flags NONE. |url: |action: |
2023-07-17 18:52:13.6617|0|TRACE|Microsoft.AspNetCore.Server.Kestrel.Http2|Connection id "0HMS6MFG69555" sending DATA frame for stream ID 3 with length 10240 and flags NONE. |url: |action: |
2023-07-17 18:52:13.6617|0|TRACE|Microsoft.AspNetCore.Server.Kestrel.Http2|Connection id "0HMS6MFG69555" sending DATA frame for stream ID 3 with length 10240 and flags NONE. |url: |action: |
2023-07-17 18:52:13.6617|0|TRACE|Microsoft.AspNetCore.Server.Kestrel.Http2|Connection id "0HMS6MFG69555" sending DATA frame for stream ID 3 with length 10240 and flags NONE. |url: |action: |
2023-07-17 18:52:13.6617|0|TRACE|Microsoft.AspNetCore.Server.Kestrel.Http2|Connection id "0HMS6MFG69555" sending DATA frame for stream ID 3 with length 10240 and flags NONE. |url: |action: |
2023-07-17 18:52:13.6771|0|TRACE|Microsoft.AspNetCore.Server.Kestrel.Http2|Connection id "0HMS6MFG69555" sending DATA frame for stream ID 3 with length 10240 and flags NONE. |url: |action: |
2023-07-17 18:52:13.6771|0|TRACE|Microsoft.AspNetCore.Server.Kestrel.Http2|Connection id "0HMS6MFG69555" sending DATA frame for stream ID 3 with length 10240 and flags NONE. |url: |action: |
2023-07-17 18:52:13.6771|0|TRACE|Microsoft.AspNetCore.Server.Kestrel.Http2|Connection id "0HMS6MFG69555" sending DATA frame for stream ID 3 with length 10240 and flags NONE. |url: |action: |
2023-07-17 18:52:13.6919|0|TRACE|Microsoft.AspNetCore.Server.Kestrel.Http2|Connection id "0HMS6MFG69555" sending DATA frame for stream ID 3 with length 10240 and flags NONE. |url: |action: |
2023-07-17 18:52:13.6919|0|TRACE|Microsoft.AspNetCore.Server.Kestrel.Http2|Connection id "0HMS6MFG69555" sending DATA frame for stream ID 3 with length 10240 and flags NONE. |url: |action: |
2023-07-17 18:52:13.6919|0|TRACE|Microsoft.AspNetCore.Server.Kestrel.Http2|Connection id "0HMS6MFG69555" sending DATA frame for stream ID 3 with length 10240 and flags NONE. |url: |action: |
2023-07-17 18:52:13.6919|0|TRACE|Microsoft.AspNetCore.Server.Kestrel.Http2|Connection id "0HMS6MFG69555" sending DATA frame for stream ID 3 with length 10240 and flags NONE. |url: |action: |
2023-07-17 18:52:13.7075|0|TRACE|Microsoft.AspNetCore.Server.Kestrel.Http2|Connection id "0HMS6MFG69555" sending DATA frame for stream ID 3 with length 10240 and flags NONE. |url: |action: |
2023-07-17 18:52:13.7075|0|TRACE|Microsoft.AspNetCore.Server.Kestrel.Http2|Connection id "0HMS6MFG69555" sending DATA frame for stream ID 3 with length 10240 and flags NONE. |url: |action: |
2023-07-17 18:52:13.7075|0|TRACE|Microsoft.AspNetCore.Server.Kestrel.Http2|Connection id "0HMS6MFG69555" sending DATA frame for stream ID 3 with length 10240 and flags NONE. |url: |action: |
2023-07-17 18:52:13.7075|0|TRACE|Microsoft.AspNetCore.Server.Kestrel.Http2|Connection id "0HMS6MFG69555" sending DATA frame for stream ID 3 with length 10240 and flags NONE. |url: |action: |
2023-07-17 18:52:13.7075|0|TRACE|Microsoft.AspNetCore.Server.Kestrel.Http2|Connection id "0HMS6MFG69555" sending DATA frame for stream ID 3 with length 10240 and flags NONE. |url: |action: |
2023-07-17 18:52:13.7232|0|TRACE|Microsoft.AspNetCore.Server.Kestrel.Http2|Connection id "0HMS6MFG69555" sending DATA frame for stream ID 3 with length 10240 and flags NONE. |url: |action: |
2023-07-17 18:52:13.7232|0|TRACE|Microsoft.AspNetCore.Server.Kestrel.Http2|Connection id "0HMS6MFG69555" sending DATA frame for stream ID 3 with length 10240 and flags NONE. |url: |action: |
2023-07-17 18:52:13.7232|0|TRACE|Microsoft.AspNetCore.Server.Kestrel.Http2|Connection id "0HMS6MFG69555" sending DATA frame for stream ID 3 with length 10240 and flags NONE. |url: |action: |
2023-07-17 18:52:13.7232|0|TRACE|Microsoft.AspNetCore.Server.Kestrel.Http2|Connection id "0HMS6MFG69555" sending DATA frame for stream ID 3 with length 10240 and flags NONE. |url: |action: |
2023-07-17 18:52:13.7232|0|TRACE|Microsoft.AspNetCore.Server.Kestrel.Http2|Connection id "0HMS6MFG69555" sending DATA frame for stream ID 3 with length 10240 and flags NONE. |url: |action: |
2023-07-17 18:52:13.7232|0|TRACE|Microsoft.AspNetCore.Server.Kestrel.Http2|Connection id "0HMS6MFG69555" sending DATA frame for stream ID 3 with length 10240 and flags NONE. |url: |action: |
2023-07-17 18:52:13.7401|0|TRACE|Microsoft.AspNetCore.Server.Kestrel.Http2|Connection id "0HMS6MFG69555" sending DATA frame for stream ID 3 with length 10240 and flags NONE. |url: |action: |
2023-07-17 18:52:13.7401|0|TRACE|Microsoft.AspNetCore.Server.Kestrel.Http2|Connection id "0HMS6MFG69555" sending DATA frame for stream ID 3 with length 10240 and flags NONE. |url: |action: |
2023-07-17 18:52:13.7401|0|TRACE|Microsoft.AspNetCore.Server.Kestrel.Http2|Connection id "0HMS6MFG69555" sending DATA frame for stream ID 3 with length 10240 and flags NONE. |url: |action: |
2023-07-17 18:52:13.7401|0|TRACE|Microsoft.AspNetCore.Server.Kestrel.Http2|Connection id "0HMS6MFG69555" sending DATA frame for stream ID 3 with length 10240 and flags NONE. |url: |action: |
2023-07-17 18:52:13.7546|0|TRACE|Microsoft.AspNetCore.Server.Kestrel.Http2|Connection id "0HMS6MFG69555" sending DATA frame for stream ID 3 with length 10240 and flags NONE. |url: |action: |
2023-07-17 18:52:13.7546|0|TRACE|Microsoft.AspNetCore.Server.Kestrel.Http2|Connection id "0HMS6MFG69555" sending DATA frame for stream ID 3 with length 10240 and flags NONE. |url: |action: |
2023-07-17 18:52:13.7546|0|TRACE|Microsoft.AspNetCore.Server.Kestrel.Http2|Connection id "0HMS6MFG69555" sending DATA frame for stream ID 3 with length 10240 and flags NONE. |url: |action: |
2023-07-17 18:52:13.7546|0|TRACE|Microsoft.AspNetCore.Server.Kestrel.Http2|Connection id "0HMS6MFG69555" sending DATA frame for stream ID 3 with length 10240 and flags NONE. |url: |action: |
2023-07-17 18:52:13.7711|0|TRACE|Microsoft.AspNetCore.Server.Kestrel.Http2|Connection id "0HMS6MFG69555" sending DATA frame for stream ID 3 with length 10240 and flags NONE. |url: |action: |
2023-07-17 18:52:13.7711|0|TRACE|Microsoft.AspNetCore.Server.Kestrel.Http2|Connection id "0HMS6MFG69555" sending DATA frame for stream ID 3 with length 10240 and flags NONE. |url: |action: |
2023-07-17 18:52:13.7711|0|TRACE|Microsoft.AspNetCore.Server.Kestrel.Http2|Connection id "0HMS6MFG69555" sending DATA frame for stream ID 3 with length 10240 and flags NONE. |url: |action: |
2023-07-17 18:52:13.7711|0|TRACE|Microsoft.AspNetCore.Server.Kestrel.Http2|Connection id "0HMS6MFG69555" sending DATA frame for stream ID 3 with length 10240 and flags NONE. |url: |action: |
2023-07-17 18:52:13.7868|0|TRACE|Microsoft.AspNetCore.Server.Kestrel.Http2|Connection id "0HMS6MFG69555" sending DATA frame for stream ID 3 with length 10240 and flags NONE. |url: |action: |
2023-07-17 18:52:13.7868|0|TRACE|Microsoft.AspNetCore.Server.Kestrel.Http2|Connection id "0HMS6MFG69555" sending DATA frame for stream ID 3 with length 10240 and flags NONE. |url: |action: |
2023-07-17 18:52:13.7868|0|TRACE|Microsoft.AspNetCore.Server.Kestrel.Http2|Connection id "0HMS6MFG69555" sending DATA frame for stream ID 3 with length 10240 and flags NONE. |url: |action: |
2023-07-17 18:52:13.7868|0|TRACE|Microsoft.AspNetCore.Server.Kestrel.Http2|Connection id "0HMS6MFG69555" sending DATA frame for stream ID 3 with length 10240 and flags NONE. |url: |action: |
2023-07-17 18:52:13.7868|0|TRACE|Microsoft.AspNetCore.Server.Kestrel.Http2|Connection id "0HMS6MFG69555" sending DATA frame for stream ID 3 with length 10240 and flags NONE. |url: |action: |
2023-07-17 18:52:13.8018|0|TRACE|Microsoft.AspNetCore.Server.Kestrel.Http2|Connection id "0HMS6MFG69555" sending DATA frame for stream ID 3 with length 10240 and flags NONE. |url: |action: |
2023-07-17 18:52:13.8018|0|TRACE|Microsoft.AspNetCore.Server.Kestrel.Http2|Connection id "0HMS6MFG69555" sending DATA frame for stream ID 3 with length 10240 and flags NONE. |url: |action: |
2023-07-17 18:52:13.8018|0|TRACE|Microsoft.AspNetCore.Server.Kestrel.Http2|Connection id "0HMS6MFG69555" sending DATA frame for stream ID 3 with length 10240 and flags NONE. |url: |action: |
2023-07-17 18:52:13.8018|0|TRACE|Microsoft.AspNetCore.Server.Kestrel.Http2|Connection id "0HMS6MFG69555" sending DATA frame for stream ID 3 with length 10240 and flags NONE. |url: |action: |
2023-07-17 18:52:13.8169|0|TRACE|Microsoft.AspNetCore.Server.Kestrel.Http2|Connection id "0HMS6MFG69555" sending DATA frame for stream ID 3 with length 10240 and flags NONE. |url: |action: |
2023-07-17 18:52:13.8169|0|TRACE|Microsoft.AspNetCore.Server.Kestrel.Http2|Connection id "0HMS6MFG69555" sending DATA frame for stream ID 3 with length 10240 and flags NONE. |url: |action: |
2023-07-17 18:52:13.8169|0|TRACE|Microsoft.AspNetCore.Server.Kestrel.Http2|Connection id "0HMS6MFG69555" sending DATA frame for stream ID 3 with length 10240 and flags NONE. |url: |action: |
2023-07-17 18:52:13.8328|0|TRACE|Microsoft.AspNetCore.Server.Kestrel.Http2|Connection id "0HMS6MFG69555" sending DATA frame for stream ID 3 with length 10240 and flags NONE. |url: |action: |
2023-07-17 18:52:13.8328|0|TRACE|Microsoft.AspNetCore.Server.Kestrel.Http2|Connection id "0HMS6MFG69555" sending DATA frame for stream ID 3 with length 10240 and flags NONE. |url: |action: |
2023-07-17 18:52:13.8328|0|TRACE|Microsoft.AspNetCore.Server.Kestrel.Http2|Connection id "0HMS6MFG69555" sending DATA frame for stream ID 3 with length 10240 and flags NONE. |url: |action: |
2023-07-17 18:52:13.8492|0|TRACE|Microsoft.AspNetCore.Server.Kestrel.Http2|Connection id "0HMS6MFG69555" sending DATA frame for stream ID 3 with length 10240 and flags NONE. |url: |action: |
2023-07-17 18:52:13.8492|0|TRACE|Microsoft.AspNetCore.Server.Kestrel.Http2|Connection id "0HMS6MFG69555" sending DATA frame for stream ID 3 with length 10240 and flags NONE. |url: |action: |
2023-07-17 18:52:13.8492|0|TRACE|Microsoft.AspNetCore.Server.Kestrel.Http2|Connection id "0HMS6MFG69555" sending DATA frame for stream ID 3 with length 10240 and flags NONE. |url: |action: |
2023-07-17 18:52:13.8637|0|TRACE|Microsoft.AspNetCore.Server.Kestrel.Http2|Connection id "0HMS6MFG69555" sending DATA frame for stream ID 3 with length 10240 and flags NONE. |url: |action: |
2023-07-17 18:52:13.8637|0|TRACE|Microsoft.AspNetCore.Server.Kestrel.Http2|Connection id "0HMS6MFG69555" sending DATA frame for stream ID 3 with length 10240 and flags NONE. |url: |action: |
2023-07-17 18:52:13.8637|0|TRACE|Microsoft.AspNetCore.Server.Kestrel.Http2|Connection id "0HMS6MFG69555" sending DATA frame for stream ID 3 with length 10240 and flags NONE. |url: |action: |
2023-07-17 18:52:13.8637|0|TRACE|Microsoft.AspNetCore.Server.Kestrel.Http2|Connection id "0HMS6MFG69555" sending DATA frame for stream ID 3 with length 10240 and flags NONE. |url: |action: |
2023-07-17 18:52:13.8637|0|TRACE|Microsoft.AspNetCore.Server.Kestrel.Http2|Connection id "0HMS6MFG69555" sending DATA frame for stream ID 3 with length 10240 and flags NONE. |url: |action: |
2023-07-17 18:52:13.8806|0|TRACE|Microsoft.AspNetCore.Server.Kestrel.Http2|Connection id "0HMS6MFG69555" sending DATA frame for stream ID 3 with length 10240 and flags NONE. |url: |action: |
2023-07-17 18:52:13.8806|0|TRACE|Microsoft.AspNetCore.Server.Kestrel.Http2|Connection id "0HMS6MFG69555" sending DATA frame for stream ID 3 with length 10240 and flags NONE. |url: |action: |
2023-07-17 18:52:13.8806|0|TRACE|Microsoft.AspNetCore.Server.Kestrel.Http2|Connection id "0HMS6MFG69555" sending DATA frame for stream ID 3 with length 10240 and flags NONE. |url: |action: |
2023-07-17 18:52:13.8806|0|TRACE|Microsoft.AspNetCore.Server.Kestrel.Http2|Connection id "0HMS6MFG69555" sending DATA frame for stream ID 3 with length 10240 and flags NONE. |url: |action: |
2023-07-17 18:52:13.8957|0|TRACE|Microsoft.AspNetCore.Server.Kestrel.Http2|Connection id "0HMS6MFG69555" sending DATA frame for stream ID 3 with length 10240 and flags NONE. |url: |action: |
2023-07-17 18:52:13.8957|0|TRACE|Microsoft.AspNetCore.Server.Kestrel.Http2|Connection id "0HMS6MFG69555" sending DATA frame for stream ID 3 with length 10240 and flags NONE. |url: |action: |
2023-07-17 18:52:13.8957|0|TRACE|Microsoft.AspNetCore.Server.Kestrel.Http2|Connection id "0HMS6MFG69555" sending DATA frame for stream ID 3 with length 10240 and flags NONE. |url: |action: |
2023-07-17 18:52:13.8957|0|TRACE|Microsoft.AspNetCore.Server.Kestrel.Http2|Connection id "0HMS6MFG69555" sending DATA frame for stream ID 3 with length 10240 and flags NONE. |url: |action: |
2023-07-17 18:52:13.9121|0|TRACE|Microsoft.AspNetCore.Server.Kestrel.Http2|Connection id "0HMS6MFG69555" sending DATA frame for stream ID 3 with length 9517 and flags NONE. |url: |action: |
2023-07-17 18:52:13.9121|0|TRACE|Microsoft.AspNetCore.Server.Kestrel.Http2|Connection id "0HMS6MFG69555" sending DATA frame for stream ID 3 with length 0 and flags END_STREAM. |url: |action: |
2023-07-17 18:52:13.9586|0|TRACE|Microsoft.AspNetCore.Server.Kestrel.Http2|Connection id "0HMS6MFG69555" received HEADERS frame for stream ID 7 with length 2618 and flags END_STREAM, END_HEADERS, PRIORITY. |url: |action: |
2023-07-17 18:52:13.9586|0|TRACE|Microsoft.AspNetCore.HostFiltering.HostFilteringMiddleware|All hosts are allowed. |url: https://localhost/swagger/v1/swagger.json|action: |
2023-07-17 18:52:14.0965|0|TRACE|Microsoft.AspNetCore.Server.Kestrel.Http2|Connection id "0HMS6MFG69555" sending HEADERS frame for stream ID 7 with length 35 and flags END_HEADERS. |url: https://localhost/swagger/v1/swagger.json|action: |
2023-07-17 18:52:14.0965|0|TRACE|Microsoft.AspNetCore.Server.Kestrel.Http2|Connection id "0HMS6MFG69555" sending DATA frame for stream ID 7 with length 8912 and flags NONE. |url: |action: |
2023-07-17 18:52:14.0991|0|TRACE|Microsoft.AspNetCore.Server.Kestrel.Http2|Connection id "0HMS6MFG69555" sending DATA frame for stream ID 7 with length 0 and flags END_STREAM. |url: |action: |
2023-07-17 18:52:21.1876|0|TRACE|Microsoft.AspNetCore.Server.Kestrel.Http2|Connection id "0HMS6MFG69555" received HEADERS frame for stream ID 9 with length 2628 and flags END_STREAM, END_HEADERS, PRIORITY. |url: |action: |
2023-07-17 18:52:21.1922|0|TRACE|Microsoft.AspNetCore.HostFiltering.HostFilteringMiddleware|All hosts are allowed. |url: https://localhost/Member/StudentList|action: |
2023-07-17 18:52:21.3353|0|TRACE|Microsoft.AspNetCore.Mvc.Infrastructure.ControllerActionInvoker|Authorization Filter: Before executing OnAuthorizationAsync on filter TUTOR.ERPS.API.Infa.Attribute.ApTokenAuth. |url: https://localhost/Member/StudentList|action: Data|
2023-07-17 18:52:24.3553|0|TRACE|Microsoft.AspNetCore.Mvc.Infrastructure.ControllerActionInvoker|Authorization Filter: After executing OnAuthorizationAsync on filter TUTOR.ERPS.API.Infa.Attribute.ApTokenAuth. |url: https://localhost/Member/StudentList|action: Data|
2023-07-17 18:52:24.3553|0|TRACE|Microsoft.AspNetCore.Mvc.Infrastructure.ControllerActionInvoker|Resource Filter: Before executing OnResourceExecuting on filter Microsoft.AspNetCore.Mvc.ViewFeatures.Filters.SaveTempDataFilter. |url: https://localhost/Member/StudentList|action: Data|
2023-07-17 18:52:24.3553|0|TRACE|Microsoft.AspNetCore.Mvc.Infrastructure.ControllerActionInvoker|Resource Filter: After executing OnResourceExecuting on filter Microsoft.AspNetCore.Mvc.ViewFeatures.Filters.SaveTempDataFilter. |url: https://localhost/Member/StudentList|action: Data|
2023-07-17 18:52:24.3641|0|TRACE|Microsoft.AspNetCore.Mvc.Infrastructure.ControllerActionInvoker|Resource Filter: Before executing OnResourceExecuted on filter Microsoft.AspNetCore.Mvc.ViewFeatures.Filters.SaveTempDataFilter. |url: https://localhost/Member/StudentList|action: Data|
2023-07-17 18:52:24.3641|0|TRACE|Microsoft.AspNetCore.Mvc.Infrastructure.ControllerActionInvoker|Resource Filter: After executing OnResourceExecuted on filter Microsoft.AspNetCore.Mvc.ViewFeatures.Filters.SaveTempDataFilter. |url: https://localhost/Member/StudentList|action: Data|
