2023-08-24 16:34:10.0785|0|TRACE|Microsoft.AspNetCore.Server.Kestrel.Http2|Connection id "0HMT4FJHF1IU4" sending SETTINGS frame for stream ID 0 with length 18 and flags NONE. |url: |action: |
2023-08-24 16:34:10.0785|0|TRACE|Microsoft.AspNetCore.Server.Kestrel.Http2|Connection id "0HMT4FJHF1IU4" sending WINDOW_UPDATE frame for stream ID 0 with length 4 and flags 0x0. |url: |action: |
2023-08-24 16:34:10.0849|0|TRACE|Microsoft.AspNetCore.Server.Kestrel.Http2|Connection id "0HMT4FJHF1IU4" received SETTINGS frame for stream ID 0 with length 30 and flags NONE. |url: |action: |
2023-08-24 16:34:10.0849|0|TRACE|Microsoft.AspNetCore.Server.Kestrel.Http2|Connection id "0HMT4FJHF1IU4" sending SETTINGS frame for stream ID 0 with length 0 and flags ACK. |url: |action: |
2023-08-24 16:34:10.0849|0|TRACE|Microsoft.AspNetCore.Server.Kestrel.Http2|Connection id "0HMT4FJHF1IU4" received WINDOW_UPDATE frame for stream ID 0 with length 4 and flags 0x0. |url: |action: |
2023-08-24 16:34:10.0849|0|TRACE|Microsoft.AspNetCore.Server.Kestrel.Http2|Connection id "0HMT4FJHF1IU4" received HEADERS frame for stream ID 1 with length 2605 and flags END_STREAM, END_HEADERS, PRIORITY. |url: |action: |
2023-08-24 16:34:10.1121|0|TRACE|Microsoft.AspNetCore.Server.Kestrel.Http2|Connection id "0HMT4FJHF1IU4" received SETTINGS frame for stream ID 0 with length 0 and flags ACK. |url: |action: |
2023-08-24 16:34:10.1726|0|TRACE|Microsoft.AspNetCore.HostFiltering.HostFilteringMiddleware|All hosts are allowed. |url: https://localhost/swagger/index.html|action: |
2023-08-24 16:34:10.3748|0|TRACE|Microsoft.AspNetCore.Server.Kestrel.Http2|Connection id "0HMT4FJHF1IU4" sending HEADERS frame for stream ID 1 with length 66 and flags END_HEADERS. |url: https://localhost/swagger/index.html|action: |
2023-08-24 16:34:10.5305|0|TRACE|Microsoft.AspNetCore.Server.Kestrel.Http2|Connection id "0HMT4FJHF1IU4" sending DATA frame for stream ID 1 with length 1024 and flags NONE. |url: |action: |
2023-08-24 16:34:10.5305|0|TRACE|Microsoft.AspNetCore.Server.Kestrel.Http2|Connection id "0HMT4FJHF1IU4" sending DATA frame for stream ID 1 with length 1024 and flags NONE. |url: |action: |
2023-08-24 16:34:10.5305|0|TRACE|Microsoft.AspNetCore.Server.Kestrel.Http2|Connection id "0HMT4FJHF1IU4" sending DATA frame for stream ID 1 with length 1024 and flags NONE. |url: |action: |
2023-08-24 16:34:10.5305|0|TRACE|Microsoft.AspNetCore.Server.Kestrel.Http2|Connection id "0HMT4FJHF1IU4" sending DATA frame for stream ID 1 with length 1024 and flags NONE. |url: |action: |
2023-08-24 16:34:10.5305|0|TRACE|Microsoft.AspNetCore.Server.Kestrel.Http2|Connection id "0HMT4FJHF1IU4" sending DATA frame for stream ID 1 with length 999 and flags NONE. |url: |action: |
2023-08-24 16:34:10.5305|0|TRACE|Microsoft.AspNetCore.Server.Kestrel.Http2|Connection id "0HMT4FJHF1IU4" sending DATA frame for stream ID 1 with length 65 and flags NONE. |url: |action: |
2023-08-24 16:34:10.5305|0|TRACE|Microsoft.AspNetCore.Server.Kestrel.Http2|Connection id "0HMT4FJHF1IU4" sending DATA frame for stream ID 1 with length 16 and flags NONE. |url: |action: |
2023-08-24 16:34:10.5433|0|TRACE|Microsoft.AspNetCore.Server.Kestrel.Http2|Connection id "0HMT4FJHF1IU4" sending DATA frame for stream ID 1 with length 0 and flags END_STREAM. |url: |action: |
2023-08-24 16:34:10.5433|0|TRACE|Microsoft.AspNetCore.Server.Kestrel.Http2|Connection id "0HMT4FJHF1IU4" received HEADERS frame for stream ID 3 with length 219 and flags END_STREAM, END_HEADERS, PRIORITY. |url: |action: |
2023-08-24 16:34:10.5534|0|TRACE|Microsoft.AspNetCore.Server.Kestrel.Http2|Connection id "0HMT4FJHF1IU4" received HEADERS frame for stream ID 5 with length 2341 and flags END_STREAM, END_HEADERS, PRIORITY. |url: |action: |
2023-08-24 16:34:10.5534|0|TRACE|Microsoft.AspNetCore.Server.Kestrel.Http2|Connection id "0HMT4FJHF1IU4" sending HEADERS frame for stream ID 3 with length 60 and flags END_HEADERS. |url: https://localhost/_framework/aspnetcore-browser-refresh.js|action: |
2023-08-24 16:34:10.5696|0|TRACE|Microsoft.AspNetCore.Server.Kestrel.Http2|Connection id "0HMT4FJHF1IU4" sending DATA frame for stream ID 3 with length 11998 and flags NONE. |url: |action: |
2023-08-24 16:34:10.5696|0|TRACE|Microsoft.AspNetCore.Server.Kestrel.Http2|Connection id "0HMT4FJHF1IU4" sending DATA frame for stream ID 3 with length 0 and flags END_STREAM. |url: |action: |
2023-08-24 16:34:10.6163|0|TRACE|Microsoft.AspNetCore.Server.Kestrel.Http2|Connection id "0HMT4FJHF1IU4" sending HEADERS frame for stream ID 5 with length 119 and flags END_HEADERS. |url: https://localhost/_vs/browserLink|action: |
2023-08-24 16:34:10.6163|0|TRACE|Microsoft.AspNetCore.Server.Kestrel.Http2|Connection id "0HMT4FJHF1IU4" sending DATA frame for stream ID 5 with length 9986 and flags NONE. |url: |action: |
2023-08-24 16:34:10.6167|0|TRACE|Microsoft.AspNetCore.Server.Kestrel.Http2|Connection id "0HMT4FJHF1IU4" sending DATA frame for stream ID 5 with length 10240 and flags NONE. |url: |action: |
2023-08-24 16:34:10.6167|0|TRACE|Microsoft.AspNetCore.Server.Kestrel.Http2|Connection id "0HMT4FJHF1IU4" sending DATA frame for stream ID 5 with length 10240 and flags NONE. |url: |action: |
2023-08-24 16:34:10.6167|0|TRACE|Microsoft.AspNetCore.Server.Kestrel.Http2|Connection id "0HMT4FJHF1IU4" sending DATA frame for stream ID 5 with length 10240 and flags NONE. |url: |action: |
2023-08-24 16:34:10.6167|0|TRACE|Microsoft.AspNetCore.Server.Kestrel.Http2|Connection id "0HMT4FJHF1IU4" sending DATA frame for stream ID 5 with length 10240 and flags NONE. |url: |action: |
2023-08-24 16:34:10.6167|0|TRACE|Microsoft.AspNetCore.Server.Kestrel.Http2|Connection id "0HMT4FJHF1IU4" sending DATA frame for stream ID 5 with length 10240 and flags NONE. |url: |action: |
2023-08-24 16:34:10.6167|0|TRACE|Microsoft.AspNetCore.Server.Kestrel.Http2|Connection id "0HMT4FJHF1IU4" sending DATA frame for stream ID 5 with length 10240 and flags NONE. |url: |action: |
2023-08-24 16:34:10.6167|0|TRACE|Microsoft.AspNetCore.Server.Kestrel.Http2|Connection id "0HMT4FJHF1IU4" sending DATA frame for stream ID 5 with length 10240 and flags NONE. |url: |action: |
2023-08-24 16:34:10.6167|0|TRACE|Microsoft.AspNetCore.Server.Kestrel.Http2|Connection id "0HMT4FJHF1IU4" sending DATA frame for stream ID 5 with length 10240 and flags NONE. |url: |action: |
2023-08-24 16:34:10.6167|0|TRACE|Microsoft.AspNetCore.Server.Kestrel.Http2|Connection id "0HMT4FJHF1IU4" sending DATA frame for stream ID 5 with length 10240 and flags NONE. |url: |action: |
2023-08-24 16:34:10.6167|0|TRACE|Microsoft.AspNetCore.Server.Kestrel.Http2|Connection id "0HMT4FJHF1IU4" sending DATA frame for stream ID 5 with length 10240 and flags NONE. |url: |action: |
2023-08-24 16:34:10.6167|0|TRACE|Microsoft.AspNetCore.Server.Kestrel.Http2|Connection id "0HMT4FJHF1IU4" sending DATA frame for stream ID 5 with length 10240 and flags NONE. |url: |action: |
2023-08-24 16:34:10.6167|0|TRACE|Microsoft.AspNetCore.Server.Kestrel.Http2|Connection id "0HMT4FJHF1IU4" sending DATA frame for stream ID 5 with length 10240 and flags NONE. |url: |action: |
2023-08-24 16:34:10.6167|0|TRACE|Microsoft.AspNetCore.Server.Kestrel.Http2|Connection id "0HMT4FJHF1IU4" sending DATA frame for stream ID 5 with length 10240 and flags NONE. |url: |action: |
2023-08-24 16:34:10.6167|0|TRACE|Microsoft.AspNetCore.Server.Kestrel.Http2|Connection id "0HMT4FJHF1IU4" sending DATA frame for stream ID 5 with length 10240 and flags NONE. |url: |action: |
2023-08-24 16:34:10.6167|0|TRACE|Microsoft.AspNetCore.Server.Kestrel.Http2|Connection id "0HMT4FJHF1IU4" sending DATA frame for stream ID 5 with length 10240 and flags NONE. |url: |action: |
2023-08-24 16:34:10.6167|0|TRACE|Microsoft.AspNetCore.Server.Kestrel.Http2|Connection id "0HMT4FJHF1IU4" sending DATA frame for stream ID 5 with length 10240 and flags NONE. |url: |action: |
2023-08-24 16:34:10.6167|0|TRACE|Microsoft.AspNetCore.Server.Kestrel.Http2|Connection id "0HMT4FJHF1IU4" sending DATA frame for stream ID 5 with length 10240 and flags NONE. |url: |action: |
2023-08-24 16:34:10.6167|0|TRACE|Microsoft.AspNetCore.Server.Kestrel.Http2|Connection id "0HMT4FJHF1IU4" sending DATA frame for stream ID 5 with length 10240 and flags NONE. |url: |action: |
2023-08-24 16:34:10.6167|0|TRACE|Microsoft.AspNetCore.Server.Kestrel.Http2|Connection id "0HMT4FJHF1IU4" sending DATA frame for stream ID 5 with length 10240 and flags NONE. |url: |action: |
2023-08-24 16:34:10.6167|0|TRACE|Microsoft.AspNetCore.Server.Kestrel.Http2|Connection id "0HMT4FJHF1IU4" sending DATA frame for stream ID 5 with length 10240 and flags NONE. |url: |action: |
2023-08-24 16:34:10.6167|0|TRACE|Microsoft.AspNetCore.Server.Kestrel.Http2|Connection id "0HMT4FJHF1IU4" sending DATA frame for stream ID 5 with length 10240 and flags NONE. |url: |action: |
2023-08-24 16:34:10.6167|0|TRACE|Microsoft.AspNetCore.Server.Kestrel.Http2|Connection id "0HMT4FJHF1IU4" sending DATA frame for stream ID 5 with length 10240 and flags NONE. |url: |action: |
2023-08-24 16:34:10.6167|0|TRACE|Microsoft.AspNetCore.Server.Kestrel.Http2|Connection id "0HMT4FJHF1IU4" sending DATA frame for stream ID 5 with length 10240 and flags NONE. |url: |action: |
2023-08-24 16:34:10.6167|0|TRACE|Microsoft.AspNetCore.Server.Kestrel.Http2|Connection id "0HMT4FJHF1IU4" sending DATA frame for stream ID 5 with length 10240 and flags NONE. |url: |action: |
2023-08-24 16:34:10.6167|0|TRACE|Microsoft.AspNetCore.Server.Kestrel.Http2|Connection id "0HMT4FJHF1IU4" sending DATA frame for stream ID 5 with length 10240 and flags NONE. |url: |action: |
2023-08-24 16:34:10.6167|0|TRACE|Microsoft.AspNetCore.Server.Kestrel.Http2|Connection id "0HMT4FJHF1IU4" sending DATA frame for stream ID 5 with length 10240 and flags NONE. |url: |action: |
2023-08-24 16:34:10.6167|0|TRACE|Microsoft.AspNetCore.Server.Kestrel.Http2|Connection id "0HMT4FJHF1IU4" sending DATA frame for stream ID 5 with length 10240 and flags NONE. |url: |action: |
2023-08-24 16:34:10.6167|0|TRACE|Microsoft.AspNetCore.Server.Kestrel.Http2|Connection id "0HMT4FJHF1IU4" sending DATA frame for stream ID 5 with length 10240 and flags NONE. |url: |action: |
2023-08-24 16:34:10.6167|0|TRACE|Microsoft.AspNetCore.Server.Kestrel.Http2|Connection id "0HMT4FJHF1IU4" sending DATA frame for stream ID 5 with length 10240 and flags NONE. |url: |action: |
2023-08-24 16:34:10.6167|0|TRACE|Microsoft.AspNetCore.Server.Kestrel.Http2|Connection id "0HMT4FJHF1IU4" sending DATA frame for stream ID 5 with length 10240 and flags NONE. |url: |action: |
2023-08-24 16:34:10.6167|0|TRACE|Microsoft.AspNetCore.Server.Kestrel.Http2|Connection id "0HMT4FJHF1IU4" sending DATA frame for stream ID 5 with length 10240 and flags NONE. |url: |action: |
2023-08-24 16:34:10.6167|0|TRACE|Microsoft.AspNetCore.Server.Kestrel.Http2|Connection id "0HMT4FJHF1IU4" sending DATA frame for stream ID 5 with length 10240 and flags NONE. |url: |action: |
2023-08-24 16:34:10.6167|0|TRACE|Microsoft.AspNetCore.Server.Kestrel.Http2|Connection id "0HMT4FJHF1IU4" sending DATA frame for stream ID 5 with length 10240 and flags NONE. |url: |action: |
2023-08-24 16:34:10.6167|0|TRACE|Microsoft.AspNetCore.Server.Kestrel.Http2|Connection id "0HMT4FJHF1IU4" sending DATA frame for stream ID 5 with length 10240 and flags NONE. |url: |action: |
2023-08-24 16:34:10.6167|0|TRACE|Microsoft.AspNetCore.Server.Kestrel.Http2|Connection id "0HMT4FJHF1IU4" sending DATA frame for stream ID 5 with length 10240 and flags NONE. |url: |action: |
2023-08-24 16:34:10.6167|0|TRACE|Microsoft.AspNetCore.Server.Kestrel.Http2|Connection id "0HMT4FJHF1IU4" sending DATA frame for stream ID 5 with length 10240 and flags NONE. |url: |action: |
2023-08-24 16:34:10.6167|0|TRACE|Microsoft.AspNetCore.Server.Kestrel.Http2|Connection id "0HMT4FJHF1IU4" sending DATA frame for stream ID 5 with length 10240 and flags NONE. |url: |action: |
2023-08-24 16:34:10.6167|0|TRACE|Microsoft.AspNetCore.Server.Kestrel.Http2|Connection id "0HMT4FJHF1IU4" sending DATA frame for stream ID 5 with length 10240 and flags NONE. |url: |action: |
2023-08-24 16:34:10.6167|0|TRACE|Microsoft.AspNetCore.Server.Kestrel.Http2|Connection id "0HMT4FJHF1IU4" sending DATA frame for stream ID 5 with length 10240 and flags NONE. |url: |action: |
2023-08-24 16:34:10.6167|0|TRACE|Microsoft.AspNetCore.Server.Kestrel.Http2|Connection id "0HMT4FJHF1IU4" sending DATA frame for stream ID 5 with length 10240 and flags NONE. |url: |action: |
2023-08-24 16:34:10.6167|0|TRACE|Microsoft.AspNetCore.Server.Kestrel.Http2|Connection id "0HMT4FJHF1IU4" sending DATA frame for stream ID 5 with length 10240 and flags NONE. |url: |action: |
2023-08-24 16:34:10.6167|0|TRACE|Microsoft.AspNetCore.Server.Kestrel.Http2|Connection id "0HMT4FJHF1IU4" sending DATA frame for stream ID 5 with length 10240 and flags NONE. |url: |action: |
2023-08-24 16:34:10.6167|0|TRACE|Microsoft.AspNetCore.Server.Kestrel.Http2|Connection id "0HMT4FJHF1IU4" sending DATA frame for stream ID 5 with length 10240 and flags NONE. |url: |action: |
2023-08-24 16:34:10.6167|0|TRACE|Microsoft.AspNetCore.Server.Kestrel.Http2|Connection id "0HMT4FJHF1IU4" sending DATA frame for stream ID 5 with length 10240 and flags NONE. |url: |action: |
2023-08-24 16:34:10.6167|0|TRACE|Microsoft.AspNetCore.Server.Kestrel.Http2|Connection id "0HMT4FJHF1IU4" sending DATA frame for stream ID 5 with length 10240 and flags NONE. |url: |action: |
2023-08-24 16:34:10.6167|0|TRACE|Microsoft.AspNetCore.Server.Kestrel.Http2|Connection id "0HMT4FJHF1IU4" sending DATA frame for stream ID 5 with length 10240 and flags NONE. |url: |action: |
2023-08-24 16:34:10.6167|0|TRACE|Microsoft.AspNetCore.Server.Kestrel.Http2|Connection id "0HMT4FJHF1IU4" sending DATA frame for stream ID 5 with length 10240 and flags NONE. |url: |action: |
2023-08-24 16:34:10.6167|0|TRACE|Microsoft.AspNetCore.Server.Kestrel.Http2|Connection id "0HMT4FJHF1IU4" sending DATA frame for stream ID 5 with length 10240 and flags NONE. |url: |action: |
2023-08-24 16:34:10.6167|0|TRACE|Microsoft.AspNetCore.Server.Kestrel.Http2|Connection id "0HMT4FJHF1IU4" sending DATA frame for stream ID 5 with length 10240 and flags NONE. |url: |action: |
2023-08-24 16:34:10.6167|0|TRACE|Microsoft.AspNetCore.Server.Kestrel.Http2|Connection id "0HMT4FJHF1IU4" sending DATA frame for stream ID 5 with length 10240 and flags NONE. |url: |action: |
2023-08-24 16:34:10.6167|0|TRACE|Microsoft.AspNetCore.Server.Kestrel.Http2|Connection id "0HMT4FJHF1IU4" sending DATA frame for stream ID 5 with length 10240 and flags NONE. |url: |action: |
2023-08-24 16:34:10.6167|0|TRACE|Microsoft.AspNetCore.Server.Kestrel.Http2|Connection id "0HMT4FJHF1IU4" sending DATA frame for stream ID 5 with length 10240 and flags NONE. |url: |action: |
2023-08-24 16:34:10.6167|0|TRACE|Microsoft.AspNetCore.Server.Kestrel.Http2|Connection id "0HMT4FJHF1IU4" sending DATA frame for stream ID 5 with length 10240 and flags NONE. |url: |action: |
2023-08-24 16:34:10.6167|0|TRACE|Microsoft.AspNetCore.Server.Kestrel.Http2|Connection id "0HMT4FJHF1IU4" sending DATA frame for stream ID 5 with length 10240 and flags NONE. |url: |action: |
2023-08-24 16:34:10.6318|0|TRACE|Microsoft.AspNetCore.Server.Kestrel.Http2|Connection id "0HMT4FJHF1IU4" sending DATA frame for stream ID 5 with length 10240 and flags NONE. |url: |action: |
2023-08-24 16:34:10.6318|0|TRACE|Microsoft.AspNetCore.Server.Kestrel.Http2|Connection id "0HMT4FJHF1IU4" sending DATA frame for stream ID 5 with length 10240 and flags NONE. |url: |action: |
2023-08-24 16:34:10.6318|0|TRACE|Microsoft.AspNetCore.Server.Kestrel.Http2|Connection id "0HMT4FJHF1IU4" sending DATA frame for stream ID 5 with length 10240 and flags NONE. |url: |action: |
2023-08-24 16:34:10.6318|0|TRACE|Microsoft.AspNetCore.Server.Kestrel.Http2|Connection id "0HMT4FJHF1IU4" sending DATA frame for stream ID 5 with length 10240 and flags NONE. |url: |action: |
2023-08-24 16:34:10.6318|0|TRACE|Microsoft.AspNetCore.Server.Kestrel.Http2|Connection id "0HMT4FJHF1IU4" sending DATA frame for stream ID 5 with length 10240 and flags NONE. |url: |action: |
2023-08-24 16:34:10.6318|0|TRACE|Microsoft.AspNetCore.Server.Kestrel.Http2|Connection id "0HMT4FJHF1IU4" sending DATA frame for stream ID 5 with length 10240 and flags NONE. |url: |action: |
2023-08-24 16:34:10.6318|0|TRACE|Microsoft.AspNetCore.Server.Kestrel.Http2|Connection id "0HMT4FJHF1IU4" sending DATA frame for stream ID 5 with length 10240 and flags NONE. |url: |action: |
2023-08-24 16:34:10.6318|0|TRACE|Microsoft.AspNetCore.Server.Kestrel.Http2|Connection id "0HMT4FJHF1IU4" sending DATA frame for stream ID 5 with length 10240 and flags NONE. |url: |action: |
2023-08-24 16:34:10.6318|0|TRACE|Microsoft.AspNetCore.Server.Kestrel.Http2|Connection id "0HMT4FJHF1IU4" sending DATA frame for stream ID 5 with length 10240 and flags NONE. |url: |action: |
2023-08-24 16:34:10.6318|0|TRACE|Microsoft.AspNetCore.Server.Kestrel.Http2|Connection id "0HMT4FJHF1IU4" sending DATA frame for stream ID 5 with length 10240 and flags NONE. |url: |action: |
2023-08-24 16:34:10.6318|0|TRACE|Microsoft.AspNetCore.Server.Kestrel.Http2|Connection id "0HMT4FJHF1IU4" sending DATA frame for stream ID 5 with length 10240 and flags NONE. |url: |action: |
2023-08-24 16:34:10.6318|0|TRACE|Microsoft.AspNetCore.Server.Kestrel.Http2|Connection id "0HMT4FJHF1IU4" sending DATA frame for stream ID 5 with length 10240 and flags NONE. |url: |action: |
2023-08-24 16:34:10.6318|0|TRACE|Microsoft.AspNetCore.Server.Kestrel.Http2|Connection id "0HMT4FJHF1IU4" sending DATA frame for stream ID 5 with length 10240 and flags NONE. |url: |action: |
2023-08-24 16:34:10.6318|0|TRACE|Microsoft.AspNetCore.Server.Kestrel.Http2|Connection id "0HMT4FJHF1IU4" sending DATA frame for stream ID 5 with length 10240 and flags NONE. |url: |action: |
2023-08-24 16:34:10.6318|0|TRACE|Microsoft.AspNetCore.Server.Kestrel.Http2|Connection id "0HMT4FJHF1IU4" sending DATA frame for stream ID 5 with length 10240 and flags NONE. |url: |action: |
2023-08-24 16:34:10.6318|0|TRACE|Microsoft.AspNetCore.Server.Kestrel.Http2|Connection id "0HMT4FJHF1IU4" sending DATA frame for stream ID 5 with length 10240 and flags NONE. |url: |action: |
2023-08-24 16:34:10.6318|0|TRACE|Microsoft.AspNetCore.Server.Kestrel.Http2|Connection id "0HMT4FJHF1IU4" sending DATA frame for stream ID 5 with length 10240 and flags NONE. |url: |action: |
2023-08-24 16:34:10.6318|0|TRACE|Microsoft.AspNetCore.Server.Kestrel.Http2|Connection id "0HMT4FJHF1IU4" sending DATA frame for stream ID 5 with length 10240 and flags NONE. |url: |action: |
2023-08-24 16:34:10.6318|0|TRACE|Microsoft.AspNetCore.Server.Kestrel.Http2|Connection id "0HMT4FJHF1IU4" sending DATA frame for stream ID 5 with length 9517 and flags NONE. |url: |action: |
2023-08-24 16:34:10.6318|0|TRACE|Microsoft.AspNetCore.Server.Kestrel.Http2|Connection id "0HMT4FJHF1IU4" sending DATA frame for stream ID 5 with length 0 and flags END_STREAM. |url: |action: |
2023-08-24 16:34:10.7687|0|TRACE|Microsoft.AspNetCore.Server.Kestrel.Http2|Connection id "0HMT4FJHF1IU4" received HEADERS frame for stream ID 7 with length 247 and flags END_STREAM, END_HEADERS, PRIORITY. |url: |action: |
2023-08-24 16:34:10.7687|0|TRACE|Microsoft.AspNetCore.HostFiltering.HostFilteringMiddleware|All hosts are allowed. |url: https://localhost/swagger/v1/swagger.json|action: |
2023-08-24 16:34:10.9438|0|TRACE|Microsoft.AspNetCore.Server.Kestrel.Http2|Connection id "0HMT4FJHF1IU4" sending HEADERS frame for stream ID 7 with length 35 and flags END_HEADERS. |url: https://localhost/swagger/v1/swagger.json|action: |
2023-08-24 16:34:10.9438|0|TRACE|Microsoft.AspNetCore.Server.Kestrel.Http2|Connection id "0HMT4FJHF1IU4" sending DATA frame for stream ID 7 with length 16384 and flags NONE. |url: |action: |
2023-08-24 16:34:10.9445|0|TRACE|Microsoft.AspNetCore.Server.Kestrel.Http2|Connection id "0HMT4FJHF1IU4" sending DATA frame for stream ID 7 with length 14447 and flags NONE. |url: |action: |
2023-08-24 16:34:10.9445|0|TRACE|Microsoft.AspNetCore.Server.Kestrel.Http2|Connection id "0HMT4FJHF1IU4" sending DATA frame for stream ID 7 with length 0 and flags END_STREAM. |url: |action: |
2023-08-24 17:24:38.3793|0|TRACE|Microsoft.AspNetCore.Server.Kestrel.Http2|Connection id "0HMT4GFO2CN0J" sending SETTINGS frame for stream ID 0 with length 18 and flags NONE. |url: |action: |
2023-08-24 17:24:38.3832|0|TRACE|Microsoft.AspNetCore.Server.Kestrel.Http2|Connection id "0HMT4GFO2CN0J" sending WINDOW_UPDATE frame for stream ID 0 with length 4 and flags 0x0. |url: |action: |
2023-08-24 17:24:38.3832|0|TRACE|Microsoft.AspNetCore.Server.Kestrel.Http2|Connection id "0HMT4GFO2CN0J" received SETTINGS frame for stream ID 0 with length 30 and flags NONE. |url: |action: |
2023-08-24 17:24:38.3832|0|TRACE|Microsoft.AspNetCore.Server.Kestrel.Http2|Connection id "0HMT4GFO2CN0J" sending SETTINGS frame for stream ID 0 with length 0 and flags ACK. |url: |action: |
2023-08-24 17:24:38.3832|0|TRACE|Microsoft.AspNetCore.Server.Kestrel.Http2|Connection id "0HMT4GFO2CN0J" received WINDOW_UPDATE frame for stream ID 0 with length 4 and flags 0x0. |url: |action: |
2023-08-24 17:24:38.3832|0|TRACE|Microsoft.AspNetCore.Server.Kestrel.Http2|Connection id "0HMT4GFO2CN0J" received HEADERS frame for stream ID 1 with length 2605 and flags END_STREAM, END_HEADERS, PRIORITY. |url: |action: |
2023-08-24 17:24:38.4057|0|TRACE|Microsoft.AspNetCore.Server.Kestrel.Http2|Connection id "0HMT4GFO2CN0J" received SETTINGS frame for stream ID 0 with length 0 and flags ACK. |url: |action: |
2023-08-24 17:24:38.4714|0|TRACE|Microsoft.AspNetCore.HostFiltering.HostFilteringMiddleware|All hosts are allowed. |url: https://localhost/swagger/index.html|action: |
2023-08-24 17:24:38.6662|0|TRACE|Microsoft.AspNetCore.Server.Kestrel.Http2|Connection id "0HMT4GFO2CN0J" sending HEADERS frame for stream ID 1 with length 66 and flags END_HEADERS. |url: https://localhost/swagger/index.html|action: |
2023-08-24 17:24:38.7735|0|TRACE|Microsoft.AspNetCore.Server.Kestrel.Http2|Connection id "0HMT4GFO2CN0J" sending DATA frame for stream ID 1 with length 1024 and flags NONE. |url: |action: |
2023-08-24 17:24:38.7735|0|TRACE|Microsoft.AspNetCore.Server.Kestrel.Http2|Connection id "0HMT4GFO2CN0J" sending DATA frame for stream ID 1 with length 1024 and flags NONE. |url: |action: |
2023-08-24 17:24:38.7735|0|TRACE|Microsoft.AspNetCore.Server.Kestrel.Http2|Connection id "0HMT4GFO2CN0J" sending DATA frame for stream ID 1 with length 1024 and flags NONE. |url: |action: |
2023-08-24 17:24:38.7735|0|TRACE|Microsoft.AspNetCore.Server.Kestrel.Http2|Connection id "0HMT4GFO2CN0J" sending DATA frame for stream ID 1 with length 1024 and flags NONE. |url: |action: |
2023-08-24 17:24:38.7735|0|TRACE|Microsoft.AspNetCore.Server.Kestrel.Http2|Connection id "0HMT4GFO2CN0J" sending DATA frame for stream ID 1 with length 999 and flags NONE. |url: |action: |
2023-08-24 17:24:38.7735|0|TRACE|Microsoft.AspNetCore.Server.Kestrel.Http2|Connection id "0HMT4GFO2CN0J" sending DATA frame for stream ID 1 with length 65 and flags NONE. |url: |action: |
2023-08-24 17:24:38.7735|0|TRACE|Microsoft.AspNetCore.Server.Kestrel.Http2|Connection id "0HMT4GFO2CN0J" sending DATA frame for stream ID 1 with length 16 and flags NONE. |url: |action: |
2023-08-24 17:24:38.7882|0|TRACE|Microsoft.AspNetCore.Server.Kestrel.Http2|Connection id "0HMT4GFO2CN0J" sending DATA frame for stream ID 1 with length 0 and flags END_STREAM. |url: |action: |
2023-08-24 17:24:38.8165|0|TRACE|Microsoft.AspNetCore.Server.Kestrel.Http2|Connection id "0HMT4GFO2CN0J" received HEADERS frame for stream ID 3 with length 219 and flags END_STREAM, END_HEADERS, PRIORITY. |url: |action: |
2023-08-24 17:24:38.8165|0|TRACE|Microsoft.AspNetCore.Server.Kestrel.Http2|Connection id "0HMT4GFO2CN0J" received HEADERS frame for stream ID 5 with length 2341 and flags END_STREAM, END_HEADERS, PRIORITY. |url: |action: |
2023-08-24 17:24:38.8198|0|TRACE|Microsoft.AspNetCore.Server.Kestrel.Http2|Connection id "0HMT4GFO2CN0J" sending HEADERS frame for stream ID 3 with length 90 and flags END_HEADERS. |url: https://localhost/_framework/aspnetcore-browser-refresh.js|action: |
2023-08-24 17:24:38.8198|0|TRACE|Microsoft.AspNetCore.Server.Kestrel.Http2|Connection id "0HMT4GFO2CN0J" sending DATA frame for stream ID 3 with length 11998 and flags NONE. |url: |action: |
2023-08-24 17:24:38.8198|0|TRACE|Microsoft.AspNetCore.Server.Kestrel.Http2|Connection id "0HMT4GFO2CN0J" sending DATA frame for stream ID 3 with length 0 and flags END_STREAM. |url: |action: |
2023-08-24 17:24:38.8400|0|TRACE|Microsoft.AspNetCore.Server.Kestrel.Http2|Connection id "0HMT4GFO2CN0J" sending HEADERS frame for stream ID 5 with length 119 and flags END_HEADERS. |url: https://localhost/_vs/browserLink|action: |
2023-08-24 17:24:38.8400|0|TRACE|Microsoft.AspNetCore.Server.Kestrel.Http2|Connection id "0HMT4GFO2CN0J" sending DATA frame for stream ID 5 with length 9986 and flags NONE. |url: |action: |
2023-08-24 17:24:38.8400|0|TRACE|Microsoft.AspNetCore.Server.Kestrel.Http2|Connection id "0HMT4GFO2CN0J" sending DATA frame for stream ID 5 with length 10240 and flags NONE. |url: |action: |
2023-08-24 17:24:38.8400|0|TRACE|Microsoft.AspNetCore.Server.Kestrel.Http2|Connection id "0HMT4GFO2CN0J" sending DATA frame for stream ID 5 with length 10240 and flags NONE. |url: |action: |
2023-08-24 17:24:38.8400|0|TRACE|Microsoft.AspNetCore.Server.Kestrel.Http2|Connection id "0HMT4GFO2CN0J" sending DATA frame for stream ID 5 with length 10240 and flags NONE. |url: |action: |
2023-08-24 17:24:38.8400|0|TRACE|Microsoft.AspNetCore.Server.Kestrel.Http2|Connection id "0HMT4GFO2CN0J" sending DATA frame for stream ID 5 with length 10240 and flags NONE. |url: |action: |
2023-08-24 17:24:38.8400|0|TRACE|Microsoft.AspNetCore.Server.Kestrel.Http2|Connection id "0HMT4GFO2CN0J" sending DATA frame for stream ID 5 with length 10240 and flags NONE. |url: |action: |
2023-08-24 17:24:38.8400|0|TRACE|Microsoft.AspNetCore.Server.Kestrel.Http2|Connection id "0HMT4GFO2CN0J" sending DATA frame for stream ID 5 with length 10240 and flags NONE. |url: |action: |
2023-08-24 17:24:38.8400|0|TRACE|Microsoft.AspNetCore.Server.Kestrel.Http2|Connection id "0HMT4GFO2CN0J" sending DATA frame for stream ID 5 with length 10240 and flags NONE. |url: |action: |
2023-08-24 17:24:38.8400|0|TRACE|Microsoft.AspNetCore.Server.Kestrel.Http2|Connection id "0HMT4GFO2CN0J" sending DATA frame for stream ID 5 with length 10240 and flags NONE. |url: |action: |
2023-08-24 17:24:38.8400|0|TRACE|Microsoft.AspNetCore.Server.Kestrel.Http2|Connection id "0HMT4GFO2CN0J" sending DATA frame for stream ID 5 with length 10240 and flags NONE. |url: |action: |
2023-08-24 17:24:38.8400|0|TRACE|Microsoft.AspNetCore.Server.Kestrel.Http2|Connection id "0HMT4GFO2CN0J" sending DATA frame for stream ID 5 with length 10240 and flags NONE. |url: |action: |
2023-08-24 17:24:38.8400|0|TRACE|Microsoft.AspNetCore.Server.Kestrel.Http2|Connection id "0HMT4GFO2CN0J" sending DATA frame for stream ID 5 with length 10240 and flags NONE. |url: |action: |
2023-08-24 17:24:38.8400|0|TRACE|Microsoft.AspNetCore.Server.Kestrel.Http2|Connection id "0HMT4GFO2CN0J" sending DATA frame for stream ID 5 with length 10240 and flags NONE. |url: |action: |
2023-08-24 17:24:38.8400|0|TRACE|Microsoft.AspNetCore.Server.Kestrel.Http2|Connection id "0HMT4GFO2CN0J" sending DATA frame for stream ID 5 with length 10240 and flags NONE. |url: |action: |
2023-08-24 17:24:38.8400|0|TRACE|Microsoft.AspNetCore.Server.Kestrel.Http2|Connection id "0HMT4GFO2CN0J" sending DATA frame for stream ID 5 with length 10240 and flags NONE. |url: |action: |
2023-08-24 17:24:38.8400|0|TRACE|Microsoft.AspNetCore.Server.Kestrel.Http2|Connection id "0HMT4GFO2CN0J" sending DATA frame for stream ID 5 with length 10240 and flags NONE. |url: |action: |
2023-08-24 17:24:38.8400|0|TRACE|Microsoft.AspNetCore.Server.Kestrel.Http2|Connection id "0HMT4GFO2CN0J" sending DATA frame for stream ID 5 with length 10240 and flags NONE. |url: |action: |
2023-08-24 17:24:38.8400|0|TRACE|Microsoft.AspNetCore.Server.Kestrel.Http2|Connection id "0HMT4GFO2CN0J" sending DATA frame for stream ID 5 with length 10240 and flags NONE. |url: |action: |
2023-08-24 17:24:38.8400|0|TRACE|Microsoft.AspNetCore.Server.Kestrel.Http2|Connection id "0HMT4GFO2CN0J" sending DATA frame for stream ID 5 with length 10240 and flags NONE. |url: |action: |
2023-08-24 17:24:38.8400|0|TRACE|Microsoft.AspNetCore.Server.Kestrel.Http2|Connection id "0HMT4GFO2CN0J" sending DATA frame for stream ID 5 with length 10240 and flags NONE. |url: |action: |
2023-08-24 17:24:38.8400|0|TRACE|Microsoft.AspNetCore.Server.Kestrel.Http2|Connection id "0HMT4GFO2CN0J" sending DATA frame for stream ID 5 with length 10240 and flags NONE. |url: |action: |
2023-08-24 17:24:38.8400|0|TRACE|Microsoft.AspNetCore.Server.Kestrel.Http2|Connection id "0HMT4GFO2CN0J" sending DATA frame for stream ID 5 with length 10240 and flags NONE. |url: |action: |
2023-08-24 17:24:38.8400|0|TRACE|Microsoft.AspNetCore.Server.Kestrel.Http2|Connection id "0HMT4GFO2CN0J" sending DATA frame for stream ID 5 with length 10240 and flags NONE. |url: |action: |
2023-08-24 17:24:38.8400|0|TRACE|Microsoft.AspNetCore.Server.Kestrel.Http2|Connection id "0HMT4GFO2CN0J" sending DATA frame for stream ID 5 with length 10240 and flags NONE. |url: |action: |
2023-08-24 17:24:38.8400|0|TRACE|Microsoft.AspNetCore.Server.Kestrel.Http2|Connection id "0HMT4GFO2CN0J" sending DATA frame for stream ID 5 with length 10240 and flags NONE. |url: |action: |
2023-08-24 17:24:38.8400|0|TRACE|Microsoft.AspNetCore.Server.Kestrel.Http2|Connection id "0HMT4GFO2CN0J" sending DATA frame for stream ID 5 with length 10240 and flags NONE. |url: |action: |
2023-08-24 17:24:38.8508|0|TRACE|Microsoft.AspNetCore.Server.Kestrel.Http2|Connection id "0HMT4GFO2CN0J" sending DATA frame for stream ID 5 with length 10240 and flags NONE. |url: |action: |
2023-08-24 17:24:38.8508|0|TRACE|Microsoft.AspNetCore.Server.Kestrel.Http2|Connection id "0HMT4GFO2CN0J" sending DATA frame for stream ID 5 with length 10240 and flags NONE. |url: |action: |
2023-08-24 17:24:38.8508|0|TRACE|Microsoft.AspNetCore.Server.Kestrel.Http2|Connection id "0HMT4GFO2CN0J" sending DATA frame for stream ID 5 with length 10240 and flags NONE. |url: |action: |
2023-08-24 17:24:38.8508|0|TRACE|Microsoft.AspNetCore.Server.Kestrel.Http2|Connection id "0HMT4GFO2CN0J" sending DATA frame for stream ID 5 with length 10240 and flags NONE. |url: |action: |
2023-08-24 17:24:38.8508|0|TRACE|Microsoft.AspNetCore.Server.Kestrel.Http2|Connection id "0HMT4GFO2CN0J" sending DATA frame for stream ID 5 with length 10240 and flags NONE. |url: |action: |
2023-08-24 17:24:38.8508|0|TRACE|Microsoft.AspNetCore.Server.Kestrel.Http2|Connection id "0HMT4GFO2CN0J" sending DATA frame for stream ID 5 with length 10240 and flags NONE. |url: |action: |
2023-08-24 17:24:38.8508|0|TRACE|Microsoft.AspNetCore.Server.Kestrel.Http2|Connection id "0HMT4GFO2CN0J" sending DATA frame for stream ID 5 with length 10240 and flags NONE. |url: |action: |
2023-08-24 17:24:38.8508|0|TRACE|Microsoft.AspNetCore.Server.Kestrel.Http2|Connection id "0HMT4GFO2CN0J" sending DATA frame for stream ID 5 with length 10240 and flags NONE. |url: |action: |
2023-08-24 17:24:38.8508|0|TRACE|Microsoft.AspNetCore.Server.Kestrel.Http2|Connection id "0HMT4GFO2CN0J" sending DATA frame for stream ID 5 with length 10240 and flags NONE. |url: |action: |
2023-08-24 17:24:38.8508|0|TRACE|Microsoft.AspNetCore.Server.Kestrel.Http2|Connection id "0HMT4GFO2CN0J" sending DATA frame for stream ID 5 with length 10240 and flags NONE. |url: |action: |
2023-08-24 17:24:38.8508|0|TRACE|Microsoft.AspNetCore.Server.Kestrel.Http2|Connection id "0HMT4GFO2CN0J" sending DATA frame for stream ID 5 with length 10240 and flags NONE. |url: |action: |
2023-08-24 17:24:38.8508|0|TRACE|Microsoft.AspNetCore.Server.Kestrel.Http2|Connection id "0HMT4GFO2CN0J" sending DATA frame for stream ID 5 with length 10240 and flags NONE. |url: |action: |
2023-08-24 17:24:38.8508|0|TRACE|Microsoft.AspNetCore.Server.Kestrel.Http2|Connection id "0HMT4GFO2CN0J" sending DATA frame for stream ID 5 with length 10240 and flags NONE. |url: |action: |
2023-08-24 17:24:38.8508|0|TRACE|Microsoft.AspNetCore.Server.Kestrel.Http2|Connection id "0HMT4GFO2CN0J" sending DATA frame for stream ID 5 with length 10240 and flags NONE. |url: |action: |
2023-08-24 17:24:38.8508|0|TRACE|Microsoft.AspNetCore.Server.Kestrel.Http2|Connection id "0HMT4GFO2CN0J" sending DATA frame for stream ID 5 with length 10240 and flags NONE. |url: |action: |
2023-08-24 17:24:38.8508|0|TRACE|Microsoft.AspNetCore.Server.Kestrel.Http2|Connection id "0HMT4GFO2CN0J" sending DATA frame for stream ID 5 with length 10240 and flags NONE. |url: |action: |
2023-08-24 17:24:38.8508|0|TRACE|Microsoft.AspNetCore.Server.Kestrel.Http2|Connection id "0HMT4GFO2CN0J" sending DATA frame for stream ID 5 with length 10240 and flags NONE. |url: |action: |
2023-08-24 17:24:38.8508|0|TRACE|Microsoft.AspNetCore.Server.Kestrel.Http2|Connection id "0HMT4GFO2CN0J" sending DATA frame for stream ID 5 with length 10240 and flags NONE. |url: |action: |
2023-08-24 17:24:38.8508|0|TRACE|Microsoft.AspNetCore.Server.Kestrel.Http2|Connection id "0HMT4GFO2CN0J" sending DATA frame for stream ID 5 with length 10240 and flags NONE. |url: |action: |
2023-08-24 17:24:38.8508|0|TRACE|Microsoft.AspNetCore.Server.Kestrel.Http2|Connection id "0HMT4GFO2CN0J" sending DATA frame for stream ID 5 with length 10240 and flags NONE. |url: |action: |
2023-08-24 17:24:38.8508|0|TRACE|Microsoft.AspNetCore.Server.Kestrel.Http2|Connection id "0HMT4GFO2CN0J" sending DATA frame for stream ID 5 with length 10240 and flags NONE. |url: |action: |
2023-08-24 17:24:38.8508|0|TRACE|Microsoft.AspNetCore.Server.Kestrel.Http2|Connection id "0HMT4GFO2CN0J" sending DATA frame for stream ID 5 with length 10240 and flags NONE. |url: |action: |
2023-08-24 17:24:38.8508|0|TRACE|Microsoft.AspNetCore.Server.Kestrel.Http2|Connection id "0HMT4GFO2CN0J" sending DATA frame for stream ID 5 with length 10240 and flags NONE. |url: |action: |
2023-08-24 17:24:38.8508|0|TRACE|Microsoft.AspNetCore.Server.Kestrel.Http2|Connection id "0HMT4GFO2CN0J" sending DATA frame for stream ID 5 with length 10240 and flags NONE. |url: |action: |
2023-08-24 17:24:38.8508|0|TRACE|Microsoft.AspNetCore.Server.Kestrel.Http2|Connection id "0HMT4GFO2CN0J" sending DATA frame for stream ID 5 with length 10240 and flags NONE. |url: |action: |
2023-08-24 17:24:38.8508|0|TRACE|Microsoft.AspNetCore.Server.Kestrel.Http2|Connection id "0HMT4GFO2CN0J" sending DATA frame for stream ID 5 with length 10240 and flags NONE. |url: |action: |
2023-08-24 17:24:38.8508|0|TRACE|Microsoft.AspNetCore.Server.Kestrel.Http2|Connection id "0HMT4GFO2CN0J" sending DATA frame for stream ID 5 with length 10240 and flags NONE. |url: |action: |
2023-08-24 17:24:38.8508|0|TRACE|Microsoft.AspNetCore.Server.Kestrel.Http2|Connection id "0HMT4GFO2CN0J" sending DATA frame for stream ID 5 with length 10240 and flags NONE. |url: |action: |
2023-08-24 17:24:38.8508|0|TRACE|Microsoft.AspNetCore.Server.Kestrel.Http2|Connection id "0HMT4GFO2CN0J" sending DATA frame for stream ID 5 with length 10240 and flags NONE. |url: |action: |
2023-08-24 17:24:38.8508|0|TRACE|Microsoft.AspNetCore.Server.Kestrel.Http2|Connection id "0HMT4GFO2CN0J" sending DATA frame for stream ID 5 with length 10240 and flags NONE. |url: |action: |
2023-08-24 17:24:38.8508|0|TRACE|Microsoft.AspNetCore.Server.Kestrel.Http2|Connection id "0HMT4GFO2CN0J" sending DATA frame for stream ID 5 with length 10240 and flags NONE. |url: |action: |
2023-08-24 17:24:38.8508|0|TRACE|Microsoft.AspNetCore.Server.Kestrel.Http2|Connection id "0HMT4GFO2CN0J" sending DATA frame for stream ID 5 with length 10240 and flags NONE. |url: |action: |
2023-08-24 17:24:38.8508|0|TRACE|Microsoft.AspNetCore.Server.Kestrel.Http2|Connection id "0HMT4GFO2CN0J" sending DATA frame for stream ID 5 with length 10240 and flags NONE. |url: |action: |
2023-08-24 17:24:38.8508|0|TRACE|Microsoft.AspNetCore.Server.Kestrel.Http2|Connection id "0HMT4GFO2CN0J" sending DATA frame for stream ID 5 with length 10240 and flags NONE. |url: |action: |
2023-08-24 17:24:38.8508|0|TRACE|Microsoft.AspNetCore.Server.Kestrel.Http2|Connection id "0HMT4GFO2CN0J" sending DATA frame for stream ID 5 with length 10240 and flags NONE. |url: |action: |
2023-08-24 17:24:38.8508|0|TRACE|Microsoft.AspNetCore.Server.Kestrel.Http2|Connection id "0HMT4GFO2CN0J" sending DATA frame for stream ID 5 with length 10240 and flags NONE. |url: |action: |
2023-08-24 17:24:38.8508|0|TRACE|Microsoft.AspNetCore.Server.Kestrel.Http2|Connection id "0HMT4GFO2CN0J" sending DATA frame for stream ID 5 with length 10240 and flags NONE. |url: |action: |
2023-08-24 17:24:38.8508|0|TRACE|Microsoft.AspNetCore.Server.Kestrel.Http2|Connection id "0HMT4GFO2CN0J" sending DATA frame for stream ID 5 with length 10240 and flags NONE. |url: |action: |
2023-08-24 17:24:38.8508|0|TRACE|Microsoft.AspNetCore.Server.Kestrel.Http2|Connection id "0HMT4GFO2CN0J" sending DATA frame for stream ID 5 with length 10240 and flags NONE. |url: |action: |
2023-08-24 17:24:38.8508|0|TRACE|Microsoft.AspNetCore.Server.Kestrel.Http2|Connection id "0HMT4GFO2CN0J" sending DATA frame for stream ID 5 with length 10240 and flags NONE. |url: |action: |
2023-08-24 17:24:38.8508|0|TRACE|Microsoft.AspNetCore.Server.Kestrel.Http2|Connection id "0HMT4GFO2CN0J" sending DATA frame for stream ID 5 with length 10240 and flags NONE. |url: |action: |
2023-08-24 17:24:38.8508|0|TRACE|Microsoft.AspNetCore.Server.Kestrel.Http2|Connection id "0HMT4GFO2CN0J" sending DATA frame for stream ID 5 with length 10240 and flags NONE. |url: |action: |
2023-08-24 17:24:38.8508|0|TRACE|Microsoft.AspNetCore.Server.Kestrel.Http2|Connection id "0HMT4GFO2CN0J" sending DATA frame for stream ID 5 with length 10240 and flags NONE. |url: |action: |
2023-08-24 17:24:38.8508|0|TRACE|Microsoft.AspNetCore.Server.Kestrel.Http2|Connection id "0HMT4GFO2CN0J" sending DATA frame for stream ID 5 with length 10240 and flags NONE. |url: |action: |
2023-08-24 17:24:38.8508|0|TRACE|Microsoft.AspNetCore.Server.Kestrel.Http2|Connection id "0HMT4GFO2CN0J" sending DATA frame for stream ID 5 with length 10240 and flags NONE. |url: |action: |
2023-08-24 17:24:38.8508|0|TRACE|Microsoft.AspNetCore.Server.Kestrel.Http2|Connection id "0HMT4GFO2CN0J" sending DATA frame for stream ID 5 with length 10240 and flags NONE. |url: |action: |
2023-08-24 17:24:38.8508|0|TRACE|Microsoft.AspNetCore.Server.Kestrel.Http2|Connection id "0HMT4GFO2CN0J" sending DATA frame for stream ID 5 with length 10240 and flags NONE. |url: |action: |
2023-08-24 17:24:38.8508|0|TRACE|Microsoft.AspNetCore.Server.Kestrel.Http2|Connection id "0HMT4GFO2CN0J" sending DATA frame for stream ID 5 with length 9517 and flags NONE. |url: |action: |
2023-08-24 17:24:38.8508|0|TRACE|Microsoft.AspNetCore.Server.Kestrel.Http2|Connection id "0HMT4GFO2CN0J" sending DATA frame for stream ID 5 with length 0 and flags END_STREAM. |url: |action: |
2023-08-24 17:24:39.0142|0|TRACE|Microsoft.AspNetCore.Server.Kestrel.Http2|Connection id "0HMT4GFO2CN0J" received HEADERS frame for stream ID 7 with length 247 and flags END_STREAM, END_HEADERS, PRIORITY. |url: |action: |
2023-08-24 17:24:39.0142|0|TRACE|Microsoft.AspNetCore.HostFiltering.HostFilteringMiddleware|All hosts are allowed. |url: https://localhost/swagger/v1/swagger.json|action: |
2023-08-24 17:24:39.1712|0|TRACE|Microsoft.AspNetCore.Server.Kestrel.Http2|Connection id "0HMT4GFO2CN0J" sending HEADERS frame for stream ID 7 with length 35 and flags END_HEADERS. |url: https://localhost/swagger/v1/swagger.json|action: |
2023-08-24 17:24:39.1712|0|TRACE|Microsoft.AspNetCore.Server.Kestrel.Http2|Connection id "0HMT4GFO2CN0J" sending DATA frame for stream ID 7 with length 16384 and flags NONE. |url: |action: |
2023-08-24 17:24:39.1712|0|TRACE|Microsoft.AspNetCore.Server.Kestrel.Http2|Connection id "0HMT4GFO2CN0J" sending DATA frame for stream ID 7 with length 16384 and flags NONE. |url: |action: |
2023-08-24 17:24:39.1712|0|TRACE|Microsoft.AspNetCore.Server.Kestrel.Http2|Connection id "0HMT4GFO2CN0J" sending DATA frame for stream ID 7 with length 1469 and flags NONE. |url: |action: |
2023-08-24 17:24:39.1712|0|TRACE|Microsoft.AspNetCore.Server.Kestrel.Http2|Connection id "0HMT4GFO2CN0J" sending DATA frame for stream ID 7 with length 0 and flags END_STREAM. |url: |action: |
