2023-08-11 13:27:30.3096|0|ERROR|Microsoft.AspNetCore.Diagnostics.DeveloperExceptionPageMiddleware|An unhandled exception has occurred while executing the request. Swashbuckle.AspNetCore.SwaggerGen.SwaggerGeneratorException: Conflicting method/path combination "POST member/studentInfo" for actions - TUTOR.ERPS.API.MemberController.AddStudentInfo (TUTOR.ERPS.Api),TUTOR.ERPS.API.MemberController.DeleteStudentInfo (TUTOR.ERPS.Api). Actions require a unique method/path combination for Swagger/OpenAPI 3.0. Use ConflictingActionsResolver as a workaround
   at Swashbuckle.AspNetCore.SwaggerGen.SwaggerGenerator.GenerateOperations(IEnumerable`1 apiDescriptions, SchemaRepository schemaRepository)
   at Swashbuckle.AspNetCore.SwaggerGen.SwaggerGenerator.GeneratePaths(IEnumerable`1 apiDescriptions, SchemaRepository schemaRepository)
   at Swashbuckle.AspNetCore.SwaggerGen.SwaggerGenerator.GetSwaggerDocumentWithoutFilters(String documentName, String host, String basePath)
   at Swashbuckle.AspNetCore.SwaggerGen.SwaggerGenerator.GetSwaggerAsync(String documentName, String host, String basePath)
   at Swashbuckle.AspNetCore.Swagger.SwaggerMiddleware.Invoke(HttpContext httpContext, ISwaggerProvider swaggerProvider)
   at Microsoft.AspNetCore.Diagnostics.DeveloperExceptionPageMiddleware.Invoke(HttpContext context)|url: https://localhost/swagger/v1/swagger.json|action: |
2023-08-11 13:27:31.1209|0|ERROR|Microsoft.AspNetCore.Server.Kestrel|Connection id "0HMSQ5EJND1RD", Request id "0HMSQ5EJND1RD:00000007": An unhandled exception was thrown by the application. Microsoft.Data.SqlClient.SqlException (0x80131904): 接近關鍵字 'VALUES' 之處的語法不正確。
   at Microsoft.Data.SqlClient.SqlConnection.OnError(SqlException exception, Boolean breakConnection, Action`1 wrapCloseInAction)
   at Microsoft.Data.SqlClient.TdsParser.ThrowExceptionAndWarning(TdsParserStateObject stateObj, Boolean callerHasConnectionLock, Boolean asyncClose)
   at Microsoft.Data.SqlClient.TdsParser.TryRun(RunBehavior runBehavior, SqlCommand cmdHandler, SqlDataReader dataStream, BulkCopySimpleResultSet bulkCopyHandler, TdsParserStateObject stateObj, Boolean& dataReady)
   at Microsoft.Data.SqlClient.SqlCommand.FinishExecuteReader(SqlDataReader ds, RunBehavior runBehavior, String resetOptionsString, Boolean isInternal, Boolean forDescribeParameterEncryption, Boolean shouldCacheForAlwaysEncrypted)
   at Microsoft.Data.SqlClient.SqlCommand.RunExecuteReaderTds(CommandBehavior cmdBehavior, RunBehavior runBehavior, Boolean returnStream, Boolean isAsync, Int32 timeout, Task& task, Boolean asyncWrite, Boolean inRetry, SqlDataReader ds, Boolean describeParameterEncryptionRequest)
   at Microsoft.Data.SqlClient.SqlCommand.RunExecuteReader(CommandBehavior cmdBehavior, RunBehavior runBehavior, Boolean returnStream, TaskCompletionSource`1 completion, Int32 timeout, Task& task, Boolean& usedCache, Boolean asyncWrite, Boolean inRetry, String method)
   at Microsoft.Data.SqlClient.SqlCommand.InternalExecuteNonQuery(TaskCompletionSource`1 completion, Boolean sendToPipe, Int32 timeout, Boolean& usedCache, Boolean asyncWrite, Boolean inRetry, String methodName)
   at Microsoft.Data.SqlClient.SqlCommand.ExecuteNonQuery()
   at NLog.Targets.DatabaseTarget.ExecuteDbCommandWithParameters(LogEventInfo logEvent, IDbConnection dbConnection, IDbTransaction dbTransaction)
   at NLog.Targets.DatabaseTarget.WriteLogEventSuppressTransactionScope(LogEventInfo logEvent, String connectionString)
   at NLog.Targets.DatabaseTarget.Write(LogEventInfo logEvent)
   at NLog.Targets.Target.Write(AsyncLogEventInfo logEvent)
   at NLog.Targets.Target.WriteAsyncThreadSafe(AsyncLogEventInfo logEvent)
   at NLog.Targets.Target.WriteAsyncLogEvent(AsyncLogEventInfo logEvent)
   at NLog.LoggerImpl.WriteToTargetWithFilterChain(Target target, FilterResult result, LogEventInfo logEvent, AsyncContinuation onException)
   at NLog.LoggerImpl.Write(Type loggerType, TargetWithFilterChain targetsForLevel, LogEventInfo logEvent, LogFactory logFactory)
   at NLog.Logger.WriteToTargets(Type wrapperType, LogEventInfo logEvent, TargetWithFilterChain targetsForLevel)
   at NLog.Extensions.Logging.NLogLogger.Log[TState](LogLevel logLevel, EventId eventId, TState state, Exception exception, Func`3 formatter)
   at Microsoft.Extensions.Logging.Logger.<Log>g__LoggerLog|13_0[TState](LogLevel logLevel, EventId eventId, ILogger logger, Exception exception, Func`3 formatter, List`1& exceptions, TState& state)
ClientConnectionId:e1f1bfa3-792a-4f4a-adac-227b9b72f78a
Error Number:156,State:1,Class:15|url: https://localhost/swagger/v1/swagger.json|action: |
2023-08-11 13:28:44.4459|0|ERROR|Microsoft.AspNetCore.Diagnostics.DeveloperExceptionPageMiddleware|An unhandled exception has occurred while executing the request. Swashbuckle.AspNetCore.SwaggerGen.SwaggerGeneratorException: Conflicting method/path combination "POST member/studentInfo" for actions - TUTOR.ERPS.API.MemberController.AddStudentInfo (TUTOR.ERPS.Api),TUTOR.ERPS.API.MemberController.DeleteStudentInfo (TUTOR.ERPS.Api). Actions require a unique method/path combination for Swagger/OpenAPI 3.0. Use ConflictingActionsResolver as a workaround
   at Swashbuckle.AspNetCore.SwaggerGen.SwaggerGenerator.GenerateOperations(IEnumerable`1 apiDescriptions, SchemaRepository schemaRepository)
   at Swashbuckle.AspNetCore.SwaggerGen.SwaggerGenerator.GeneratePaths(IEnumerable`1 apiDescriptions, SchemaRepository schemaRepository)
   at Swashbuckle.AspNetCore.SwaggerGen.SwaggerGenerator.GetSwaggerDocumentWithoutFilters(String documentName, String host, String basePath)
   at Swashbuckle.AspNetCore.SwaggerGen.SwaggerGenerator.GetSwaggerAsync(String documentName, String host, String basePath)
   at Swashbuckle.AspNetCore.Swagger.SwaggerMiddleware.Invoke(HttpContext httpContext, ISwaggerProvider swaggerProvider)
   at Microsoft.AspNetCore.Diagnostics.DeveloperExceptionPageMiddleware.Invoke(HttpContext context)|url: https://localhost/swagger/v1/swagger.json|action: |
2023-08-11 13:28:45.1601|0|ERROR|Microsoft.AspNetCore.Server.Kestrel|Connection id "0HMSQ5F9VUH5F", Request id "0HMSQ5F9VUH5F:00000007": An unhandled exception was thrown by the application. Microsoft.Data.SqlClient.SqlException (0x80131904): 接近關鍵字 'VALUES' 之處的語法不正確。
   at Microsoft.Data.SqlClient.SqlConnection.OnError(SqlException exception, Boolean breakConnection, Action`1 wrapCloseInAction)
   at Microsoft.Data.SqlClient.TdsParser.ThrowExceptionAndWarning(TdsParserStateObject stateObj, Boolean callerHasConnectionLock, Boolean asyncClose)
   at Microsoft.Data.SqlClient.TdsParser.TryRun(RunBehavior runBehavior, SqlCommand cmdHandler, SqlDataReader dataStream, BulkCopySimpleResultSet bulkCopyHandler, TdsParserStateObject stateObj, Boolean& dataReady)
   at Microsoft.Data.SqlClient.SqlCommand.FinishExecuteReader(SqlDataReader ds, RunBehavior runBehavior, String resetOptionsString, Boolean isInternal, Boolean forDescribeParameterEncryption, Boolean shouldCacheForAlwaysEncrypted)
   at Microsoft.Data.SqlClient.SqlCommand.RunExecuteReaderTds(CommandBehavior cmdBehavior, RunBehavior runBehavior, Boolean returnStream, Boolean isAsync, Int32 timeout, Task& task, Boolean asyncWrite, Boolean inRetry, SqlDataReader ds, Boolean describeParameterEncryptionRequest)
   at Microsoft.Data.SqlClient.SqlCommand.RunExecuteReader(CommandBehavior cmdBehavior, RunBehavior runBehavior, Boolean returnStream, TaskCompletionSource`1 completion, Int32 timeout, Task& task, Boolean& usedCache, Boolean asyncWrite, Boolean inRetry, String method)
   at Microsoft.Data.SqlClient.SqlCommand.InternalExecuteNonQuery(TaskCompletionSource`1 completion, Boolean sendToPipe, Int32 timeout, Boolean& usedCache, Boolean asyncWrite, Boolean inRetry, String methodName)
   at Microsoft.Data.SqlClient.SqlCommand.ExecuteNonQuery()
   at NLog.Targets.DatabaseTarget.ExecuteDbCommandWithParameters(LogEventInfo logEvent, IDbConnection dbConnection, IDbTransaction dbTransaction)
   at NLog.Targets.DatabaseTarget.WriteLogEventSuppressTransactionScope(LogEventInfo logEvent, String connectionString)
   at NLog.Targets.DatabaseTarget.Write(LogEventInfo logEvent)
   at NLog.Targets.Target.Write(AsyncLogEventInfo logEvent)
   at NLog.Targets.Target.WriteAsyncThreadSafe(AsyncLogEventInfo logEvent)
   at NLog.Targets.Target.WriteAsyncLogEvent(AsyncLogEventInfo logEvent)
   at NLog.LoggerImpl.WriteToTargetWithFilterChain(Target target, FilterResult result, LogEventInfo logEvent, AsyncContinuation onException)
   at NLog.LoggerImpl.Write(Type loggerType, TargetWithFilterChain targetsForLevel, LogEventInfo logEvent, LogFactory logFactory)
   at NLog.Logger.WriteToTargets(Type wrapperType, LogEventInfo logEvent, TargetWithFilterChain targetsForLevel)
   at NLog.Extensions.Logging.NLogLogger.Log[TState](LogLevel logLevel, EventId eventId, TState state, Exception exception, Func`3 formatter)
   at Microsoft.Extensions.Logging.Logger.<Log>g__LoggerLog|13_0[TState](LogLevel logLevel, EventId eventId, ILogger logger, Exception exception, Func`3 formatter, List`1& exceptions, TState& state)
ClientConnectionId:d573b74a-e019-45ea-a9dd-75644c2f3e1b
Error Number:156,State:1,Class:15|url: https://localhost/swagger/v1/swagger.json|action: |
2023-08-11 13:30:56.1764|0|ERROR|Microsoft.AspNetCore.Diagnostics.DeveloperExceptionPageMiddleware|An unhandled exception has occurred while executing the request. Swashbuckle.AspNetCore.SwaggerGen.SwaggerGeneratorException: Conflicting method/path combination "POST member/studentInfo" for actions - TUTOR.ERPS.API.MemberController.AddStudentInfo (TUTOR.ERPS.Api),TUTOR.ERPS.API.MemberController.DeleteStudentInfo (TUTOR.ERPS.Api). Actions require a unique method/path combination for Swagger/OpenAPI 3.0. Use ConflictingActionsResolver as a workaround
   at Swashbuckle.AspNetCore.SwaggerGen.SwaggerGenerator.GenerateOperations(IEnumerable`1 apiDescriptions, SchemaRepository schemaRepository)
   at Swashbuckle.AspNetCore.SwaggerGen.SwaggerGenerator.GeneratePaths(IEnumerable`1 apiDescriptions, SchemaRepository schemaRepository)
   at Swashbuckle.AspNetCore.SwaggerGen.SwaggerGenerator.GetSwaggerDocumentWithoutFilters(String documentName, String host, String basePath)
   at Swashbuckle.AspNetCore.SwaggerGen.SwaggerGenerator.GetSwaggerAsync(String documentName, String host, String basePath)
   at Swashbuckle.AspNetCore.Swagger.SwaggerMiddleware.Invoke(HttpContext httpContext, ISwaggerProvider swaggerProvider)
   at Microsoft.AspNetCore.Diagnostics.DeveloperExceptionPageMiddleware.Invoke(HttpContext context)|url: https://localhost/swagger/v1/swagger.json|action: |
2023-08-11 13:30:57.1744|0|ERROR|Microsoft.AspNetCore.Server.Kestrel|Connection id "0HMSQ5GH5JAIL", Request id "0HMSQ5GH5JAIL:00000007": An unhandled exception was thrown by the application. Microsoft.Data.SqlClient.SqlException (0x80131904): 接近關鍵字 'VALUES' 之處的語法不正確。
   at Microsoft.Data.SqlClient.SqlConnection.OnError(SqlException exception, Boolean breakConnection, Action`1 wrapCloseInAction)
   at Microsoft.Data.SqlClient.TdsParser.ThrowExceptionAndWarning(TdsParserStateObject stateObj, Boolean callerHasConnectionLock, Boolean asyncClose)
   at Microsoft.Data.SqlClient.TdsParser.TryRun(RunBehavior runBehavior, SqlCommand cmdHandler, SqlDataReader dataStream, BulkCopySimpleResultSet bulkCopyHandler, TdsParserStateObject stateObj, Boolean& dataReady)
   at Microsoft.Data.SqlClient.SqlCommand.FinishExecuteReader(SqlDataReader ds, RunBehavior runBehavior, String resetOptionsString, Boolean isInternal, Boolean forDescribeParameterEncryption, Boolean shouldCacheForAlwaysEncrypted)
   at Microsoft.Data.SqlClient.SqlCommand.RunExecuteReaderTds(CommandBehavior cmdBehavior, RunBehavior runBehavior, Boolean returnStream, Boolean isAsync, Int32 timeout, Task& task, Boolean asyncWrite, Boolean inRetry, SqlDataReader ds, Boolean describeParameterEncryptionRequest)
   at Microsoft.Data.SqlClient.SqlCommand.RunExecuteReader(CommandBehavior cmdBehavior, RunBehavior runBehavior, Boolean returnStream, TaskCompletionSource`1 completion, Int32 timeout, Task& task, Boolean& usedCache, Boolean asyncWrite, Boolean inRetry, String method)
   at Microsoft.Data.SqlClient.SqlCommand.InternalExecuteNonQuery(TaskCompletionSource`1 completion, Boolean sendToPipe, Int32 timeout, Boolean& usedCache, Boolean asyncWrite, Boolean inRetry, String methodName)
   at Microsoft.Data.SqlClient.SqlCommand.ExecuteNonQuery()
   at NLog.Targets.DatabaseTarget.ExecuteDbCommandWithParameters(LogEventInfo logEvent, IDbConnection dbConnection, IDbTransaction dbTransaction)
   at NLog.Targets.DatabaseTarget.WriteLogEventSuppressTransactionScope(LogEventInfo logEvent, String connectionString)
   at NLog.Targets.DatabaseTarget.Write(LogEventInfo logEvent)
   at NLog.Targets.Target.Write(AsyncLogEventInfo logEvent)
   at NLog.Targets.Target.WriteAsyncThreadSafe(AsyncLogEventInfo logEvent)
   at NLog.Targets.Target.WriteAsyncLogEvent(AsyncLogEventInfo logEvent)
   at NLog.LoggerImpl.WriteToTargetWithFilterChain(Target target, FilterResult result, LogEventInfo logEvent, AsyncContinuation onException)
   at NLog.LoggerImpl.Write(Type loggerType, TargetWithFilterChain targetsForLevel, LogEventInfo logEvent, LogFactory logFactory)
   at NLog.Logger.WriteToTargets(Type wrapperType, LogEventInfo logEvent, TargetWithFilterChain targetsForLevel)
   at NLog.Extensions.Logging.NLogLogger.Log[TState](LogLevel logLevel, EventId eventId, TState state, Exception exception, Func`3 formatter)
   at Microsoft.Extensions.Logging.Logger.<Log>g__LoggerLog|13_0[TState](LogLevel logLevel, EventId eventId, ILogger logger, Exception exception, Func`3 formatter, List`1& exceptions, TState& state)
ClientConnectionId:e317aa74-e8fe-47be-8790-bac875b27b7c
Error Number:156,State:1,Class:15|url: https://localhost/swagger/v1/swagger.json|action: |
