2023-07-17 18:08:53.9391|0|ERROR|Microsoft.EntityFrameworkCore.Query|An exception occurred while iterating over the results of a query for context type 'TUTOR.Repository.EF.TUTORERPSContext'.
Microsoft.Data.SqlClient.SqlException (0x80131904): OFFSET 子句中指定的位置不可為負值。
   at Microsoft.Data.SqlClient.SqlConnection.OnError(SqlException exception, Boolean breakConnection, Action`1 wrapCloseInAction)
   at Microsoft.Data.SqlClient.TdsParser.ThrowExceptionAndWarning(TdsParserStateObject stateObj, Boolean callerHasConnectionLock, Boolean asyncClose)
   at Microsoft.Data.SqlClient.TdsParser.TryRun(RunBehavior runBehavior, SqlCommand cmdHandler, SqlDataReader dataStream, BulkCopySimpleResultSet bulkCopyHandler, TdsParserStateObject stateObj, Boolean& dataReady)
   at Microsoft.Data.SqlClient.SqlDataReader.TryHasMoreRows(Boolean& moreRows)
   at Microsoft.Data.SqlClient.SqlDataReader.TryReadInternal(Boolean setTimeout, Boolean& more)
   at Microsoft.Data.SqlClient.SqlDataReader.Read()
   at Microsoft.EntityFrameworkCore.Query.Internal.SingleQueryingEnumerable`1.Enumerator.MoveNext()
ClientConnectionId:e148d2fc-ff3b-44db-9b01-727f4b89aa98
Error Number:10742,State:1,Class:15 Microsoft.Data.SqlClient.SqlException (0x80131904): OFFSET 子句中指定的位置不可為負值。
   at Microsoft.Data.SqlClient.SqlConnection.OnError(SqlException exception, Boolean breakConnection, Action`1 wrapCloseInAction)
   at Microsoft.Data.SqlClient.TdsParser.ThrowExceptionAndWarning(TdsParserStateObject stateObj, Boolean callerHasConnectionLock, Boolean asyncClose)
   at Microsoft.Data.SqlClient.TdsParser.TryRun(RunBehavior runBehavior, SqlCommand cmdHandler, SqlDataReader dataStream, BulkCopySimpleResultSet bulkCopyHandler, TdsParserStateObject stateObj, Boolean& dataReady)
   at Microsoft.Data.SqlClient.SqlDataReader.TryHasMoreRows(Boolean& moreRows)
   at Microsoft.Data.SqlClient.SqlDataReader.TryReadInternal(Boolean setTimeout, Boolean& more)
   at Microsoft.Data.SqlClient.SqlDataReader.Read()
   at Microsoft.EntityFrameworkCore.Query.Internal.SingleQueryingEnumerable`1.Enumerator.MoveNext()
ClientConnectionId:e148d2fc-ff3b-44db-9b01-727f4b89aa98
Error Number:10742,State:1,Class:15|url: https://localhost/Member/StudentList|action: Data|
2023-07-17 18:08:54.4302|0|ERROR|IALW.API.ApiControllers.MemberController|學生資料 資料錯誤 Microsoft.Data.SqlClient.SqlException (0x80131904): 接近關鍵字 'VALUES' 之處的語法不正確。
   at Microsoft.Data.SqlClient.SqlConnection.OnError(SqlException exception, Boolean breakConnection, Action`1 wrapCloseInAction)
   at Microsoft.Data.SqlClient.TdsParser.ThrowExceptionAndWarning(TdsParserStateObject stateObj, Boolean callerHasConnectionLock, Boolean asyncClose)
   at Microsoft.Data.SqlClient.TdsParser.TryRun(RunBehavior runBehavior, SqlCommand cmdHandler, SqlDataReader dataStream, BulkCopySimpleResultSet bulkCopyHandler, TdsParserStateObject stateObj, Boolean& dataReady)
   at Microsoft.Data.SqlClient.SqlCommand.FinishExecuteReader(SqlDataReader ds, RunBehavior runBehavior, String resetOptionsString, Boolean isInternal, Boolean forDescribeParameterEncryption, Boolean shouldCacheForAlwaysEncrypted)
   at Microsoft.Data.SqlClient.SqlCommand.RunExecuteReaderTds(CommandBehavior cmdBehavior, RunBehavior runBehavior, Boolean returnStream, Boolean isAsync, Int32 timeout, Task& task, Boolean asyncWrite, Boolean inRetry, SqlDataReader ds, Boolean describeParameterEncryptionRequest)
   at Microsoft.Data.SqlClient.SqlCommand.RunExecuteReader(CommandBehavior cmdBehavior, RunBehavior runBehavior, Boolean returnStream, TaskCompletionSource`1 completion, Int32 timeout, Task& task, Boolean& usedCache, Boolean asyncWrite, Boolean inRetry, String method)
   at Microsoft.Data.SqlClient.SqlCommand.InternalExecuteNonQuery(TaskCompletionSource`1 completion, Boolean sendToPipe, Int32 timeout, Boolean& usedCache, Boolean asyncWrite, Boolean inRetry, String methodName)
   at Microsoft.Data.SqlClient.SqlCommand.ExecuteNonQuery()
   at NLog.Targets.DatabaseTarget.ExecuteDbCommandWithParameters(LogEventInfo logEvent, IDbConnection dbConnection, IDbTransaction dbTransaction)
   at NLog.Targets.DatabaseTarget.WriteLogEventSuppressTransactionScope(LogEventInfo logEvent, String connectionString)
   at NLog.Targets.DatabaseTarget.Write(LogEventInfo logEvent)
   at NLog.Targets.Target.Write(AsyncLogEventInfo logEvent)
   at NLog.Targets.Target.WriteAsyncThreadSafe(AsyncLogEventInfo logEvent)
   at NLog.Targets.Target.WriteAsyncLogEvent(AsyncLogEventInfo logEvent)
   at NLog.LoggerImpl.WriteToTargetWithFilterChain(Target target, FilterResult result, LogEventInfo logEvent, AsyncContinuation onException)
   at NLog.LoggerImpl.Write(Type loggerType, TargetWithFilterChain targetsForLevel, LogEventInfo logEvent, LogFactory logFactory)
   at NLog.Logger.WriteToTargets(Type wrapperType, LogEventInfo logEvent, TargetWithFilterChain targetsForLevel)
   at Microsoft.Extensions.Logging.Logger.<Log>g__LoggerLog|13_0[TState](LogLevel logLevel, EventId eventId, ILogger logger, Exception exception, Func`3 formatter, List`1& exceptions, TState& state)
ClientConnectionId:102d901c-c5b2-4a15-b164-a508a151b3d5
Error Number:156,State:1,Class:15|url: https://localhost/Member/StudentList|action: Data|
2023-07-17 18:09:00.2336|0|ERROR|Microsoft.AspNetCore.Diagnostics.DeveloperExceptionPageMiddleware|An unhandled exception has occurred while executing the request. Microsoft.Data.SqlClient.SqlException (0x80131904): 接近關鍵字 'VALUES' 之處的語法不正確。
   at Microsoft.Data.SqlClient.SqlConnection.OnError(SqlException exception, Boolean breakConnection, Action`1 wrapCloseInAction)
   at Microsoft.Data.SqlClient.TdsParser.ThrowExceptionAndWarning(TdsParserStateObject stateObj, Boolean callerHasConnectionLock, Boolean asyncClose)
   at Microsoft.Data.SqlClient.TdsParser.TryRun(RunBehavior runBehavior, SqlCommand cmdHandler, SqlDataReader dataStream, BulkCopySimpleResultSet bulkCopyHandler, TdsParserStateObject stateObj, Boolean& dataReady)
   at Microsoft.Data.SqlClient.SqlCommand.FinishExecuteReader(SqlDataReader ds, RunBehavior runBehavior, String resetOptionsString, Boolean isInternal, Boolean forDescribeParameterEncryption, Boolean shouldCacheForAlwaysEncrypted)
   at Microsoft.Data.SqlClient.SqlCommand.RunExecuteReaderTds(CommandBehavior cmdBehavior, RunBehavior runBehavior, Boolean returnStream, Boolean isAsync, Int32 timeout, Task& task, Boolean asyncWrite, Boolean inRetry, SqlDataReader ds, Boolean describeParameterEncryptionRequest)
   at Microsoft.Data.SqlClient.SqlCommand.RunExecuteReader(CommandBehavior cmdBehavior, RunBehavior runBehavior, Boolean returnStream, TaskCompletionSource`1 completion, Int32 timeout, Task& task, Boolean& usedCache, Boolean asyncWrite, Boolean inRetry, String method)
   at Microsoft.Data.SqlClient.SqlCommand.InternalExecuteNonQuery(TaskCompletionSource`1 completion, Boolean sendToPipe, Int32 timeout, Boolean& usedCache, Boolean asyncWrite, Boolean inRetry, String methodName)
   at Microsoft.Data.SqlClient.SqlCommand.ExecuteNonQuery()
   at NLog.Targets.DatabaseTarget.ExecuteDbCommandWithParameters(LogEventInfo logEvent, IDbConnection dbConnection, IDbTransaction dbTransaction)
   at NLog.Targets.DatabaseTarget.WriteLogEventSuppressTransactionScope(LogEventInfo logEvent, String connectionString)
   at NLog.Targets.DatabaseTarget.Write(LogEventInfo logEvent)
   at NLog.Targets.Target.Write(AsyncLogEventInfo logEvent)
   at NLog.Targets.Target.WriteAsyncThreadSafe(AsyncLogEventInfo logEvent)
   at NLog.Targets.Target.WriteAsyncLogEvent(AsyncLogEventInfo logEvent)
   at NLog.LoggerImpl.WriteToTargetWithFilterChain(Target target, FilterResult result, LogEventInfo logEvent, AsyncContinuation onException)
   at NLog.LoggerImpl.Write(Type loggerType, TargetWithFilterChain targetsForLevel, LogEventInfo logEvent, LogFactory logFactory)
   at NLog.Logger.WriteToTargets(Type wrapperType, LogEventInfo logEvent, TargetWithFilterChain targetsForLevel)
   at Microsoft.Extensions.Logging.Logger.<Log>g__LoggerLog|13_0[TState](LogLevel logLevel, EventId eventId, ILogger logger, Exception exception, Func`3 formatter, List`1& exceptions, TState& state)
ClientConnectionId:e148d2fc-ff3b-44db-9b01-727f4b89aa98
Error Number:156,State:1,Class:15|url: https://localhost/Member/StudentList|action: Data|
2023-07-17 18:09:00.3042|0|ERROR|Microsoft.AspNetCore.Diagnostics.DeveloperExceptionPageMiddleware|An unhandled exception has occurred while executing the request. Microsoft.Data.SqlClient.SqlException (0x80131904): 接近關鍵字 'VALUES' 之處的語法不正確。
   at Microsoft.Data.SqlClient.SqlConnection.OnError(SqlException exception, Boolean breakConnection, Action`1 wrapCloseInAction)
   at Microsoft.Data.SqlClient.TdsParser.ThrowExceptionAndWarning(TdsParserStateObject stateObj, Boolean callerHasConnectionLock, Boolean asyncClose)
   at Microsoft.Data.SqlClient.TdsParser.TryRun(RunBehavior runBehavior, SqlCommand cmdHandler, SqlDataReader dataStream, BulkCopySimpleResultSet bulkCopyHandler, TdsParserStateObject stateObj, Boolean& dataReady)
   at Microsoft.Data.SqlClient.SqlCommand.FinishExecuteReader(SqlDataReader ds, RunBehavior runBehavior, String resetOptionsString, Boolean isInternal, Boolean forDescribeParameterEncryption, Boolean shouldCacheForAlwaysEncrypted)
   at Microsoft.Data.SqlClient.SqlCommand.RunExecuteReaderTds(CommandBehavior cmdBehavior, RunBehavior runBehavior, Boolean returnStream, Boolean isAsync, Int32 timeout, Task& task, Boolean asyncWrite, Boolean inRetry, SqlDataReader ds, Boolean describeParameterEncryptionRequest)
   at Microsoft.Data.SqlClient.SqlCommand.RunExecuteReader(CommandBehavior cmdBehavior, RunBehavior runBehavior, Boolean returnStream, TaskCompletionSource`1 completion, Int32 timeout, Task& task, Boolean& usedCache, Boolean asyncWrite, Boolean inRetry, String method)
   at Microsoft.Data.SqlClient.SqlCommand.InternalExecuteNonQuery(TaskCompletionSource`1 completion, Boolean sendToPipe, Int32 timeout, Boolean& usedCache, Boolean asyncWrite, Boolean inRetry, String methodName)
   at Microsoft.Data.SqlClient.SqlCommand.ExecuteNonQuery()
   at NLog.Targets.DatabaseTarget.ExecuteDbCommandWithParameters(LogEventInfo logEvent, IDbConnection dbConnection, IDbTransaction dbTransaction)
   at NLog.Targets.DatabaseTarget.WriteLogEventSuppressTransactionScope(LogEventInfo logEvent, String connectionString)
   at NLog.Targets.DatabaseTarget.Write(LogEventInfo logEvent)
   at NLog.Targets.Target.Write(AsyncLogEventInfo logEvent)
   at NLog.Targets.Target.WriteAsyncThreadSafe(AsyncLogEventInfo logEvent)
   at NLog.Targets.Target.WriteAsyncLogEvent(AsyncLogEventInfo logEvent)
   at NLog.LoggerImpl.WriteToTargetWithFilterChain(Target target, FilterResult result, LogEventInfo logEvent, AsyncContinuation onException)
   at NLog.LoggerImpl.Write(Type loggerType, TargetWithFilterChain targetsForLevel, LogEventInfo logEvent, LogFactory logFactory)
   at NLog.Logger.WriteToTargets(Type wrapperType, LogEventInfo logEvent, TargetWithFilterChain targetsForLevel)
   at NLog.Extensions.Logging.NLogLogger.Log[TState](LogLevel logLevel, EventId eventId, TState state, Exception exception, Func`3 formatter)
   at Microsoft.Extensions.Logging.Logger.<Log>g__LoggerLog|13_0[TState](LogLevel logLevel, EventId eventId, ILogger logger, Exception exception, Func`3 formatter, List`1& exceptions, TState& state)
ClientConnectionId:e148d2fc-ff3b-44db-9b01-727f4b89aa98
Error Number:156,State:1,Class:15|url: https://localhost/Member/StudentList|action: Data|
2023-07-17 18:09:00.3829|0|ERROR|Microsoft.AspNetCore.Server.Kestrel|Connection id "0HMS6LN3G6M51", Request id "0HMS6LN3G6M51:00000001": An unhandled exception was thrown by the application. Microsoft.Data.SqlClient.SqlException (0x80131904): 接近關鍵字 'VALUES' 之處的語法不正確。
   at Microsoft.Data.SqlClient.SqlConnection.OnError(SqlException exception, Boolean breakConnection, Action`1 wrapCloseInAction)
   at Microsoft.Data.SqlClient.TdsParser.ThrowExceptionAndWarning(TdsParserStateObject stateObj, Boolean callerHasConnectionLock, Boolean asyncClose)
   at Microsoft.Data.SqlClient.TdsParser.TryRun(RunBehavior runBehavior, SqlCommand cmdHandler, SqlDataReader dataStream, BulkCopySimpleResultSet bulkCopyHandler, TdsParserStateObject stateObj, Boolean& dataReady)
   at Microsoft.Data.SqlClient.SqlCommand.FinishExecuteReader(SqlDataReader ds, RunBehavior runBehavior, String resetOptionsString, Boolean isInternal, Boolean forDescribeParameterEncryption, Boolean shouldCacheForAlwaysEncrypted)
   at Microsoft.Data.SqlClient.SqlCommand.RunExecuteReaderTds(CommandBehavior cmdBehavior, RunBehavior runBehavior, Boolean returnStream, Boolean isAsync, Int32 timeout, Task& task, Boolean asyncWrite, Boolean inRetry, SqlDataReader ds, Boolean describeParameterEncryptionRequest)
   at Microsoft.Data.SqlClient.SqlCommand.RunExecuteReader(CommandBehavior cmdBehavior, RunBehavior runBehavior, Boolean returnStream, TaskCompletionSource`1 completion, Int32 timeout, Task& task, Boolean& usedCache, Boolean asyncWrite, Boolean inRetry, String method)
   at Microsoft.Data.SqlClient.SqlCommand.InternalExecuteNonQuery(TaskCompletionSource`1 completion, Boolean sendToPipe, Int32 timeout, Boolean& usedCache, Boolean asyncWrite, Boolean inRetry, String methodName)
   at Microsoft.Data.SqlClient.SqlCommand.ExecuteNonQuery()
   at NLog.Targets.DatabaseTarget.ExecuteDbCommandWithParameters(LogEventInfo logEvent, IDbConnection dbConnection, IDbTransaction dbTransaction)
   at NLog.Targets.DatabaseTarget.WriteLogEventSuppressTransactionScope(LogEventInfo logEvent, String connectionString)
   at NLog.Targets.DatabaseTarget.Write(LogEventInfo logEvent)
   at NLog.Targets.Target.Write(AsyncLogEventInfo logEvent)
   at NLog.Targets.Target.WriteAsyncThreadSafe(AsyncLogEventInfo logEvent)
   at NLog.Targets.Target.WriteAsyncLogEvent(AsyncLogEventInfo logEvent)
   at NLog.LoggerImpl.WriteToTargetWithFilterChain(Target target, FilterResult result, LogEventInfo logEvent, AsyncContinuation onException)
   at NLog.LoggerImpl.Write(Type loggerType, TargetWithFilterChain targetsForLevel, LogEventInfo logEvent, LogFactory logFactory)
   at NLog.Logger.WriteToTargets(Type wrapperType, LogEventInfo logEvent, TargetWithFilterChain targetsForLevel)
   at NLog.Extensions.Logging.NLogLogger.Log[TState](LogLevel logLevel, EventId eventId, TState state, Exception exception, Func`3 formatter)
   at Microsoft.Extensions.Logging.Logger.<Log>g__LoggerLog|13_0[TState](LogLevel logLevel, EventId eventId, ILogger logger, Exception exception, Func`3 formatter, List`1& exceptions, TState& state)
ClientConnectionId:e148d2fc-ff3b-44db-9b01-727f4b89aa98
Error Number:156,State:1,Class:15|url: https://localhost/Member/StudentList|action: Data|
2023-07-17 18:50:42.3200|0|ERROR|Microsoft.AspNetCore.Diagnostics.DeveloperExceptionPageMiddleware|An unhandled exception has occurred while executing the request. System.InvalidOperationException: Unable to resolve service for type 'TUTOR.ERPS.Api.Infra.Nlog.SystemLogger' while attempting to activate 'IALW.API.ApiControllers.MemberController'.
   at Microsoft.Extensions.DependencyInjection.ActivatorUtilities.GetService(IServiceProvider sp, Type type, Type requiredBy, Boolean isDefaultParameterRequired)
   at lambda_method4(Closure , IServiceProvider , Object[] )
   at Microsoft.AspNetCore.Mvc.Controllers.ControllerActivatorProvider.<>c__DisplayClass7_0.<CreateActivator>b__0(ControllerContext controllerContext)
   at Microsoft.AspNetCore.Mvc.Controllers.ControllerFactoryProvider.<>c__DisplayClass6_0.<CreateControllerFactory>g__CreateController|0(ControllerContext controllerContext)
   at Microsoft.AspNetCore.Mvc.Infrastructure.ControllerActionInvoker.Next(State& next, Scope& scope, Object& state, Boolean& isCompleted)
   at Microsoft.AspNetCore.Mvc.Infrastructure.ControllerActionInvoker.InvokeInnerFilterAsync()
--- End of stack trace from previous location ---
   at Microsoft.AspNetCore.Mvc.Infrastructure.ResourceInvoker.<InvokeNextResourceFilter>g__Awaited|25_0(ResourceInvoker invoker, Task lastTask, State next, Scope scope, Object state, Boolean isCompleted)
   at Microsoft.AspNetCore.Mvc.Infrastructure.ResourceInvoker.Rethrow(ResourceExecutedContextSealed context)
   at Microsoft.AspNetCore.Mvc.Infrastructure.ResourceInvoker.Next(State& next, Scope& scope, Object& state, Boolean& isCompleted)
   at Microsoft.AspNetCore.Mvc.Infrastructure.ResourceInvoker.InvokeFilterPipelineAsync()
--- End of stack trace from previous location ---
   at Microsoft.AspNetCore.Mvc.Infrastructure.ResourceInvoker.<InvokeAsync>g__Logged|17_1(ResourceInvoker invoker)
   at Microsoft.AspNetCore.Mvc.Infrastructure.ResourceInvoker.<InvokeAsync>g__Logged|17_1(ResourceInvoker invoker)
   at Microsoft.AspNetCore.Routing.EndpointMiddleware.<Invoke>g__AwaitRequestTask|6_0(Endpoint endpoint, Task requestTask, ILogger logger)
   at Microsoft.AspNetCore.Authorization.AuthorizationMiddleware.Invoke(HttpContext context)
   at Swashbuckle.AspNetCore.SwaggerUI.SwaggerUIMiddleware.Invoke(HttpContext httpContext)
   at Swashbuckle.AspNetCore.Swagger.SwaggerMiddleware.Invoke(HttpContext httpContext, ISwaggerProvider swaggerProvider)
   at Microsoft.AspNetCore.Diagnostics.DeveloperExceptionPageMiddleware.Invoke(HttpContext context)|url: https://localhost/Member/StudentList|action: Data|
2023-07-17 18:50:42.5598|0|ERROR|Microsoft.AspNetCore.Diagnostics.DeveloperExceptionPageMiddleware|An unhandled exception has occurred while executing the request. Microsoft.Data.SqlClient.SqlException (0x80131904): 接近關鍵字 'VALUES' 之處的語法不正確。
   at Microsoft.Data.SqlClient.SqlConnection.OnError(SqlException exception, Boolean breakConnection, Action`1 wrapCloseInAction)
   at Microsoft.Data.SqlClient.TdsParser.ThrowExceptionAndWarning(TdsParserStateObject stateObj, Boolean callerHasConnectionLock, Boolean asyncClose)
   at Microsoft.Data.SqlClient.TdsParser.TryRun(RunBehavior runBehavior, SqlCommand cmdHandler, SqlDataReader dataStream, BulkCopySimpleResultSet bulkCopyHandler, TdsParserStateObject stateObj, Boolean& dataReady)
   at Microsoft.Data.SqlClient.SqlCommand.FinishExecuteReader(SqlDataReader ds, RunBehavior runBehavior, String resetOptionsString, Boolean isInternal, Boolean forDescribeParameterEncryption, Boolean shouldCacheForAlwaysEncrypted)
   at Microsoft.Data.SqlClient.SqlCommand.RunExecuteReaderTds(CommandBehavior cmdBehavior, RunBehavior runBehavior, Boolean returnStream, Boolean isAsync, Int32 timeout, Task& task, Boolean asyncWrite, Boolean inRetry, SqlDataReader ds, Boolean describeParameterEncryptionRequest)
   at Microsoft.Data.SqlClient.SqlCommand.RunExecuteReader(CommandBehavior cmdBehavior, RunBehavior runBehavior, Boolean returnStream, TaskCompletionSource`1 completion, Int32 timeout, Task& task, Boolean& usedCache, Boolean asyncWrite, Boolean inRetry, String method)
   at Microsoft.Data.SqlClient.SqlCommand.InternalExecuteNonQuery(TaskCompletionSource`1 completion, Boolean sendToPipe, Int32 timeout, Boolean& usedCache, Boolean asyncWrite, Boolean inRetry, String methodName)
   at Microsoft.Data.SqlClient.SqlCommand.ExecuteNonQuery()
   at NLog.Targets.DatabaseTarget.ExecuteDbCommandWithParameters(LogEventInfo logEvent, IDbConnection dbConnection, IDbTransaction dbTransaction)
   at NLog.Targets.DatabaseTarget.WriteLogEventSuppressTransactionScope(LogEventInfo logEvent, String connectionString)
   at NLog.Targets.DatabaseTarget.Write(LogEventInfo logEvent)
   at NLog.Targets.Target.Write(AsyncLogEventInfo logEvent)
   at NLog.Targets.Target.WriteAsyncThreadSafe(AsyncLogEventInfo logEvent)
   at NLog.Targets.Target.WriteAsyncLogEvent(AsyncLogEventInfo logEvent)
   at NLog.LoggerImpl.WriteToTargetWithFilterChain(Target target, FilterResult result, LogEventInfo logEvent, AsyncContinuation onException)
   at NLog.LoggerImpl.Write(Type loggerType, TargetWithFilterChain targetsForLevel, LogEventInfo logEvent, LogFactory logFactory)
   at NLog.Logger.WriteToTargets(Type wrapperType, LogEventInfo logEvent, TargetWithFilterChain targetsForLevel)
   at NLog.Extensions.Logging.NLogLogger.Log[TState](LogLevel logLevel, EventId eventId, TState state, Exception exception, Func`3 formatter)
   at Microsoft.Extensions.Logging.Logger.<Log>g__LoggerLog|13_0[TState](LogLevel logLevel, EventId eventId, ILogger logger, Exception exception, Func`3 formatter, List`1& exceptions, TState& state)
ClientConnectionId:09e50555-d87d-4033-b789-784dca9ab750
Error Number:156,State:1,Class:15|url: https://localhost/Member/StudentList|action: Data|
2023-07-17 18:50:42.6418|0|ERROR|Microsoft.AspNetCore.Server.Kestrel|Connection id "0HMS6MEC0CGD7", Request id "0HMS6MEC0CGD7:00000009": An unhandled exception was thrown by the application. Microsoft.Data.SqlClient.SqlException (0x80131904): 接近關鍵字 'VALUES' 之處的語法不正確。
   at Microsoft.Data.SqlClient.SqlConnection.OnError(SqlException exception, Boolean breakConnection, Action`1 wrapCloseInAction)
   at Microsoft.Data.SqlClient.TdsParser.ThrowExceptionAndWarning(TdsParserStateObject stateObj, Boolean callerHasConnectionLock, Boolean asyncClose)
   at Microsoft.Data.SqlClient.TdsParser.TryRun(RunBehavior runBehavior, SqlCommand cmdHandler, SqlDataReader dataStream, BulkCopySimpleResultSet bulkCopyHandler, TdsParserStateObject stateObj, Boolean& dataReady)
   at Microsoft.Data.SqlClient.SqlCommand.FinishExecuteReader(SqlDataReader ds, RunBehavior runBehavior, String resetOptionsString, Boolean isInternal, Boolean forDescribeParameterEncryption, Boolean shouldCacheForAlwaysEncrypted)
   at Microsoft.Data.SqlClient.SqlCommand.RunExecuteReaderTds(CommandBehavior cmdBehavior, RunBehavior runBehavior, Boolean returnStream, Boolean isAsync, Int32 timeout, Task& task, Boolean asyncWrite, Boolean inRetry, SqlDataReader ds, Boolean describeParameterEncryptionRequest)
   at Microsoft.Data.SqlClient.SqlCommand.RunExecuteReader(CommandBehavior cmdBehavior, RunBehavior runBehavior, Boolean returnStream, TaskCompletionSource`1 completion, Int32 timeout, Task& task, Boolean& usedCache, Boolean asyncWrite, Boolean inRetry, String method)
   at Microsoft.Data.SqlClient.SqlCommand.InternalExecuteNonQuery(TaskCompletionSource`1 completion, Boolean sendToPipe, Int32 timeout, Boolean& usedCache, Boolean asyncWrite, Boolean inRetry, String methodName)
   at Microsoft.Data.SqlClient.SqlCommand.ExecuteNonQuery()
   at NLog.Targets.DatabaseTarget.ExecuteDbCommandWithParameters(LogEventInfo logEvent, IDbConnection dbConnection, IDbTransaction dbTransaction)
   at NLog.Targets.DatabaseTarget.WriteLogEventSuppressTransactionScope(LogEventInfo logEvent, String connectionString)
   at NLog.Targets.DatabaseTarget.Write(LogEventInfo logEvent)
   at NLog.Targets.Target.Write(AsyncLogEventInfo logEvent)
   at NLog.Targets.Target.WriteAsyncThreadSafe(AsyncLogEventInfo logEvent)
   at NLog.Targets.Target.WriteAsyncLogEvent(AsyncLogEventInfo logEvent)
   at NLog.LoggerImpl.WriteToTargetWithFilterChain(Target target, FilterResult result, LogEventInfo logEvent, AsyncContinuation onException)
   at NLog.LoggerImpl.Write(Type loggerType, TargetWithFilterChain targetsForLevel, LogEventInfo logEvent, LogFactory logFactory)
   at NLog.Logger.WriteToTargets(Type wrapperType, LogEventInfo logEvent, TargetWithFilterChain targetsForLevel)
   at NLog.Extensions.Logging.NLogLogger.Log[TState](LogLevel logLevel, EventId eventId, TState state, Exception exception, Func`3 formatter)
   at Microsoft.Extensions.Logging.Logger.<Log>g__LoggerLog|13_0[TState](LogLevel logLevel, EventId eventId, ILogger logger, Exception exception, Func`3 formatter, List`1& exceptions, TState& state)
ClientConnectionId:09e50555-d87d-4033-b789-784dca9ab750
Error Number:156,State:1,Class:15|url: https://localhost/Member/StudentList|action: Data|
2023-07-17 18:52:24.4105|0|ERROR|Microsoft.AspNetCore.Diagnostics.DeveloperExceptionPageMiddleware|An unhandled exception has occurred while executing the request. System.InvalidOperationException: Unable to resolve service for type 'TUTOR.ERPS.Api.Infra.Nlog.SystemLogger' while attempting to activate 'IALW.API.ApiControllers.MemberController'.
   at Microsoft.Extensions.DependencyInjection.ActivatorUtilities.GetService(IServiceProvider sp, Type type, Type requiredBy, Boolean isDefaultParameterRequired)
   at lambda_method4(Closure , IServiceProvider , Object[] )
   at Microsoft.AspNetCore.Mvc.Controllers.ControllerActivatorProvider.<>c__DisplayClass7_0.<CreateActivator>b__0(ControllerContext controllerContext)
   at Microsoft.AspNetCore.Mvc.Controllers.ControllerFactoryProvider.<>c__DisplayClass6_0.<CreateControllerFactory>g__CreateController|0(ControllerContext controllerContext)
   at Microsoft.AspNetCore.Mvc.Infrastructure.ControllerActionInvoker.Next(State& next, Scope& scope, Object& state, Boolean& isCompleted)
   at Microsoft.AspNetCore.Mvc.Infrastructure.ControllerActionInvoker.InvokeInnerFilterAsync()
--- End of stack trace from previous location ---
   at Microsoft.AspNetCore.Mvc.Infrastructure.ResourceInvoker.<InvokeNextResourceFilter>g__Awaited|25_0(ResourceInvoker invoker, Task lastTask, State next, Scope scope, Object state, Boolean isCompleted)
   at Microsoft.AspNetCore.Mvc.Infrastructure.ResourceInvoker.Rethrow(ResourceExecutedContextSealed context)
   at Microsoft.AspNetCore.Mvc.Infrastructure.ResourceInvoker.Next(State& next, Scope& scope, Object& state, Boolean& isCompleted)
   at Microsoft.AspNetCore.Mvc.Infrastructure.ResourceInvoker.InvokeFilterPipelineAsync()
--- End of stack trace from previous location ---
   at Microsoft.AspNetCore.Mvc.Infrastructure.ResourceInvoker.<InvokeAsync>g__Logged|17_1(ResourceInvoker invoker)
   at Microsoft.AspNetCore.Mvc.Infrastructure.ResourceInvoker.<InvokeAsync>g__Logged|17_1(ResourceInvoker invoker)
   at Microsoft.AspNetCore.Routing.EndpointMiddleware.<Invoke>g__AwaitRequestTask|6_0(Endpoint endpoint, Task requestTask, ILogger logger)
   at Microsoft.AspNetCore.Authorization.AuthorizationMiddleware.Invoke(HttpContext context)
   at Swashbuckle.AspNetCore.SwaggerUI.SwaggerUIMiddleware.Invoke(HttpContext httpContext)
   at Swashbuckle.AspNetCore.Swagger.SwaggerMiddleware.Invoke(HttpContext httpContext, ISwaggerProvider swaggerProvider)
   at Microsoft.AspNetCore.Diagnostics.DeveloperExceptionPageMiddleware.Invoke(HttpContext context)|url: https://localhost/Member/StudentList|action: Data|
2023-07-17 18:52:24.5651|0|ERROR|Microsoft.AspNetCore.Diagnostics.DeveloperExceptionPageMiddleware|An unhandled exception has occurred while executing the request. Microsoft.Data.SqlClient.SqlException (0x80131904): 接近關鍵字 'VALUES' 之處的語法不正確。
   at Microsoft.Data.SqlClient.SqlConnection.OnError(SqlException exception, Boolean breakConnection, Action`1 wrapCloseInAction)
   at Microsoft.Data.SqlClient.TdsParser.ThrowExceptionAndWarning(TdsParserStateObject stateObj, Boolean callerHasConnectionLock, Boolean asyncClose)
   at Microsoft.Data.SqlClient.TdsParser.TryRun(RunBehavior runBehavior, SqlCommand cmdHandler, SqlDataReader dataStream, BulkCopySimpleResultSet bulkCopyHandler, TdsParserStateObject stateObj, Boolean& dataReady)
   at Microsoft.Data.SqlClient.SqlCommand.FinishExecuteReader(SqlDataReader ds, RunBehavior runBehavior, String resetOptionsString, Boolean isInternal, Boolean forDescribeParameterEncryption, Boolean shouldCacheForAlwaysEncrypted)
   at Microsoft.Data.SqlClient.SqlCommand.RunExecuteReaderTds(CommandBehavior cmdBehavior, RunBehavior runBehavior, Boolean returnStream, Boolean isAsync, Int32 timeout, Task& task, Boolean asyncWrite, Boolean inRetry, SqlDataReader ds, Boolean describeParameterEncryptionRequest)
   at Microsoft.Data.SqlClient.SqlCommand.RunExecuteReader(CommandBehavior cmdBehavior, RunBehavior runBehavior, Boolean returnStream, TaskCompletionSource`1 completion, Int32 timeout, Task& task, Boolean& usedCache, Boolean asyncWrite, Boolean inRetry, String method)
   at Microsoft.Data.SqlClient.SqlCommand.InternalExecuteNonQuery(TaskCompletionSource`1 completion, Boolean sendToPipe, Int32 timeout, Boolean& usedCache, Boolean asyncWrite, Boolean inRetry, String methodName)
   at Microsoft.Data.SqlClient.SqlCommand.ExecuteNonQuery()
   at NLog.Targets.DatabaseTarget.ExecuteDbCommandWithParameters(LogEventInfo logEvent, IDbConnection dbConnection, IDbTransaction dbTransaction)
   at NLog.Targets.DatabaseTarget.WriteLogEventSuppressTransactionScope(LogEventInfo logEvent, String connectionString)
   at NLog.Targets.DatabaseTarget.Write(LogEventInfo logEvent)
   at NLog.Targets.Target.Write(AsyncLogEventInfo logEvent)
   at NLog.Targets.Target.WriteAsyncThreadSafe(AsyncLogEventInfo logEvent)
   at NLog.Targets.Target.WriteAsyncLogEvent(AsyncLogEventInfo logEvent)
   at NLog.LoggerImpl.WriteToTargetWithFilterChain(Target target, FilterResult result, LogEventInfo logEvent, AsyncContinuation onException)
   at NLog.LoggerImpl.Write(Type loggerType, TargetWithFilterChain targetsForLevel, LogEventInfo logEvent, LogFactory logFactory)
   at NLog.Logger.WriteToTargets(Type wrapperType, LogEventInfo logEvent, TargetWithFilterChain targetsForLevel)
   at NLog.Extensions.Logging.NLogLogger.Log[TState](LogLevel logLevel, EventId eventId, TState state, Exception exception, Func`3 formatter)
   at Microsoft.Extensions.Logging.Logger.<Log>g__LoggerLog|13_0[TState](LogLevel logLevel, EventId eventId, ILogger logger, Exception exception, Func`3 formatter, List`1& exceptions, TState& state)
ClientConnectionId:820c0b0f-2eda-431e-ad8c-f1e17c8a3bd9
Error Number:156,State:1,Class:15|url: https://localhost/Member/StudentList|action: Data|
2023-07-17 18:52:24.6370|0|ERROR|Microsoft.AspNetCore.Server.Kestrel|Connection id "0HMS6MFG69555", Request id "0HMS6MFG69555:00000009": An unhandled exception was thrown by the application. Microsoft.Data.SqlClient.SqlException (0x80131904): 接近關鍵字 'VALUES' 之處的語法不正確。
   at Microsoft.Data.SqlClient.SqlConnection.OnError(SqlException exception, Boolean breakConnection, Action`1 wrapCloseInAction)
   at Microsoft.Data.SqlClient.TdsParser.ThrowExceptionAndWarning(TdsParserStateObject stateObj, Boolean callerHasConnectionLock, Boolean asyncClose)
   at Microsoft.Data.SqlClient.TdsParser.TryRun(RunBehavior runBehavior, SqlCommand cmdHandler, SqlDataReader dataStream, BulkCopySimpleResultSet bulkCopyHandler, TdsParserStateObject stateObj, Boolean& dataReady)
   at Microsoft.Data.SqlClient.SqlCommand.FinishExecuteReader(SqlDataReader ds, RunBehavior runBehavior, String resetOptionsString, Boolean isInternal, Boolean forDescribeParameterEncryption, Boolean shouldCacheForAlwaysEncrypted)
   at Microsoft.Data.SqlClient.SqlCommand.RunExecuteReaderTds(CommandBehavior cmdBehavior, RunBehavior runBehavior, Boolean returnStream, Boolean isAsync, Int32 timeout, Task& task, Boolean asyncWrite, Boolean inRetry, SqlDataReader ds, Boolean describeParameterEncryptionRequest)
   at Microsoft.Data.SqlClient.SqlCommand.RunExecuteReader(CommandBehavior cmdBehavior, RunBehavior runBehavior, Boolean returnStream, TaskCompletionSource`1 completion, Int32 timeout, Task& task, Boolean& usedCache, Boolean asyncWrite, Boolean inRetry, String method)
   at Microsoft.Data.SqlClient.SqlCommand.InternalExecuteNonQuery(TaskCompletionSource`1 completion, Boolean sendToPipe, Int32 timeout, Boolean& usedCache, Boolean asyncWrite, Boolean inRetry, String methodName)
   at Microsoft.Data.SqlClient.SqlCommand.ExecuteNonQuery()
   at NLog.Targets.DatabaseTarget.ExecuteDbCommandWithParameters(LogEventInfo logEvent, IDbConnection dbConnection, IDbTransaction dbTransaction)
   at NLog.Targets.DatabaseTarget.WriteLogEventSuppressTransactionScope(LogEventInfo logEvent, String connectionString)
   at NLog.Targets.DatabaseTarget.Write(LogEventInfo logEvent)
   at NLog.Targets.Target.Write(AsyncLogEventInfo logEvent)
   at NLog.Targets.Target.WriteAsyncThreadSafe(AsyncLogEventInfo logEvent)
   at NLog.Targets.Target.WriteAsyncLogEvent(AsyncLogEventInfo logEvent)
   at NLog.LoggerImpl.WriteToTargetWithFilterChain(Target target, FilterResult result, LogEventInfo logEvent, AsyncContinuation onException)
   at NLog.LoggerImpl.Write(Type loggerType, TargetWithFilterChain targetsForLevel, LogEventInfo logEvent, LogFactory logFactory)
   at NLog.Logger.WriteToTargets(Type wrapperType, LogEventInfo logEvent, TargetWithFilterChain targetsForLevel)
   at NLog.Extensions.Logging.NLogLogger.Log[TState](LogLevel logLevel, EventId eventId, TState state, Exception exception, Func`3 formatter)
   at Microsoft.Extensions.Logging.Logger.<Log>g__LoggerLog|13_0[TState](LogLevel logLevel, EventId eventId, ILogger logger, Exception exception, Func`3 formatter, List`1& exceptions, TState& state)
ClientConnectionId:820c0b0f-2eda-431e-ad8c-f1e17c8a3bd9
Error Number:156,State:1,Class:15|url: https://localhost/Member/StudentList|action: Data|
