2023-08-24 16:34:07.6900|0|DEBUG|Microsoft.AspNetCore.Mvc.Razor.Compilation.DefaultViewCompiler|Initializing Razor view compiler with no compiled views. 
2023-08-24 16:34:07.7662|0|DEBUG|Microsoft.AspNetCore.Mvc.ModelBinding.ModelBinderFactory|Registered model binder providers, in the following order: Microsoft.AspNetCore.Mvc.ModelBinding.Binders.BinderTypeModelBinderProvider, Microsoft.AspNetCore.Mvc.ModelBinding.Binders.ServicesModelBinderProvider, Microsoft.AspNetCore.Mvc.ModelBinding.Binders.BodyModelBinderProvider, Microsoft.AspNetCore.Mvc.ModelBinding.Binders.HeaderModelBinderProvider, Microsoft.AspNetCore.Mvc.ModelBinding.Binders.FloatingPointTypeModelBinderProvider, Microsoft.AspNetCore.Mvc.ModelBinding.Binders.EnumTypeModelBinderProvider, Microsoft.AspNetCore.Mvc.ModelBinding.Binders.DateTimeModelBinderProvider, Microsoft.AspNetCore.Mvc.ModelBinding.Binders.SimpleTypeModelBinderProvider, Microsoft.AspNetCore.Mvc.ModelBinding.Binders.CancellationTokenModelBinderProvider, Microsoft.AspNetCore.Mvc.ModelBinding.Binders.ByteArrayModelBinderProvider, Microsoft.AspNetCore.Mvc.ModelBinding.Binders.FormFileModelBinderProvider, Microsoft.AspNetCore.Mvc.ModelBinding.Binders.FormCollectionModelBinderProvider, Microsoft.AspNetCore.Mvc.ModelBinding.Binders.KeyValuePairModelBinderProvider, Microsoft.AspNetCore.Mvc.ModelBinding.Binders.DictionaryModelBinderProvider, Microsoft.AspNetCore.Mvc.ModelBinding.Binders.ArrayModelBinderProvider, Microsoft.AspNetCore.Mvc.ModelBinding.Binders.CollectionModelBinderProvider, Microsoft.AspNetCore.Mvc.ModelBinding.Binders.ComplexObjectModelBinderProvider 
2023-08-24 16:34:07.8347|0|INFO|Microsoft.AspNetCore.DataProtection.KeyManagement.XmlKeyManager|User profile is available. Using 'C:\Users\j3537\AppData\Local\ASP.NET\DataProtection-Keys' as key repository and Windows DPAPI to encrypt keys at rest. 
2023-08-24 16:34:07.9520|0|DEBUG|Microsoft.Extensions.Hosting.Internal.Host|Hosting starting 
2023-08-24 16:34:08.9395|0|DEBUG|Microsoft.AspNetCore.DataProtection.Repositories.FileSystemXmlRepository|Reading data from file 'C:\Users\j3537\AppData\Local\ASP.NET\DataProtection-Keys\key-184f69a1-ee82-446d-a3df-16f76072f29e.xml'. 
2023-08-24 16:34:08.9444|0|DEBUG|Microsoft.AspNetCore.DataProtection.Repositories.FileSystemXmlRepository|Reading data from file 'C:\Users\j3537\AppData\Local\ASP.NET\DataProtection-Keys\key-befd1401-1cab-4be0-99bb-8dd3f0db47bc.xml'. 
2023-08-24 16:34:08.9444|0|DEBUG|Microsoft.AspNetCore.DataProtection.KeyManagement.XmlKeyManager|Found key {184f69a1-ee82-446d-a3df-16f76072f29e}. 
2023-08-24 16:34:08.9629|0|DEBUG|Microsoft.AspNetCore.DataProtection.KeyManagement.XmlKeyManager|Found key {befd1401-1cab-4be0-99bb-8dd3f0db47bc}. 
2023-08-24 16:34:08.9629|0|DEBUG|Microsoft.AspNetCore.DataProtection.KeyManagement.DefaultKeyResolver|Considering key {befd1401-1cab-4be0-99bb-8dd3f0db47bc} with expiration date 2023-09-10 02:06:08Z as default key. 
2023-08-24 16:34:08.9629|0|DEBUG|Microsoft.AspNetCore.DataProtection.TypeForwardingActivator|Forwarded activator type request from Microsoft.AspNetCore.DataProtection.XmlEncryption.DpapiXmlDecryptor, Microsoft.AspNetCore.DataProtection, Version=6.0.0.0, Culture=neutral, PublicKeyToken=adb9793829ddae60 to Microsoft.AspNetCore.DataProtection.XmlEncryption.DpapiXmlDecryptor, Microsoft.AspNetCore.DataProtection, Culture=neutral, PublicKeyToken=adb9793829ddae60 
2023-08-24 16:34:08.9629|0|DEBUG|Microsoft.AspNetCore.DataProtection.XmlEncryption.DpapiXmlDecryptor|Decrypting secret element using Windows DPAPI. 
2023-08-24 16:34:08.9769|0|DEBUG|Microsoft.AspNetCore.DataProtection.TypeForwardingActivator|Forwarded activator type request from Microsoft.AspNetCore.DataProtection.AuthenticatedEncryption.ConfigurationModel.AuthenticatedEncryptorDescriptorDeserializer, Microsoft.AspNetCore.DataProtection, Version=6.0.0.0, Culture=neutral, PublicKeyToken=adb9793829ddae60 to Microsoft.AspNetCore.DataProtection.AuthenticatedEncryption.ConfigurationModel.AuthenticatedEncryptorDescriptorDeserializer, Microsoft.AspNetCore.DataProtection, Culture=neutral, PublicKeyToken=adb9793829ddae60 
2023-08-24 16:34:08.9769|0|DEBUG|Microsoft.AspNetCore.DataProtection.AuthenticatedEncryption.CngCbcAuthenticatedEncryptorFactory|Opening CNG algorithm 'AES' from provider '(null)' with chaining mode CBC. 
2023-08-24 16:34:08.9769|0|DEBUG|Microsoft.AspNetCore.DataProtection.AuthenticatedEncryption.CngCbcAuthenticatedEncryptorFactory|Opening CNG algorithm 'SHA256' from provider '(null)' with HMAC. 
2023-08-24 16:34:08.9769|0|DEBUG|Microsoft.AspNetCore.DataProtection.KeyManagement.KeyRingProvider|Using key {befd1401-1cab-4be0-99bb-8dd3f0db47bc} as the default key. 
2023-08-24 16:34:08.9769|0|DEBUG|Microsoft.AspNetCore.DataProtection.Internal.DataProtectionHostedService|Key ring with default key {befd1401-1cab-4be0-99bb-8dd3f0db47bc} was loaded during application startup. 
2023-08-24 16:34:09.2519|0|DEBUG|Microsoft.AspNetCore.Server.Kestrel.Core.KestrelServer|Using development certificate: CN=localhost (Thumbprint: A1B36F3074FFE353434C9B13AE59733DD9B8E436) 
2023-08-24 16:34:09.3064|0|DEBUG|Microsoft.AspNetCore.Hosting.Diagnostics|Loaded hosting startup assembly TUTOR.ERPS.Api 
2023-08-24 16:34:09.3064|0|DEBUG|Microsoft.AspNetCore.Hosting.Diagnostics|Loaded hosting startup assembly Microsoft.AspNetCore.Watch.BrowserRefresh 
2023-08-24 16:34:09.3064|0|DEBUG|Microsoft.AspNetCore.Hosting.Diagnostics|Loaded hosting startup assembly Microsoft.WebTools.BrowserLink.Net 
2023-08-24 16:34:09.3204|0|DEBUG|Microsoft.Extensions.Hosting.Internal.Host|Hosting started 
2023-08-24 16:34:09.3419|0|DEBUG|Microsoft.AspNetCore.Server.Kestrel.Connections|Connection id "0HMT4FJHF1IU2" accepted. 
2023-08-24 16:34:09.3419|0|DEBUG|Microsoft.AspNetCore.Server.Kestrel.Connections|Connection id "0HMT4FJHF1IU2" started. 
2023-08-24 16:34:09.3569|0|DEBUG|Microsoft.AspNetCore.Server.Kestrel.Connections|Connection id "0HMT4FJHF1IU3" accepted. 
2023-08-24 16:34:09.3569|0|DEBUG|Microsoft.AspNetCore.Server.Kestrel.Connections|Connection id "0HMT4FJHF1IU3" started. 
2023-08-24 16:34:09.9987|0|DEBUG|Microsoft.AspNetCore.Server.Kestrel.Connections|Connection id "0HMT4FJHF1IU4" accepted. 
2023-08-24 16:34:09.9987|0|DEBUG|Microsoft.AspNetCore.Server.Kestrel.Connections|Connection id "0HMT4FJHF1IU4" started. 
2023-08-24 16:34:10.0561|0|DEBUG|Microsoft.AspNetCore.Server.Kestrel.Https.Internal.HttpsConnectionMiddleware|Connection 0HMT4FJHF1IU4 established using the following protocol: Tls13 
2023-08-24 16:34:10.0785|0|TRACE|Microsoft.AspNetCore.Server.Kestrel.Http2|Connection id "0HMT4FJHF1IU4" sending SETTINGS frame for stream ID 0 with length 18 and flags NONE. 
2023-08-24 16:34:10.0785|0|TRACE|Microsoft.AspNetCore.Server.Kestrel.Http2|Connection id "0HMT4FJHF1IU4" sending WINDOW_UPDATE frame for stream ID 0 with length 4 and flags 0x0. 
2023-08-24 16:34:10.0849|0|TRACE|Microsoft.AspNetCore.Server.Kestrel.Http2|Connection id "0HMT4FJHF1IU4" received SETTINGS frame for stream ID 0 with length 30 and flags NONE. 
2023-08-24 16:34:10.0849|0|TRACE|Microsoft.AspNetCore.Server.Kestrel.Http2|Connection id "0HMT4FJHF1IU4" sending SETTINGS frame for stream ID 0 with length 0 and flags ACK. 
2023-08-24 16:34:10.0849|0|TRACE|Microsoft.AspNetCore.Server.Kestrel.Http2|Connection id "0HMT4FJHF1IU4" received WINDOW_UPDATE frame for stream ID 0 with length 4 and flags 0x0. 
2023-08-24 16:34:10.0849|0|TRACE|Microsoft.AspNetCore.Server.Kestrel.Http2|Connection id "0HMT4FJHF1IU4" received HEADERS frame for stream ID 1 with length 2605 and flags END_STREAM, END_HEADERS, PRIORITY. 
2023-08-24 16:34:10.1121|0|TRACE|Microsoft.AspNetCore.Server.Kestrel.Http2|Connection id "0HMT4FJHF1IU4" received SETTINGS frame for stream ID 0 with length 0 and flags ACK. 
2023-08-24 16:34:10.1302|0|INFO|Microsoft.AspNetCore.Hosting.Diagnostics|Request starting HTTP/2 GET https://localhost:7061/swagger/index.html - - 
2023-08-24 16:34:10.1726|0|DEBUG|Microsoft.AspNetCore.HostFiltering.HostFilteringMiddleware|Wildcard detected, all requests with hosts will be allowed. 
2023-08-24 16:34:10.1726|0|TRACE|Microsoft.AspNetCore.HostFiltering.HostFilteringMiddleware|All hosts are allowed. 
2023-08-24 16:34:10.3582|0|DEBUG|Microsoft.AspNetCore.Watch.BrowserRefresh.BrowserRefreshMiddleware|Response markup is scheduled to include browser refresh script injection. 
2023-08-24 16:34:10.3748|0|TRACE|Microsoft.AspNetCore.Server.Kestrel.Http2|Connection id "0HMT4FJHF1IU4" sending HEADERS frame for stream ID 1 with length 66 and flags END_HEADERS. 
2023-08-24 16:34:10.5305|0|TRACE|Microsoft.AspNetCore.Server.Kestrel.Http2|Connection id "0HMT4FJHF1IU4" sending DATA frame for stream ID 1 with length 1024 and flags NONE. 
2023-08-24 16:34:10.5305|0|TRACE|Microsoft.AspNetCore.Server.Kestrel.Http2|Connection id "0HMT4FJHF1IU4" sending DATA frame for stream ID 1 with length 1024 and flags NONE. 
2023-08-24 16:34:10.5305|0|TRACE|Microsoft.AspNetCore.Server.Kestrel.Http2|Connection id "0HMT4FJHF1IU4" sending DATA frame for stream ID 1 with length 1024 and flags NONE. 
2023-08-24 16:34:10.5305|0|TRACE|Microsoft.AspNetCore.Server.Kestrel.Http2|Connection id "0HMT4FJHF1IU4" sending DATA frame for stream ID 1 with length 1024 and flags NONE. 
2023-08-24 16:34:10.5305|0|TRACE|Microsoft.AspNetCore.Server.Kestrel.Http2|Connection id "0HMT4FJHF1IU4" sending DATA frame for stream ID 1 with length 999 and flags NONE. 
2023-08-24 16:34:10.5305|0|TRACE|Microsoft.AspNetCore.Server.Kestrel.Http2|Connection id "0HMT4FJHF1IU4" sending DATA frame for stream ID 1 with length 65 and flags NONE. 
2023-08-24 16:34:10.5305|0|TRACE|Microsoft.AspNetCore.Server.Kestrel.Http2|Connection id "0HMT4FJHF1IU4" sending DATA frame for stream ID 1 with length 16 and flags NONE. 
2023-08-24 16:34:10.5433|0|DEBUG|Microsoft.AspNetCore.Watch.BrowserRefresh.BrowserRefreshMiddleware|Response markup was updated to include browser refresh script injection. 
2023-08-24 16:34:10.5433|0|TRACE|Microsoft.AspNetCore.Server.Kestrel.Http2|Connection id "0HMT4FJHF1IU4" sending DATA frame for stream ID 1 with length 0 and flags END_STREAM. 
2023-08-24 16:34:10.5433|0|TRACE|Microsoft.AspNetCore.Server.Kestrel.Http2|Connection id "0HMT4FJHF1IU4" received HEADERS frame for stream ID 3 with length 219 and flags END_STREAM, END_HEADERS, PRIORITY. 
2023-08-24 16:34:10.5433|0|INFO|Microsoft.AspNetCore.Hosting.Diagnostics|Request starting HTTP/2 GET https://localhost:7061/_framework/aspnetcore-browser-refresh.js - - 
2023-08-24 16:34:10.5534|0|INFO|Microsoft.AspNetCore.Hosting.Diagnostics|Request finished HTTP/2 GET https://localhost:7061/swagger/index.html - - - 200 - text/html;charset=utf-8 424.9370ms 
2023-08-24 16:34:10.5534|0|TRACE|Microsoft.AspNetCore.Server.Kestrel.Http2|Connection id "0HMT4FJHF1IU4" received HEADERS frame for stream ID 5 with length 2341 and flags END_STREAM, END_HEADERS, PRIORITY. 
2023-08-24 16:34:10.5534|0|TRACE|Microsoft.AspNetCore.Server.Kestrel.Http2|Connection id "0HMT4FJHF1IU4" sending HEADERS frame for stream ID 3 with length 60 and flags END_HEADERS. 
2023-08-24 16:34:10.5534|0|INFO|Microsoft.AspNetCore.Hosting.Diagnostics|Request starting HTTP/2 GET https://localhost:7061/_vs/browserLink - - 
2023-08-24 16:34:10.5696|0|TRACE|Microsoft.AspNetCore.Server.Kestrel.Http2|Connection id "0HMT4FJHF1IU4" sending DATA frame for stream ID 3 with length 11998 and flags NONE. 
2023-08-24 16:34:10.5696|0|TRACE|Microsoft.AspNetCore.Server.Kestrel.Http2|Connection id "0HMT4FJHF1IU4" sending DATA frame for stream ID 3 with length 0 and flags END_STREAM. 
2023-08-24 16:34:10.5696|0|INFO|Microsoft.AspNetCore.Hosting.Diagnostics|Request finished HTTP/2 GET https://localhost:7061/_framework/aspnetcore-browser-refresh.js - - - 200 11998 application/javascript;+charset=utf-8 19.2991ms 
2023-08-24 16:34:10.6163|0|TRACE|Microsoft.AspNetCore.Server.Kestrel.Http2|Connection id "0HMT4FJHF1IU4" sending HEADERS frame for stream ID 5 with length 119 and flags END_HEADERS. 
2023-08-24 16:34:10.6163|0|TRACE|Microsoft.AspNetCore.Server.Kestrel.Http2|Connection id "0HMT4FJHF1IU4" sending DATA frame for stream ID 5 with length 9986 and flags NONE. 
2023-08-24 16:34:10.6167|0|TRACE|Microsoft.AspNetCore.Server.Kestrel.Http2|Connection id "0HMT4FJHF1IU4" sending DATA frame for stream ID 5 with length 10240 and flags NONE. 
2023-08-24 16:34:10.6167|0|TRACE|Microsoft.AspNetCore.Server.Kestrel.Http2|Connection id "0HMT4FJHF1IU4" sending DATA frame for stream ID 5 with length 10240 and flags NONE. 
2023-08-24 16:34:10.6167|0|TRACE|Microsoft.AspNetCore.Server.Kestrel.Http2|Connection id "0HMT4FJHF1IU4" sending DATA frame for stream ID 5 with length 10240 and flags NONE. 
2023-08-24 16:34:10.6167|0|TRACE|Microsoft.AspNetCore.Server.Kestrel.Http2|Connection id "0HMT4FJHF1IU4" sending DATA frame for stream ID 5 with length 10240 and flags NONE. 
2023-08-24 16:34:10.6167|0|TRACE|Microsoft.AspNetCore.Server.Kestrel.Http2|Connection id "0HMT4FJHF1IU4" sending DATA frame for stream ID 5 with length 10240 and flags NONE. 
2023-08-24 16:34:10.6167|0|TRACE|Microsoft.AspNetCore.Server.Kestrel.Http2|Connection id "0HMT4FJHF1IU4" sending DATA frame for stream ID 5 with length 10240 and flags NONE. 
2023-08-24 16:34:10.6167|0|TRACE|Microsoft.AspNetCore.Server.Kestrel.Http2|Connection id "0HMT4FJHF1IU4" sending DATA frame for stream ID 5 with length 10240 and flags NONE. 
2023-08-24 16:34:10.6167|0|TRACE|Microsoft.AspNetCore.Server.Kestrel.Http2|Connection id "0HMT4FJHF1IU4" sending DATA frame for stream ID 5 with length 10240 and flags NONE. 
2023-08-24 16:34:10.6167|0|TRACE|Microsoft.AspNetCore.Server.Kestrel.Http2|Connection id "0HMT4FJHF1IU4" sending DATA frame for stream ID 5 with length 10240 and flags NONE. 
2023-08-24 16:34:10.6167|0|TRACE|Microsoft.AspNetCore.Server.Kestrel.Http2|Connection id "0HMT4FJHF1IU4" sending DATA frame for stream ID 5 with length 10240 and flags NONE. 
2023-08-24 16:34:10.6167|0|TRACE|Microsoft.AspNetCore.Server.Kestrel.Http2|Connection id "0HMT4FJHF1IU4" sending DATA frame for stream ID 5 with length 10240 and flags NONE. 
2023-08-24 16:34:10.6167|0|TRACE|Microsoft.AspNetCore.Server.Kestrel.Http2|Connection id "0HMT4FJHF1IU4" sending DATA frame for stream ID 5 with length 10240 and flags NONE. 
2023-08-24 16:34:10.6167|0|TRACE|Microsoft.AspNetCore.Server.Kestrel.Http2|Connection id "0HMT4FJHF1IU4" sending DATA frame for stream ID 5 with length 10240 and flags NONE. 
2023-08-24 16:34:10.6167|0|TRACE|Microsoft.AspNetCore.Server.Kestrel.Http2|Connection id "0HMT4FJHF1IU4" sending DATA frame for stream ID 5 with length 10240 and flags NONE. 
2023-08-24 16:34:10.6167|0|TRACE|Microsoft.AspNetCore.Server.Kestrel.Http2|Connection id "0HMT4FJHF1IU4" sending DATA frame for stream ID 5 with length 10240 and flags NONE. 
2023-08-24 16:34:10.6167|0|TRACE|Microsoft.AspNetCore.Server.Kestrel.Http2|Connection id "0HMT4FJHF1IU4" sending DATA frame for stream ID 5 with length 10240 and flags NONE. 
2023-08-24 16:34:10.6167|0|TRACE|Microsoft.AspNetCore.Server.Kestrel.Http2|Connection id "0HMT4FJHF1IU4" sending DATA frame for stream ID 5 with length 10240 and flags NONE. 
2023-08-24 16:34:10.6167|0|TRACE|Microsoft.AspNetCore.Server.Kestrel.Http2|Connection id "0HMT4FJHF1IU4" sending DATA frame for stream ID 5 with length 10240 and flags NONE. 
2023-08-24 16:34:10.6167|0|TRACE|Microsoft.AspNetCore.Server.Kestrel.Http2|Connection id "0HMT4FJHF1IU4" sending DATA frame for stream ID 5 with length 10240 and flags NONE. 
2023-08-24 16:34:10.6167|0|TRACE|Microsoft.AspNetCore.Server.Kestrel.Http2|Connection id "0HMT4FJHF1IU4" sending DATA frame for stream ID 5 with length 10240 and flags NONE. 
2023-08-24 16:34:10.6167|0|TRACE|Microsoft.AspNetCore.Server.Kestrel.Http2|Connection id "0HMT4FJHF1IU4" sending DATA frame for stream ID 5 with length 10240 and flags NONE. 
2023-08-24 16:34:10.6167|0|TRACE|Microsoft.AspNetCore.Server.Kestrel.Http2|Connection id "0HMT4FJHF1IU4" sending DATA frame for stream ID 5 with length 10240 and flags NONE. 
2023-08-24 16:34:10.6167|0|TRACE|Microsoft.AspNetCore.Server.Kestrel.Http2|Connection id "0HMT4FJHF1IU4" sending DATA frame for stream ID 5 with length 10240 and flags NONE. 
2023-08-24 16:34:10.6167|0|TRACE|Microsoft.AspNetCore.Server.Kestrel.Http2|Connection id "0HMT4FJHF1IU4" sending DATA frame for stream ID 5 with length 10240 and flags NONE. 
2023-08-24 16:34:10.6167|0|TRACE|Microsoft.AspNetCore.Server.Kestrel.Http2|Connection id "0HMT4FJHF1IU4" sending DATA frame for stream ID 5 with length 10240 and flags NONE. 
2023-08-24 16:34:10.6167|0|TRACE|Microsoft.AspNetCore.Server.Kestrel.Http2|Connection id "0HMT4FJHF1IU4" sending DATA frame for stream ID 5 with length 10240 and flags NONE. 
2023-08-24 16:34:10.6167|0|TRACE|Microsoft.AspNetCore.Server.Kestrel.Http2|Connection id "0HMT4FJHF1IU4" sending DATA frame for stream ID 5 with length 10240 and flags NONE. 
2023-08-24 16:34:10.6167|0|TRACE|Microsoft.AspNetCore.Server.Kestrel.Http2|Connection id "0HMT4FJHF1IU4" sending DATA frame for stream ID 5 with length 10240 and flags NONE. 
2023-08-24 16:34:10.6167|0|TRACE|Microsoft.AspNetCore.Server.Kestrel.Http2|Connection id "0HMT4FJHF1IU4" sending DATA frame for stream ID 5 with length 10240 and flags NONE. 
2023-08-24 16:34:10.6167|0|TRACE|Microsoft.AspNetCore.Server.Kestrel.Http2|Connection id "0HMT4FJHF1IU4" sending DATA frame for stream ID 5 with length 10240 and flags NONE. 
2023-08-24 16:34:10.6167|0|TRACE|Microsoft.AspNetCore.Server.Kestrel.Http2|Connection id "0HMT4FJHF1IU4" sending DATA frame for stream ID 5 with length 10240 and flags NONE. 
2023-08-24 16:34:10.6167|0|TRACE|Microsoft.AspNetCore.Server.Kestrel.Http2|Connection id "0HMT4FJHF1IU4" sending DATA frame for stream ID 5 with length 10240 and flags NONE. 
2023-08-24 16:34:10.6167|0|TRACE|Microsoft.AspNetCore.Server.Kestrel.Http2|Connection id "0HMT4FJHF1IU4" sending DATA frame for stream ID 5 with length 10240 and flags NONE. 
2023-08-24 16:34:10.6167|0|TRACE|Microsoft.AspNetCore.Server.Kestrel.Http2|Connection id "0HMT4FJHF1IU4" sending DATA frame for stream ID 5 with length 10240 and flags NONE. 
2023-08-24 16:34:10.6167|0|TRACE|Microsoft.AspNetCore.Server.Kestrel.Http2|Connection id "0HMT4FJHF1IU4" sending DATA frame for stream ID 5 with length 10240 and flags NONE. 
2023-08-24 16:34:10.6167|0|TRACE|Microsoft.AspNetCore.Server.Kestrel.Http2|Connection id "0HMT4FJHF1IU4" sending DATA frame for stream ID 5 with length 10240 and flags NONE. 
2023-08-24 16:34:10.6167|0|TRACE|Microsoft.AspNetCore.Server.Kestrel.Http2|Connection id "0HMT4FJHF1IU4" sending DATA frame for stream ID 5 with length 10240 and flags NONE. 
2023-08-24 16:34:10.6167|0|TRACE|Microsoft.AspNetCore.Server.Kestrel.Http2|Connection id "0HMT4FJHF1IU4" sending DATA frame for stream ID 5 with length 10240 and flags NONE. 
2023-08-24 16:34:10.6167|0|TRACE|Microsoft.AspNetCore.Server.Kestrel.Http2|Connection id "0HMT4FJHF1IU4" sending DATA frame for stream ID 5 with length 10240 and flags NONE. 
2023-08-24 16:34:10.6167|0|TRACE|Microsoft.AspNetCore.Server.Kestrel.Http2|Connection id "0HMT4FJHF1IU4" sending DATA frame for stream ID 5 with length 10240 and flags NONE. 
2023-08-24 16:34:10.6167|0|TRACE|Microsoft.AspNetCore.Server.Kestrel.Http2|Connection id "0HMT4FJHF1IU4" sending DATA frame for stream ID 5 with length 10240 and flags NONE. 
2023-08-24 16:34:10.6167|0|TRACE|Microsoft.AspNetCore.Server.Kestrel.Http2|Connection id "0HMT4FJHF1IU4" sending DATA frame for stream ID 5 with length 10240 and flags NONE. 
2023-08-24 16:34:10.6167|0|TRACE|Microsoft.AspNetCore.Server.Kestrel.Http2|Connection id "0HMT4FJHF1IU4" sending DATA frame for stream ID 5 with length 10240 and flags NONE. 
2023-08-24 16:34:10.6167|0|TRACE|Microsoft.AspNetCore.Server.Kestrel.Http2|Connection id "0HMT4FJHF1IU4" sending DATA frame for stream ID 5 with length 10240 and flags NONE. 
2023-08-24 16:34:10.6167|0|TRACE|Microsoft.AspNetCore.Server.Kestrel.Http2|Connection id "0HMT4FJHF1IU4" sending DATA frame for stream ID 5 with length 10240 and flags NONE. 
2023-08-24 16:34:10.6167|0|TRACE|Microsoft.AspNetCore.Server.Kestrel.Http2|Connection id "0HMT4FJHF1IU4" sending DATA frame for stream ID 5 with length 10240 and flags NONE. 
2023-08-24 16:34:10.6167|0|TRACE|Microsoft.AspNetCore.Server.Kestrel.Http2|Connection id "0HMT4FJHF1IU4" sending DATA frame for stream ID 5 with length 10240 and flags NONE. 
2023-08-24 16:34:10.6167|0|TRACE|Microsoft.AspNetCore.Server.Kestrel.Http2|Connection id "0HMT4FJHF1IU4" sending DATA frame for stream ID 5 with length 10240 and flags NONE. 
2023-08-24 16:34:10.6167|0|TRACE|Microsoft.AspNetCore.Server.Kestrel.Http2|Connection id "0HMT4FJHF1IU4" sending DATA frame for stream ID 5 with length 10240 and flags NONE. 
2023-08-24 16:34:10.6167|0|TRACE|Microsoft.AspNetCore.Server.Kestrel.Http2|Connection id "0HMT4FJHF1IU4" sending DATA frame for stream ID 5 with length 10240 and flags NONE. 
2023-08-24 16:34:10.6167|0|TRACE|Microsoft.AspNetCore.Server.Kestrel.Http2|Connection id "0HMT4FJHF1IU4" sending DATA frame for stream ID 5 with length 10240 and flags NONE. 
2023-08-24 16:34:10.6167|0|TRACE|Microsoft.AspNetCore.Server.Kestrel.Http2|Connection id "0HMT4FJHF1IU4" sending DATA frame for stream ID 5 with length 10240 and flags NONE. 
2023-08-24 16:34:10.6167|0|TRACE|Microsoft.AspNetCore.Server.Kestrel.Http2|Connection id "0HMT4FJHF1IU4" sending DATA frame for stream ID 5 with length 10240 and flags NONE. 
2023-08-24 16:34:10.6167|0|TRACE|Microsoft.AspNetCore.Server.Kestrel.Http2|Connection id "0HMT4FJHF1IU4" sending DATA frame for stream ID 5 with length 10240 and flags NONE. 
2023-08-24 16:34:10.6318|0|TRACE|Microsoft.AspNetCore.Server.Kestrel.Http2|Connection id "0HMT4FJHF1IU4" sending DATA frame for stream ID 5 with length 10240 and flags NONE. 
2023-08-24 16:34:10.6318|0|TRACE|Microsoft.AspNetCore.Server.Kestrel.Http2|Connection id "0HMT4FJHF1IU4" sending DATA frame for stream ID 5 with length 10240 and flags NONE. 
2023-08-24 16:34:10.6318|0|TRACE|Microsoft.AspNetCore.Server.Kestrel.Http2|Connection id "0HMT4FJHF1IU4" sending DATA frame for stream ID 5 with length 10240 and flags NONE. 
2023-08-24 16:34:10.6318|0|TRACE|Microsoft.AspNetCore.Server.Kestrel.Http2|Connection id "0HMT4FJHF1IU4" sending DATA frame for stream ID 5 with length 10240 and flags NONE. 
2023-08-24 16:34:10.6318|0|TRACE|Microsoft.AspNetCore.Server.Kestrel.Http2|Connection id "0HMT4FJHF1IU4" sending DATA frame for stream ID 5 with length 10240 and flags NONE. 
2023-08-24 16:34:10.6318|0|TRACE|Microsoft.AspNetCore.Server.Kestrel.Http2|Connection id "0HMT4FJHF1IU4" sending DATA frame for stream ID 5 with length 10240 and flags NONE. 
2023-08-24 16:34:10.6318|0|TRACE|Microsoft.AspNetCore.Server.Kestrel.Http2|Connection id "0HMT4FJHF1IU4" sending DATA frame for stream ID 5 with length 10240 and flags NONE. 
2023-08-24 16:34:10.6318|0|TRACE|Microsoft.AspNetCore.Server.Kestrel.Http2|Connection id "0HMT4FJHF1IU4" sending DATA frame for stream ID 5 with length 10240 and flags NONE. 
2023-08-24 16:34:10.6318|0|TRACE|Microsoft.AspNetCore.Server.Kestrel.Http2|Connection id "0HMT4FJHF1IU4" sending DATA frame for stream ID 5 with length 10240 and flags NONE. 
2023-08-24 16:34:10.6318|0|TRACE|Microsoft.AspNetCore.Server.Kestrel.Http2|Connection id "0HMT4FJHF1IU4" sending DATA frame for stream ID 5 with length 10240 and flags NONE. 
2023-08-24 16:34:10.6318|0|TRACE|Microsoft.AspNetCore.Server.Kestrel.Http2|Connection id "0HMT4FJHF1IU4" sending DATA frame for stream ID 5 with length 10240 and flags NONE. 
2023-08-24 16:34:10.6318|0|TRACE|Microsoft.AspNetCore.Server.Kestrel.Http2|Connection id "0HMT4FJHF1IU4" sending DATA frame for stream ID 5 with length 10240 and flags NONE. 
2023-08-24 16:34:10.6318|0|TRACE|Microsoft.AspNetCore.Server.Kestrel.Http2|Connection id "0HMT4FJHF1IU4" sending DATA frame for stream ID 5 with length 10240 and flags NONE. 
2023-08-24 16:34:10.6318|0|TRACE|Microsoft.AspNetCore.Server.Kestrel.Http2|Connection id "0HMT4FJHF1IU4" sending DATA frame for stream ID 5 with length 10240 and flags NONE. 
2023-08-24 16:34:10.6318|0|TRACE|Microsoft.AspNetCore.Server.Kestrel.Http2|Connection id "0HMT4FJHF1IU4" sending DATA frame for stream ID 5 with length 10240 and flags NONE. 
2023-08-24 16:34:10.6318|0|TRACE|Microsoft.AspNetCore.Server.Kestrel.Http2|Connection id "0HMT4FJHF1IU4" sending DATA frame for stream ID 5 with length 10240 and flags NONE. 
2023-08-24 16:34:10.6318|0|TRACE|Microsoft.AspNetCore.Server.Kestrel.Http2|Connection id "0HMT4FJHF1IU4" sending DATA frame for stream ID 5 with length 10240 and flags NONE. 
2023-08-24 16:34:10.6318|0|TRACE|Microsoft.AspNetCore.Server.Kestrel.Http2|Connection id "0HMT4FJHF1IU4" sending DATA frame for stream ID 5 with length 10240 and flags NONE. 
2023-08-24 16:34:10.6318|0|TRACE|Microsoft.AspNetCore.Server.Kestrel.Http2|Connection id "0HMT4FJHF1IU4" sending DATA frame for stream ID 5 with length 9517 and flags NONE. 
2023-08-24 16:34:10.6318|0|TRACE|Microsoft.AspNetCore.Server.Kestrel.Http2|Connection id "0HMT4FJHF1IU4" sending DATA frame for stream ID 5 with length 0 and flags END_STREAM. 
2023-08-24 16:34:10.6318|0|INFO|Microsoft.AspNetCore.Hosting.Diagnostics|Request finished HTTP/2 GET https://localhost:7061/_vs/browserLink - - - 200 - text/javascript;+charset=UTF-8 68.3241ms 
2023-08-24 16:34:10.7687|0|TRACE|Microsoft.AspNetCore.Server.Kestrel.Http2|Connection id "0HMT4FJHF1IU4" received HEADERS frame for stream ID 7 with length 247 and flags END_STREAM, END_HEADERS, PRIORITY. 
2023-08-24 16:34:10.7687|0|INFO|Microsoft.AspNetCore.Hosting.Diagnostics|Request starting HTTP/2 GET https://localhost:7061/swagger/v1/swagger.json - - 
2023-08-24 16:34:10.7687|0|TRACE|Microsoft.AspNetCore.HostFiltering.HostFilteringMiddleware|All hosts are allowed. 
2023-08-24 16:34:10.9438|0|TRACE|Microsoft.AspNetCore.Server.Kestrel.Http2|Connection id "0HMT4FJHF1IU4" sending HEADERS frame for stream ID 7 with length 35 and flags END_HEADERS. 
2023-08-24 16:34:10.9438|0|TRACE|Microsoft.AspNetCore.Server.Kestrel.Http2|Connection id "0HMT4FJHF1IU4" sending DATA frame for stream ID 7 with length 16384 and flags NONE. 
2023-08-24 16:34:10.9445|0|TRACE|Microsoft.AspNetCore.Server.Kestrel.Http2|Connection id "0HMT4FJHF1IU4" sending DATA frame for stream ID 7 with length 14447 and flags NONE. 
2023-08-24 16:34:10.9445|0|TRACE|Microsoft.AspNetCore.Server.Kestrel.Http2|Connection id "0HMT4FJHF1IU4" sending DATA frame for stream ID 7 with length 0 and flags END_STREAM. 
2023-08-24 16:34:10.9445|0|INFO|Microsoft.AspNetCore.Hosting.Diagnostics|Request finished HTTP/2 GET https://localhost:7061/swagger/v1/swagger.json - - - 200 - application/json;charset=utf-8 174.4422ms 
2023-08-24 17:24:37.4431|0|DEBUG|Microsoft.AspNetCore.Mvc.Razor.Compilation.DefaultViewCompiler|Initializing Razor view compiler with no compiled views. 
2023-08-24 17:24:37.5091|0|DEBUG|Microsoft.AspNetCore.Mvc.ModelBinding.ModelBinderFactory|Registered model binder providers, in the following order: Microsoft.AspNetCore.Mvc.ModelBinding.Binders.BinderTypeModelBinderProvider, Microsoft.AspNetCore.Mvc.ModelBinding.Binders.ServicesModelBinderProvider, Microsoft.AspNetCore.Mvc.ModelBinding.Binders.BodyModelBinderProvider, Microsoft.AspNetCore.Mvc.ModelBinding.Binders.HeaderModelBinderProvider, Microsoft.AspNetCore.Mvc.ModelBinding.Binders.FloatingPointTypeModelBinderProvider, Microsoft.AspNetCore.Mvc.ModelBinding.Binders.EnumTypeModelBinderProvider, Microsoft.AspNetCore.Mvc.ModelBinding.Binders.DateTimeModelBinderProvider, Microsoft.AspNetCore.Mvc.ModelBinding.Binders.SimpleTypeModelBinderProvider, Microsoft.AspNetCore.Mvc.ModelBinding.Binders.CancellationTokenModelBinderProvider, Microsoft.AspNetCore.Mvc.ModelBinding.Binders.ByteArrayModelBinderProvider, Microsoft.AspNetCore.Mvc.ModelBinding.Binders.FormFileModelBinderProvider, Microsoft.AspNetCore.Mvc.ModelBinding.Binders.FormCollectionModelBinderProvider, Microsoft.AspNetCore.Mvc.ModelBinding.Binders.KeyValuePairModelBinderProvider, Microsoft.AspNetCore.Mvc.ModelBinding.Binders.DictionaryModelBinderProvider, Microsoft.AspNetCore.Mvc.ModelBinding.Binders.ArrayModelBinderProvider, Microsoft.AspNetCore.Mvc.ModelBinding.Binders.CollectionModelBinderProvider, Microsoft.AspNetCore.Mvc.ModelBinding.Binders.ComplexObjectModelBinderProvider 
2023-08-24 17:24:37.5740|0|INFO|Microsoft.AspNetCore.DataProtection.KeyManagement.XmlKeyManager|User profile is available. Using 'C:\Users\j3537\AppData\Local\ASP.NET\DataProtection-Keys' as key repository and Windows DPAPI to encrypt keys at rest. 
2023-08-24 17:24:37.6615|0|DEBUG|Microsoft.Extensions.Hosting.Internal.Host|Hosting starting 
2023-08-24 17:24:37.6628|0|DEBUG|Microsoft.AspNetCore.DataProtection.Repositories.FileSystemXmlRepository|Reading data from file 'C:\Users\j3537\AppData\Local\ASP.NET\DataProtection-Keys\key-184f69a1-ee82-446d-a3df-16f76072f29e.xml'. 
2023-08-24 17:24:37.6628|0|DEBUG|Microsoft.AspNetCore.DataProtection.Repositories.FileSystemXmlRepository|Reading data from file 'C:\Users\j3537\AppData\Local\ASP.NET\DataProtection-Keys\key-befd1401-1cab-4be0-99bb-8dd3f0db47bc.xml'. 
2023-08-24 17:24:37.6628|0|DEBUG|Microsoft.AspNetCore.DataProtection.KeyManagement.XmlKeyManager|Found key {184f69a1-ee82-446d-a3df-16f76072f29e}. 
2023-08-24 17:24:37.6788|0|DEBUG|Microsoft.AspNetCore.DataProtection.KeyManagement.XmlKeyManager|Found key {befd1401-1cab-4be0-99bb-8dd3f0db47bc}. 
2023-08-24 17:24:37.6788|0|DEBUG|Microsoft.AspNetCore.DataProtection.KeyManagement.DefaultKeyResolver|Considering key {befd1401-1cab-4be0-99bb-8dd3f0db47bc} with expiration date 2023-09-10 02:06:08Z as default key. 
2023-08-24 17:24:37.6788|0|DEBUG|Microsoft.AspNetCore.DataProtection.TypeForwardingActivator|Forwarded activator type request from Microsoft.AspNetCore.DataProtection.XmlEncryption.DpapiXmlDecryptor, Microsoft.AspNetCore.DataProtection, Version=6.0.0.0, Culture=neutral, PublicKeyToken=adb9793829ddae60 to Microsoft.AspNetCore.DataProtection.XmlEncryption.DpapiXmlDecryptor, Microsoft.AspNetCore.DataProtection, Culture=neutral, PublicKeyToken=adb9793829ddae60 
2023-08-24 17:24:37.6788|0|DEBUG|Microsoft.AspNetCore.DataProtection.XmlEncryption.DpapiXmlDecryptor|Decrypting secret element using Windows DPAPI. 
2023-08-24 17:24:37.6949|0|DEBUG|Microsoft.AspNetCore.DataProtection.TypeForwardingActivator|Forwarded activator type request from Microsoft.AspNetCore.DataProtection.AuthenticatedEncryption.ConfigurationModel.AuthenticatedEncryptorDescriptorDeserializer, Microsoft.AspNetCore.DataProtection, Version=6.0.0.0, Culture=neutral, PublicKeyToken=adb9793829ddae60 to Microsoft.AspNetCore.DataProtection.AuthenticatedEncryption.ConfigurationModel.AuthenticatedEncryptorDescriptorDeserializer, Microsoft.AspNetCore.DataProtection, Culture=neutral, PublicKeyToken=adb9793829ddae60 
2023-08-24 17:24:37.6949|0|DEBUG|Microsoft.AspNetCore.DataProtection.AuthenticatedEncryption.CngCbcAuthenticatedEncryptorFactory|Opening CNG algorithm 'AES' from provider '(null)' with chaining mode CBC. 
2023-08-24 17:24:37.6949|0|DEBUG|Microsoft.AspNetCore.DataProtection.AuthenticatedEncryption.CngCbcAuthenticatedEncryptorFactory|Opening CNG algorithm 'SHA256' from provider '(null)' with HMAC. 
2023-08-24 17:24:37.6949|0|DEBUG|Microsoft.AspNetCore.DataProtection.KeyManagement.KeyRingProvider|Using key {befd1401-1cab-4be0-99bb-8dd3f0db47bc} as the default key. 
2023-08-24 17:24:37.6949|0|DEBUG|Microsoft.AspNetCore.DataProtection.Internal.DataProtectionHostedService|Key ring with default key {befd1401-1cab-4be0-99bb-8dd3f0db47bc} was loaded during application startup. 
2023-08-24 17:24:37.8978|0|DEBUG|Microsoft.AspNetCore.Server.Kestrel.Core.KestrelServer|Using development certificate: CN=localhost (Thumbprint: A1B36F3074FFE353434C9B13AE59733DD9B8E436) 
2023-08-24 17:24:37.9346|0|DEBUG|Microsoft.AspNetCore.Hosting.Diagnostics|Loaded hosting startup assembly TUTOR.ERPS.Api 
2023-08-24 17:24:37.9346|0|DEBUG|Microsoft.AspNetCore.Hosting.Diagnostics|Loaded hosting startup assembly Microsoft.AspNetCore.Watch.BrowserRefresh 
2023-08-24 17:24:37.9346|0|DEBUG|Microsoft.AspNetCore.Hosting.Diagnostics|Loaded hosting startup assembly Microsoft.WebTools.BrowserLink.Net 
2023-08-24 17:24:37.9476|0|DEBUG|Microsoft.Extensions.Hosting.Internal.Host|Hosting started 
2023-08-24 17:24:37.9801|0|DEBUG|Microsoft.AspNetCore.Server.Kestrel.Connections|Connection id "0HMT4GFO2CN0I" accepted. 
2023-08-24 17:24:37.9801|0|DEBUG|Microsoft.AspNetCore.Server.Kestrel.Connections|Connection id "0HMT4GFO2CN0I" started. 
2023-08-24 17:24:37.9801|0|DEBUG|Microsoft.AspNetCore.Server.Kestrel.Transport.Sockets|Connection id "0HMT4GFO2CN0I" received FIN. 
2023-08-24 17:24:38.0103|0|DEBUG|Microsoft.AspNetCore.Server.Kestrel.Https.Internal.HttpsConnectionMiddleware|Failed to authenticate HTTPS connection. System.IO.IOException:  Received an unexpected EOF or 0 bytes from the transport stream.
   at System.Net.Security.SslStream.ReceiveBlobAsync[TIOAdapter](TIOAdapter adapter)
   at System.Net.Security.SslStream.ForceAuthenticationAsync[TIOAdapter](TIOAdapter adapter, Boolean receiveFirst, Byte[] reAuthenticationData, Boolean isApm)
   at Microsoft.AspNetCore.Server.Kestrel.Https.Internal.HttpsConnectionMiddleware.OnConnectionAsync(ConnectionContext context)
2023-08-24 17:24:38.0708|0|DEBUG|Microsoft.AspNetCore.Server.Kestrel.Connections|Connection id "0HMT4GFO2CN0I" stopped. 
2023-08-24 17:24:38.0708|0|DEBUG|Microsoft.AspNetCore.Server.Kestrel.Transport.Sockets|Connection id "0HMT4GFO2CN0I" sending FIN because: "The Socket transport's send loop completed gracefully." 
2023-08-24 17:24:38.2761|0|DEBUG|Microsoft.AspNetCore.Server.Kestrel.Connections|Connection id "0HMT4GFO2CN0J" accepted. 
2023-08-24 17:24:38.2761|0|DEBUG|Microsoft.AspNetCore.Server.Kestrel.Connections|Connection id "0HMT4GFO2CN0J" started. 
2023-08-24 17:24:38.3535|0|DEBUG|Microsoft.AspNetCore.Server.Kestrel.Https.Internal.HttpsConnectionMiddleware|Connection 0HMT4GFO2CN0J established using the following protocol: Tls13 
2023-08-24 17:24:38.3793|0|TRACE|Microsoft.AspNetCore.Server.Kestrel.Http2|Connection id "0HMT4GFO2CN0J" sending SETTINGS frame for stream ID 0 with length 18 and flags NONE. 
2023-08-24 17:24:38.3832|0|TRACE|Microsoft.AspNetCore.Server.Kestrel.Http2|Connection id "0HMT4GFO2CN0J" sending WINDOW_UPDATE frame for stream ID 0 with length 4 and flags 0x0. 
2023-08-24 17:24:38.3832|0|TRACE|Microsoft.AspNetCore.Server.Kestrel.Http2|Connection id "0HMT4GFO2CN0J" received SETTINGS frame for stream ID 0 with length 30 and flags NONE. 
2023-08-24 17:24:38.3832|0|TRACE|Microsoft.AspNetCore.Server.Kestrel.Http2|Connection id "0HMT4GFO2CN0J" sending SETTINGS frame for stream ID 0 with length 0 and flags ACK. 
2023-08-24 17:24:38.3832|0|TRACE|Microsoft.AspNetCore.Server.Kestrel.Http2|Connection id "0HMT4GFO2CN0J" received WINDOW_UPDATE frame for stream ID 0 with length 4 and flags 0x0. 
2023-08-24 17:24:38.3832|0|TRACE|Microsoft.AspNetCore.Server.Kestrel.Http2|Connection id "0HMT4GFO2CN0J" received HEADERS frame for stream ID 1 with length 2605 and flags END_STREAM, END_HEADERS, PRIORITY. 
2023-08-24 17:24:38.4057|0|TRACE|Microsoft.AspNetCore.Server.Kestrel.Http2|Connection id "0HMT4GFO2CN0J" received SETTINGS frame for stream ID 0 with length 0 and flags ACK. 
2023-08-24 17:24:38.4190|0|INFO|Microsoft.AspNetCore.Hosting.Diagnostics|Request starting HTTP/2 GET https://localhost:7061/swagger/index.html - - 
2023-08-24 17:24:38.4714|0|DEBUG|Microsoft.AspNetCore.HostFiltering.HostFilteringMiddleware|Wildcard detected, all requests with hosts will be allowed. 
2023-08-24 17:24:38.4714|0|TRACE|Microsoft.AspNetCore.HostFiltering.HostFilteringMiddleware|All hosts are allowed. 
2023-08-24 17:24:38.6563|0|DEBUG|Microsoft.AspNetCore.Watch.BrowserRefresh.BrowserRefreshMiddleware|Response markup is scheduled to include browser refresh script injection. 
2023-08-24 17:24:38.6662|0|TRACE|Microsoft.AspNetCore.Server.Kestrel.Http2|Connection id "0HMT4GFO2CN0J" sending HEADERS frame for stream ID 1 with length 66 and flags END_HEADERS. 
2023-08-24 17:24:38.7735|0|TRACE|Microsoft.AspNetCore.Server.Kestrel.Http2|Connection id "0HMT4GFO2CN0J" sending DATA frame for stream ID 1 with length 1024 and flags NONE. 
2023-08-24 17:24:38.7735|0|TRACE|Microsoft.AspNetCore.Server.Kestrel.Http2|Connection id "0HMT4GFO2CN0J" sending DATA frame for stream ID 1 with length 1024 and flags NONE. 
2023-08-24 17:24:38.7735|0|TRACE|Microsoft.AspNetCore.Server.Kestrel.Http2|Connection id "0HMT4GFO2CN0J" sending DATA frame for stream ID 1 with length 1024 and flags NONE. 
2023-08-24 17:24:38.7735|0|TRACE|Microsoft.AspNetCore.Server.Kestrel.Http2|Connection id "0HMT4GFO2CN0J" sending DATA frame for stream ID 1 with length 1024 and flags NONE. 
2023-08-24 17:24:38.7735|0|TRACE|Microsoft.AspNetCore.Server.Kestrel.Http2|Connection id "0HMT4GFO2CN0J" sending DATA frame for stream ID 1 with length 999 and flags NONE. 
2023-08-24 17:24:38.7735|0|TRACE|Microsoft.AspNetCore.Server.Kestrel.Http2|Connection id "0HMT4GFO2CN0J" sending DATA frame for stream ID 1 with length 65 and flags NONE. 
2023-08-24 17:24:38.7735|0|TRACE|Microsoft.AspNetCore.Server.Kestrel.Http2|Connection id "0HMT4GFO2CN0J" sending DATA frame for stream ID 1 with length 16 and flags NONE. 
2023-08-24 17:24:38.7735|0|DEBUG|Microsoft.AspNetCore.Watch.BrowserRefresh.BrowserRefreshMiddleware|Response markup was updated to include browser refresh script injection. 
2023-08-24 17:24:38.7882|0|TRACE|Microsoft.AspNetCore.Server.Kestrel.Http2|Connection id "0HMT4GFO2CN0J" sending DATA frame for stream ID 1 with length 0 and flags END_STREAM. 
2023-08-24 17:24:38.7882|0|INFO|Microsoft.AspNetCore.Hosting.Diagnostics|Request finished HTTP/2 GET https://localhost:7061/swagger/index.html - - - 200 - text/html;charset=utf-8 378.2117ms 
2023-08-24 17:24:38.8165|0|TRACE|Microsoft.AspNetCore.Server.Kestrel.Http2|Connection id "0HMT4GFO2CN0J" received HEADERS frame for stream ID 3 with length 219 and flags END_STREAM, END_HEADERS, PRIORITY. 
2023-08-24 17:24:38.8165|0|TRACE|Microsoft.AspNetCore.Server.Kestrel.Http2|Connection id "0HMT4GFO2CN0J" received HEADERS frame for stream ID 5 with length 2341 and flags END_STREAM, END_HEADERS, PRIORITY. 
2023-08-24 17:24:38.8198|0|INFO|Microsoft.AspNetCore.Hosting.Diagnostics|Request starting HTTP/2 GET https://localhost:7061/_framework/aspnetcore-browser-refresh.js - - 
2023-08-24 17:24:38.8198|0|INFO|Microsoft.AspNetCore.Hosting.Diagnostics|Request starting HTTP/2 GET https://localhost:7061/_vs/browserLink - - 
2023-08-24 17:24:38.8198|0|TRACE|Microsoft.AspNetCore.Server.Kestrel.Http2|Connection id "0HMT4GFO2CN0J" sending HEADERS frame for stream ID 3 with length 90 and flags END_HEADERS. 
2023-08-24 17:24:38.8198|0|TRACE|Microsoft.AspNetCore.Server.Kestrel.Http2|Connection id "0HMT4GFO2CN0J" sending DATA frame for stream ID 3 with length 11998 and flags NONE. 
2023-08-24 17:24:38.8198|0|TRACE|Microsoft.AspNetCore.Server.Kestrel.Http2|Connection id "0HMT4GFO2CN0J" sending DATA frame for stream ID 3 with length 0 and flags END_STREAM. 
2023-08-24 17:24:38.8198|0|INFO|Microsoft.AspNetCore.Hosting.Diagnostics|Request finished HTTP/2 GET https://localhost:7061/_framework/aspnetcore-browser-refresh.js - - - 200 11998 application/javascript;+charset=utf-8 14.6412ms 
2023-08-24 17:24:38.8400|0|TRACE|Microsoft.AspNetCore.Server.Kestrel.Http2|Connection id "0HMT4GFO2CN0J" sending HEADERS frame for stream ID 5 with length 119 and flags END_HEADERS. 
2023-08-24 17:24:38.8400|0|TRACE|Microsoft.AspNetCore.Server.Kestrel.Http2|Connection id "0HMT4GFO2CN0J" sending DATA frame for stream ID 5 with length 9986 and flags NONE. 
2023-08-24 17:24:38.8400|0|TRACE|Microsoft.AspNetCore.Server.Kestrel.Http2|Connection id "0HMT4GFO2CN0J" sending DATA frame for stream ID 5 with length 10240 and flags NONE. 
2023-08-24 17:24:38.8400|0|TRACE|Microsoft.AspNetCore.Server.Kestrel.Http2|Connection id "0HMT4GFO2CN0J" sending DATA frame for stream ID 5 with length 10240 and flags NONE. 
2023-08-24 17:24:38.8400|0|TRACE|Microsoft.AspNetCore.Server.Kestrel.Http2|Connection id "0HMT4GFO2CN0J" sending DATA frame for stream ID 5 with length 10240 and flags NONE. 
2023-08-24 17:24:38.8400|0|TRACE|Microsoft.AspNetCore.Server.Kestrel.Http2|Connection id "0HMT4GFO2CN0J" sending DATA frame for stream ID 5 with length 10240 and flags NONE. 
2023-08-24 17:24:38.8400|0|TRACE|Microsoft.AspNetCore.Server.Kestrel.Http2|Connection id "0HMT4GFO2CN0J" sending DATA frame for stream ID 5 with length 10240 and flags NONE. 
2023-08-24 17:24:38.8400|0|TRACE|Microsoft.AspNetCore.Server.Kestrel.Http2|Connection id "0HMT4GFO2CN0J" sending DATA frame for stream ID 5 with length 10240 and flags NONE. 
2023-08-24 17:24:38.8400|0|TRACE|Microsoft.AspNetCore.Server.Kestrel.Http2|Connection id "0HMT4GFO2CN0J" sending DATA frame for stream ID 5 with length 10240 and flags NONE. 
2023-08-24 17:24:38.8400|0|TRACE|Microsoft.AspNetCore.Server.Kestrel.Http2|Connection id "0HMT4GFO2CN0J" sending DATA frame for stream ID 5 with length 10240 and flags NONE. 
2023-08-24 17:24:38.8400|0|TRACE|Microsoft.AspNetCore.Server.Kestrel.Http2|Connection id "0HMT4GFO2CN0J" sending DATA frame for stream ID 5 with length 10240 and flags NONE. 
2023-08-24 17:24:38.8400|0|TRACE|Microsoft.AspNetCore.Server.Kestrel.Http2|Connection id "0HMT4GFO2CN0J" sending DATA frame for stream ID 5 with length 10240 and flags NONE. 
2023-08-24 17:24:38.8400|0|TRACE|Microsoft.AspNetCore.Server.Kestrel.Http2|Connection id "0HMT4GFO2CN0J" sending DATA frame for stream ID 5 with length 10240 and flags NONE. 
2023-08-24 17:24:38.8400|0|TRACE|Microsoft.AspNetCore.Server.Kestrel.Http2|Connection id "0HMT4GFO2CN0J" sending DATA frame for stream ID 5 with length 10240 and flags NONE. 
2023-08-24 17:24:38.8400|0|TRACE|Microsoft.AspNetCore.Server.Kestrel.Http2|Connection id "0HMT4GFO2CN0J" sending DATA frame for stream ID 5 with length 10240 and flags NONE. 
2023-08-24 17:24:38.8400|0|TRACE|Microsoft.AspNetCore.Server.Kestrel.Http2|Connection id "0HMT4GFO2CN0J" sending DATA frame for stream ID 5 with length 10240 and flags NONE. 
2023-08-24 17:24:38.8400|0|TRACE|Microsoft.AspNetCore.Server.Kestrel.Http2|Connection id "0HMT4GFO2CN0J" sending DATA frame for stream ID 5 with length 10240 and flags NONE. 
2023-08-24 17:24:38.8400|0|TRACE|Microsoft.AspNetCore.Server.Kestrel.Http2|Connection id "0HMT4GFO2CN0J" sending DATA frame for stream ID 5 with length 10240 and flags NONE. 
2023-08-24 17:24:38.8400|0|TRACE|Microsoft.AspNetCore.Server.Kestrel.Http2|Connection id "0HMT4GFO2CN0J" sending DATA frame for stream ID 5 with length 10240 and flags NONE. 
2023-08-24 17:24:38.8400|0|TRACE|Microsoft.AspNetCore.Server.Kestrel.Http2|Connection id "0HMT4GFO2CN0J" sending DATA frame for stream ID 5 with length 10240 and flags NONE. 
2023-08-24 17:24:38.8400|0|TRACE|Microsoft.AspNetCore.Server.Kestrel.Http2|Connection id "0HMT4GFO2CN0J" sending DATA frame for stream ID 5 with length 10240 and flags NONE. 
2023-08-24 17:24:38.8400|0|TRACE|Microsoft.AspNetCore.Server.Kestrel.Http2|Connection id "0HMT4GFO2CN0J" sending DATA frame for stream ID 5 with length 10240 and flags NONE. 
2023-08-24 17:24:38.8400|0|TRACE|Microsoft.AspNetCore.Server.Kestrel.Http2|Connection id "0HMT4GFO2CN0J" sending DATA frame for stream ID 5 with length 10240 and flags NONE. 
2023-08-24 17:24:38.8400|0|TRACE|Microsoft.AspNetCore.Server.Kestrel.Http2|Connection id "0HMT4GFO2CN0J" sending DATA frame for stream ID 5 with length 10240 and flags NONE. 
2023-08-24 17:24:38.8400|0|TRACE|Microsoft.AspNetCore.Server.Kestrel.Http2|Connection id "0HMT4GFO2CN0J" sending DATA frame for stream ID 5 with length 10240 and flags NONE. 
2023-08-24 17:24:38.8400|0|TRACE|Microsoft.AspNetCore.Server.Kestrel.Http2|Connection id "0HMT4GFO2CN0J" sending DATA frame for stream ID 5 with length 10240 and flags NONE. 
2023-08-24 17:24:38.8400|0|TRACE|Microsoft.AspNetCore.Server.Kestrel.Http2|Connection id "0HMT4GFO2CN0J" sending DATA frame for stream ID 5 with length 10240 and flags NONE. 
2023-08-24 17:24:38.8508|0|TRACE|Microsoft.AspNetCore.Server.Kestrel.Http2|Connection id "0HMT4GFO2CN0J" sending DATA frame for stream ID 5 with length 10240 and flags NONE. 
2023-08-24 17:24:38.8508|0|TRACE|Microsoft.AspNetCore.Server.Kestrel.Http2|Connection id "0HMT4GFO2CN0J" sending DATA frame for stream ID 5 with length 10240 and flags NONE. 
2023-08-24 17:24:38.8508|0|TRACE|Microsoft.AspNetCore.Server.Kestrel.Http2|Connection id "0HMT4GFO2CN0J" sending DATA frame for stream ID 5 with length 10240 and flags NONE. 
2023-08-24 17:24:38.8508|0|TRACE|Microsoft.AspNetCore.Server.Kestrel.Http2|Connection id "0HMT4GFO2CN0J" sending DATA frame for stream ID 5 with length 10240 and flags NONE. 
2023-08-24 17:24:38.8508|0|TRACE|Microsoft.AspNetCore.Server.Kestrel.Http2|Connection id "0HMT4GFO2CN0J" sending DATA frame for stream ID 5 with length 10240 and flags NONE. 
2023-08-24 17:24:38.8508|0|TRACE|Microsoft.AspNetCore.Server.Kestrel.Http2|Connection id "0HMT4GFO2CN0J" sending DATA frame for stream ID 5 with length 10240 and flags NONE. 
2023-08-24 17:24:38.8508|0|TRACE|Microsoft.AspNetCore.Server.Kestrel.Http2|Connection id "0HMT4GFO2CN0J" sending DATA frame for stream ID 5 with length 10240 and flags NONE. 
2023-08-24 17:24:38.8508|0|TRACE|Microsoft.AspNetCore.Server.Kestrel.Http2|Connection id "0HMT4GFO2CN0J" sending DATA frame for stream ID 5 with length 10240 and flags NONE. 
2023-08-24 17:24:38.8508|0|TRACE|Microsoft.AspNetCore.Server.Kestrel.Http2|Connection id "0HMT4GFO2CN0J" sending DATA frame for stream ID 5 with length 10240 and flags NONE. 
2023-08-24 17:24:38.8508|0|TRACE|Microsoft.AspNetCore.Server.Kestrel.Http2|Connection id "0HMT4GFO2CN0J" sending DATA frame for stream ID 5 with length 10240 and flags NONE. 
2023-08-24 17:24:38.8508|0|TRACE|Microsoft.AspNetCore.Server.Kestrel.Http2|Connection id "0HMT4GFO2CN0J" sending DATA frame for stream ID 5 with length 10240 and flags NONE. 
2023-08-24 17:24:38.8508|0|TRACE|Microsoft.AspNetCore.Server.Kestrel.Http2|Connection id "0HMT4GFO2CN0J" sending DATA frame for stream ID 5 with length 10240 and flags NONE. 
2023-08-24 17:24:38.8508|0|TRACE|Microsoft.AspNetCore.Server.Kestrel.Http2|Connection id "0HMT4GFO2CN0J" sending DATA frame for stream ID 5 with length 10240 and flags NONE. 
2023-08-24 17:24:38.8508|0|TRACE|Microsoft.AspNetCore.Server.Kestrel.Http2|Connection id "0HMT4GFO2CN0J" sending DATA frame for stream ID 5 with length 10240 and flags NONE. 
2023-08-24 17:24:38.8508|0|TRACE|Microsoft.AspNetCore.Server.Kestrel.Http2|Connection id "0HMT4GFO2CN0J" sending DATA frame for stream ID 5 with length 10240 and flags NONE. 
2023-08-24 17:24:38.8508|0|TRACE|Microsoft.AspNetCore.Server.Kestrel.Http2|Connection id "0HMT4GFO2CN0J" sending DATA frame for stream ID 5 with length 10240 and flags NONE. 
2023-08-24 17:24:38.8508|0|TRACE|Microsoft.AspNetCore.Server.Kestrel.Http2|Connection id "0HMT4GFO2CN0J" sending DATA frame for stream ID 5 with length 10240 and flags NONE. 
2023-08-24 17:24:38.8508|0|TRACE|Microsoft.AspNetCore.Server.Kestrel.Http2|Connection id "0HMT4GFO2CN0J" sending DATA frame for stream ID 5 with length 10240 and flags NONE. 
2023-08-24 17:24:38.8508|0|TRACE|Microsoft.AspNetCore.Server.Kestrel.Http2|Connection id "0HMT4GFO2CN0J" sending DATA frame for stream ID 5 with length 10240 and flags NONE. 
2023-08-24 17:24:38.8508|0|TRACE|Microsoft.AspNetCore.Server.Kestrel.Http2|Connection id "0HMT4GFO2CN0J" sending DATA frame for stream ID 5 with length 10240 and flags NONE. 
2023-08-24 17:24:38.8508|0|TRACE|Microsoft.AspNetCore.Server.Kestrel.Http2|Connection id "0HMT4GFO2CN0J" sending DATA frame for stream ID 5 with length 10240 and flags NONE. 
2023-08-24 17:24:38.8508|0|TRACE|Microsoft.AspNetCore.Server.Kestrel.Http2|Connection id "0HMT4GFO2CN0J" sending DATA frame for stream ID 5 with length 10240 and flags NONE. 
2023-08-24 17:24:38.8508|0|TRACE|Microsoft.AspNetCore.Server.Kestrel.Http2|Connection id "0HMT4GFO2CN0J" sending DATA frame for stream ID 5 with length 10240 and flags NONE. 
2023-08-24 17:24:38.8508|0|TRACE|Microsoft.AspNetCore.Server.Kestrel.Http2|Connection id "0HMT4GFO2CN0J" sending DATA frame for stream ID 5 with length 10240 and flags NONE. 
2023-08-24 17:24:38.8508|0|TRACE|Microsoft.AspNetCore.Server.Kestrel.Http2|Connection id "0HMT4GFO2CN0J" sending DATA frame for stream ID 5 with length 10240 and flags NONE. 
2023-08-24 17:24:38.8508|0|TRACE|Microsoft.AspNetCore.Server.Kestrel.Http2|Connection id "0HMT4GFO2CN0J" sending DATA frame for stream ID 5 with length 10240 and flags NONE. 
2023-08-24 17:24:38.8508|0|TRACE|Microsoft.AspNetCore.Server.Kestrel.Http2|Connection id "0HMT4GFO2CN0J" sending DATA frame for stream ID 5 with length 10240 and flags NONE. 
2023-08-24 17:24:38.8508|0|TRACE|Microsoft.AspNetCore.Server.Kestrel.Http2|Connection id "0HMT4GFO2CN0J" sending DATA frame for stream ID 5 with length 10240 and flags NONE. 
2023-08-24 17:24:38.8508|0|TRACE|Microsoft.AspNetCore.Server.Kestrel.Http2|Connection id "0HMT4GFO2CN0J" sending DATA frame for stream ID 5 with length 10240 and flags NONE. 
2023-08-24 17:24:38.8508|0|TRACE|Microsoft.AspNetCore.Server.Kestrel.Http2|Connection id "0HMT4GFO2CN0J" sending DATA frame for stream ID 5 with length 10240 and flags NONE. 
2023-08-24 17:24:38.8508|0|TRACE|Microsoft.AspNetCore.Server.Kestrel.Http2|Connection id "0HMT4GFO2CN0J" sending DATA frame for stream ID 5 with length 10240 and flags NONE. 
2023-08-24 17:24:38.8508|0|TRACE|Microsoft.AspNetCore.Server.Kestrel.Http2|Connection id "0HMT4GFO2CN0J" sending DATA frame for stream ID 5 with length 10240 and flags NONE. 
2023-08-24 17:24:38.8508|0|TRACE|Microsoft.AspNetCore.Server.Kestrel.Http2|Connection id "0HMT4GFO2CN0J" sending DATA frame for stream ID 5 with length 10240 and flags NONE. 
2023-08-24 17:24:38.8508|0|TRACE|Microsoft.AspNetCore.Server.Kestrel.Http2|Connection id "0HMT4GFO2CN0J" sending DATA frame for stream ID 5 with length 10240 and flags NONE. 
2023-08-24 17:24:38.8508|0|TRACE|Microsoft.AspNetCore.Server.Kestrel.Http2|Connection id "0HMT4GFO2CN0J" sending DATA frame for stream ID 5 with length 10240 and flags NONE. 
2023-08-24 17:24:38.8508|0|TRACE|Microsoft.AspNetCore.Server.Kestrel.Http2|Connection id "0HMT4GFO2CN0J" sending DATA frame for stream ID 5 with length 10240 and flags NONE. 
2023-08-24 17:24:38.8508|0|TRACE|Microsoft.AspNetCore.Server.Kestrel.Http2|Connection id "0HMT4GFO2CN0J" sending DATA frame for stream ID 5 with length 10240 and flags NONE. 
2023-08-24 17:24:38.8508|0|TRACE|Microsoft.AspNetCore.Server.Kestrel.Http2|Connection id "0HMT4GFO2CN0J" sending DATA frame for stream ID 5 with length 10240 and flags NONE. 
2023-08-24 17:24:38.8508|0|TRACE|Microsoft.AspNetCore.Server.Kestrel.Http2|Connection id "0HMT4GFO2CN0J" sending DATA frame for stream ID 5 with length 10240 and flags NONE. 
2023-08-24 17:24:38.8508|0|TRACE|Microsoft.AspNetCore.Server.Kestrel.Http2|Connection id "0HMT4GFO2CN0J" sending DATA frame for stream ID 5 with length 10240 and flags NONE. 
2023-08-24 17:24:38.8508|0|TRACE|Microsoft.AspNetCore.Server.Kestrel.Http2|Connection id "0HMT4GFO2CN0J" sending DATA frame for stream ID 5 with length 10240 and flags NONE. 
2023-08-24 17:24:38.8508|0|TRACE|Microsoft.AspNetCore.Server.Kestrel.Http2|Connection id "0HMT4GFO2CN0J" sending DATA frame for stream ID 5 with length 10240 and flags NONE. 
2023-08-24 17:24:38.8508|0|TRACE|Microsoft.AspNetCore.Server.Kestrel.Http2|Connection id "0HMT4GFO2CN0J" sending DATA frame for stream ID 5 with length 10240 and flags NONE. 
2023-08-24 17:24:38.8508|0|TRACE|Microsoft.AspNetCore.Server.Kestrel.Http2|Connection id "0HMT4GFO2CN0J" sending DATA frame for stream ID 5 with length 10240 and flags NONE. 
2023-08-24 17:24:38.8508|0|TRACE|Microsoft.AspNetCore.Server.Kestrel.Http2|Connection id "0HMT4GFO2CN0J" sending DATA frame for stream ID 5 with length 10240 and flags NONE. 
2023-08-24 17:24:38.8508|0|TRACE|Microsoft.AspNetCore.Server.Kestrel.Http2|Connection id "0HMT4GFO2CN0J" sending DATA frame for stream ID 5 with length 10240 and flags NONE. 
2023-08-24 17:24:38.8508|0|TRACE|Microsoft.AspNetCore.Server.Kestrel.Http2|Connection id "0HMT4GFO2CN0J" sending DATA frame for stream ID 5 with length 10240 and flags NONE. 
2023-08-24 17:24:38.8508|0|TRACE|Microsoft.AspNetCore.Server.Kestrel.Http2|Connection id "0HMT4GFO2CN0J" sending DATA frame for stream ID 5 with length 9517 and flags NONE. 
2023-08-24 17:24:38.8508|0|TRACE|Microsoft.AspNetCore.Server.Kestrel.Http2|Connection id "0HMT4GFO2CN0J" sending DATA frame for stream ID 5 with length 0 and flags END_STREAM. 
2023-08-24 17:24:38.8508|0|INFO|Microsoft.AspNetCore.Hosting.Diagnostics|Request finished HTTP/2 GET https://localhost:7061/_vs/browserLink - - - 200 - text/javascript;+charset=UTF-8 45.0034ms 
2023-08-24 17:24:39.0142|0|TRACE|Microsoft.AspNetCore.Server.Kestrel.Http2|Connection id "0HMT4GFO2CN0J" received HEADERS frame for stream ID 7 with length 247 and flags END_STREAM, END_HEADERS, PRIORITY. 
2023-08-24 17:24:39.0142|0|INFO|Microsoft.AspNetCore.Hosting.Diagnostics|Request starting HTTP/2 GET https://localhost:7061/swagger/v1/swagger.json - - 
2023-08-24 17:24:39.0142|0|TRACE|Microsoft.AspNetCore.HostFiltering.HostFilteringMiddleware|All hosts are allowed. 
2023-08-24 17:24:39.1712|0|TRACE|Microsoft.AspNetCore.Server.Kestrel.Http2|Connection id "0HMT4GFO2CN0J" sending HEADERS frame for stream ID 7 with length 35 and flags END_HEADERS. 
2023-08-24 17:24:39.1712|0|TRACE|Microsoft.AspNetCore.Server.Kestrel.Http2|Connection id "0HMT4GFO2CN0J" sending DATA frame for stream ID 7 with length 16384 and flags NONE. 
2023-08-24 17:24:39.1712|0|TRACE|Microsoft.AspNetCore.Server.Kestrel.Http2|Connection id "0HMT4GFO2CN0J" sending DATA frame for stream ID 7 with length 16384 and flags NONE. 
2023-08-24 17:24:39.1712|0|TRACE|Microsoft.AspNetCore.Server.Kestrel.Http2|Connection id "0HMT4GFO2CN0J" sending DATA frame for stream ID 7 with length 1469 and flags NONE. 
2023-08-24 17:24:39.1712|0|TRACE|Microsoft.AspNetCore.Server.Kestrel.Http2|Connection id "0HMT4GFO2CN0J" sending DATA frame for stream ID 7 with length 0 and flags END_STREAM. 
2023-08-24 17:24:39.1712|0|INFO|Microsoft.AspNetCore.Hosting.Diagnostics|Request finished HTTP/2 GET https://localhost:7061/swagger/v1/swagger.json - - - 200 - application/json;charset=utf-8 158.8705ms 
2023-08-24 17:28:43.1974|0|DEBUG|Microsoft.AspNetCore.Server.Kestrel.Transport.Sockets|Connection id "0HMT4GFO2CN0J" received FIN. 
2023-08-24 17:28:43.2351|0|DEBUG|Microsoft.AspNetCore.Server.Kestrel.Http2|Connection id "0HMT4GFO2CN0J" is closed. The last processed stream ID was 7. 
2023-08-24 17:28:43.2351|0|DEBUG|Microsoft.AspNetCore.Server.Kestrel.Transport.Sockets|Connection id "0HMT4GFO2CN0J" sending FIN because: "The client closed the connection." 
2023-08-24 17:28:43.2351|0|DEBUG|Microsoft.AspNetCore.Server.Kestrel.Connections|Connection id "0HMT4GFO2CN0J" stopped. 
2023-08-24 17:33:14.5946|0|DEBUG|Microsoft.AspNetCore.Server.Kestrel.Connections|Connection id "0HMT4GFO2CN0K" accepted. 
2023-08-24 17:33:14.6125|0|DEBUG|Microsoft.AspNetCore.Server.Kestrel.Connections|Connection id "0HMT4GFO2CN0K" started. 
2023-08-24 17:33:14.6602|0|DEBUG|Microsoft.AspNetCore.Server.Kestrel.Https.Internal.HttpsConnectionMiddleware|Connection 0HMT4GFO2CN0K established using the following protocol: Tls13 
2023-08-24 17:33:18.7738|0|DEBUG|Microsoft.AspNetCore.Server.Kestrel.Transport.Sockets|Connection id "0HMT4GFO2CN0K" received FIN. 
2023-08-24 17:33:18.7738|0|DEBUG|Microsoft.AspNetCore.Server.Kestrel.Http2|Connection id "0HMT4GFO2CN0K" is closed. The last processed stream ID was 0. 
2023-08-24 17:33:18.7738|0|DEBUG|Microsoft.AspNetCore.Server.Kestrel.Transport.Sockets|Connection id "0HMT4GFO2CN0K" sending FIN because: "The client closed the connection." 
2023-08-24 17:33:18.7907|0|DEBUG|Microsoft.AspNetCore.Server.Kestrel.Connections|Connection id "0HMT4GFO2CN0K" stopped. 
